2014-05-04 23:39:02,439 INFO org.apache.hadoop.hdfs.server.namenode.SecondaryNameNode: STARTUP_MSG: 
/************************************************************
STARTUP_MSG: Starting SecondaryNameNode
STARTUP_MSG:   host = ip-10-0-0-158/10.0.0.158
STARTUP_MSG:   args = []
STARTUP_MSG:   version = 2.2.0
STARTUP_MSG:   classpath = /home/ubuntu/PatchedDistro/hadoop-patch/etc/hadoop:/home/ubuntu/PatchedDistro/hadoop-patch/share/hadoop/common/lib/commons-net-3.1.jar:/home/ubuntu/PatchedDistro/hadoop-patch/share/hadoop/common/lib/commons-httpclient-3.1.jar:/home/ubuntu/PatchedDistro/hadoop-patch/share/hadoop/common/lib/jersey-json-1.9.jar:/home/ubuntu/PatchedDistro/hadoop-patch/share/hadoop/common/lib/jaxb-impl-2.2.3-1.jar:/home/ubuntu/PatchedDistro/hadoop-patch/share/hadoop/common/lib/commons-digester-1.8.jar:/home/ubuntu/PatchedDistro/hadoop-patch/share/hadoop/common/lib/hadoop-annotations-2.2.0.jar:/home/ubuntu/PatchedDistro/hadoop-patch/share/hadoop/common/lib/guava-11.0.2.jar:/home/ubuntu/PatchedDistro/hadoop-patch/share/hadoop/common/lib/jettison-1.1.jar:/home/ubuntu/PatchedDistro/hadoop-patch/share/hadoop/common/lib/commons-math-2.1.jar:/home/ubuntu/PatchedDistro/hadoop-patch/share/hadoop/common/lib/commons-configuration-1.6.jar:/home/ubuntu/PatchedDistro/hadoop-patch/share/hadoop/common/lib/jsr305-1.3.9.jar:/home/ubuntu/PatchedDistro/hadoop-patch/share/hadoop/common/lib/activation-1.1.jar:/home/ubuntu/PatchedDistro/hadoop-patch/share/hadoop/common/lib/jackson-core-asl-1.8.8.jar:/home/ubuntu/PatchedDistro/hadoop-patch/share/hadoop/common/lib/jackson-xc-1.8.8.jar:/home/ubuntu/PatchedDistro/hadoop-patch/share/hadoop/common/lib/jersey-server-1.9.jar:/home/ubuntu/PatchedDistro/hadoop-patch/share/hadoop/common/lib/slf4j-log4j12-1.7.5.jar:/home/ubuntu/PatchedDistro/hadoop-patch/share/hadoop/common/lib/jersey-core-1.9.jar:/home/ubuntu/PatchedDistro/hadoop-patch/share/hadoop/common/lib/commons-cli-1.2.jar:/home/ubuntu/PatchedDistro/hadoop-patch/share/hadoop/common/lib/commons-lang-2.5.jar:/home/ubuntu/PatchedDistro/hadoop-patch/share/hadoop/common/lib/jsp-api-2.1.jar:/home/ubuntu/PatchedDistro/hadoop-patch/share/hadoop/common/lib/asm-3.2.jar:/home/ubuntu/PatchedDistro/hadoop-patch/share/hadoop/common/lib/snappy-java-1.0.4.1.jar:/home/ubuntu/PatchedDistro/hadoop-patch/share/hadoop/common/lib/zookeeper-3.4.5.jar:/home/ubuntu/PatchedDistro/hadoop-patch/share/hadoop/common/lib/jaxb-api-2.2.2.jar:/home/ubuntu/PatchedDistro/hadoop-patch/share/hadoop/common/lib/slf4j-api-1.7.5.jar:/home/ubuntu/PatchedDistro/hadoop-patch/share/hadoop/common/lib/commons-collections-3.2.1.jar:/home/ubuntu/PatchedDistro/hadoop-patch/share/hadoop/common/lib/jasper-runtime-5.5.23.jar:/home/ubuntu/PatchedDistro/hadoop-patch/share/hadoop/common/lib/jackson-jaxrs-1.8.8.jar:/home/ubuntu/PatchedDistro/hadoop-patch/share/hadoop/common/lib/commons-beanutils-1.7.0.jar:/home/ubuntu/PatchedDistro/hadoop-patch/share/hadoop/common/lib/paranamer-2.3.jar:/home/ubuntu/PatchedDistro/hadoop-patch/share/hadoop/common/lib/junit-4.8.2.jar:/home/ubuntu/PatchedDistro/hadoop-patch/share/hadoop/common/lib/commons-codec-1.4.jar:/home/ubuntu/PatchedDistro/hadoop-patch/share/hadoop/common/lib/commons-el-1.0.jar:/home/ubuntu/PatchedDistro/hadoop-patch/share/hadoop/common/lib/mockito-all-1.8.5.jar:/home/ubuntu/PatchedDistro/hadoop-patch/share/hadoop/common/lib/jetty-util-6.1.26.jar:/home/ubuntu/PatchedDistro/hadoop-patch/share/hadoop/common/lib/commons-beanutils-core-1.8.0.jar:/home/ubuntu/PatchedDistro/hadoop-patch/share/hadoop/common/lib/commons-compress-1.4.1.jar:/home/ubuntu/PatchedDistro/hadoop-patch/share/hadoop/common/lib/jsch-0.1.42.jar:/home/ubuntu/PatchedDistro/hadoop-patch/share/hadoop/common/lib/protobuf-java-2.5.0.jar:/home/ubuntu/PatchedDistro/hadoop-patch/share/hadoop/common/lib/stax-api-1.0.1.jar:/home/ubuntu/PatchedDistro/hadoop-patch/share/hadoop/common/lib/xz-1.0.jar:/home/ubuntu/PatchedDistro/hadoop-patch/share/hadoop/common/lib/jackson-mapper-asl-1.8.8.jar:/home/ubuntu/PatchedDistro/hadoop-patch/share/hadoop/common/lib/jasper-compiler-5.5.23.jar:/home/ubuntu/PatchedDistro/hadoop-patch/share/hadoop/common/lib/servlet-api-2.5.jar:/home/ubuntu/PatchedDistro/hadoop-patch/share/hadoop/common/lib/avro-1.7.4.jar:/home/ubuntu/PatchedDistro/hadoop-patch/share/hadoop/common/lib/xmlenc-0.52.jar:/home/ubuntu/PatchedDistro/hadoop-patch/share/hadoop/common/lib/commons-logging-1.1.1.jar:/home/ubuntu/PatchedDistro/hadoop-patch/share/hadoop/common/lib/jetty-6.1.26.jar:/home/ubuntu/PatchedDistro/hadoop-patch/share/hadoop/common/lib/hadoop-auth-2.2.0.jar:/home/ubuntu/PatchedDistro/hadoop-patch/share/hadoop/common/lib/commons-io-2.1.jar:/home/ubuntu/PatchedDistro/hadoop-patch/share/hadoop/common/lib/netty-3.6.2.Final.jar:/home/ubuntu/PatchedDistro/hadoop-patch/share/hadoop/common/lib/log4j-1.2.17.jar:/home/ubuntu/PatchedDistro/hadoop-patch/share/hadoop/common/lib/jets3t-0.6.1.jar:/home/ubuntu/PatchedDistro/hadoop-patch/share/hadoop/common/hadoop-common-2.2.0.jar:/home/ubuntu/PatchedDistro/hadoop-patch/share/hadoop/common/hadoop-common-2.2.0-tests.jar:/home/ubuntu/PatchedDistro/hadoop-patch/share/hadoop/common/hadoop-nfs-2.2.0.jar:/home/ubuntu/PatchedDistro/hadoop-patch/share/hadoop/hdfs:/home/ubuntu/PatchedDistro/hadoop-patch/share/hadoop/hdfs/lib/commons-daemon-1.0.13.jar:/home/ubuntu/PatchedDistro/hadoop-patch/share/hadoop/hdfs/lib/guava-11.0.2.jar:/home/ubuntu/PatchedDistro/hadoop-patch/share/hadoop/hdfs/lib/jsr305-1.3.9.jar:/home/ubuntu/PatchedDistro/hadoop-patch/share/hadoop/hdfs/lib/jackson-core-asl-1.8.8.jar:/home/ubuntu/PatchedDistro/hadoop-patch/share/hadoop/hdfs/lib/jersey-server-1.9.jar:/home/ubuntu/PatchedDistro/hadoop-patch/share/hadoop/hdfs/lib/jersey-core-1.9.jar:/home/ubuntu/PatchedDistro/hadoop-patch/share/hadoop/hdfs/lib/commons-cli-1.2.jar:/home/ubuntu/PatchedDistro/hadoop-patch/share/hadoop/hdfs/lib/commons-lang-2.5.jar:/home/ubuntu/PatchedDistro/hadoop-patch/share/hadoop/hdfs/lib/jsp-api-2.1.jar:/home/ubuntu/PatchedDistro/hadoop-patch/share/hadoop/hdfs/lib/asm-3.2.jar:/home/ubuntu/PatchedDistro/hadoop-patch/share/hadoop/hdfs/lib/jasper-runtime-5.5.23.jar:/home/ubuntu/PatchedDistro/hadoop-patch/share/hadoop/hdfs/lib/commons-codec-1.4.jar:/home/ubuntu/PatchedDistro/hadoop-patch/share/hadoop/hdfs/lib/commons-el-1.0.jar:/home/ubuntu/PatchedDistro/hadoop-patch/share/hadoop/hdfs/lib/jetty-util-6.1.26.jar:/home/ubuntu/PatchedDistro/hadoop-patch/share/hadoop/hdfs/lib/protobuf-java-2.5.0.jar:/home/ubuntu/PatchedDistro/hadoop-patch/share/hadoop/hdfs/lib/jackson-mapper-asl-1.8.8.jar:/home/ubuntu/PatchedDistro/hadoop-patch/share/hadoop/hdfs/lib/servlet-api-2.5.jar:/home/ubuntu/PatchedDistro/hadoop-patch/share/hadoop/hdfs/lib/xmlenc-0.52.jar:/home/ubuntu/PatchedDistro/hadoop-patch/share/hadoop/hdfs/lib/commons-logging-1.1.1.jar:/home/ubuntu/PatchedDistro/hadoop-patch/share/hadoop/hdfs/lib/jetty-6.1.26.jar:/home/ubuntu/PatchedDistro/hadoop-patch/share/hadoop/hdfs/lib/commons-io-2.1.jar:/home/ubuntu/PatchedDistro/hadoop-patch/share/hadoop/hdfs/lib/netty-3.6.2.Final.jar:/home/ubuntu/PatchedDistro/hadoop-patch/share/hadoop/hdfs/lib/log4j-1.2.17.jar:/home/ubuntu/PatchedDistro/hadoop-patch/share/hadoop/hdfs/hadoop-hdfs-2.2.0-tests.jar:/home/ubuntu/PatchedDistro/hadoop-patch/share/hadoop/hdfs/hadoop-hdfs-2.2.0.jar:/home/ubuntu/PatchedDistro/hadoop-patch/share/hadoop/hdfs/hadoop-hdfs-nfs-2.2.0.jar:/home/ubuntu/PatchedDistro/hadoop-patch/share/hadoop/yarn/lib/hadoop-annotations-2.2.0.jar:/home/ubuntu/PatchedDistro/hadoop-patch/share/hadoop/yarn/lib/jackson-core-asl-1.8.8.jar:/home/ubuntu/PatchedDistro/hadoop-patch/share/hadoop/yarn/lib/guice-servlet-3.0.jar:/home/ubuntu/PatchedDistro/hadoop-patch/share/hadoop/yarn/lib/jersey-server-1.9.jar:/home/ubuntu/PatchedDistro/hadoop-patch/share/hadoop/yarn/lib/jersey-core-1.9.jar:/home/ubuntu/PatchedDistro/hadoop-patch/share/hadoop/yarn/lib/asm-3.2.jar:/home/ubuntu/PatchedDistro/hadoop-patch/share/hadoop/yarn/lib/snappy-java-1.0.4.1.jar:/home/ubuntu/PatchedDistro/hadoop-patch/share/hadoop/yarn/lib/jersey-guice-1.9.jar:/home/ubuntu/PatchedDistro/hadoop-patch/share/hadoop/yarn/lib/paranamer-2.3.jar:/home/ubuntu/PatchedDistro/hadoop-patch/share/hadoop/yarn/lib/commons-compress-1.4.1.jar:/home/ubuntu/PatchedDistro/hadoop-patch/share/hadoop/yarn/lib/protobuf-java-2.5.0.jar:/home/ubuntu/PatchedDistro/hadoop-patch/share/hadoop/yarn/lib/guice-3.0.jar:/home/ubuntu/PatchedDistro/hadoop-patch/share/hadoop/yarn/lib/hamcrest-core-1.1.jar:/home/ubuntu/PatchedDistro/hadoop-patch/share/hadoop/yarn/lib/xz-1.0.jar:/home/ubuntu/PatchedDistro/hadoop-patch/share/hadoop/yarn/lib/jackson-mapper-asl-1.8.8.jar:/home/ubuntu/PatchedDistro/hadoop-patch/share/hadoop/yarn/lib/aopalliance-1.0.jar:/home/ubuntu/PatchedDistro/hadoop-patch/share/hadoop/yarn/lib/junit-4.10.jar:/home/ubuntu/PatchedDistro/hadoop-patch/share/hadoop/yarn/lib/avro-1.7.4.jar:/home/ubuntu/PatchedDistro/hadoop-patch/share/hadoop/yarn/lib/javax.inject-1.jar:/home/ubuntu/PatchedDistro/hadoop-patch/share/hadoop/yarn/lib/commons-io-2.1.jar:/home/ubuntu/PatchedDistro/hadoop-patch/share/hadoop/yarn/lib/netty-3.6.2.Final.jar:/home/ubuntu/PatchedDistro/hadoop-patch/share/hadoop/yarn/lib/log4j-1.2.17.jar:/home/ubuntu/PatchedDistro/hadoop-patch/share/hadoop/yarn/hadoop-yarn-site-2.2.0.jar:/home/ubuntu/PatchedDistro/hadoop-patch/share/hadoop/yarn/hadoop-yarn-server-common-2.2.0.jar:/home/ubuntu/PatchedDistro/hadoop-patch/share/hadoop/yarn/hadoop-yarn-client-2.2.0.jar:/home/ubuntu/PatchedDistro/hadoop-patch/share/hadoop/yarn/hadoop-yarn-server-tests-2.2.0.jar:/home/ubuntu/PatchedDistro/hadoop-patch/share/hadoop/yarn/hadoop-yarn-applications-unmanaged-am-launcher-2.2.0.jar:/home/ubuntu/PatchedDistro/hadoop-patch/share/hadoop/yarn/hadoop-yarn-server-nodemanager-2.2.0.jar:/home/ubuntu/PatchedDistro/hadoop-patch/share/hadoop/yarn/hadoop-yarn-server-resourcemanager-2.2.0.jar:/home/ubuntu/PatchedDistro/hadoop-patch/share/hadoop/yarn/hadoop-yarn-common-2.2.0.jar:/home/ubuntu/PatchedDistro/hadoop-patch/share/hadoop/yarn/hadoop-yarn-api-2.2.0.jar:/home/ubuntu/PatchedDistro/hadoop-patch/share/hadoop/yarn/hadoop-yarn-server-web-proxy-2.2.0.jar:/home/ubuntu/PatchedDistro/hadoop-patch/share/hadoop/yarn/hadoop-yarn-applications-distributedshell-2.2.0.jar:/home/ubuntu/PatchedDistro/hadoop-patch/share/hadoop/mapreduce/lib/hadoop-annotations-2.2.0.jar:/home/ubuntu/PatchedDistro/hadoop-patch/share/hadoop/mapreduce/lib/jackson-core-asl-1.8.8.jar:/home/ubuntu/PatchedDistro/hadoop-patch/share/hadoop/mapreduce/lib/guice-servlet-3.0.jar:/home/ubuntu/PatchedDistro/hadoop-patch/share/hadoop/mapreduce/lib/jersey-server-1.9.jar:/home/ubuntu/PatchedDistro/hadoop-patch/share/hadoop/mapreduce/lib/jersey-core-1.9.jar:/home/ubuntu/PatchedDistro/hadoop-patch/share/hadoop/mapreduce/lib/asm-3.2.jar:/home/ubuntu/PatchedDistro/hadoop-patch/share/hadoop/mapreduce/lib/snappy-java-1.0.4.1.jar:/home/ubuntu/PatchedDistro/hadoop-patch/share/hadoop/mapreduce/lib/jersey-guice-1.9.jar:/home/ubuntu/PatchedDistro/hadoop-patch/share/hadoop/mapreduce/lib/paranamer-2.3.jar:/home/ubuntu/PatchedDistro/hadoop-patch/share/hadoop/mapreduce/lib/commons-compress-1.4.1.jar:/home/ubuntu/PatchedDistro/hadoop-patch/share/hadoop/mapreduce/lib/protobuf-java-2.5.0.jar:/home/ubuntu/PatchedDistro/hadoop-patch/share/hadoop/mapreduce/lib/guice-3.0.jar:/home/ubuntu/PatchedDistro/hadoop-patch/share/hadoop/mapreduce/lib/hamcrest-core-1.1.jar:/home/ubuntu/PatchedDistro/hadoop-patch/share/hadoop/mapreduce/lib/xz-1.0.jar:/home/ubuntu/PatchedDistro/hadoop-patch/share/hadoop/mapreduce/lib/jackson-mapper-asl-1.8.8.jar:/home/ubuntu/PatchedDistro/hadoop-patch/share/hadoop/mapreduce/lib/aopalliance-1.0.jar:/home/ubuntu/PatchedDistro/hadoop-patch/share/hadoop/mapreduce/lib/junit-4.10.jar:/home/ubuntu/PatchedDistro/hadoop-patch/share/hadoop/mapreduce/lib/avro-1.7.4.jar:/home/ubuntu/PatchedDistro/hadoop-patch/share/hadoop/mapreduce/lib/javax.inject-1.jar:/home/ubuntu/PatchedDistro/hadoop-patch/share/hadoop/mapreduce/lib/commons-io-2.1.jar:/home/ubuntu/PatchedDistro/hadoop-patch/share/hadoop/mapreduce/lib/netty-3.6.2.Final.jar:/home/ubuntu/PatchedDistro/hadoop-patch/share/hadoop/mapreduce/lib/log4j-1.2.17.jar:/home/ubuntu/PatchedDistro/hadoop-patch/share/hadoop/mapreduce/hadoop-mapreduce-client-app-2.2.0.jar:/home/ubuntu/PatchedDistro/hadoop-patch/share/hadoop/mapreduce/hadoop-mapreduce-examples-2.2.0.jar:/home/ubuntu/PatchedDistro/hadoop-patch/share/hadoop/mapreduce/hadoop-mapreduce-client-core-2.2.0.jar:/home/ubuntu/PatchedDistro/hadoop-patch/share/hadoop/mapreduce/hadoop-mapreduce-client-shuffle-2.2.0.jar:/home/ubuntu/PatchedDistro/hadoop-patch/share/hadoop/mapreduce/hadoop-mapreduce-client-jobclient-2.2.0.jar:/home/ubuntu/PatchedDistro/hadoop-patch/share/hadoop/mapreduce/hadoop-mapreduce-client-jobclient-2.2.0-tests.jar:/home/ubuntu/PatchedDistro/hadoop-patch/share/hadoop/mapreduce/hadoop-mapreduce-client-hs-2.2.0.jar:/home/ubuntu/PatchedDistro/hadoop-patch/share/hadoop/mapreduce/hadoop-mapreduce-client-common-2.2.0.jar:/home/ubuntu/PatchedDistro/hadoop-patch/share/hadoop/mapreduce/hadoop-mapreduce-client-hs-plugins-2.2.0.jar:/contrib/capacity-scheduler/*.jar:/contrib/capacity-scheduler/*.jar:/contrib/capacity-scheduler/*.jar
STARTUP_MSG:   build = Unknown -r Unknown; compiled by 'root' on 2014-05-04T05:58Z
STARTUP_MSG:   java = 1.7.0_51
************************************************************/
2014-05-04 23:39:02,447 INFO org.apache.hadoop.hdfs.server.namenode.SecondaryNameNode: registered UNIX signal handlers for [TERM, HUP, INT]
2014-05-04 23:39:03,138 WARN org.apache.hadoop.util.NativeCodeLoader: Unable to load native-hadoop library for your platform... using builtin-java classes where applicable
2014-05-04 23:39:03,404 INFO org.apache.hadoop.metrics2.impl.MetricsConfig: loaded properties from hadoop-metrics2.properties
2014-05-04 23:39:03,540 INFO org.apache.hadoop.metrics2.impl.MetricsSystemImpl: Scheduled snapshot period at 10 second(s).
2014-05-04 23:39:03,540 INFO org.apache.hadoop.metrics2.impl.MetricsSystemImpl: SecondaryNameNode metrics system started
2014-05-04 23:39:03,867 INFO org.apache.hadoop.hdfs.server.common.Storage: Lock on /var/hadoop/tmp/dfs/namesecondary/in_use.lock acquired by nodename 12201@ip-10-0-0-158
2014-05-04 23:39:03,991 INFO org.apache.hadoop.hdfs.server.namenode.HostFileManager: read includes:
HostSet(
)
2014-05-04 23:39:03,991 INFO org.apache.hadoop.hdfs.server.namenode.HostFileManager: read excludes:
HostSet(
)
2014-05-04 23:39:03,994 INFO org.apache.hadoop.hdfs.server.blockmanagement.DatanodeManager: dfs.block.invalidate.limit=1000
2014-05-04 23:39:03,998 INFO org.apache.hadoop.util.GSet: Computing capacity for map BlocksMap
2014-05-04 23:39:03,998 INFO org.apache.hadoop.util.GSet: VM type       = 64-bit
2014-05-04 23:39:03,999 INFO org.apache.hadoop.util.GSet: 2.0% max memory = 889 MB
2014-05-04 23:39:03,999 INFO org.apache.hadoop.util.GSet: capacity      = 2^21 = 2097152 entries
2014-05-04 23:39:04,006 INFO org.apache.hadoop.hdfs.server.blockmanagement.BlockManager: dfs.block.access.token.enable=false
2014-05-04 23:39:04,006 INFO org.apache.hadoop.hdfs.server.blockmanagement.BlockManager: defaultReplication         = 4
2014-05-04 23:39:04,006 INFO org.apache.hadoop.hdfs.server.blockmanagement.BlockManager: maxReplication             = 512
2014-05-04 23:39:04,006 INFO org.apache.hadoop.hdfs.server.blockmanagement.BlockManager: minReplication             = 1
2014-05-04 23:39:04,006 INFO org.apache.hadoop.hdfs.server.blockmanagement.BlockManager: maxReplicationStreams      = 2
2014-05-04 23:39:04,006 INFO org.apache.hadoop.hdfs.server.blockmanagement.BlockManager: shouldCheckForEnoughRacks  = false
2014-05-04 23:39:04,006 INFO org.apache.hadoop.hdfs.server.blockmanagement.BlockManager: replicationRecheckInterval = 3000
2014-05-04 23:39:04,006 INFO org.apache.hadoop.hdfs.server.blockmanagement.BlockManager: encryptDataTransfer        = false
2014-05-04 23:39:04,007 INFO org.apache.hadoop.hdfs.server.namenode.FSNamesystem: fsOwner             = ubuntu (auth:SIMPLE)
2014-05-04 23:39:04,007 INFO org.apache.hadoop.hdfs.server.namenode.FSNamesystem: supergroup          = supergroup
2014-05-04 23:39:04,008 INFO org.apache.hadoop.hdfs.server.namenode.FSNamesystem: isPermissionEnabled = true
2014-05-04 23:39:04,008 INFO org.apache.hadoop.hdfs.server.namenode.FSNamesystem: HA Enabled: false
2014-05-04 23:39:04,011 INFO org.apache.hadoop.hdfs.server.namenode.FSNamesystem: Append Enabled: true
2014-05-04 23:39:04,145 INFO org.apache.hadoop.util.GSet: Computing capacity for map INodeMap
2014-05-04 23:39:04,146 INFO org.apache.hadoop.util.GSet: VM type       = 64-bit
2014-05-04 23:39:04,146 INFO org.apache.hadoop.util.GSet: 1.0% max memory = 889 MB
2014-05-04 23:39:04,146 INFO org.apache.hadoop.util.GSet: capacity      = 2^20 = 1048576 entries
2014-05-04 23:39:04,146 INFO org.apache.hadoop.hdfs.server.namenode.NameNode: Caching file names occuring more than 10 times
2014-05-04 23:39:04,151 INFO org.apache.hadoop.hdfs.server.namenode.FSNamesystem: dfs.namenode.safemode.threshold-pct = 0.9990000128746033
2014-05-04 23:39:04,151 INFO org.apache.hadoop.hdfs.server.namenode.FSNamesystem: dfs.namenode.safemode.min.datanodes = 0
2014-05-04 23:39:04,151 INFO org.apache.hadoop.hdfs.server.namenode.FSNamesystem: dfs.namenode.safemode.extension     = 30000
2014-05-04 23:39:04,263 INFO org.mortbay.log: Logging to org.slf4j.impl.Log4jLoggerAdapter(org.mortbay.log) via org.mortbay.log.Slf4jLog
2014-05-04 23:39:04,374 INFO org.apache.hadoop.http.HttpServer: Added global filter 'safety' (class=org.apache.hadoop.http.HttpServer$QuotingInputFilter)
2014-05-04 23:39:04,377 INFO org.apache.hadoop.http.HttpServer: Added filter static_user_filter (class=org.apache.hadoop.http.lib.StaticUserWebFilter$StaticUserFilter) to context secondary
2014-05-04 23:39:04,377 INFO org.apache.hadoop.http.HttpServer: Added filter static_user_filter (class=org.apache.hadoop.http.lib.StaticUserWebFilter$StaticUserFilter) to context static
2014-05-04 23:39:04,377 INFO org.apache.hadoop.http.HttpServer: Added filter static_user_filter (class=org.apache.hadoop.http.lib.StaticUserWebFilter$StaticUserFilter) to context logs
2014-05-04 23:39:04,392 INFO org.apache.hadoop.http.HttpServer: Jetty bound to port 50090
2014-05-04 23:39:04,392 INFO org.mortbay.log: jetty-6.1.26
2014-05-04 23:39:04,714 INFO org.mortbay.log: Started SelectChannelConnector@0.0.0.0:50090
2014-05-04 23:39:04,714 INFO org.apache.hadoop.hdfs.server.namenode.SecondaryNameNode: Web server init done
2014-05-04 23:39:04,714 INFO org.apache.hadoop.hdfs.server.namenode.SecondaryNameNode: Secondary Web-server up at: 0.0.0.0:50090
2014-05-04 23:39:04,714 INFO org.apache.hadoop.hdfs.server.namenode.SecondaryNameNode: Checkpoint Period   :3600 secs (60 min)
2014-05-04 23:39:04,714 INFO org.apache.hadoop.hdfs.server.namenode.SecondaryNameNode: Log Size Trigger    :1000000 txns
2014-05-04 23:40:04,800 ERROR org.apache.hadoop.hdfs.server.namenode.SecondaryNameNode: Exception in doCheckpoint
org.apache.hadoop.ipc.RemoteException(org.apache.hadoop.hdfs.server.namenode.SafeModeException): Log not rolled. Name node is in safe mode.
The reported blocks 454 needs additional 320 blocks to reach the threshold 0.9990 of total blocks 774.
Safe mode will be turned off automatically
	at org.apache.hadoop.hdfs.server.namenode.FSNamesystem.rollEditLog(FSNamesystem.java:5047)
	at org.apache.hadoop.hdfs.server.namenode.NameNodeRpcServer.rollEditLog(NameNodeRpcServer.java:832)
	at org.apache.hadoop.hdfs.protocolPB.NamenodeProtocolServerSideTranslatorPB.rollEditLog(NamenodeProtocolServerSideTranslatorPB.java:139)
	at org.apache.hadoop.hdfs.protocol.proto.NamenodeProtocolProtos$NamenodeProtocolService$2.callBlockingMethod(NamenodeProtocolProtos.java:11214)
	at org.apache.hadoop.ipc.ProtobufRpcEngine$Server$ProtoBufRpcInvoker.call(ProtobufRpcEngine.java:585)
	at org.apache.hadoop.ipc.RPC$Server.call(RPC.java:928)
	at org.apache.hadoop.ipc.Server$Handler$1.run(Server.java:2048)
	at org.apache.hadoop.ipc.Server$Handler$1.run(Server.java:2044)
	at java.security.AccessController.doPrivileged(Native Method)
	at javax.security.auth.Subject.doAs(Subject.java:415)
	at org.apache.hadoop.security.UserGroupInformation.doAs(UserGroupInformation.java:1491)
	at org.apache.hadoop.ipc.Server$Handler.run(Server.java:2042)

	at org.apache.hadoop.ipc.Client.call(Client.java:1347)
	at org.apache.hadoop.ipc.Client.call(Client.java:1300)
	at org.apache.hadoop.ipc.ProtobufRpcEngine$Invoker.invoke(ProtobufRpcEngine.java:206)
	at com.sun.proxy.$Proxy8.rollEditLog(Unknown Source)
	at sun.reflect.NativeMethodAccessorImpl.invoke0(Native Method)
	at sun.reflect.NativeMethodAccessorImpl.invoke(NativeMethodAccessorImpl.java:57)
	at sun.reflect.DelegatingMethodAccessorImpl.invoke(DelegatingMethodAccessorImpl.java:43)
	at java.lang.reflect.Method.invoke(Method.java:606)
	at org.apache.hadoop.io.retry.RetryInvocationHandler.invokeMethod(RetryInvocationHandler.java:186)
	at org.apache.hadoop.io.retry.RetryInvocationHandler.invoke(RetryInvocationHandler.java:102)
	at com.sun.proxy.$Proxy8.rollEditLog(Unknown Source)
	at org.apache.hadoop.hdfs.protocolPB.NamenodeProtocolTranslatorPB.rollEditLog(NamenodeProtocolTranslatorPB.java:139)
	at org.apache.hadoop.hdfs.server.namenode.SecondaryNameNode.doCheckpoint(SecondaryNameNode.java:502)
	at org.apache.hadoop.hdfs.server.namenode.SecondaryNameNode.doWork(SecondaryNameNode.java:380)
	at org.apache.hadoop.hdfs.server.namenode.SecondaryNameNode$2.run(SecondaryNameNode.java:346)
	at org.apache.hadoop.security.SecurityUtil.doAsLoginUserOrFatal(SecurityUtil.java:456)
	at org.apache.hadoop.hdfs.server.namenode.SecondaryNameNode.run(SecondaryNameNode.java:342)
	at java.lang.Thread.run(Thread.java:744)
2014-05-04 23:41:04,812 ERROR org.apache.hadoop.hdfs.server.namenode.SecondaryNameNode: Exception in doCheckpoint
org.apache.hadoop.ipc.RemoteException(org.apache.hadoop.hdfs.server.namenode.SafeModeException): Log not rolled. Name node is in safe mode.
The reported blocks 454 needs additional 320 blocks to reach the threshold 0.9990 of total blocks 774.
Safe mode will be turned off automatically
	at org.apache.hadoop.hdfs.server.namenode.FSNamesystem.rollEditLog(FSNamesystem.java:5047)
	at org.apache.hadoop.hdfs.server.namenode.NameNodeRpcServer.rollEditLog(NameNodeRpcServer.java:832)
	at org.apache.hadoop.hdfs.protocolPB.NamenodeProtocolServerSideTranslatorPB.rollEditLog(NamenodeProtocolServerSideTranslatorPB.java:139)
	at org.apache.hadoop.hdfs.protocol.proto.NamenodeProtocolProtos$NamenodeProtocolService$2.callBlockingMethod(NamenodeProtocolProtos.java:11214)
	at org.apache.hadoop.ipc.ProtobufRpcEngine$Server$ProtoBufRpcInvoker.call(ProtobufRpcEngine.java:585)
	at org.apache.hadoop.ipc.RPC$Server.call(RPC.java:928)
	at org.apache.hadoop.ipc.Server$Handler$1.run(Server.java:2048)
	at org.apache.hadoop.ipc.Server$Handler$1.run(Server.java:2044)
	at java.security.AccessController.doPrivileged(Native Method)
	at javax.security.auth.Subject.doAs(Subject.java:415)
	at org.apache.hadoop.security.UserGroupInformation.doAs(UserGroupInformation.java:1491)
	at org.apache.hadoop.ipc.Server$Handler.run(Server.java:2042)

	at org.apache.hadoop.ipc.Client.call(Client.java:1347)
	at org.apache.hadoop.ipc.Client.call(Client.java:1300)
	at org.apache.hadoop.ipc.ProtobufRpcEngine$Invoker.invoke(ProtobufRpcEngine.java:206)
	at com.sun.proxy.$Proxy8.rollEditLog(Unknown Source)
	at sun.reflect.NativeMethodAccessorImpl.invoke0(Native Method)
	at sun.reflect.NativeMethodAccessorImpl.invoke(NativeMethodAccessorImpl.java:57)
	at sun.reflect.DelegatingMethodAccessorImpl.invoke(DelegatingMethodAccessorImpl.java:43)
	at java.lang.reflect.Method.invoke(Method.java:606)
	at org.apache.hadoop.io.retry.RetryInvocationHandler.invokeMethod(RetryInvocationHandler.java:186)
	at org.apache.hadoop.io.retry.RetryInvocationHandler.invoke(RetryInvocationHandler.java:102)
	at com.sun.proxy.$Proxy8.rollEditLog(Unknown Source)
	at org.apache.hadoop.hdfs.protocolPB.NamenodeProtocolTranslatorPB.rollEditLog(NamenodeProtocolTranslatorPB.java:139)
	at org.apache.hadoop.hdfs.server.namenode.SecondaryNameNode.doCheckpoint(SecondaryNameNode.java:502)
	at org.apache.hadoop.hdfs.server.namenode.SecondaryNameNode.doWork(SecondaryNameNode.java:380)
	at org.apache.hadoop.hdfs.server.namenode.SecondaryNameNode$2.run(SecondaryNameNode.java:346)
	at org.apache.hadoop.security.SecurityUtil.doAsLoginUserOrFatal(SecurityUtil.java:456)
	at org.apache.hadoop.hdfs.server.namenode.SecondaryNameNode.run(SecondaryNameNode.java:342)
	at java.lang.Thread.run(Thread.java:744)
2014-05-04 23:42:04,822 ERROR org.apache.hadoop.hdfs.server.namenode.SecondaryNameNode: Exception in doCheckpoint
org.apache.hadoop.ipc.RemoteException(org.apache.hadoop.hdfs.server.namenode.SafeModeException): Log not rolled. Name node is in safe mode.
The reported blocks 454 needs additional 320 blocks to reach the threshold 0.9990 of total blocks 774.
Safe mode will be turned off automatically
	at org.apache.hadoop.hdfs.server.namenode.FSNamesystem.rollEditLog(FSNamesystem.java:5047)
	at org.apache.hadoop.hdfs.server.namenode.NameNodeRpcServer.rollEditLog(NameNodeRpcServer.java:832)
	at org.apache.hadoop.hdfs.protocolPB.NamenodeProtocolServerSideTranslatorPB.rollEditLog(NamenodeProtocolServerSideTranslatorPB.java:139)
	at org.apache.hadoop.hdfs.protocol.proto.NamenodeProtocolProtos$NamenodeProtocolService$2.callBlockingMethod(NamenodeProtocolProtos.java:11214)
	at org.apache.hadoop.ipc.ProtobufRpcEngine$Server$ProtoBufRpcInvoker.call(ProtobufRpcEngine.java:585)
	at org.apache.hadoop.ipc.RPC$Server.call(RPC.java:928)
	at org.apache.hadoop.ipc.Server$Handler$1.run(Server.java:2048)
	at org.apache.hadoop.ipc.Server$Handler$1.run(Server.java:2044)
	at java.security.AccessController.doPrivileged(Native Method)
	at javax.security.auth.Subject.doAs(Subject.java:415)
	at org.apache.hadoop.security.UserGroupInformation.doAs(UserGroupInformation.java:1491)
	at org.apache.hadoop.ipc.Server$Handler.run(Server.java:2042)

	at org.apache.hadoop.ipc.Client.call(Client.java:1347)
	at org.apache.hadoop.ipc.Client.call(Client.java:1300)
	at org.apache.hadoop.ipc.ProtobufRpcEngine$Invoker.invoke(ProtobufRpcEngine.java:206)
	at com.sun.proxy.$Proxy8.rollEditLog(Unknown Source)
	at sun.reflect.NativeMethodAccessorImpl.invoke0(Native Method)
	at sun.reflect.NativeMethodAccessorImpl.invoke(NativeMethodAccessorImpl.java:57)
	at sun.reflect.DelegatingMethodAccessorImpl.invoke(DelegatingMethodAccessorImpl.java:43)
	at java.lang.reflect.Method.invoke(Method.java:606)
	at org.apache.hadoop.io.retry.RetryInvocationHandler.invokeMethod(RetryInvocationHandler.java:186)
	at org.apache.hadoop.io.retry.RetryInvocationHandler.invoke(RetryInvocationHandler.java:102)
	at com.sun.proxy.$Proxy8.rollEditLog(Unknown Source)
	at org.apache.hadoop.hdfs.protocolPB.NamenodeProtocolTranslatorPB.rollEditLog(NamenodeProtocolTranslatorPB.java:139)
	at org.apache.hadoop.hdfs.server.namenode.SecondaryNameNode.doCheckpoint(SecondaryNameNode.java:502)
	at org.apache.hadoop.hdfs.server.namenode.SecondaryNameNode.doWork(SecondaryNameNode.java:380)
	at org.apache.hadoop.hdfs.server.namenode.SecondaryNameNode$2.run(SecondaryNameNode.java:346)
	at org.apache.hadoop.security.SecurityUtil.doAsLoginUserOrFatal(SecurityUtil.java:456)
	at org.apache.hadoop.hdfs.server.namenode.SecondaryNameNode.run(SecondaryNameNode.java:342)
	at java.lang.Thread.run(Thread.java:744)
2014-05-04 23:42:11,800 ERROR org.apache.hadoop.hdfs.server.namenode.SecondaryNameNode: RECEIVED SIGNAL 15: SIGTERM
2014-05-04 23:42:11,806 INFO org.apache.hadoop.hdfs.server.namenode.SecondaryNameNode: SHUTDOWN_MSG: 
/************************************************************
SHUTDOWN_MSG: Shutting down SecondaryNameNode at ip-10-0-0-158/10.0.0.158
************************************************************/
2014-05-04 23:57:34,766 INFO org.apache.hadoop.hdfs.server.namenode.SecondaryNameNode: STARTUP_MSG: 
/************************************************************
STARTUP_MSG: Starting SecondaryNameNode
STARTUP_MSG:   host = ip-10-0-0-158/10.0.0.158
STARTUP_MSG:   args = []
STARTUP_MSG:   version = 2.2.0
STARTUP_MSG:   classpath = /home/ubuntu/PatchedDistro/hadoop-patch/etc/hadoop:/home/ubuntu/PatchedDistro/hadoop-patch/share/hadoop/common/lib/commons-net-3.1.jar:/home/ubuntu/PatchedDistro/hadoop-patch/share/hadoop/common/lib/commons-httpclient-3.1.jar:/home/ubuntu/PatchedDistro/hadoop-patch/share/hadoop/common/lib/jersey-json-1.9.jar:/home/ubuntu/PatchedDistro/hadoop-patch/share/hadoop/common/lib/jaxb-impl-2.2.3-1.jar:/home/ubuntu/PatchedDistro/hadoop-patch/share/hadoop/common/lib/commons-digester-1.8.jar:/home/ubuntu/PatchedDistro/hadoop-patch/share/hadoop/common/lib/hadoop-annotations-2.2.0.jar:/home/ubuntu/PatchedDistro/hadoop-patch/share/hadoop/common/lib/guava-11.0.2.jar:/home/ubuntu/PatchedDistro/hadoop-patch/share/hadoop/common/lib/jettison-1.1.jar:/home/ubuntu/PatchedDistro/hadoop-patch/share/hadoop/common/lib/commons-math-2.1.jar:/home/ubuntu/PatchedDistro/hadoop-patch/share/hadoop/common/lib/commons-configuration-1.6.jar:/home/ubuntu/PatchedDistro/hadoop-patch/share/hadoop/common/lib/jsr305-1.3.9.jar:/home/ubuntu/PatchedDistro/hadoop-patch/share/hadoop/common/lib/activation-1.1.jar:/home/ubuntu/PatchedDistro/hadoop-patch/share/hadoop/common/lib/jackson-core-asl-1.8.8.jar:/home/ubuntu/PatchedDistro/hadoop-patch/share/hadoop/common/lib/jackson-xc-1.8.8.jar:/home/ubuntu/PatchedDistro/hadoop-patch/share/hadoop/common/lib/jersey-server-1.9.jar:/home/ubuntu/PatchedDistro/hadoop-patch/share/hadoop/common/lib/slf4j-log4j12-1.7.5.jar:/home/ubuntu/PatchedDistro/hadoop-patch/share/hadoop/common/lib/jersey-core-1.9.jar:/home/ubuntu/PatchedDistro/hadoop-patch/share/hadoop/common/lib/commons-cli-1.2.jar:/home/ubuntu/PatchedDistro/hadoop-patch/share/hadoop/common/lib/commons-lang-2.5.jar:/home/ubuntu/PatchedDistro/hadoop-patch/share/hadoop/common/lib/jsp-api-2.1.jar:/home/ubuntu/PatchedDistro/hadoop-patch/share/hadoop/common/lib/asm-3.2.jar:/home/ubuntu/PatchedDistro/hadoop-patch/share/hadoop/common/lib/snappy-java-1.0.4.1.jar:/home/ubuntu/PatchedDistro/hadoop-patch/share/hadoop/common/lib/zookeeper-3.4.5.jar:/home/ubuntu/PatchedDistro/hadoop-patch/share/hadoop/common/lib/jaxb-api-2.2.2.jar:/home/ubuntu/PatchedDistro/hadoop-patch/share/hadoop/common/lib/slf4j-api-1.7.5.jar:/home/ubuntu/PatchedDistro/hadoop-patch/share/hadoop/common/lib/commons-collections-3.2.1.jar:/home/ubuntu/PatchedDistro/hadoop-patch/share/hadoop/common/lib/jasper-runtime-5.5.23.jar:/home/ubuntu/PatchedDistro/hadoop-patch/share/hadoop/common/lib/jackson-jaxrs-1.8.8.jar:/home/ubuntu/PatchedDistro/hadoop-patch/share/hadoop/common/lib/commons-beanutils-1.7.0.jar:/home/ubuntu/PatchedDistro/hadoop-patch/share/hadoop/common/lib/paranamer-2.3.jar:/home/ubuntu/PatchedDistro/hadoop-patch/share/hadoop/common/lib/junit-4.8.2.jar:/home/ubuntu/PatchedDistro/hadoop-patch/share/hadoop/common/lib/commons-codec-1.4.jar:/home/ubuntu/PatchedDistro/hadoop-patch/share/hadoop/common/lib/commons-el-1.0.jar:/home/ubuntu/PatchedDistro/hadoop-patch/share/hadoop/common/lib/mockito-all-1.8.5.jar:/home/ubuntu/PatchedDistro/hadoop-patch/share/hadoop/common/lib/jetty-util-6.1.26.jar:/home/ubuntu/PatchedDistro/hadoop-patch/share/hadoop/common/lib/commons-beanutils-core-1.8.0.jar:/home/ubuntu/PatchedDistro/hadoop-patch/share/hadoop/common/lib/commons-compress-1.4.1.jar:/home/ubuntu/PatchedDistro/hadoop-patch/share/hadoop/common/lib/jsch-0.1.42.jar:/home/ubuntu/PatchedDistro/hadoop-patch/share/hadoop/common/lib/protobuf-java-2.5.0.jar:/home/ubuntu/PatchedDistro/hadoop-patch/share/hadoop/common/lib/stax-api-1.0.1.jar:/home/ubuntu/PatchedDistro/hadoop-patch/share/hadoop/common/lib/xz-1.0.jar:/home/ubuntu/PatchedDistro/hadoop-patch/share/hadoop/common/lib/jackson-mapper-asl-1.8.8.jar:/home/ubuntu/PatchedDistro/hadoop-patch/share/hadoop/common/lib/jasper-compiler-5.5.23.jar:/home/ubuntu/PatchedDistro/hadoop-patch/share/hadoop/common/lib/servlet-api-2.5.jar:/home/ubuntu/PatchedDistro/hadoop-patch/share/hadoop/common/lib/avro-1.7.4.jar:/home/ubuntu/PatchedDistro/hadoop-patch/share/hadoop/common/lib/xmlenc-0.52.jar:/home/ubuntu/PatchedDistro/hadoop-patch/share/hadoop/common/lib/commons-logging-1.1.1.jar:/home/ubuntu/PatchedDistro/hadoop-patch/share/hadoop/common/lib/jetty-6.1.26.jar:/home/ubuntu/PatchedDistro/hadoop-patch/share/hadoop/common/lib/hadoop-auth-2.2.0.jar:/home/ubuntu/PatchedDistro/hadoop-patch/share/hadoop/common/lib/commons-io-2.1.jar:/home/ubuntu/PatchedDistro/hadoop-patch/share/hadoop/common/lib/netty-3.6.2.Final.jar:/home/ubuntu/PatchedDistro/hadoop-patch/share/hadoop/common/lib/log4j-1.2.17.jar:/home/ubuntu/PatchedDistro/hadoop-patch/share/hadoop/common/lib/jets3t-0.6.1.jar:/home/ubuntu/PatchedDistro/hadoop-patch/share/hadoop/common/hadoop-common-2.2.0.jar:/home/ubuntu/PatchedDistro/hadoop-patch/share/hadoop/common/hadoop-common-2.2.0-tests.jar:/home/ubuntu/PatchedDistro/hadoop-patch/share/hadoop/common/hadoop-nfs-2.2.0.jar:/home/ubuntu/PatchedDistro/hadoop-patch/share/hadoop/hdfs:/home/ubuntu/PatchedDistro/hadoop-patch/share/hadoop/hdfs/lib/commons-daemon-1.0.13.jar:/home/ubuntu/PatchedDistro/hadoop-patch/share/hadoop/hdfs/lib/guava-11.0.2.jar:/home/ubuntu/PatchedDistro/hadoop-patch/share/hadoop/hdfs/lib/jsr305-1.3.9.jar:/home/ubuntu/PatchedDistro/hadoop-patch/share/hadoop/hdfs/lib/jackson-core-asl-1.8.8.jar:/home/ubuntu/PatchedDistro/hadoop-patch/share/hadoop/hdfs/lib/jersey-server-1.9.jar:/home/ubuntu/PatchedDistro/hadoop-patch/share/hadoop/hdfs/lib/jersey-core-1.9.jar:/home/ubuntu/PatchedDistro/hadoop-patch/share/hadoop/hdfs/lib/commons-cli-1.2.jar:/home/ubuntu/PatchedDistro/hadoop-patch/share/hadoop/hdfs/lib/commons-lang-2.5.jar:/home/ubuntu/PatchedDistro/hadoop-patch/share/hadoop/hdfs/lib/jsp-api-2.1.jar:/home/ubuntu/PatchedDistro/hadoop-patch/share/hadoop/hdfs/lib/asm-3.2.jar:/home/ubuntu/PatchedDistro/hadoop-patch/share/hadoop/hdfs/lib/jasper-runtime-5.5.23.jar:/home/ubuntu/PatchedDistro/hadoop-patch/share/hadoop/hdfs/lib/commons-codec-1.4.jar:/home/ubuntu/PatchedDistro/hadoop-patch/share/hadoop/hdfs/lib/commons-el-1.0.jar:/home/ubuntu/PatchedDistro/hadoop-patch/share/hadoop/hdfs/lib/jetty-util-6.1.26.jar:/home/ubuntu/PatchedDistro/hadoop-patch/share/hadoop/hdfs/lib/protobuf-java-2.5.0.jar:/home/ubuntu/PatchedDistro/hadoop-patch/share/hadoop/hdfs/lib/jackson-mapper-asl-1.8.8.jar:/home/ubuntu/PatchedDistro/hadoop-patch/share/hadoop/hdfs/lib/servlet-api-2.5.jar:/home/ubuntu/PatchedDistro/hadoop-patch/share/hadoop/hdfs/lib/xmlenc-0.52.jar:/home/ubuntu/PatchedDistro/hadoop-patch/share/hadoop/hdfs/lib/commons-logging-1.1.1.jar:/home/ubuntu/PatchedDistro/hadoop-patch/share/hadoop/hdfs/lib/jetty-6.1.26.jar:/home/ubuntu/PatchedDistro/hadoop-patch/share/hadoop/hdfs/lib/commons-io-2.1.jar:/home/ubuntu/PatchedDistro/hadoop-patch/share/hadoop/hdfs/lib/netty-3.6.2.Final.jar:/home/ubuntu/PatchedDistro/hadoop-patch/share/hadoop/hdfs/lib/log4j-1.2.17.jar:/home/ubuntu/PatchedDistro/hadoop-patch/share/hadoop/hdfs/hadoop-hdfs-2.2.0-tests.jar:/home/ubuntu/PatchedDistro/hadoop-patch/share/hadoop/hdfs/hadoop-hdfs-2.2.0.jar:/home/ubuntu/PatchedDistro/hadoop-patch/share/hadoop/hdfs/hadoop-hdfs-nfs-2.2.0.jar:/home/ubuntu/PatchedDistro/hadoop-patch/share/hadoop/yarn/lib/hadoop-annotations-2.2.0.jar:/home/ubuntu/PatchedDistro/hadoop-patch/share/hadoop/yarn/lib/jackson-core-asl-1.8.8.jar:/home/ubuntu/PatchedDistro/hadoop-patch/share/hadoop/yarn/lib/guice-servlet-3.0.jar:/home/ubuntu/PatchedDistro/hadoop-patch/share/hadoop/yarn/lib/jersey-server-1.9.jar:/home/ubuntu/PatchedDistro/hadoop-patch/share/hadoop/yarn/lib/jersey-core-1.9.jar:/home/ubuntu/PatchedDistro/hadoop-patch/share/hadoop/yarn/lib/asm-3.2.jar:/home/ubuntu/PatchedDistro/hadoop-patch/share/hadoop/yarn/lib/snappy-java-1.0.4.1.jar:/home/ubuntu/PatchedDistro/hadoop-patch/share/hadoop/yarn/lib/jersey-guice-1.9.jar:/home/ubuntu/PatchedDistro/hadoop-patch/share/hadoop/yarn/lib/paranamer-2.3.jar:/home/ubuntu/PatchedDistro/hadoop-patch/share/hadoop/yarn/lib/commons-compress-1.4.1.jar:/home/ubuntu/PatchedDistro/hadoop-patch/share/hadoop/yarn/lib/protobuf-java-2.5.0.jar:/home/ubuntu/PatchedDistro/hadoop-patch/share/hadoop/yarn/lib/guice-3.0.jar:/home/ubuntu/PatchedDistro/hadoop-patch/share/hadoop/yarn/lib/hamcrest-core-1.1.jar:/home/ubuntu/PatchedDistro/hadoop-patch/share/hadoop/yarn/lib/xz-1.0.jar:/home/ubuntu/PatchedDistro/hadoop-patch/share/hadoop/yarn/lib/jackson-mapper-asl-1.8.8.jar:/home/ubuntu/PatchedDistro/hadoop-patch/share/hadoop/yarn/lib/aopalliance-1.0.jar:/home/ubuntu/PatchedDistro/hadoop-patch/share/hadoop/yarn/lib/junit-4.10.jar:/home/ubuntu/PatchedDistro/hadoop-patch/share/hadoop/yarn/lib/avro-1.7.4.jar:/home/ubuntu/PatchedDistro/hadoop-patch/share/hadoop/yarn/lib/javax.inject-1.jar:/home/ubuntu/PatchedDistro/hadoop-patch/share/hadoop/yarn/lib/commons-io-2.1.jar:/home/ubuntu/PatchedDistro/hadoop-patch/share/hadoop/yarn/lib/netty-3.6.2.Final.jar:/home/ubuntu/PatchedDistro/hadoop-patch/share/hadoop/yarn/lib/log4j-1.2.17.jar:/home/ubuntu/PatchedDistro/hadoop-patch/share/hadoop/yarn/hadoop-yarn-site-2.2.0.jar:/home/ubuntu/PatchedDistro/hadoop-patch/share/hadoop/yarn/hadoop-yarn-server-common-2.2.0.jar:/home/ubuntu/PatchedDistro/hadoop-patch/share/hadoop/yarn/hadoop-yarn-client-2.2.0.jar:/home/ubuntu/PatchedDistro/hadoop-patch/share/hadoop/yarn/hadoop-yarn-server-tests-2.2.0.jar:/home/ubuntu/PatchedDistro/hadoop-patch/share/hadoop/yarn/hadoop-yarn-applications-unmanaged-am-launcher-2.2.0.jar:/home/ubuntu/PatchedDistro/hadoop-patch/share/hadoop/yarn/hadoop-yarn-server-nodemanager-2.2.0.jar:/home/ubuntu/PatchedDistro/hadoop-patch/share/hadoop/yarn/hadoop-yarn-server-resourcemanager-2.2.0.jar:/home/ubuntu/PatchedDistro/hadoop-patch/share/hadoop/yarn/hadoop-yarn-common-2.2.0.jar:/home/ubuntu/PatchedDistro/hadoop-patch/share/hadoop/yarn/hadoop-yarn-api-2.2.0.jar:/home/ubuntu/PatchedDistro/hadoop-patch/share/hadoop/yarn/hadoop-yarn-server-web-proxy-2.2.0.jar:/home/ubuntu/PatchedDistro/hadoop-patch/share/hadoop/yarn/hadoop-yarn-applications-distributedshell-2.2.0.jar:/home/ubuntu/PatchedDistro/hadoop-patch/share/hadoop/mapreduce/lib/hadoop-annotations-2.2.0.jar:/home/ubuntu/PatchedDistro/hadoop-patch/share/hadoop/mapreduce/lib/jackson-core-asl-1.8.8.jar:/home/ubuntu/PatchedDistro/hadoop-patch/share/hadoop/mapreduce/lib/guice-servlet-3.0.jar:/home/ubuntu/PatchedDistro/hadoop-patch/share/hadoop/mapreduce/lib/jersey-server-1.9.jar:/home/ubuntu/PatchedDistro/hadoop-patch/share/hadoop/mapreduce/lib/jersey-core-1.9.jar:/home/ubuntu/PatchedDistro/hadoop-patch/share/hadoop/mapreduce/lib/asm-3.2.jar:/home/ubuntu/PatchedDistro/hadoop-patch/share/hadoop/mapreduce/lib/snappy-java-1.0.4.1.jar:/home/ubuntu/PatchedDistro/hadoop-patch/share/hadoop/mapreduce/lib/jersey-guice-1.9.jar:/home/ubuntu/PatchedDistro/hadoop-patch/share/hadoop/mapreduce/lib/paranamer-2.3.jar:/home/ubuntu/PatchedDistro/hadoop-patch/share/hadoop/mapreduce/lib/commons-compress-1.4.1.jar:/home/ubuntu/PatchedDistro/hadoop-patch/share/hadoop/mapreduce/lib/protobuf-java-2.5.0.jar:/home/ubuntu/PatchedDistro/hadoop-patch/share/hadoop/mapreduce/lib/guice-3.0.jar:/home/ubuntu/PatchedDistro/hadoop-patch/share/hadoop/mapreduce/lib/hamcrest-core-1.1.jar:/home/ubuntu/PatchedDistro/hadoop-patch/share/hadoop/mapreduce/lib/xz-1.0.jar:/home/ubuntu/PatchedDistro/hadoop-patch/share/hadoop/mapreduce/lib/jackson-mapper-asl-1.8.8.jar:/home/ubuntu/PatchedDistro/hadoop-patch/share/hadoop/mapreduce/lib/aopalliance-1.0.jar:/home/ubuntu/PatchedDistro/hadoop-patch/share/hadoop/mapreduce/lib/junit-4.10.jar:/home/ubuntu/PatchedDistro/hadoop-patch/share/hadoop/mapreduce/lib/avro-1.7.4.jar:/home/ubuntu/PatchedDistro/hadoop-patch/share/hadoop/mapreduce/lib/javax.inject-1.jar:/home/ubuntu/PatchedDistro/hadoop-patch/share/hadoop/mapreduce/lib/commons-io-2.1.jar:/home/ubuntu/PatchedDistro/hadoop-patch/share/hadoop/mapreduce/lib/netty-3.6.2.Final.jar:/home/ubuntu/PatchedDistro/hadoop-patch/share/hadoop/mapreduce/lib/log4j-1.2.17.jar:/home/ubuntu/PatchedDistro/hadoop-patch/share/hadoop/mapreduce/hadoop-mapreduce-client-app-2.2.0.jar:/home/ubuntu/PatchedDistro/hadoop-patch/share/hadoop/mapreduce/hadoop-mapreduce-examples-2.2.0.jar:/home/ubuntu/PatchedDistro/hadoop-patch/share/hadoop/mapreduce/hadoop-mapreduce-client-core-2.2.0.jar:/home/ubuntu/PatchedDistro/hadoop-patch/share/hadoop/mapreduce/hadoop-mapreduce-client-shuffle-2.2.0.jar:/home/ubuntu/PatchedDistro/hadoop-patch/share/hadoop/mapreduce/hadoop-mapreduce-client-jobclient-2.2.0.jar:/home/ubuntu/PatchedDistro/hadoop-patch/share/hadoop/mapreduce/hadoop-mapreduce-client-jobclient-2.2.0-tests.jar:/home/ubuntu/PatchedDistro/hadoop-patch/share/hadoop/mapreduce/hadoop-mapreduce-client-hs-2.2.0.jar:/home/ubuntu/PatchedDistro/hadoop-patch/share/hadoop/mapreduce/hadoop-mapreduce-client-common-2.2.0.jar:/home/ubuntu/PatchedDistro/hadoop-patch/share/hadoop/mapreduce/hadoop-mapreduce-client-hs-plugins-2.2.0.jar:/contrib/capacity-scheduler/*.jar:/contrib/capacity-scheduler/*.jar:/contrib/capacity-scheduler/*.jar
STARTUP_MSG:   build = Unknown -r Unknown; compiled by 'root' on 2014-05-04T05:58Z
STARTUP_MSG:   java = 1.7.0_51
************************************************************/
2014-05-04 23:57:34,789 INFO org.apache.hadoop.hdfs.server.namenode.SecondaryNameNode: registered UNIX signal handlers for [TERM, HUP, INT]
2014-05-04 23:57:35,501 WARN org.apache.hadoop.util.NativeCodeLoader: Unable to load native-hadoop library for your platform... using builtin-java classes where applicable
2014-05-04 23:57:35,754 INFO org.apache.hadoop.metrics2.impl.MetricsConfig: loaded properties from hadoop-metrics2.properties
2014-05-04 23:57:35,894 INFO org.apache.hadoop.metrics2.impl.MetricsSystemImpl: Scheduled snapshot period at 10 second(s).
2014-05-04 23:57:35,894 INFO org.apache.hadoop.metrics2.impl.MetricsSystemImpl: SecondaryNameNode metrics system started
2014-05-04 23:57:36,213 INFO org.apache.hadoop.hdfs.server.common.Storage: Lock on /var/hadoop/tmp/dfs/namesecondary/in_use.lock acquired by nodename 2508@ip-10-0-0-158
2014-05-04 23:57:36,372 INFO org.apache.hadoop.hdfs.server.namenode.HostFileManager: read includes:
HostSet(
)
2014-05-04 23:57:36,373 INFO org.apache.hadoop.hdfs.server.namenode.HostFileManager: read excludes:
HostSet(
)
2014-05-04 23:57:36,376 INFO org.apache.hadoop.hdfs.server.blockmanagement.DatanodeManager: dfs.block.invalidate.limit=1000
2014-05-04 23:57:36,380 INFO org.apache.hadoop.util.GSet: Computing capacity for map BlocksMap
2014-05-04 23:57:36,380 INFO org.apache.hadoop.util.GSet: VM type       = 64-bit
2014-05-04 23:57:36,381 INFO org.apache.hadoop.util.GSet: 2.0% max memory = 889 MB
2014-05-04 23:57:36,381 INFO org.apache.hadoop.util.GSet: capacity      = 2^21 = 2097152 entries
2014-05-04 23:57:36,387 INFO org.apache.hadoop.hdfs.server.blockmanagement.BlockManager: dfs.block.access.token.enable=false
2014-05-04 23:57:36,387 INFO org.apache.hadoop.hdfs.server.blockmanagement.BlockManager: defaultReplication         = 4
2014-05-04 23:57:36,388 INFO org.apache.hadoop.hdfs.server.blockmanagement.BlockManager: maxReplication             = 512
2014-05-04 23:57:36,388 INFO org.apache.hadoop.hdfs.server.blockmanagement.BlockManager: minReplication             = 1
2014-05-04 23:57:36,388 INFO org.apache.hadoop.hdfs.server.blockmanagement.BlockManager: maxReplicationStreams      = 2
2014-05-04 23:57:36,388 INFO org.apache.hadoop.hdfs.server.blockmanagement.BlockManager: shouldCheckForEnoughRacks  = false
2014-05-04 23:57:36,388 INFO org.apache.hadoop.hdfs.server.blockmanagement.BlockManager: replicationRecheckInterval = 3000
2014-05-04 23:57:36,388 INFO org.apache.hadoop.hdfs.server.blockmanagement.BlockManager: encryptDataTransfer        = false
2014-05-04 23:57:36,389 INFO org.apache.hadoop.hdfs.server.namenode.FSNamesystem: fsOwner             = ubuntu (auth:SIMPLE)
2014-05-04 23:57:36,389 INFO org.apache.hadoop.hdfs.server.namenode.FSNamesystem: supergroup          = supergroup
2014-05-04 23:57:36,389 INFO org.apache.hadoop.hdfs.server.namenode.FSNamesystem: isPermissionEnabled = true
2014-05-04 23:57:36,389 INFO org.apache.hadoop.hdfs.server.namenode.FSNamesystem: HA Enabled: false
2014-05-04 23:57:36,392 INFO org.apache.hadoop.hdfs.server.namenode.FSNamesystem: Append Enabled: true
2014-05-04 23:57:36,485 INFO org.apache.hadoop.util.GSet: Computing capacity for map INodeMap
2014-05-04 23:57:36,485 INFO org.apache.hadoop.util.GSet: VM type       = 64-bit
2014-05-04 23:57:36,485 INFO org.apache.hadoop.util.GSet: 1.0% max memory = 889 MB
2014-05-04 23:57:36,485 INFO org.apache.hadoop.util.GSet: capacity      = 2^20 = 1048576 entries
2014-05-04 23:57:36,486 INFO org.apache.hadoop.hdfs.server.namenode.NameNode: Caching file names occuring more than 10 times
2014-05-04 23:57:36,490 INFO org.apache.hadoop.hdfs.server.namenode.FSNamesystem: dfs.namenode.safemode.threshold-pct = 0.9990000128746033
2014-05-04 23:57:36,490 INFO org.apache.hadoop.hdfs.server.namenode.FSNamesystem: dfs.namenode.safemode.min.datanodes = 0
2014-05-04 23:57:36,490 INFO org.apache.hadoop.hdfs.server.namenode.FSNamesystem: dfs.namenode.safemode.extension     = 30000
2014-05-04 23:57:36,574 INFO org.mortbay.log: Logging to org.slf4j.impl.Log4jLoggerAdapter(org.mortbay.log) via org.mortbay.log.Slf4jLog
2014-05-04 23:57:36,628 INFO org.apache.hadoop.http.HttpServer: Added global filter 'safety' (class=org.apache.hadoop.http.HttpServer$QuotingInputFilter)
2014-05-04 23:57:36,630 INFO org.apache.hadoop.http.HttpServer: Added filter static_user_filter (class=org.apache.hadoop.http.lib.StaticUserWebFilter$StaticUserFilter) to context secondary
2014-05-04 23:57:36,630 INFO org.apache.hadoop.http.HttpServer: Added filter static_user_filter (class=org.apache.hadoop.http.lib.StaticUserWebFilter$StaticUserFilter) to context static
2014-05-04 23:57:36,630 INFO org.apache.hadoop.http.HttpServer: Added filter static_user_filter (class=org.apache.hadoop.http.lib.StaticUserWebFilter$StaticUserFilter) to context logs
2014-05-04 23:57:36,640 INFO org.apache.hadoop.http.HttpServer: Jetty bound to port 50090
2014-05-04 23:57:36,640 INFO org.mortbay.log: jetty-6.1.26
2014-05-04 23:57:36,961 INFO org.mortbay.log: Started SelectChannelConnector@0.0.0.0:50090
2014-05-04 23:57:36,961 INFO org.apache.hadoop.hdfs.server.namenode.SecondaryNameNode: Web server init done
2014-05-04 23:57:36,961 INFO org.apache.hadoop.hdfs.server.namenode.SecondaryNameNode: Secondary Web-server up at: 0.0.0.0:50090
2014-05-04 23:57:36,961 INFO org.apache.hadoop.hdfs.server.namenode.SecondaryNameNode: Checkpoint Period   :3600 secs (60 min)
2014-05-04 23:57:36,961 INFO org.apache.hadoop.hdfs.server.namenode.SecondaryNameNode: Log Size Trigger    :1000000 txns
2014-05-04 23:58:37,047 ERROR org.apache.hadoop.hdfs.server.namenode.SecondaryNameNode: Exception in doCheckpoint
org.apache.hadoop.ipc.RemoteException(org.apache.hadoop.hdfs.server.namenode.SafeModeException): Log not rolled. Name node is in safe mode.
The reported blocks 0 needs additional 774 blocks to reach the threshold 0.9990 of total blocks 774.
Safe mode will be turned off automatically
	at org.apache.hadoop.hdfs.server.namenode.FSNamesystem.rollEditLog(FSNamesystem.java:5047)
	at org.apache.hadoop.hdfs.server.namenode.NameNodeRpcServer.rollEditLog(NameNodeRpcServer.java:832)
	at org.apache.hadoop.hdfs.protocolPB.NamenodeProtocolServerSideTranslatorPB.rollEditLog(NamenodeProtocolServerSideTranslatorPB.java:139)
	at org.apache.hadoop.hdfs.protocol.proto.NamenodeProtocolProtos$NamenodeProtocolService$2.callBlockingMethod(NamenodeProtocolProtos.java:11214)
	at org.apache.hadoop.ipc.ProtobufRpcEngine$Server$ProtoBufRpcInvoker.call(ProtobufRpcEngine.java:585)
	at org.apache.hadoop.ipc.RPC$Server.call(RPC.java:928)
	at org.apache.hadoop.ipc.Server$Handler$1.run(Server.java:2048)
	at org.apache.hadoop.ipc.Server$Handler$1.run(Server.java:2044)
	at java.security.AccessController.doPrivileged(Native Method)
	at javax.security.auth.Subject.doAs(Subject.java:415)
	at org.apache.hadoop.security.UserGroupInformation.doAs(UserGroupInformation.java:1491)
	at org.apache.hadoop.ipc.Server$Handler.run(Server.java:2042)

	at org.apache.hadoop.ipc.Client.call(Client.java:1347)
	at org.apache.hadoop.ipc.Client.call(Client.java:1300)
	at org.apache.hadoop.ipc.ProtobufRpcEngine$Invoker.invoke(ProtobufRpcEngine.java:206)
	at com.sun.proxy.$Proxy8.rollEditLog(Unknown Source)
	at sun.reflect.NativeMethodAccessorImpl.invoke0(Native Method)
	at sun.reflect.NativeMethodAccessorImpl.invoke(NativeMethodAccessorImpl.java:57)
	at sun.reflect.DelegatingMethodAccessorImpl.invoke(DelegatingMethodAccessorImpl.java:43)
	at java.lang.reflect.Method.invoke(Method.java:606)
	at org.apache.hadoop.io.retry.RetryInvocationHandler.invokeMethod(RetryInvocationHandler.java:186)
	at org.apache.hadoop.io.retry.RetryInvocationHandler.invoke(RetryInvocationHandler.java:102)
	at com.sun.proxy.$Proxy8.rollEditLog(Unknown Source)
	at org.apache.hadoop.hdfs.protocolPB.NamenodeProtocolTranslatorPB.rollEditLog(NamenodeProtocolTranslatorPB.java:139)
	at org.apache.hadoop.hdfs.server.namenode.SecondaryNameNode.doCheckpoint(SecondaryNameNode.java:502)
	at org.apache.hadoop.hdfs.server.namenode.SecondaryNameNode.doWork(SecondaryNameNode.java:380)
	at org.apache.hadoop.hdfs.server.namenode.SecondaryNameNode$2.run(SecondaryNameNode.java:346)
	at org.apache.hadoop.security.SecurityUtil.doAsLoginUserOrFatal(SecurityUtil.java:456)
	at org.apache.hadoop.hdfs.server.namenode.SecondaryNameNode.run(SecondaryNameNode.java:342)
	at java.lang.Thread.run(Thread.java:744)
2014-05-04 23:59:37,060 ERROR org.apache.hadoop.hdfs.server.namenode.SecondaryNameNode: Exception in doCheckpoint
org.apache.hadoop.ipc.RemoteException(org.apache.hadoop.hdfs.server.namenode.SafeModeException): Log not rolled. Name node is in safe mode.
The reported blocks 0 needs additional 774 blocks to reach the threshold 0.9990 of total blocks 774.
Safe mode will be turned off automatically
	at org.apache.hadoop.hdfs.server.namenode.FSNamesystem.rollEditLog(FSNamesystem.java:5047)
	at org.apache.hadoop.hdfs.server.namenode.NameNodeRpcServer.rollEditLog(NameNodeRpcServer.java:832)
	at org.apache.hadoop.hdfs.protocolPB.NamenodeProtocolServerSideTranslatorPB.rollEditLog(NamenodeProtocolServerSideTranslatorPB.java:139)
	at org.apache.hadoop.hdfs.protocol.proto.NamenodeProtocolProtos$NamenodeProtocolService$2.callBlockingMethod(NamenodeProtocolProtos.java:11214)
	at org.apache.hadoop.ipc.ProtobufRpcEngine$Server$ProtoBufRpcInvoker.call(ProtobufRpcEngine.java:585)
	at org.apache.hadoop.ipc.RPC$Server.call(RPC.java:928)
	at org.apache.hadoop.ipc.Server$Handler$1.run(Server.java:2048)
	at org.apache.hadoop.ipc.Server$Handler$1.run(Server.java:2044)
	at java.security.AccessController.doPrivileged(Native Method)
	at javax.security.auth.Subject.doAs(Subject.java:415)
	at org.apache.hadoop.security.UserGroupInformation.doAs(UserGroupInformation.java:1491)
	at org.apache.hadoop.ipc.Server$Handler.run(Server.java:2042)

	at org.apache.hadoop.ipc.Client.call(Client.java:1347)
	at org.apache.hadoop.ipc.Client.call(Client.java:1300)
	at org.apache.hadoop.ipc.ProtobufRpcEngine$Invoker.invoke(ProtobufRpcEngine.java:206)
	at com.sun.proxy.$Proxy8.rollEditLog(Unknown Source)
	at sun.reflect.NativeMethodAccessorImpl.invoke0(Native Method)
	at sun.reflect.NativeMethodAccessorImpl.invoke(NativeMethodAccessorImpl.java:57)
	at sun.reflect.DelegatingMethodAccessorImpl.invoke(DelegatingMethodAccessorImpl.java:43)
	at java.lang.reflect.Method.invoke(Method.java:606)
	at org.apache.hadoop.io.retry.RetryInvocationHandler.invokeMethod(RetryInvocationHandler.java:186)
	at org.apache.hadoop.io.retry.RetryInvocationHandler.invoke(RetryInvocationHandler.java:102)
	at com.sun.proxy.$Proxy8.rollEditLog(Unknown Source)
	at org.apache.hadoop.hdfs.protocolPB.NamenodeProtocolTranslatorPB.rollEditLog(NamenodeProtocolTranslatorPB.java:139)
	at org.apache.hadoop.hdfs.server.namenode.SecondaryNameNode.doCheckpoint(SecondaryNameNode.java:502)
	at org.apache.hadoop.hdfs.server.namenode.SecondaryNameNode.doWork(SecondaryNameNode.java:380)
	at org.apache.hadoop.hdfs.server.namenode.SecondaryNameNode$2.run(SecondaryNameNode.java:346)
	at org.apache.hadoop.security.SecurityUtil.doAsLoginUserOrFatal(SecurityUtil.java:456)
	at org.apache.hadoop.hdfs.server.namenode.SecondaryNameNode.run(SecondaryNameNode.java:342)
	at java.lang.Thread.run(Thread.java:744)
2014-05-05 00:00:37,077 ERROR org.apache.hadoop.hdfs.server.namenode.SecondaryNameNode: Exception in doCheckpoint
org.apache.hadoop.ipc.RemoteException(org.apache.hadoop.hdfs.server.namenode.SafeModeException): Log not rolled. Name node is in safe mode.
The reported blocks 0 needs additional 774 blocks to reach the threshold 0.9990 of total blocks 774.
Safe mode will be turned off automatically
	at org.apache.hadoop.hdfs.server.namenode.FSNamesystem.rollEditLog(FSNamesystem.java:5047)
	at org.apache.hadoop.hdfs.server.namenode.NameNodeRpcServer.rollEditLog(NameNodeRpcServer.java:832)
	at org.apache.hadoop.hdfs.protocolPB.NamenodeProtocolServerSideTranslatorPB.rollEditLog(NamenodeProtocolServerSideTranslatorPB.java:139)
	at org.apache.hadoop.hdfs.protocol.proto.NamenodeProtocolProtos$NamenodeProtocolService$2.callBlockingMethod(NamenodeProtocolProtos.java:11214)
	at org.apache.hadoop.ipc.ProtobufRpcEngine$Server$ProtoBufRpcInvoker.call(ProtobufRpcEngine.java:585)
	at org.apache.hadoop.ipc.RPC$Server.call(RPC.java:928)
	at org.apache.hadoop.ipc.Server$Handler$1.run(Server.java:2048)
	at org.apache.hadoop.ipc.Server$Handler$1.run(Server.java:2044)
	at java.security.AccessController.doPrivileged(Native Method)
	at javax.security.auth.Subject.doAs(Subject.java:415)
	at org.apache.hadoop.security.UserGroupInformation.doAs(UserGroupInformation.java:1491)
	at org.apache.hadoop.ipc.Server$Handler.run(Server.java:2042)

	at org.apache.hadoop.ipc.Client.call(Client.java:1347)
	at org.apache.hadoop.ipc.Client.call(Client.java:1300)
	at org.apache.hadoop.ipc.ProtobufRpcEngine$Invoker.invoke(ProtobufRpcEngine.java:206)
	at com.sun.proxy.$Proxy8.rollEditLog(Unknown Source)
	at sun.reflect.NativeMethodAccessorImpl.invoke0(Native Method)
	at sun.reflect.NativeMethodAccessorImpl.invoke(NativeMethodAccessorImpl.java:57)
	at sun.reflect.DelegatingMethodAccessorImpl.invoke(DelegatingMethodAccessorImpl.java:43)
	at java.lang.reflect.Method.invoke(Method.java:606)
	at org.apache.hadoop.io.retry.RetryInvocationHandler.invokeMethod(RetryInvocationHandler.java:186)
	at org.apache.hadoop.io.retry.RetryInvocationHandler.invoke(RetryInvocationHandler.java:102)
	at com.sun.proxy.$Proxy8.rollEditLog(Unknown Source)
	at org.apache.hadoop.hdfs.protocolPB.NamenodeProtocolTranslatorPB.rollEditLog(NamenodeProtocolTranslatorPB.java:139)
	at org.apache.hadoop.hdfs.server.namenode.SecondaryNameNode.doCheckpoint(SecondaryNameNode.java:502)
	at org.apache.hadoop.hdfs.server.namenode.SecondaryNameNode.doWork(SecondaryNameNode.java:380)
	at org.apache.hadoop.hdfs.server.namenode.SecondaryNameNode$2.run(SecondaryNameNode.java:346)
	at org.apache.hadoop.security.SecurityUtil.doAsLoginUserOrFatal(SecurityUtil.java:456)
	at org.apache.hadoop.hdfs.server.namenode.SecondaryNameNode.run(SecondaryNameNode.java:342)
	at java.lang.Thread.run(Thread.java:744)
2014-05-05 00:01:20,282 ERROR org.apache.hadoop.hdfs.server.namenode.SecondaryNameNode: RECEIVED SIGNAL 15: SIGTERM
2014-05-05 00:01:20,285 INFO org.apache.hadoop.hdfs.server.namenode.SecondaryNameNode: SHUTDOWN_MSG: 
/************************************************************
SHUTDOWN_MSG: Shutting down SecondaryNameNode at ip-10-0-0-158/10.0.0.158
************************************************************/
2014-05-05 00:05:07,597 INFO org.apache.hadoop.hdfs.server.namenode.SecondaryNameNode: STARTUP_MSG: 
/************************************************************
STARTUP_MSG: Starting SecondaryNameNode
STARTUP_MSG:   host = ip-10-0-0-158/10.0.0.158
STARTUP_MSG:   args = []
STARTUP_MSG:   version = 2.2.0
STARTUP_MSG:   classpath = /home/ubuntu/PatchedDistro/hadoop-patch/etc/hadoop:/home/ubuntu/PatchedDistro/hadoop-patch/share/hadoop/common/lib/commons-net-3.1.jar:/home/ubuntu/PatchedDistro/hadoop-patch/share/hadoop/common/lib/commons-httpclient-3.1.jar:/home/ubuntu/PatchedDistro/hadoop-patch/share/hadoop/common/lib/jersey-json-1.9.jar:/home/ubuntu/PatchedDistro/hadoop-patch/share/hadoop/common/lib/jaxb-impl-2.2.3-1.jar:/home/ubuntu/PatchedDistro/hadoop-patch/share/hadoop/common/lib/commons-digester-1.8.jar:/home/ubuntu/PatchedDistro/hadoop-patch/share/hadoop/common/lib/hadoop-annotations-2.2.0.jar:/home/ubuntu/PatchedDistro/hadoop-patch/share/hadoop/common/lib/guava-11.0.2.jar:/home/ubuntu/PatchedDistro/hadoop-patch/share/hadoop/common/lib/jettison-1.1.jar:/home/ubuntu/PatchedDistro/hadoop-patch/share/hadoop/common/lib/commons-math-2.1.jar:/home/ubuntu/PatchedDistro/hadoop-patch/share/hadoop/common/lib/commons-configuration-1.6.jar:/home/ubuntu/PatchedDistro/hadoop-patch/share/hadoop/common/lib/jsr305-1.3.9.jar:/home/ubuntu/PatchedDistro/hadoop-patch/share/hadoop/common/lib/activation-1.1.jar:/home/ubuntu/PatchedDistro/hadoop-patch/share/hadoop/common/lib/jackson-core-asl-1.8.8.jar:/home/ubuntu/PatchedDistro/hadoop-patch/share/hadoop/common/lib/jackson-xc-1.8.8.jar:/home/ubuntu/PatchedDistro/hadoop-patch/share/hadoop/common/lib/jersey-server-1.9.jar:/home/ubuntu/PatchedDistro/hadoop-patch/share/hadoop/common/lib/slf4j-log4j12-1.7.5.jar:/home/ubuntu/PatchedDistro/hadoop-patch/share/hadoop/common/lib/jersey-core-1.9.jar:/home/ubuntu/PatchedDistro/hadoop-patch/share/hadoop/common/lib/commons-cli-1.2.jar:/home/ubuntu/PatchedDistro/hadoop-patch/share/hadoop/common/lib/commons-lang-2.5.jar:/home/ubuntu/PatchedDistro/hadoop-patch/share/hadoop/common/lib/jsp-api-2.1.jar:/home/ubuntu/PatchedDistro/hadoop-patch/share/hadoop/common/lib/asm-3.2.jar:/home/ubuntu/PatchedDistro/hadoop-patch/share/hadoop/common/lib/snappy-java-1.0.4.1.jar:/home/ubuntu/PatchedDistro/hadoop-patch/share/hadoop/common/lib/zookeeper-3.4.5.jar:/home/ubuntu/PatchedDistro/hadoop-patch/share/hadoop/common/lib/jaxb-api-2.2.2.jar:/home/ubuntu/PatchedDistro/hadoop-patch/share/hadoop/common/lib/slf4j-api-1.7.5.jar:/home/ubuntu/PatchedDistro/hadoop-patch/share/hadoop/common/lib/commons-collections-3.2.1.jar:/home/ubuntu/PatchedDistro/hadoop-patch/share/hadoop/common/lib/jasper-runtime-5.5.23.jar:/home/ubuntu/PatchedDistro/hadoop-patch/share/hadoop/common/lib/jackson-jaxrs-1.8.8.jar:/home/ubuntu/PatchedDistro/hadoop-patch/share/hadoop/common/lib/commons-beanutils-1.7.0.jar:/home/ubuntu/PatchedDistro/hadoop-patch/share/hadoop/common/lib/paranamer-2.3.jar:/home/ubuntu/PatchedDistro/hadoop-patch/share/hadoop/common/lib/junit-4.8.2.jar:/home/ubuntu/PatchedDistro/hadoop-patch/share/hadoop/common/lib/commons-codec-1.4.jar:/home/ubuntu/PatchedDistro/hadoop-patch/share/hadoop/common/lib/commons-el-1.0.jar:/home/ubuntu/PatchedDistro/hadoop-patch/share/hadoop/common/lib/mockito-all-1.8.5.jar:/home/ubuntu/PatchedDistro/hadoop-patch/share/hadoop/common/lib/jetty-util-6.1.26.jar:/home/ubuntu/PatchedDistro/hadoop-patch/share/hadoop/common/lib/commons-beanutils-core-1.8.0.jar:/home/ubuntu/PatchedDistro/hadoop-patch/share/hadoop/common/lib/commons-compress-1.4.1.jar:/home/ubuntu/PatchedDistro/hadoop-patch/share/hadoop/common/lib/jsch-0.1.42.jar:/home/ubuntu/PatchedDistro/hadoop-patch/share/hadoop/common/lib/protobuf-java-2.5.0.jar:/home/ubuntu/PatchedDistro/hadoop-patch/share/hadoop/common/lib/stax-api-1.0.1.jar:/home/ubuntu/PatchedDistro/hadoop-patch/share/hadoop/common/lib/xz-1.0.jar:/home/ubuntu/PatchedDistro/hadoop-patch/share/hadoop/common/lib/jackson-mapper-asl-1.8.8.jar:/home/ubuntu/PatchedDistro/hadoop-patch/share/hadoop/common/lib/jasper-compiler-5.5.23.jar:/home/ubuntu/PatchedDistro/hadoop-patch/share/hadoop/common/lib/servlet-api-2.5.jar:/home/ubuntu/PatchedDistro/hadoop-patch/share/hadoop/common/lib/avro-1.7.4.jar:/home/ubuntu/PatchedDistro/hadoop-patch/share/hadoop/common/lib/xmlenc-0.52.jar:/home/ubuntu/PatchedDistro/hadoop-patch/share/hadoop/common/lib/commons-logging-1.1.1.jar:/home/ubuntu/PatchedDistro/hadoop-patch/share/hadoop/common/lib/jetty-6.1.26.jar:/home/ubuntu/PatchedDistro/hadoop-patch/share/hadoop/common/lib/hadoop-auth-2.2.0.jar:/home/ubuntu/PatchedDistro/hadoop-patch/share/hadoop/common/lib/commons-io-2.1.jar:/home/ubuntu/PatchedDistro/hadoop-patch/share/hadoop/common/lib/netty-3.6.2.Final.jar:/home/ubuntu/PatchedDistro/hadoop-patch/share/hadoop/common/lib/log4j-1.2.17.jar:/home/ubuntu/PatchedDistro/hadoop-patch/share/hadoop/common/lib/jets3t-0.6.1.jar:/home/ubuntu/PatchedDistro/hadoop-patch/share/hadoop/common/hadoop-common-2.2.0.jar:/home/ubuntu/PatchedDistro/hadoop-patch/share/hadoop/common/hadoop-common-2.2.0-tests.jar:/home/ubuntu/PatchedDistro/hadoop-patch/share/hadoop/common/hadoop-nfs-2.2.0.jar:/home/ubuntu/PatchedDistro/hadoop-patch/share/hadoop/hdfs:/home/ubuntu/PatchedDistro/hadoop-patch/share/hadoop/hdfs/lib/commons-daemon-1.0.13.jar:/home/ubuntu/PatchedDistro/hadoop-patch/share/hadoop/hdfs/lib/guava-11.0.2.jar:/home/ubuntu/PatchedDistro/hadoop-patch/share/hadoop/hdfs/lib/jsr305-1.3.9.jar:/home/ubuntu/PatchedDistro/hadoop-patch/share/hadoop/hdfs/lib/jackson-core-asl-1.8.8.jar:/home/ubuntu/PatchedDistro/hadoop-patch/share/hadoop/hdfs/lib/jersey-server-1.9.jar:/home/ubuntu/PatchedDistro/hadoop-patch/share/hadoop/hdfs/lib/jersey-core-1.9.jar:/home/ubuntu/PatchedDistro/hadoop-patch/share/hadoop/hdfs/lib/commons-cli-1.2.jar:/home/ubuntu/PatchedDistro/hadoop-patch/share/hadoop/hdfs/lib/commons-lang-2.5.jar:/home/ubuntu/PatchedDistro/hadoop-patch/share/hadoop/hdfs/lib/jsp-api-2.1.jar:/home/ubuntu/PatchedDistro/hadoop-patch/share/hadoop/hdfs/lib/asm-3.2.jar:/home/ubuntu/PatchedDistro/hadoop-patch/share/hadoop/hdfs/lib/jasper-runtime-5.5.23.jar:/home/ubuntu/PatchedDistro/hadoop-patch/share/hadoop/hdfs/lib/commons-codec-1.4.jar:/home/ubuntu/PatchedDistro/hadoop-patch/share/hadoop/hdfs/lib/commons-el-1.0.jar:/home/ubuntu/PatchedDistro/hadoop-patch/share/hadoop/hdfs/lib/jetty-util-6.1.26.jar:/home/ubuntu/PatchedDistro/hadoop-patch/share/hadoop/hdfs/lib/protobuf-java-2.5.0.jar:/home/ubuntu/PatchedDistro/hadoop-patch/share/hadoop/hdfs/lib/jackson-mapper-asl-1.8.8.jar:/home/ubuntu/PatchedDistro/hadoop-patch/share/hadoop/hdfs/lib/servlet-api-2.5.jar:/home/ubuntu/PatchedDistro/hadoop-patch/share/hadoop/hdfs/lib/xmlenc-0.52.jar:/home/ubuntu/PatchedDistro/hadoop-patch/share/hadoop/hdfs/lib/commons-logging-1.1.1.jar:/home/ubuntu/PatchedDistro/hadoop-patch/share/hadoop/hdfs/lib/jetty-6.1.26.jar:/home/ubuntu/PatchedDistro/hadoop-patch/share/hadoop/hdfs/lib/commons-io-2.1.jar:/home/ubuntu/PatchedDistro/hadoop-patch/share/hadoop/hdfs/lib/netty-3.6.2.Final.jar:/home/ubuntu/PatchedDistro/hadoop-patch/share/hadoop/hdfs/lib/log4j-1.2.17.jar:/home/ubuntu/PatchedDistro/hadoop-patch/share/hadoop/hdfs/hadoop-hdfs-2.2.0-tests.jar:/home/ubuntu/PatchedDistro/hadoop-patch/share/hadoop/hdfs/hadoop-hdfs-2.2.0.jar:/home/ubuntu/PatchedDistro/hadoop-patch/share/hadoop/hdfs/hadoop-hdfs-nfs-2.2.0.jar:/home/ubuntu/PatchedDistro/hadoop-patch/share/hadoop/yarn/lib/hadoop-annotations-2.2.0.jar:/home/ubuntu/PatchedDistro/hadoop-patch/share/hadoop/yarn/lib/jackson-core-asl-1.8.8.jar:/home/ubuntu/PatchedDistro/hadoop-patch/share/hadoop/yarn/lib/guice-servlet-3.0.jar:/home/ubuntu/PatchedDistro/hadoop-patch/share/hadoop/yarn/lib/jersey-server-1.9.jar:/home/ubuntu/PatchedDistro/hadoop-patch/share/hadoop/yarn/lib/jersey-core-1.9.jar:/home/ubuntu/PatchedDistro/hadoop-patch/share/hadoop/yarn/lib/asm-3.2.jar:/home/ubuntu/PatchedDistro/hadoop-patch/share/hadoop/yarn/lib/snappy-java-1.0.4.1.jar:/home/ubuntu/PatchedDistro/hadoop-patch/share/hadoop/yarn/lib/jersey-guice-1.9.jar:/home/ubuntu/PatchedDistro/hadoop-patch/share/hadoop/yarn/lib/paranamer-2.3.jar:/home/ubuntu/PatchedDistro/hadoop-patch/share/hadoop/yarn/lib/commons-compress-1.4.1.jar:/home/ubuntu/PatchedDistro/hadoop-patch/share/hadoop/yarn/lib/protobuf-java-2.5.0.jar:/home/ubuntu/PatchedDistro/hadoop-patch/share/hadoop/yarn/lib/guice-3.0.jar:/home/ubuntu/PatchedDistro/hadoop-patch/share/hadoop/yarn/lib/hamcrest-core-1.1.jar:/home/ubuntu/PatchedDistro/hadoop-patch/share/hadoop/yarn/lib/xz-1.0.jar:/home/ubuntu/PatchedDistro/hadoop-patch/share/hadoop/yarn/lib/jackson-mapper-asl-1.8.8.jar:/home/ubuntu/PatchedDistro/hadoop-patch/share/hadoop/yarn/lib/aopalliance-1.0.jar:/home/ubuntu/PatchedDistro/hadoop-patch/share/hadoop/yarn/lib/junit-4.10.jar:/home/ubuntu/PatchedDistro/hadoop-patch/share/hadoop/yarn/lib/avro-1.7.4.jar:/home/ubuntu/PatchedDistro/hadoop-patch/share/hadoop/yarn/lib/javax.inject-1.jar:/home/ubuntu/PatchedDistro/hadoop-patch/share/hadoop/yarn/lib/commons-io-2.1.jar:/home/ubuntu/PatchedDistro/hadoop-patch/share/hadoop/yarn/lib/netty-3.6.2.Final.jar:/home/ubuntu/PatchedDistro/hadoop-patch/share/hadoop/yarn/lib/log4j-1.2.17.jar:/home/ubuntu/PatchedDistro/hadoop-patch/share/hadoop/yarn/hadoop-yarn-site-2.2.0.jar:/home/ubuntu/PatchedDistro/hadoop-patch/share/hadoop/yarn/hadoop-yarn-server-common-2.2.0.jar:/home/ubuntu/PatchedDistro/hadoop-patch/share/hadoop/yarn/hadoop-yarn-client-2.2.0.jar:/home/ubuntu/PatchedDistro/hadoop-patch/share/hadoop/yarn/hadoop-yarn-server-tests-2.2.0.jar:/home/ubuntu/PatchedDistro/hadoop-patch/share/hadoop/yarn/hadoop-yarn-applications-unmanaged-am-launcher-2.2.0.jar:/home/ubuntu/PatchedDistro/hadoop-patch/share/hadoop/yarn/hadoop-yarn-server-nodemanager-2.2.0.jar:/home/ubuntu/PatchedDistro/hadoop-patch/share/hadoop/yarn/hadoop-yarn-server-resourcemanager-2.2.0.jar:/home/ubuntu/PatchedDistro/hadoop-patch/share/hadoop/yarn/hadoop-yarn-common-2.2.0.jar:/home/ubuntu/PatchedDistro/hadoop-patch/share/hadoop/yarn/hadoop-yarn-api-2.2.0.jar:/home/ubuntu/PatchedDistro/hadoop-patch/share/hadoop/yarn/hadoop-yarn-server-web-proxy-2.2.0.jar:/home/ubuntu/PatchedDistro/hadoop-patch/share/hadoop/yarn/hadoop-yarn-applications-distributedshell-2.2.0.jar:/home/ubuntu/PatchedDistro/hadoop-patch/share/hadoop/mapreduce/lib/hadoop-annotations-2.2.0.jar:/home/ubuntu/PatchedDistro/hadoop-patch/share/hadoop/mapreduce/lib/jackson-core-asl-1.8.8.jar:/home/ubuntu/PatchedDistro/hadoop-patch/share/hadoop/mapreduce/lib/guice-servlet-3.0.jar:/home/ubuntu/PatchedDistro/hadoop-patch/share/hadoop/mapreduce/lib/jersey-server-1.9.jar:/home/ubuntu/PatchedDistro/hadoop-patch/share/hadoop/mapreduce/lib/jersey-core-1.9.jar:/home/ubuntu/PatchedDistro/hadoop-patch/share/hadoop/mapreduce/lib/asm-3.2.jar:/home/ubuntu/PatchedDistro/hadoop-patch/share/hadoop/mapreduce/lib/snappy-java-1.0.4.1.jar:/home/ubuntu/PatchedDistro/hadoop-patch/share/hadoop/mapreduce/lib/jersey-guice-1.9.jar:/home/ubuntu/PatchedDistro/hadoop-patch/share/hadoop/mapreduce/lib/paranamer-2.3.jar:/home/ubuntu/PatchedDistro/hadoop-patch/share/hadoop/mapreduce/lib/commons-compress-1.4.1.jar:/home/ubuntu/PatchedDistro/hadoop-patch/share/hadoop/mapreduce/lib/protobuf-java-2.5.0.jar:/home/ubuntu/PatchedDistro/hadoop-patch/share/hadoop/mapreduce/lib/guice-3.0.jar:/home/ubuntu/PatchedDistro/hadoop-patch/share/hadoop/mapreduce/lib/hamcrest-core-1.1.jar:/home/ubuntu/PatchedDistro/hadoop-patch/share/hadoop/mapreduce/lib/xz-1.0.jar:/home/ubuntu/PatchedDistro/hadoop-patch/share/hadoop/mapreduce/lib/jackson-mapper-asl-1.8.8.jar:/home/ubuntu/PatchedDistro/hadoop-patch/share/hadoop/mapreduce/lib/aopalliance-1.0.jar:/home/ubuntu/PatchedDistro/hadoop-patch/share/hadoop/mapreduce/lib/junit-4.10.jar:/home/ubuntu/PatchedDistro/hadoop-patch/share/hadoop/mapreduce/lib/avro-1.7.4.jar:/home/ubuntu/PatchedDistro/hadoop-patch/share/hadoop/mapreduce/lib/javax.inject-1.jar:/home/ubuntu/PatchedDistro/hadoop-patch/share/hadoop/mapreduce/lib/commons-io-2.1.jar:/home/ubuntu/PatchedDistro/hadoop-patch/share/hadoop/mapreduce/lib/netty-3.6.2.Final.jar:/home/ubuntu/PatchedDistro/hadoop-patch/share/hadoop/mapreduce/lib/log4j-1.2.17.jar:/home/ubuntu/PatchedDistro/hadoop-patch/share/hadoop/mapreduce/hadoop-mapreduce-client-app-2.2.0.jar:/home/ubuntu/PatchedDistro/hadoop-patch/share/hadoop/mapreduce/hadoop-mapreduce-examples-2.2.0.jar:/home/ubuntu/PatchedDistro/hadoop-patch/share/hadoop/mapreduce/hadoop-mapreduce-client-core-2.2.0.jar:/home/ubuntu/PatchedDistro/hadoop-patch/share/hadoop/mapreduce/hadoop-mapreduce-client-shuffle-2.2.0.jar:/home/ubuntu/PatchedDistro/hadoop-patch/share/hadoop/mapreduce/hadoop-mapreduce-client-jobclient-2.2.0.jar:/home/ubuntu/PatchedDistro/hadoop-patch/share/hadoop/mapreduce/hadoop-mapreduce-client-jobclient-2.2.0-tests.jar:/home/ubuntu/PatchedDistro/hadoop-patch/share/hadoop/mapreduce/hadoop-mapreduce-client-hs-2.2.0.jar:/home/ubuntu/PatchedDistro/hadoop-patch/share/hadoop/mapreduce/hadoop-mapreduce-client-common-2.2.0.jar:/home/ubuntu/PatchedDistro/hadoop-patch/share/hadoop/mapreduce/hadoop-mapreduce-client-hs-plugins-2.2.0.jar:/contrib/capacity-scheduler/*.jar:/contrib/capacity-scheduler/*.jar:/contrib/capacity-scheduler/*.jar
STARTUP_MSG:   build = Unknown -r Unknown; compiled by 'root' on 2014-05-04T05:58Z
STARTUP_MSG:   java = 1.7.0_51
************************************************************/
2014-05-05 00:05:07,605 INFO org.apache.hadoop.hdfs.server.namenode.SecondaryNameNode: registered UNIX signal handlers for [TERM, HUP, INT]
2014-05-05 00:05:08,307 WARN org.apache.hadoop.util.NativeCodeLoader: Unable to load native-hadoop library for your platform... using builtin-java classes where applicable
2014-05-05 00:05:08,563 INFO org.apache.hadoop.metrics2.impl.MetricsConfig: loaded properties from hadoop-metrics2.properties
2014-05-05 00:05:08,725 INFO org.apache.hadoop.metrics2.impl.MetricsSystemImpl: Scheduled snapshot period at 10 second(s).
2014-05-05 00:05:08,725 INFO org.apache.hadoop.metrics2.impl.MetricsSystemImpl: SecondaryNameNode metrics system started
2014-05-05 00:05:09,020 INFO org.apache.hadoop.hdfs.server.common.Storage: Lock on /var/hadoop/tmp/dfs/namesecondary/in_use.lock acquired by nodename 5113@ip-10-0-0-158
2014-05-05 00:05:09,062 INFO org.apache.hadoop.hdfs.server.namenode.HostFileManager: read includes:
HostSet(
)
2014-05-05 00:05:09,062 INFO org.apache.hadoop.hdfs.server.namenode.HostFileManager: read excludes:
HostSet(
)
2014-05-05 00:05:09,065 INFO org.apache.hadoop.hdfs.server.blockmanagement.DatanodeManager: dfs.block.invalidate.limit=1000
2014-05-05 00:05:09,067 INFO org.apache.hadoop.util.GSet: Computing capacity for map BlocksMap
2014-05-05 00:05:09,067 INFO org.apache.hadoop.util.GSet: VM type       = 64-bit
2014-05-05 00:05:09,068 INFO org.apache.hadoop.util.GSet: 2.0% max memory = 889 MB
2014-05-05 00:05:09,068 INFO org.apache.hadoop.util.GSet: capacity      = 2^21 = 2097152 entries
2014-05-05 00:05:09,073 INFO org.apache.hadoop.hdfs.server.blockmanagement.BlockManager: dfs.block.access.token.enable=false
2014-05-05 00:05:09,073 INFO org.apache.hadoop.hdfs.server.blockmanagement.BlockManager: defaultReplication         = 4
2014-05-05 00:05:09,073 INFO org.apache.hadoop.hdfs.server.blockmanagement.BlockManager: maxReplication             = 512
2014-05-05 00:05:09,073 INFO org.apache.hadoop.hdfs.server.blockmanagement.BlockManager: minReplication             = 1
2014-05-05 00:05:09,073 INFO org.apache.hadoop.hdfs.server.blockmanagement.BlockManager: maxReplicationStreams      = 2
2014-05-05 00:05:09,073 INFO org.apache.hadoop.hdfs.server.blockmanagement.BlockManager: shouldCheckForEnoughRacks  = false
2014-05-05 00:05:09,073 INFO org.apache.hadoop.hdfs.server.blockmanagement.BlockManager: replicationRecheckInterval = 3000
2014-05-05 00:05:09,073 INFO org.apache.hadoop.hdfs.server.blockmanagement.BlockManager: encryptDataTransfer        = false
2014-05-05 00:05:09,074 INFO org.apache.hadoop.hdfs.server.namenode.FSNamesystem: fsOwner             = ubuntu (auth:SIMPLE)
2014-05-05 00:05:09,074 INFO org.apache.hadoop.hdfs.server.namenode.FSNamesystem: supergroup          = supergroup
2014-05-05 00:05:09,074 INFO org.apache.hadoop.hdfs.server.namenode.FSNamesystem: isPermissionEnabled = true
2014-05-05 00:05:09,074 INFO org.apache.hadoop.hdfs.server.namenode.FSNamesystem: HA Enabled: false
2014-05-05 00:05:09,076 INFO org.apache.hadoop.hdfs.server.namenode.FSNamesystem: Append Enabled: true
2014-05-05 00:05:09,128 INFO org.apache.hadoop.util.GSet: Computing capacity for map INodeMap
2014-05-05 00:05:09,128 INFO org.apache.hadoop.util.GSet: VM type       = 64-bit
2014-05-05 00:05:09,128 INFO org.apache.hadoop.util.GSet: 1.0% max memory = 889 MB
2014-05-05 00:05:09,128 INFO org.apache.hadoop.util.GSet: capacity      = 2^20 = 1048576 entries
2014-05-05 00:05:09,129 INFO org.apache.hadoop.hdfs.server.namenode.NameNode: Caching file names occuring more than 10 times
2014-05-05 00:05:09,131 INFO org.apache.hadoop.hdfs.server.namenode.FSNamesystem: dfs.namenode.safemode.threshold-pct = 0.9990000128746033
2014-05-05 00:05:09,131 INFO org.apache.hadoop.hdfs.server.namenode.FSNamesystem: dfs.namenode.safemode.min.datanodes = 0
2014-05-05 00:05:09,131 INFO org.apache.hadoop.hdfs.server.namenode.FSNamesystem: dfs.namenode.safemode.extension     = 30000
2014-05-05 00:05:09,166 INFO org.mortbay.log: Logging to org.slf4j.impl.Log4jLoggerAdapter(org.mortbay.log) via org.mortbay.log.Slf4jLog
2014-05-05 00:05:09,209 INFO org.apache.hadoop.http.HttpServer: Added global filter 'safety' (class=org.apache.hadoop.http.HttpServer$QuotingInputFilter)
2014-05-05 00:05:09,211 INFO org.apache.hadoop.http.HttpServer: Added filter static_user_filter (class=org.apache.hadoop.http.lib.StaticUserWebFilter$StaticUserFilter) to context secondary
2014-05-05 00:05:09,211 INFO org.apache.hadoop.http.HttpServer: Added filter static_user_filter (class=org.apache.hadoop.http.lib.StaticUserWebFilter$StaticUserFilter) to context static
2014-05-05 00:05:09,211 INFO org.apache.hadoop.http.HttpServer: Added filter static_user_filter (class=org.apache.hadoop.http.lib.StaticUserWebFilter$StaticUserFilter) to context logs
2014-05-05 00:05:09,221 INFO org.apache.hadoop.http.HttpServer: Jetty bound to port 50090
2014-05-05 00:05:09,221 INFO org.mortbay.log: jetty-6.1.26
2014-05-05 00:05:09,523 INFO org.mortbay.log: Started SelectChannelConnector@0.0.0.0:50090
2014-05-05 00:05:09,523 INFO org.apache.hadoop.hdfs.server.namenode.SecondaryNameNode: Web server init done
2014-05-05 00:05:09,523 INFO org.apache.hadoop.hdfs.server.namenode.SecondaryNameNode: Secondary Web-server up at: 0.0.0.0:50090
2014-05-05 00:05:09,523 INFO org.apache.hadoop.hdfs.server.namenode.SecondaryNameNode: Checkpoint Period   :3600 secs (60 min)
2014-05-05 00:05:09,523 INFO org.apache.hadoop.hdfs.server.namenode.SecondaryNameNode: Log Size Trigger    :1000000 txns
2014-05-05 00:06:09,807 INFO org.apache.hadoop.hdfs.server.namenode.SecondaryNameNode: Image has changed. Downloading updated image from NN.
2014-05-05 00:06:09,812 INFO org.apache.hadoop.hdfs.server.namenode.TransferFsImage: Opening connection to http://ec2-54-186-230-200.us-west-2.compute.amazonaws.com:50070/getimage?getimage=1&txid=0&storageInfo=-47:1706908940:0:CID-d15da203-f6c5-4f57-ae24-0c30923abeda
2014-05-05 00:06:10,171 INFO org.apache.hadoop.hdfs.server.namenode.TransferFsImage: Transfer took 0.36s at 0.00 KB/s
2014-05-05 00:06:10,172 INFO org.apache.hadoop.hdfs.server.namenode.TransferFsImage: Downloaded file fsimage.ckpt_0000000000000000000 size 198 bytes.
2014-05-05 00:06:10,192 INFO org.apache.hadoop.hdfs.server.namenode.TransferFsImage: Opening connection to http://ec2-54-186-230-200.us-west-2.compute.amazonaws.com:50070/getimage?getedit=1&startTxId=1&endTxId=2&storageInfo=-47:1706908940:0:CID-d15da203-f6c5-4f57-ae24-0c30923abeda
2014-05-05 00:06:10,201 INFO org.apache.hadoop.hdfs.server.namenode.TransferFsImage: Transfer took 0.01s at 0.00 KB/s
2014-05-05 00:06:10,201 INFO org.apache.hadoop.hdfs.server.namenode.TransferFsImage: Downloaded file edits_tmp_0000000000000000001-0000000000000000002_0000001399248370192 size 0 bytes.
2014-05-05 00:06:10,333 INFO org.apache.hadoop.hdfs.server.namenode.FSImage: Loading image file /var/hadoop/tmp/dfs/namesecondary/current/fsimage_0000000000000000000 using no compression
2014-05-05 00:06:10,333 INFO org.apache.hadoop.hdfs.server.namenode.FSImage: Number of files = 1
2014-05-05 00:06:10,347 INFO org.apache.hadoop.hdfs.server.namenode.FSImage: Number of files under construction = 0
2014-05-05 00:06:10,347 INFO org.apache.hadoop.hdfs.server.namenode.FSImage: Image file /var/hadoop/tmp/dfs/namesecondary/current/fsimage_0000000000000000000 of size 198 bytes loaded in 0 seconds.
2014-05-05 00:06:10,347 INFO org.apache.hadoop.hdfs.server.namenode.FSImage: Loaded image for txid 0 from /var/hadoop/tmp/dfs/namesecondary/current/fsimage_0000000000000000000
2014-05-05 00:06:10,347 INFO org.apache.hadoop.hdfs.server.namenode.NameCache: initialized with 0 entries 0 lookups
2014-05-05 00:06:10,372 INFO org.apache.hadoop.hdfs.server.namenode.Checkpointer: Checkpointer about to load edits from 1 stream(s).
2014-05-05 00:06:10,396 INFO org.apache.hadoop.hdfs.server.namenode.FSImage: Reading /var/hadoop/tmp/dfs/namesecondary/current/edits_0000000000000000001-0000000000000000002 expecting start txid #1
2014-05-05 00:06:10,397 INFO org.apache.hadoop.hdfs.server.namenode.FSImage: Start loading edits file /var/hadoop/tmp/dfs/namesecondary/current/edits_0000000000000000001-0000000000000000002
2014-05-05 00:06:10,490 INFO org.apache.hadoop.hdfs.server.namenode.FSImage: Edits file /var/hadoop/tmp/dfs/namesecondary/current/edits_0000000000000000001-0000000000000000002 of size 30 edits # 2 loaded in 0 seconds
2014-05-05 00:06:10,529 INFO org.apache.hadoop.hdfs.server.namenode.FSImage: Saving image file /var/hadoop/tmp/dfs/namesecondary/current/fsimage.ckpt_0000000000000000002 using no compression
2014-05-05 00:06:10,565 INFO org.apache.hadoop.hdfs.server.namenode.FSImage: Image file /var/hadoop/tmp/dfs/namesecondary/current/fsimage.ckpt_0000000000000000002 of size 198 bytes saved in 0 seconds.
2014-05-05 00:06:10,573 INFO org.apache.hadoop.hdfs.server.namenode.FSImageTransactionalStorageInspector: No version file in /var/hadoop/tmp/dfs/namesecondary
2014-05-05 00:06:10,600 INFO org.apache.hadoop.hdfs.server.namenode.TransferFsImage: Opening connection to http://ec2-54-186-230-200.us-west-2.compute.amazonaws.com:50070/getimage?putimage=1&txid=2&port=50090&storageInfo=-47:1706908940:0:CID-d15da203-f6c5-4f57-ae24-0c30923abeda
2014-05-05 00:06:11,228 INFO org.apache.hadoop.hdfs.server.namenode.TransferFsImage: Transfer took 0.63s at 0.00 KB/s
2014-05-05 00:06:11,228 INFO org.apache.hadoop.hdfs.server.namenode.TransferFsImage: Uploaded image with txid 2 to namenode at ec2-54-186-230-200.us-west-2.compute.amazonaws.com:50070
2014-05-05 00:06:11,228 WARN org.apache.hadoop.hdfs.server.namenode.SecondaryNameNode: Checkpoint done. New Image Size: 198
