2014-05-04 23:57:41,982 INFO org.apache.hadoop.yarn.server.resourcemanager.ResourceManager: STARTUP_MSG: 
/************************************************************
STARTUP_MSG: Starting ResourceManager
STARTUP_MSG:   host = ip-10-0-0-158/10.0.0.158
STARTUP_MSG:   args = []
STARTUP_MSG:   version = 2.2.0
STARTUP_MSG:   classpath = /home/ubuntu/PatchedDistro/hadoop-patch/etc/hadoop:/home/ubuntu/PatchedDistro/hadoop-patch/etc/hadoop:/home/ubuntu/PatchedDistro/hadoop-patch/etc/hadoop:/home/ubuntu/PatchedDistro/hadoop-patch/share/hadoop/common/lib/commons-net-3.1.jar:/home/ubuntu/PatchedDistro/hadoop-patch/share/hadoop/common/lib/commons-httpclient-3.1.jar:/home/ubuntu/PatchedDistro/hadoop-patch/share/hadoop/common/lib/jersey-json-1.9.jar:/home/ubuntu/PatchedDistro/hadoop-patch/share/hadoop/common/lib/jaxb-impl-2.2.3-1.jar:/home/ubuntu/PatchedDistro/hadoop-patch/share/hadoop/common/lib/commons-digester-1.8.jar:/home/ubuntu/PatchedDistro/hadoop-patch/share/hadoop/common/lib/hadoop-annotations-2.2.0.jar:/home/ubuntu/PatchedDistro/hadoop-patch/share/hadoop/common/lib/guava-11.0.2.jar:/home/ubuntu/PatchedDistro/hadoop-patch/share/hadoop/common/lib/jettison-1.1.jar:/home/ubuntu/PatchedDistro/hadoop-patch/share/hadoop/common/lib/commons-math-2.1.jar:/home/ubuntu/PatchedDistro/hadoop-patch/share/hadoop/common/lib/commons-configuration-1.6.jar:/home/ubuntu/PatchedDistro/hadoop-patch/share/hadoop/common/lib/jsr305-1.3.9.jar:/home/ubuntu/PatchedDistro/hadoop-patch/share/hadoop/common/lib/activation-1.1.jar:/home/ubuntu/PatchedDistro/hadoop-patch/share/hadoop/common/lib/jackson-core-asl-1.8.8.jar:/home/ubuntu/PatchedDistro/hadoop-patch/share/hadoop/common/lib/jackson-xc-1.8.8.jar:/home/ubuntu/PatchedDistro/hadoop-patch/share/hadoop/common/lib/jersey-server-1.9.jar:/home/ubuntu/PatchedDistro/hadoop-patch/share/hadoop/common/lib/slf4j-log4j12-1.7.5.jar:/home/ubuntu/PatchedDistro/hadoop-patch/share/hadoop/common/lib/jersey-core-1.9.jar:/home/ubuntu/PatchedDistro/hadoop-patch/share/hadoop/common/lib/commons-cli-1.2.jar:/home/ubuntu/PatchedDistro/hadoop-patch/share/hadoop/common/lib/commons-lang-2.5.jar:/home/ubuntu/PatchedDistro/hadoop-patch/share/hadoop/common/lib/jsp-api-2.1.jar:/home/ubuntu/PatchedDistro/hadoop-patch/share/hadoop/common/lib/asm-3.2.jar:/home/ubuntu/PatchedDistro/hadoop-patch/share/hadoop/common/lib/snappy-java-1.0.4.1.jar:/home/ubuntu/PatchedDistro/hadoop-patch/share/hadoop/common/lib/zookeeper-3.4.5.jar:/home/ubuntu/PatchedDistro/hadoop-patch/share/hadoop/common/lib/jaxb-api-2.2.2.jar:/home/ubuntu/PatchedDistro/hadoop-patch/share/hadoop/common/lib/slf4j-api-1.7.5.jar:/home/ubuntu/PatchedDistro/hadoop-patch/share/hadoop/common/lib/commons-collections-3.2.1.jar:/home/ubuntu/PatchedDistro/hadoop-patch/share/hadoop/common/lib/jasper-runtime-5.5.23.jar:/home/ubuntu/PatchedDistro/hadoop-patch/share/hadoop/common/lib/jackson-jaxrs-1.8.8.jar:/home/ubuntu/PatchedDistro/hadoop-patch/share/hadoop/common/lib/commons-beanutils-1.7.0.jar:/home/ubuntu/PatchedDistro/hadoop-patch/share/hadoop/common/lib/paranamer-2.3.jar:/home/ubuntu/PatchedDistro/hadoop-patch/share/hadoop/common/lib/junit-4.8.2.jar:/home/ubuntu/PatchedDistro/hadoop-patch/share/hadoop/common/lib/commons-codec-1.4.jar:/home/ubuntu/PatchedDistro/hadoop-patch/share/hadoop/common/lib/commons-el-1.0.jar:/home/ubuntu/PatchedDistro/hadoop-patch/share/hadoop/common/lib/mockito-all-1.8.5.jar:/home/ubuntu/PatchedDistro/hadoop-patch/share/hadoop/common/lib/jetty-util-6.1.26.jar:/home/ubuntu/PatchedDistro/hadoop-patch/share/hadoop/common/lib/commons-beanutils-core-1.8.0.jar:/home/ubuntu/PatchedDistro/hadoop-patch/share/hadoop/common/lib/commons-compress-1.4.1.jar:/home/ubuntu/PatchedDistro/hadoop-patch/share/hadoop/common/lib/jsch-0.1.42.jar:/home/ubuntu/PatchedDistro/hadoop-patch/share/hadoop/common/lib/protobuf-java-2.5.0.jar:/home/ubuntu/PatchedDistro/hadoop-patch/share/hadoop/common/lib/stax-api-1.0.1.jar:/home/ubuntu/PatchedDistro/hadoop-patch/share/hadoop/common/lib/xz-1.0.jar:/home/ubuntu/PatchedDistro/hadoop-patch/share/hadoop/common/lib/jackson-mapper-asl-1.8.8.jar:/home/ubuntu/PatchedDistro/hadoop-patch/share/hadoop/common/lib/jasper-compiler-5.5.23.jar:/home/ubuntu/PatchedDistro/hadoop-patch/share/hadoop/common/lib/servlet-api-2.5.jar:/home/ubuntu/PatchedDistro/hadoop-patch/share/hadoop/common/lib/avro-1.7.4.jar:/home/ubuntu/PatchedDistro/hadoop-patch/share/hadoop/common/lib/xmlenc-0.52.jar:/home/ubuntu/PatchedDistro/hadoop-patch/share/hadoop/common/lib/commons-logging-1.1.1.jar:/home/ubuntu/PatchedDistro/hadoop-patch/share/hadoop/common/lib/jetty-6.1.26.jar:/home/ubuntu/PatchedDistro/hadoop-patch/share/hadoop/common/lib/hadoop-auth-2.2.0.jar:/home/ubuntu/PatchedDistro/hadoop-patch/share/hadoop/common/lib/commons-io-2.1.jar:/home/ubuntu/PatchedDistro/hadoop-patch/share/hadoop/common/lib/netty-3.6.2.Final.jar:/home/ubuntu/PatchedDistro/hadoop-patch/share/hadoop/common/lib/log4j-1.2.17.jar:/home/ubuntu/PatchedDistro/hadoop-patch/share/hadoop/common/lib/jets3t-0.6.1.jar:/home/ubuntu/PatchedDistro/hadoop-patch/share/hadoop/common/hadoop-common-2.2.0.jar:/home/ubuntu/PatchedDistro/hadoop-patch/share/hadoop/common/hadoop-common-2.2.0-tests.jar:/home/ubuntu/PatchedDistro/hadoop-patch/share/hadoop/common/hadoop-nfs-2.2.0.jar:/home/ubuntu/PatchedDistro/hadoop-patch/share/hadoop/hdfs:/home/ubuntu/PatchedDistro/hadoop-patch/share/hadoop/hdfs/lib/commons-daemon-1.0.13.jar:/home/ubuntu/PatchedDistro/hadoop-patch/share/hadoop/hdfs/lib/guava-11.0.2.jar:/home/ubuntu/PatchedDistro/hadoop-patch/share/hadoop/hdfs/lib/jsr305-1.3.9.jar:/home/ubuntu/PatchedDistro/hadoop-patch/share/hadoop/hdfs/lib/jackson-core-asl-1.8.8.jar:/home/ubuntu/PatchedDistro/hadoop-patch/share/hadoop/hdfs/lib/jersey-server-1.9.jar:/home/ubuntu/PatchedDistro/hadoop-patch/share/hadoop/hdfs/lib/jersey-core-1.9.jar:/home/ubuntu/PatchedDistro/hadoop-patch/share/hadoop/hdfs/lib/commons-cli-1.2.jar:/home/ubuntu/PatchedDistro/hadoop-patch/share/hadoop/hdfs/lib/commons-lang-2.5.jar:/home/ubuntu/PatchedDistro/hadoop-patch/share/hadoop/hdfs/lib/jsp-api-2.1.jar:/home/ubuntu/PatchedDistro/hadoop-patch/share/hadoop/hdfs/lib/asm-3.2.jar:/home/ubuntu/PatchedDistro/hadoop-patch/share/hadoop/hdfs/lib/jasper-runtime-5.5.23.jar:/home/ubuntu/PatchedDistro/hadoop-patch/share/hadoop/hdfs/lib/commons-codec-1.4.jar:/home/ubuntu/PatchedDistro/hadoop-patch/share/hadoop/hdfs/lib/commons-el-1.0.jar:/home/ubuntu/PatchedDistro/hadoop-patch/share/hadoop/hdfs/lib/jetty-util-6.1.26.jar:/home/ubuntu/PatchedDistro/hadoop-patch/share/hadoop/hdfs/lib/protobuf-java-2.5.0.jar:/home/ubuntu/PatchedDistro/hadoop-patch/share/hadoop/hdfs/lib/jackson-mapper-asl-1.8.8.jar:/home/ubuntu/PatchedDistro/hadoop-patch/share/hadoop/hdfs/lib/servlet-api-2.5.jar:/home/ubuntu/PatchedDistro/hadoop-patch/share/hadoop/hdfs/lib/xmlenc-0.52.jar:/home/ubuntu/PatchedDistro/hadoop-patch/share/hadoop/hdfs/lib/commons-logging-1.1.1.jar:/home/ubuntu/PatchedDistro/hadoop-patch/share/hadoop/hdfs/lib/jetty-6.1.26.jar:/home/ubuntu/PatchedDistro/hadoop-patch/share/hadoop/hdfs/lib/commons-io-2.1.jar:/home/ubuntu/PatchedDistro/hadoop-patch/share/hadoop/hdfs/lib/netty-3.6.2.Final.jar:/home/ubuntu/PatchedDistro/hadoop-patch/share/hadoop/hdfs/lib/log4j-1.2.17.jar:/home/ubuntu/PatchedDistro/hadoop-patch/share/hadoop/hdfs/hadoop-hdfs-2.2.0-tests.jar:/home/ubuntu/PatchedDistro/hadoop-patch/share/hadoop/hdfs/hadoop-hdfs-2.2.0.jar:/home/ubuntu/PatchedDistro/hadoop-patch/share/hadoop/hdfs/hadoop-hdfs-nfs-2.2.0.jar:/home/ubuntu/PatchedDistro/hadoop-patch/share/hadoop/yarn/lib/hadoop-annotations-2.2.0.jar:/home/ubuntu/PatchedDistro/hadoop-patch/share/hadoop/yarn/lib/jackson-core-asl-1.8.8.jar:/home/ubuntu/PatchedDistro/hadoop-patch/share/hadoop/yarn/lib/guice-servlet-3.0.jar:/home/ubuntu/PatchedDistro/hadoop-patch/share/hadoop/yarn/lib/jersey-server-1.9.jar:/home/ubuntu/PatchedDistro/hadoop-patch/share/hadoop/yarn/lib/jersey-core-1.9.jar:/home/ubuntu/PatchedDistro/hadoop-patch/share/hadoop/yarn/lib/asm-3.2.jar:/home/ubuntu/PatchedDistro/hadoop-patch/share/hadoop/yarn/lib/snappy-java-1.0.4.1.jar:/home/ubuntu/PatchedDistro/hadoop-patch/share/hadoop/yarn/lib/jersey-guice-1.9.jar:/home/ubuntu/PatchedDistro/hadoop-patch/share/hadoop/yarn/lib/paranamer-2.3.jar:/home/ubuntu/PatchedDistro/hadoop-patch/share/hadoop/yarn/lib/commons-compress-1.4.1.jar:/home/ubuntu/PatchedDistro/hadoop-patch/share/hadoop/yarn/lib/protobuf-java-2.5.0.jar:/home/ubuntu/PatchedDistro/hadoop-patch/share/hadoop/yarn/lib/guice-3.0.jar:/home/ubuntu/PatchedDistro/hadoop-patch/share/hadoop/yarn/lib/hamcrest-core-1.1.jar:/home/ubuntu/PatchedDistro/hadoop-patch/share/hadoop/yarn/lib/xz-1.0.jar:/home/ubuntu/PatchedDistro/hadoop-patch/share/hadoop/yarn/lib/jackson-mapper-asl-1.8.8.jar:/home/ubuntu/PatchedDistro/hadoop-patch/share/hadoop/yarn/lib/aopalliance-1.0.jar:/home/ubuntu/PatchedDistro/hadoop-patch/share/hadoop/yarn/lib/junit-4.10.jar:/home/ubuntu/PatchedDistro/hadoop-patch/share/hadoop/yarn/lib/avro-1.7.4.jar:/home/ubuntu/PatchedDistro/hadoop-patch/share/hadoop/yarn/lib/javax.inject-1.jar:/home/ubuntu/PatchedDistro/hadoop-patch/share/hadoop/yarn/lib/commons-io-2.1.jar:/home/ubuntu/PatchedDistro/hadoop-patch/share/hadoop/yarn/lib/netty-3.6.2.Final.jar:/home/ubuntu/PatchedDistro/hadoop-patch/share/hadoop/yarn/lib/log4j-1.2.17.jar:/home/ubuntu/PatchedDistro/hadoop-patch/share/hadoop/yarn/hadoop-yarn-site-2.2.0.jar:/home/ubuntu/PatchedDistro/hadoop-patch/share/hadoop/yarn/hadoop-yarn-server-common-2.2.0.jar:/home/ubuntu/PatchedDistro/hadoop-patch/share/hadoop/yarn/hadoop-yarn-client-2.2.0.jar:/home/ubuntu/PatchedDistro/hadoop-patch/share/hadoop/yarn/hadoop-yarn-server-tests-2.2.0.jar:/home/ubuntu/PatchedDistro/hadoop-patch/share/hadoop/yarn/hadoop-yarn-applications-unmanaged-am-launcher-2.2.0.jar:/home/ubuntu/PatchedDistro/hadoop-patch/share/hadoop/yarn/hadoop-yarn-server-nodemanager-2.2.0.jar:/home/ubuntu/PatchedDistro/hadoop-patch/share/hadoop/yarn/hadoop-yarn-server-resourcemanager-2.2.0.jar:/home/ubuntu/PatchedDistro/hadoop-patch/share/hadoop/yarn/hadoop-yarn-common-2.2.0.jar:/home/ubuntu/PatchedDistro/hadoop-patch/share/hadoop/yarn/hadoop-yarn-api-2.2.0.jar:/home/ubuntu/PatchedDistro/hadoop-patch/share/hadoop/yarn/hadoop-yarn-server-web-proxy-2.2.0.jar:/home/ubuntu/PatchedDistro/hadoop-patch/share/hadoop/yarn/hadoop-yarn-applications-distributedshell-2.2.0.jar:/home/ubuntu/PatchedDistro/hadoop-patch/share/hadoop/mapreduce/lib/hadoop-annotations-2.2.0.jar:/home/ubuntu/PatchedDistro/hadoop-patch/share/hadoop/mapreduce/lib/jackson-core-asl-1.8.8.jar:/home/ubuntu/PatchedDistro/hadoop-patch/share/hadoop/mapreduce/lib/guice-servlet-3.0.jar:/home/ubuntu/PatchedDistro/hadoop-patch/share/hadoop/mapreduce/lib/jersey-server-1.9.jar:/home/ubuntu/PatchedDistro/hadoop-patch/share/hadoop/mapreduce/lib/jersey-core-1.9.jar:/home/ubuntu/PatchedDistro/hadoop-patch/share/hadoop/mapreduce/lib/asm-3.2.jar:/home/ubuntu/PatchedDistro/hadoop-patch/share/hadoop/mapreduce/lib/snappy-java-1.0.4.1.jar:/home/ubuntu/PatchedDistro/hadoop-patch/share/hadoop/mapreduce/lib/jersey-guice-1.9.jar:/home/ubuntu/PatchedDistro/hadoop-patch/share/hadoop/mapreduce/lib/paranamer-2.3.jar:/home/ubuntu/PatchedDistro/hadoop-patch/share/hadoop/mapreduce/lib/commons-compress-1.4.1.jar:/home/ubuntu/PatchedDistro/hadoop-patch/share/hadoop/mapreduce/lib/protobuf-java-2.5.0.jar:/home/ubuntu/PatchedDistro/hadoop-patch/share/hadoop/mapreduce/lib/guice-3.0.jar:/home/ubuntu/PatchedDistro/hadoop-patch/share/hadoop/mapreduce/lib/hamcrest-core-1.1.jar:/home/ubuntu/PatchedDistro/hadoop-patch/share/hadoop/mapreduce/lib/xz-1.0.jar:/home/ubuntu/PatchedDistro/hadoop-patch/share/hadoop/mapreduce/lib/jackson-mapper-asl-1.8.8.jar:/home/ubuntu/PatchedDistro/hadoop-patch/share/hadoop/mapreduce/lib/aopalliance-1.0.jar:/home/ubuntu/PatchedDistro/hadoop-patch/share/hadoop/mapreduce/lib/junit-4.10.jar:/home/ubuntu/PatchedDistro/hadoop-patch/share/hadoop/mapreduce/lib/avro-1.7.4.jar:/home/ubuntu/PatchedDistro/hadoop-patch/share/hadoop/mapreduce/lib/javax.inject-1.jar:/home/ubuntu/PatchedDistro/hadoop-patch/share/hadoop/mapreduce/lib/commons-io-2.1.jar:/home/ubuntu/PatchedDistro/hadoop-patch/share/hadoop/mapreduce/lib/netty-3.6.2.Final.jar:/home/ubuntu/PatchedDistro/hadoop-patch/share/hadoop/mapreduce/lib/log4j-1.2.17.jar:/home/ubuntu/PatchedDistro/hadoop-patch/share/hadoop/mapreduce/hadoop-mapreduce-client-app-2.2.0.jar:/home/ubuntu/PatchedDistro/hadoop-patch/share/hadoop/mapreduce/hadoop-mapreduce-examples-2.2.0.jar:/home/ubuntu/PatchedDistro/hadoop-patch/share/hadoop/mapreduce/hadoop-mapreduce-client-core-2.2.0.jar:/home/ubuntu/PatchedDistro/hadoop-patch/share/hadoop/mapreduce/hadoop-mapreduce-client-shuffle-2.2.0.jar:/home/ubuntu/PatchedDistro/hadoop-patch/share/hadoop/mapreduce/hadoop-mapreduce-client-jobclient-2.2.0.jar:/home/ubuntu/PatchedDistro/hadoop-patch/share/hadoop/mapreduce/hadoop-mapreduce-client-jobclient-2.2.0-tests.jar:/home/ubuntu/PatchedDistro/hadoop-patch/share/hadoop/mapreduce/hadoop-mapreduce-client-hs-2.2.0.jar:/home/ubuntu/PatchedDistro/hadoop-patch/share/hadoop/mapreduce/hadoop-mapreduce-client-common-2.2.0.jar:/home/ubuntu/PatchedDistro/hadoop-patch/share/hadoop/mapreduce/hadoop-mapreduce-client-hs-plugins-2.2.0.jar:/contrib/capacity-scheduler/*.jar:/contrib/capacity-scheduler/*.jar:/contrib/capacity-scheduler/*.jar:/contrib/capacity-scheduler/*.jar:/home/ubuntu/PatchedDistro/hadoop-patch/share/hadoop/yarn/hadoop-yarn-site-2.2.0.jar:/home/ubuntu/PatchedDistro/hadoop-patch/share/hadoop/yarn/hadoop-yarn-server-common-2.2.0.jar:/home/ubuntu/PatchedDistro/hadoop-patch/share/hadoop/yarn/hadoop-yarn-client-2.2.0.jar:/home/ubuntu/PatchedDistro/hadoop-patch/share/hadoop/yarn/hadoop-yarn-server-tests-2.2.0.jar:/home/ubuntu/PatchedDistro/hadoop-patch/share/hadoop/yarn/hadoop-yarn-applications-unmanaged-am-launcher-2.2.0.jar:/home/ubuntu/PatchedDistro/hadoop-patch/share/hadoop/yarn/hadoop-yarn-server-nodemanager-2.2.0.jar:/home/ubuntu/PatchedDistro/hadoop-patch/share/hadoop/yarn/hadoop-yarn-server-resourcemanager-2.2.0.jar:/home/ubuntu/PatchedDistro/hadoop-patch/share/hadoop/yarn/hadoop-yarn-common-2.2.0.jar:/home/ubuntu/PatchedDistro/hadoop-patch/share/hadoop/yarn/hadoop-yarn-api-2.2.0.jar:/home/ubuntu/PatchedDistro/hadoop-patch/share/hadoop/yarn/hadoop-yarn-server-web-proxy-2.2.0.jar:/home/ubuntu/PatchedDistro/hadoop-patch/share/hadoop/yarn/hadoop-yarn-applications-distributedshell-2.2.0.jar:/home/ubuntu/PatchedDistro/hadoop-patch/share/hadoop/yarn/lib/hadoop-annotations-2.2.0.jar:/home/ubuntu/PatchedDistro/hadoop-patch/share/hadoop/yarn/lib/jackson-core-asl-1.8.8.jar:/home/ubuntu/PatchedDistro/hadoop-patch/share/hadoop/yarn/lib/guice-servlet-3.0.jar:/home/ubuntu/PatchedDistro/hadoop-patch/share/hadoop/yarn/lib/jersey-server-1.9.jar:/home/ubuntu/PatchedDistro/hadoop-patch/share/hadoop/yarn/lib/jersey-core-1.9.jar:/home/ubuntu/PatchedDistro/hadoop-patch/share/hadoop/yarn/lib/asm-3.2.jar:/home/ubuntu/PatchedDistro/hadoop-patch/share/hadoop/yarn/lib/snappy-java-1.0.4.1.jar:/home/ubuntu/PatchedDistro/hadoop-patch/share/hadoop/yarn/lib/jersey-guice-1.9.jar:/home/ubuntu/PatchedDistro/hadoop-patch/share/hadoop/yarn/lib/paranamer-2.3.jar:/home/ubuntu/PatchedDistro/hadoop-patch/share/hadoop/yarn/lib/commons-compress-1.4.1.jar:/home/ubuntu/PatchedDistro/hadoop-patch/share/hadoop/yarn/lib/protobuf-java-2.5.0.jar:/home/ubuntu/PatchedDistro/hadoop-patch/share/hadoop/yarn/lib/guice-3.0.jar:/home/ubuntu/PatchedDistro/hadoop-patch/share/hadoop/yarn/lib/hamcrest-core-1.1.jar:/home/ubuntu/PatchedDistro/hadoop-patch/share/hadoop/yarn/lib/xz-1.0.jar:/home/ubuntu/PatchedDistro/hadoop-patch/share/hadoop/yarn/lib/jackson-mapper-asl-1.8.8.jar:/home/ubuntu/PatchedDistro/hadoop-patch/share/hadoop/yarn/lib/aopalliance-1.0.jar:/home/ubuntu/PatchedDistro/hadoop-patch/share/hadoop/yarn/lib/junit-4.10.jar:/home/ubuntu/PatchedDistro/hadoop-patch/share/hadoop/yarn/lib/avro-1.7.4.jar:/home/ubuntu/PatchedDistro/hadoop-patch/share/hadoop/yarn/lib/javax.inject-1.jar:/home/ubuntu/PatchedDistro/hadoop-patch/share/hadoop/yarn/lib/commons-io-2.1.jar:/home/ubuntu/PatchedDistro/hadoop-patch/share/hadoop/yarn/lib/netty-3.6.2.Final.jar:/home/ubuntu/PatchedDistro/hadoop-patch/share/hadoop/yarn/lib/log4j-1.2.17.jar:/home/ubuntu/PatchedDistro/hadoop-patch/etc/hadoop/rm-config/log4j.properties
STARTUP_MSG:   build = Unknown -r Unknown; compiled by 'root' on 2014-05-04T05:58Z
STARTUP_MSG:   java = 1.7.0_51
************************************************************/
2014-05-04 23:57:41,995 INFO org.apache.hadoop.yarn.server.resourcemanager.ResourceManager: registered UNIX signal handlers for [TERM, HUP, INT]
2014-05-04 23:57:42,327 INFO org.apache.hadoop.yarn.server.resourcemanager.security.AMRMTokenSecretManager: Rolling master-key for amrm-tokens
2014-05-04 23:57:42,349 INFO org.apache.hadoop.yarn.server.resourcemanager.security.RMContainerTokenSecretManager: ContainerTokenKeyRollingInterval: 86400000ms and ContainerTokenKeyActivationDelay: 900000ms
2014-05-04 23:57:42,353 INFO org.apache.hadoop.yarn.server.resourcemanager.security.NMTokenSecretManagerInRM: NMTokenKeyRollingInterval: 86400000ms and NMTokenKeyActivationDelay: 900000ms
2014-05-04 23:57:42,361 INFO org.apache.hadoop.yarn.event.AsyncDispatcher: Registering class org.apache.hadoop.yarn.server.resourcemanager.recovery.RMStateStoreEventType for class org.apache.hadoop.yarn.server.resourcemanager.recovery.RMStateStore$ForwardingEventHandler
2014-05-04 23:57:42,728 WARN org.apache.hadoop.util.NativeCodeLoader: Unable to load native-hadoop library for your platform... using builtin-java classes where applicable
2014-05-04 23:57:42,991 INFO org.apache.hadoop.yarn.event.AsyncDispatcher: Registering class org.apache.hadoop.yarn.server.resourcemanager.NodesListManagerEventType for class org.apache.hadoop.yarn.server.resourcemanager.NodesListManager
2014-05-04 23:57:43,161 INFO org.apache.hadoop.yarn.server.resourcemanager.ResourceManager: Using Scheduler: org.apache.hadoop.yarn.server.resourcemanager.scheduler.capacity.CapacityScheduler
2014-05-04 23:57:43,437 INFO org.apache.hadoop.yarn.event.AsyncDispatcher: Registering class org.apache.hadoop.yarn.server.resourcemanager.scheduler.event.SchedulerEventType for class org.apache.hadoop.yarn.server.resourcemanager.ResourceManager$SchedulerEventDispatcher
2014-05-04 23:57:43,438 INFO org.apache.hadoop.yarn.event.AsyncDispatcher: Registering class org.apache.hadoop.yarn.server.resourcemanager.rmapp.RMAppEventType for class org.apache.hadoop.yarn.server.resourcemanager.ResourceManager$ApplicationEventDispatcher
2014-05-04 23:57:43,440 INFO org.apache.hadoop.yarn.event.AsyncDispatcher: Registering class org.apache.hadoop.yarn.server.resourcemanager.rmapp.attempt.RMAppAttemptEventType for class org.apache.hadoop.yarn.server.resourcemanager.ResourceManager$ApplicationAttemptEventDispatcher
2014-05-04 23:57:43,441 INFO org.apache.hadoop.yarn.event.AsyncDispatcher: Registering class org.apache.hadoop.yarn.server.resourcemanager.rmnode.RMNodeEventType for class org.apache.hadoop.yarn.server.resourcemanager.ResourceManager$NodeEventDispatcher
2014-05-04 23:57:43,701 INFO org.apache.hadoop.metrics2.impl.MetricsConfig: loaded properties from hadoop-metrics2.properties
2014-05-04 23:57:43,819 INFO org.apache.hadoop.metrics2.impl.MetricsSystemImpl: Scheduled snapshot period at 10 second(s).
2014-05-04 23:57:43,819 INFO org.apache.hadoop.metrics2.impl.MetricsSystemImpl: ResourceManager metrics system started
2014-05-04 23:57:44,054 INFO org.apache.hadoop.yarn.server.resourcemanager.scheduler.capacity.ParentQueue: root, capacity=1.0, asboluteCapacity=1.0, maxCapacity=1.0, asboluteMaxCapacity=1.0, state=RUNNING, acls=SUBMIT_APPLICATIONS:*ADMINISTER_QUEUE:*
2014-05-04 23:57:44,054 INFO org.apache.hadoop.yarn.server.resourcemanager.scheduler.capacity.ParentQueue: Initialized parent-queue root name=root, fullname=root
2014-05-04 23:57:44,090 INFO org.apache.hadoop.yarn.server.resourcemanager.scheduler.capacity.LeafQueue: Initializing default
capacity = 1.0 [= (float) configuredCapacity / 100 ]
asboluteCapacity = 1.0 [= parentAbsoluteCapacity * capacity ]
maxCapacity = 1.0 [= configuredMaxCapacity ]
absoluteMaxCapacity = 1.0 [= 1.0 maximumCapacity undefined, (parentAbsoluteMaxCapacity * maximumCapacity) / 100 otherwise ]
userLimit = 100 [= configuredUserLimit ]
userLimitFactor = 1.0 [= configuredUserLimitFactor ]
maxApplications = 10000 [= configuredMaximumSystemApplicationsPerQueue or (int)(configuredMaximumSystemApplications * absoluteCapacity)]
maxApplicationsPerUser = 10000 [= (int)(maxApplications * (userLimit / 100.0f) * userLimitFactor) ]
maxActiveApplications = 1 [= max((int)ceil((clusterResourceMemory / minimumAllocation) * maxAMResourcePerQueuePercent * absoluteMaxCapacity),1) ]
maxActiveAppsUsingAbsCap = 1 [= max((int)ceil((clusterResourceMemory / minimumAllocation) *maxAMResourcePercent * absoluteCapacity),1) ]
maxActiveApplicationsPerUser = 1 [= max((int)(maxActiveApplications * (userLimit / 100.0f) * userLimitFactor),1) ]
usedCapacity = 0.0 [= usedResourcesMemory / (clusterResourceMemory * absoluteCapacity)]
absoluteUsedCapacity = 0.0 [= usedResourcesMemory / clusterResourceMemory]
maxAMResourcePerQueuePercent = 0.1 [= configuredMaximumAMResourcePercent ]
minimumAllocationFactor = 0.875 [= (float)(maximumAllocationMemory - minimumAllocationMemory) / maximumAllocationMemory ]
numContainers = 0 [= currentNumContainers ]
state = RUNNING [= configuredState ]
acls = SUBMIT_APPLICATIONS:*ADMINISTER_QUEUE:* [= configuredAcls ]
nodeLocalityDelay = 0

2014-05-04 23:57:44,091 INFO org.apache.hadoop.yarn.server.resourcemanager.scheduler.capacity.CapacityScheduler: Initialized queue: default: capacity=1.0, absoluteCapacity=1.0, usedResources=<memory:0, vCores:0>usedCapacity=0.0, absoluteUsedCapacity=0.0, numApps=0, numContainers=0
2014-05-04 23:57:44,091 INFO org.apache.hadoop.yarn.server.resourcemanager.scheduler.capacity.CapacityScheduler: Initialized queue: root: numChildQueue= 1, capacity=1.0, absoluteCapacity=1.0, usedResources=<memory:0, vCores:0>usedCapacity=0.0, numApps=0, numContainers=0
2014-05-04 23:57:44,091 INFO org.apache.hadoop.yarn.server.resourcemanager.scheduler.capacity.CapacityScheduler: Initialized root queue root: numChildQueue= 1, capacity=1.0, absoluteCapacity=1.0, usedResources=<memory:0, vCores:0>usedCapacity=0.0, numApps=0, numContainers=0
2014-05-04 23:57:44,091 INFO org.apache.hadoop.yarn.server.resourcemanager.scheduler.capacity.CapacityScheduler: Initialized CapacityScheduler with calculator=class org.apache.hadoop.yarn.util.resource.DefaultResourceCalculator, minimumAllocation=<<memory:1024, vCores:1>>, maximumAllocation=<<memory:8192, vCores:32>>
2014-05-04 23:57:44,274 INFO org.apache.hadoop.yarn.event.AsyncDispatcher: Registering class org.apache.hadoop.yarn.server.resourcemanager.RMAppManagerEventType for class org.apache.hadoop.yarn.server.resourcemanager.RMAppManager
2014-05-04 23:57:44,296 INFO org.apache.hadoop.yarn.event.AsyncDispatcher: Registering class org.apache.hadoop.yarn.server.resourcemanager.amlauncher.AMLauncherEventType for class org.apache.hadoop.yarn.server.resourcemanager.amlauncher.ApplicationMasterLauncher
2014-05-04 23:57:44,299 INFO org.apache.hadoop.yarn.server.resourcemanager.RMNMInfo: Registered RMNMInfo MBean
2014-05-04 23:57:44,300 INFO org.apache.hadoop.util.HostsFileReader: Refreshing hosts (include/exclude) list
2014-05-04 23:57:44,308 INFO org.apache.hadoop.yarn.server.resourcemanager.security.AMRMTokenSecretManager: Rolling master-key for amrm-tokens
2014-05-04 23:57:44,308 INFO org.apache.hadoop.yarn.server.resourcemanager.security.RMContainerTokenSecretManager: Rolling master-key for container-tokens
2014-05-04 23:57:44,311 INFO org.apache.hadoop.yarn.server.resourcemanager.security.NMTokenSecretManagerInRM: Rolling master-key for nm-tokens
2014-05-04 23:57:44,405 INFO org.mortbay.log: Logging to org.slf4j.impl.Log4jLoggerAdapter(org.mortbay.log) via org.mortbay.log.Slf4jLog
2014-05-04 23:57:44,466 INFO org.apache.hadoop.http.HttpServer: Added global filter 'safety' (class=org.apache.hadoop.http.HttpServer$QuotingInputFilter)
2014-05-04 23:57:44,469 INFO org.apache.hadoop.http.HttpServer: Added filter static_user_filter (class=org.apache.hadoop.http.lib.StaticUserWebFilter$StaticUserFilter) to context cluster
2014-05-04 23:57:44,469 INFO org.apache.hadoop.http.HttpServer: Added filter static_user_filter (class=org.apache.hadoop.http.lib.StaticUserWebFilter$StaticUserFilter) to context logs
2014-05-04 23:57:44,470 INFO org.apache.hadoop.http.HttpServer: Added filter static_user_filter (class=org.apache.hadoop.http.lib.StaticUserWebFilter$StaticUserFilter) to context static
2014-05-04 23:57:44,475 INFO org.apache.hadoop.http.HttpServer: adding path spec: /cluster/*
2014-05-04 23:57:44,475 INFO org.apache.hadoop.http.HttpServer: adding path spec: /ws/*
2014-05-04 23:57:44,485 INFO org.apache.hadoop.http.HttpServer: Jetty bound to port 8088
2014-05-04 23:57:44,486 INFO org.mortbay.log: jetty-6.1.26
2014-05-04 23:57:44,540 INFO org.mortbay.log: Extract jar:file:/home/ubuntu/PatchedDistro/hadoop-patch/share/hadoop/yarn/hadoop-yarn-common-2.2.0.jar!/webapps/cluster to /tmp/Jetty_ec2.54.186.230.200_us.west.2_compute_amazonaws_com_8088_cluster____.lsgqu1/webapp
2014-05-04 23:57:45,204 INFO org.mortbay.log: Started SelectChannelConnector@ec2-54-186-230-200.us-west-2.compute.amazonaws.com:8088
2014-05-04 23:57:45,205 INFO org.apache.hadoop.yarn.webapp.WebApps: Web app /cluster started at 8088
2014-05-04 23:57:46,165 INFO org.apache.hadoop.yarn.webapp.WebApps: Registered webapp guice modules
2014-05-04 23:57:46,167 INFO org.apache.hadoop.security.token.delegation.AbstractDelegationTokenSecretManager: Updating the current master key for generating delegation tokens
2014-05-04 23:57:46,168 INFO org.apache.hadoop.yarn.server.resourcemanager.security.RMDelegationTokenSecretManager: storing master key with keyID 1
2014-05-04 23:57:46,174 INFO org.apache.hadoop.security.token.delegation.AbstractDelegationTokenSecretManager: Starting expired delegation token remover thread, tokenRemoverScanInterval=60 min(s)
2014-05-04 23:57:46,174 INFO org.apache.hadoop.security.token.delegation.AbstractDelegationTokenSecretManager: Updating the current master key for generating delegation tokens
2014-05-04 23:57:46,174 INFO org.apache.hadoop.yarn.server.resourcemanager.security.RMDelegationTokenSecretManager: storing master key with keyID 2
2014-05-04 23:57:46,254 INFO org.apache.hadoop.ipc.Server: Starting Socket Reader #1 for port 8031
2014-05-04 23:57:46,286 INFO org.apache.hadoop.yarn.factories.impl.pb.RpcServerFactoryPBImpl: Adding protocol org.apache.hadoop.yarn.server.api.ResourceTrackerPB to the server
2014-05-04 23:57:46,290 INFO org.apache.hadoop.ipc.Server: IPC Server Responder: starting
2014-05-04 23:57:46,299 INFO org.apache.hadoop.ipc.Server: IPC Server listener on 8031: starting
2014-05-04 23:57:46,370 INFO org.apache.hadoop.ipc.Server: Starting Socket Reader #1 for port 8030
2014-05-04 23:57:46,466 INFO org.apache.hadoop.yarn.factories.impl.pb.RpcServerFactoryPBImpl: Adding protocol org.apache.hadoop.yarn.api.ApplicationMasterProtocolPB to the server
2014-05-04 23:57:46,470 INFO org.apache.hadoop.ipc.Server: IPC Server Responder: starting
2014-05-04 23:57:46,470 INFO org.apache.hadoop.ipc.Server: IPC Server listener on 8030: starting
2014-05-04 23:57:46,640 INFO org.apache.hadoop.ipc.Server: Starting Socket Reader #1 for port 8032
2014-05-04 23:57:46,644 INFO org.apache.hadoop.yarn.factories.impl.pb.RpcServerFactoryPBImpl: Adding protocol org.apache.hadoop.yarn.api.ApplicationClientProtocolPB to the server
2014-05-04 23:57:46,646 INFO org.apache.hadoop.ipc.Server: IPC Server Responder: starting
2014-05-04 23:57:46,646 INFO org.apache.hadoop.ipc.Server: IPC Server listener on 8032: starting
2014-05-04 23:57:46,770 INFO org.apache.hadoop.ipc.Server: Starting Socket Reader #1 for port 8033
2014-05-04 23:57:46,781 INFO org.apache.hadoop.yarn.factories.impl.pb.RpcServerFactoryPBImpl: Adding protocol org.apache.hadoop.yarn.server.api.ResourceManagerAdministrationProtocolPB to the server
2014-05-04 23:57:46,786 INFO org.apache.hadoop.ipc.Server: IPC Server Responder: starting
2014-05-04 23:57:46,786 INFO org.apache.hadoop.ipc.Server: IPC Server listener on 8033: starting
2014-05-04 23:57:47,233 INFO org.apache.hadoop.yarn.util.RackResolver: Resolved nodeb to /default-rack
2014-05-04 23:57:47,254 INFO org.apache.hadoop.yarn.server.resourcemanager.rmnode.RMNodeImpl: nodeb:56674 Node Transitioned from NEW to RUNNING
2014-05-04 23:57:47,255 INFO org.apache.hadoop.yarn.server.resourcemanager.ResourceTrackerService: NodeManager from node nodeb(cmPort: 56674 httpPort: 8042) registered with capability: <memory:8192, vCores:8>, assigned nodeId nodeb:56674
2014-05-04 23:57:47,257 INFO org.apache.hadoop.yarn.server.resourcemanager.scheduler.capacity.CapacityScheduler: Added node nodeb:56674 clusterResource: <memory:8192, vCores:8>
2014-05-04 23:57:47,271 INFO org.apache.hadoop.yarn.util.RackResolver: Resolved nodec to /default-rack
2014-05-04 23:57:47,271 INFO org.apache.hadoop.yarn.server.resourcemanager.ResourceTrackerService: NodeManager from node nodec(cmPort: 52379 httpPort: 8042) registered with capability: <memory:8192, vCores:8>, assigned nodeId nodec:52379
2014-05-04 23:57:47,274 INFO org.apache.hadoop.yarn.server.resourcemanager.rmnode.RMNodeImpl: nodec:52379 Node Transitioned from NEW to RUNNING
2014-05-04 23:57:47,274 INFO org.apache.hadoop.yarn.server.resourcemanager.scheduler.capacity.CapacityScheduler: Added node nodec:52379 clusterResource: <memory:16384, vCores:16>
2014-05-04 23:57:47,562 INFO org.apache.hadoop.yarn.util.RackResolver: Resolved noded to /default-rack
2014-05-04 23:57:47,563 INFO org.apache.hadoop.yarn.server.resourcemanager.ResourceTrackerService: NodeManager from node noded(cmPort: 51101 httpPort: 8042) registered with capability: <memory:8192, vCores:8>, assigned nodeId noded:51101
2014-05-04 23:57:47,563 INFO org.apache.hadoop.yarn.server.resourcemanager.rmnode.RMNodeImpl: noded:51101 Node Transitioned from NEW to RUNNING
2014-05-04 23:57:47,563 INFO org.apache.hadoop.yarn.server.resourcemanager.scheduler.capacity.CapacityScheduler: Added node noded:51101 clusterResource: <memory:24576, vCores:24>
2014-05-04 23:57:48,771 INFO org.apache.hadoop.yarn.util.RackResolver: Resolved nodea to /default-rack
2014-05-04 23:57:48,772 INFO org.apache.hadoop.yarn.server.resourcemanager.ResourceTrackerService: NodeManager from node nodea(cmPort: 39661 httpPort: 8042) registered with capability: <memory:8192, vCores:8>, assigned nodeId nodea:39661
2014-05-04 23:57:48,772 INFO org.apache.hadoop.yarn.server.resourcemanager.rmnode.RMNodeImpl: nodea:39661 Node Transitioned from NEW to RUNNING
2014-05-04 23:57:48,772 INFO org.apache.hadoop.yarn.server.resourcemanager.scheduler.capacity.CapacityScheduler: Added node nodea:39661 clusterResource: <memory:32768, vCores:32>
2014-05-05 00:01:28,510 ERROR org.apache.hadoop.yarn.server.resourcemanager.ResourceManager: RECEIVED SIGNAL 15: SIGTERM
2014-05-05 00:01:28,516 INFO org.mortbay.log: Stopped SelectChannelConnector@ec2-54-186-230-200.us-west-2.compute.amazonaws.com:8088
2014-05-05 00:01:28,616 ERROR org.apache.hadoop.security.token.delegation.AbstractDelegationTokenSecretManager: InterruptedExcpetion recieved for ExpiredTokenRemover thread java.lang.InterruptedException: sleep interrupted
2014-05-05 00:01:28,617 INFO org.apache.hadoop.metrics2.impl.MetricsSystemImpl: Stopping ResourceManager metrics system...
2014-05-05 00:01:28,618 INFO org.apache.hadoop.metrics2.impl.MetricsSystemImpl: ResourceManager metrics system stopped.
2014-05-05 00:01:28,619 INFO org.apache.hadoop.metrics2.impl.MetricsSystemImpl: ResourceManager metrics system shutdown complete.
2014-05-05 00:01:28,619 WARN org.apache.hadoop.yarn.server.resourcemanager.amlauncher.ApplicationMasterLauncher: org.apache.hadoop.yarn.server.resourcemanager.amlauncher.ApplicationMasterLauncher$LauncherThread interrupted. Returning.
2014-05-05 00:01:28,619 INFO org.apache.hadoop.ipc.Server: Stopping server on 8033
2014-05-05 00:01:28,620 INFO org.apache.hadoop.ipc.Server: Stopping IPC Server listener on 8033
2014-05-05 00:01:28,620 INFO org.apache.hadoop.ipc.Server: Stopping server on 8032
2014-05-05 00:01:28,621 INFO org.apache.hadoop.ipc.Server: Stopping IPC Server Responder
2014-05-05 00:01:28,630 INFO org.apache.hadoop.ipc.Server: Stopping IPC Server listener on 8032
2014-05-05 00:01:28,631 INFO org.apache.hadoop.ipc.Server: Stopping server on 8030
2014-05-05 00:01:28,631 INFO org.apache.hadoop.ipc.Server: Stopping IPC Server Responder
2014-05-05 00:01:28,636 INFO org.apache.hadoop.ipc.Server: Stopping IPC Server listener on 8030
2014-05-05 00:01:28,637 INFO org.apache.hadoop.ipc.Server: Stopping IPC Server Responder
2014-05-05 00:01:28,638 INFO org.apache.hadoop.ipc.Server: Stopping server on 8031
2014-05-05 00:01:28,647 INFO org.apache.hadoop.ipc.Server: Stopping IPC Server listener on 8031
2014-05-05 00:01:28,649 ERROR org.apache.hadoop.yarn.server.resourcemanager.ResourceManager: Returning, interrupted : java.lang.InterruptedException
2014-05-05 00:01:28,649 INFO org.apache.hadoop.yarn.util.AbstractLivelinessMonitor: NMLivelinessMonitor thread interrupted
2014-05-05 00:01:28,649 INFO org.apache.hadoop.ipc.Server: Stopping IPC Server Responder
2014-05-05 00:01:28,649 INFO org.apache.hadoop.yarn.util.AbstractLivelinessMonitor: AMLivelinessMonitor thread interrupted
2014-05-05 00:01:28,650 INFO org.apache.hadoop.yarn.server.resourcemanager.ResourceManager: SHUTDOWN_MSG: 
/************************************************************
SHUTDOWN_MSG: Shutting down ResourceManager at ip-10-0-0-158/10.0.0.158
************************************************************/
2014-05-05 00:01:28,650 INFO org.apache.hadoop.yarn.util.AbstractLivelinessMonitor: AMLivelinessMonitor thread interrupted
2014-05-05 00:01:28,650 INFO org.apache.hadoop.yarn.util.AbstractLivelinessMonitor: org.apache.hadoop.yarn.server.resourcemanager.rmcontainer.ContainerAllocationExpirer thread interrupted
2014-05-05 00:05:14,754 INFO org.apache.hadoop.yarn.server.resourcemanager.ResourceManager: STARTUP_MSG: 
/************************************************************
STARTUP_MSG: Starting ResourceManager
STARTUP_MSG:   host = ip-10-0-0-158/10.0.0.158
STARTUP_MSG:   args = []
STARTUP_MSG:   version = 2.2.0
STARTUP_MSG:   classpath = /home/ubuntu/PatchedDistro/hadoop-patch/etc/hadoop:/home/ubuntu/PatchedDistro/hadoop-patch/etc/hadoop:/home/ubuntu/PatchedDistro/hadoop-patch/etc/hadoop:/home/ubuntu/PatchedDistro/hadoop-patch/share/hadoop/common/lib/commons-net-3.1.jar:/home/ubuntu/PatchedDistro/hadoop-patch/share/hadoop/common/lib/commons-httpclient-3.1.jar:/home/ubuntu/PatchedDistro/hadoop-patch/share/hadoop/common/lib/jersey-json-1.9.jar:/home/ubuntu/PatchedDistro/hadoop-patch/share/hadoop/common/lib/jaxb-impl-2.2.3-1.jar:/home/ubuntu/PatchedDistro/hadoop-patch/share/hadoop/common/lib/commons-digester-1.8.jar:/home/ubuntu/PatchedDistro/hadoop-patch/share/hadoop/common/lib/hadoop-annotations-2.2.0.jar:/home/ubuntu/PatchedDistro/hadoop-patch/share/hadoop/common/lib/guava-11.0.2.jar:/home/ubuntu/PatchedDistro/hadoop-patch/share/hadoop/common/lib/jettison-1.1.jar:/home/ubuntu/PatchedDistro/hadoop-patch/share/hadoop/common/lib/commons-math-2.1.jar:/home/ubuntu/PatchedDistro/hadoop-patch/share/hadoop/common/lib/commons-configuration-1.6.jar:/home/ubuntu/PatchedDistro/hadoop-patch/share/hadoop/common/lib/jsr305-1.3.9.jar:/home/ubuntu/PatchedDistro/hadoop-patch/share/hadoop/common/lib/activation-1.1.jar:/home/ubuntu/PatchedDistro/hadoop-patch/share/hadoop/common/lib/jackson-core-asl-1.8.8.jar:/home/ubuntu/PatchedDistro/hadoop-patch/share/hadoop/common/lib/jackson-xc-1.8.8.jar:/home/ubuntu/PatchedDistro/hadoop-patch/share/hadoop/common/lib/jersey-server-1.9.jar:/home/ubuntu/PatchedDistro/hadoop-patch/share/hadoop/common/lib/slf4j-log4j12-1.7.5.jar:/home/ubuntu/PatchedDistro/hadoop-patch/share/hadoop/common/lib/jersey-core-1.9.jar:/home/ubuntu/PatchedDistro/hadoop-patch/share/hadoop/common/lib/commons-cli-1.2.jar:/home/ubuntu/PatchedDistro/hadoop-patch/share/hadoop/common/lib/commons-lang-2.5.jar:/home/ubuntu/PatchedDistro/hadoop-patch/share/hadoop/common/lib/jsp-api-2.1.jar:/home/ubuntu/PatchedDistro/hadoop-patch/share/hadoop/common/lib/asm-3.2.jar:/home/ubuntu/PatchedDistro/hadoop-patch/share/hadoop/common/lib/snappy-java-1.0.4.1.jar:/home/ubuntu/PatchedDistro/hadoop-patch/share/hadoop/common/lib/zookeeper-3.4.5.jar:/home/ubuntu/PatchedDistro/hadoop-patch/share/hadoop/common/lib/jaxb-api-2.2.2.jar:/home/ubuntu/PatchedDistro/hadoop-patch/share/hadoop/common/lib/slf4j-api-1.7.5.jar:/home/ubuntu/PatchedDistro/hadoop-patch/share/hadoop/common/lib/commons-collections-3.2.1.jar:/home/ubuntu/PatchedDistro/hadoop-patch/share/hadoop/common/lib/jasper-runtime-5.5.23.jar:/home/ubuntu/PatchedDistro/hadoop-patch/share/hadoop/common/lib/jackson-jaxrs-1.8.8.jar:/home/ubuntu/PatchedDistro/hadoop-patch/share/hadoop/common/lib/commons-beanutils-1.7.0.jar:/home/ubuntu/PatchedDistro/hadoop-patch/share/hadoop/common/lib/paranamer-2.3.jar:/home/ubuntu/PatchedDistro/hadoop-patch/share/hadoop/common/lib/junit-4.8.2.jar:/home/ubuntu/PatchedDistro/hadoop-patch/share/hadoop/common/lib/commons-codec-1.4.jar:/home/ubuntu/PatchedDistro/hadoop-patch/share/hadoop/common/lib/commons-el-1.0.jar:/home/ubuntu/PatchedDistro/hadoop-patch/share/hadoop/common/lib/mockito-all-1.8.5.jar:/home/ubuntu/PatchedDistro/hadoop-patch/share/hadoop/common/lib/jetty-util-6.1.26.jar:/home/ubuntu/PatchedDistro/hadoop-patch/share/hadoop/common/lib/commons-beanutils-core-1.8.0.jar:/home/ubuntu/PatchedDistro/hadoop-patch/share/hadoop/common/lib/commons-compress-1.4.1.jar:/home/ubuntu/PatchedDistro/hadoop-patch/share/hadoop/common/lib/jsch-0.1.42.jar:/home/ubuntu/PatchedDistro/hadoop-patch/share/hadoop/common/lib/protobuf-java-2.5.0.jar:/home/ubuntu/PatchedDistro/hadoop-patch/share/hadoop/common/lib/stax-api-1.0.1.jar:/home/ubuntu/PatchedDistro/hadoop-patch/share/hadoop/common/lib/xz-1.0.jar:/home/ubuntu/PatchedDistro/hadoop-patch/share/hadoop/common/lib/jackson-mapper-asl-1.8.8.jar:/home/ubuntu/PatchedDistro/hadoop-patch/share/hadoop/common/lib/jasper-compiler-5.5.23.jar:/home/ubuntu/PatchedDistro/hadoop-patch/share/hadoop/common/lib/servlet-api-2.5.jar:/home/ubuntu/PatchedDistro/hadoop-patch/share/hadoop/common/lib/avro-1.7.4.jar:/home/ubuntu/PatchedDistro/hadoop-patch/share/hadoop/common/lib/xmlenc-0.52.jar:/home/ubuntu/PatchedDistro/hadoop-patch/share/hadoop/common/lib/commons-logging-1.1.1.jar:/home/ubuntu/PatchedDistro/hadoop-patch/share/hadoop/common/lib/jetty-6.1.26.jar:/home/ubuntu/PatchedDistro/hadoop-patch/share/hadoop/common/lib/hadoop-auth-2.2.0.jar:/home/ubuntu/PatchedDistro/hadoop-patch/share/hadoop/common/lib/commons-io-2.1.jar:/home/ubuntu/PatchedDistro/hadoop-patch/share/hadoop/common/lib/netty-3.6.2.Final.jar:/home/ubuntu/PatchedDistro/hadoop-patch/share/hadoop/common/lib/log4j-1.2.17.jar:/home/ubuntu/PatchedDistro/hadoop-patch/share/hadoop/common/lib/jets3t-0.6.1.jar:/home/ubuntu/PatchedDistro/hadoop-patch/share/hadoop/common/hadoop-common-2.2.0.jar:/home/ubuntu/PatchedDistro/hadoop-patch/share/hadoop/common/hadoop-common-2.2.0-tests.jar:/home/ubuntu/PatchedDistro/hadoop-patch/share/hadoop/common/hadoop-nfs-2.2.0.jar:/home/ubuntu/PatchedDistro/hadoop-patch/share/hadoop/hdfs:/home/ubuntu/PatchedDistro/hadoop-patch/share/hadoop/hdfs/lib/commons-daemon-1.0.13.jar:/home/ubuntu/PatchedDistro/hadoop-patch/share/hadoop/hdfs/lib/guava-11.0.2.jar:/home/ubuntu/PatchedDistro/hadoop-patch/share/hadoop/hdfs/lib/jsr305-1.3.9.jar:/home/ubuntu/PatchedDistro/hadoop-patch/share/hadoop/hdfs/lib/jackson-core-asl-1.8.8.jar:/home/ubuntu/PatchedDistro/hadoop-patch/share/hadoop/hdfs/lib/jersey-server-1.9.jar:/home/ubuntu/PatchedDistro/hadoop-patch/share/hadoop/hdfs/lib/jersey-core-1.9.jar:/home/ubuntu/PatchedDistro/hadoop-patch/share/hadoop/hdfs/lib/commons-cli-1.2.jar:/home/ubuntu/PatchedDistro/hadoop-patch/share/hadoop/hdfs/lib/commons-lang-2.5.jar:/home/ubuntu/PatchedDistro/hadoop-patch/share/hadoop/hdfs/lib/jsp-api-2.1.jar:/home/ubuntu/PatchedDistro/hadoop-patch/share/hadoop/hdfs/lib/asm-3.2.jar:/home/ubuntu/PatchedDistro/hadoop-patch/share/hadoop/hdfs/lib/jasper-runtime-5.5.23.jar:/home/ubuntu/PatchedDistro/hadoop-patch/share/hadoop/hdfs/lib/commons-codec-1.4.jar:/home/ubuntu/PatchedDistro/hadoop-patch/share/hadoop/hdfs/lib/commons-el-1.0.jar:/home/ubuntu/PatchedDistro/hadoop-patch/share/hadoop/hdfs/lib/jetty-util-6.1.26.jar:/home/ubuntu/PatchedDistro/hadoop-patch/share/hadoop/hdfs/lib/protobuf-java-2.5.0.jar:/home/ubuntu/PatchedDistro/hadoop-patch/share/hadoop/hdfs/lib/jackson-mapper-asl-1.8.8.jar:/home/ubuntu/PatchedDistro/hadoop-patch/share/hadoop/hdfs/lib/servlet-api-2.5.jar:/home/ubuntu/PatchedDistro/hadoop-patch/share/hadoop/hdfs/lib/xmlenc-0.52.jar:/home/ubuntu/PatchedDistro/hadoop-patch/share/hadoop/hdfs/lib/commons-logging-1.1.1.jar:/home/ubuntu/PatchedDistro/hadoop-patch/share/hadoop/hdfs/lib/jetty-6.1.26.jar:/home/ubuntu/PatchedDistro/hadoop-patch/share/hadoop/hdfs/lib/commons-io-2.1.jar:/home/ubuntu/PatchedDistro/hadoop-patch/share/hadoop/hdfs/lib/netty-3.6.2.Final.jar:/home/ubuntu/PatchedDistro/hadoop-patch/share/hadoop/hdfs/lib/log4j-1.2.17.jar:/home/ubuntu/PatchedDistro/hadoop-patch/share/hadoop/hdfs/hadoop-hdfs-2.2.0-tests.jar:/home/ubuntu/PatchedDistro/hadoop-patch/share/hadoop/hdfs/hadoop-hdfs-2.2.0.jar:/home/ubuntu/PatchedDistro/hadoop-patch/share/hadoop/hdfs/hadoop-hdfs-nfs-2.2.0.jar:/home/ubuntu/PatchedDistro/hadoop-patch/share/hadoop/yarn/lib/hadoop-annotations-2.2.0.jar:/home/ubuntu/PatchedDistro/hadoop-patch/share/hadoop/yarn/lib/jackson-core-asl-1.8.8.jar:/home/ubuntu/PatchedDistro/hadoop-patch/share/hadoop/yarn/lib/guice-servlet-3.0.jar:/home/ubuntu/PatchedDistro/hadoop-patch/share/hadoop/yarn/lib/jersey-server-1.9.jar:/home/ubuntu/PatchedDistro/hadoop-patch/share/hadoop/yarn/lib/jersey-core-1.9.jar:/home/ubuntu/PatchedDistro/hadoop-patch/share/hadoop/yarn/lib/asm-3.2.jar:/home/ubuntu/PatchedDistro/hadoop-patch/share/hadoop/yarn/lib/snappy-java-1.0.4.1.jar:/home/ubuntu/PatchedDistro/hadoop-patch/share/hadoop/yarn/lib/jersey-guice-1.9.jar:/home/ubuntu/PatchedDistro/hadoop-patch/share/hadoop/yarn/lib/paranamer-2.3.jar:/home/ubuntu/PatchedDistro/hadoop-patch/share/hadoop/yarn/lib/commons-compress-1.4.1.jar:/home/ubuntu/PatchedDistro/hadoop-patch/share/hadoop/yarn/lib/protobuf-java-2.5.0.jar:/home/ubuntu/PatchedDistro/hadoop-patch/share/hadoop/yarn/lib/guice-3.0.jar:/home/ubuntu/PatchedDistro/hadoop-patch/share/hadoop/yarn/lib/hamcrest-core-1.1.jar:/home/ubuntu/PatchedDistro/hadoop-patch/share/hadoop/yarn/lib/xz-1.0.jar:/home/ubuntu/PatchedDistro/hadoop-patch/share/hadoop/yarn/lib/jackson-mapper-asl-1.8.8.jar:/home/ubuntu/PatchedDistro/hadoop-patch/share/hadoop/yarn/lib/aopalliance-1.0.jar:/home/ubuntu/PatchedDistro/hadoop-patch/share/hadoop/yarn/lib/junit-4.10.jar:/home/ubuntu/PatchedDistro/hadoop-patch/share/hadoop/yarn/lib/avro-1.7.4.jar:/home/ubuntu/PatchedDistro/hadoop-patch/share/hadoop/yarn/lib/javax.inject-1.jar:/home/ubuntu/PatchedDistro/hadoop-patch/share/hadoop/yarn/lib/commons-io-2.1.jar:/home/ubuntu/PatchedDistro/hadoop-patch/share/hadoop/yarn/lib/netty-3.6.2.Final.jar:/home/ubuntu/PatchedDistro/hadoop-patch/share/hadoop/yarn/lib/log4j-1.2.17.jar:/home/ubuntu/PatchedDistro/hadoop-patch/share/hadoop/yarn/hadoop-yarn-site-2.2.0.jar:/home/ubuntu/PatchedDistro/hadoop-patch/share/hadoop/yarn/hadoop-yarn-server-common-2.2.0.jar:/home/ubuntu/PatchedDistro/hadoop-patch/share/hadoop/yarn/hadoop-yarn-client-2.2.0.jar:/home/ubuntu/PatchedDistro/hadoop-patch/share/hadoop/yarn/hadoop-yarn-server-tests-2.2.0.jar:/home/ubuntu/PatchedDistro/hadoop-patch/share/hadoop/yarn/hadoop-yarn-applications-unmanaged-am-launcher-2.2.0.jar:/home/ubuntu/PatchedDistro/hadoop-patch/share/hadoop/yarn/hadoop-yarn-server-nodemanager-2.2.0.jar:/home/ubuntu/PatchedDistro/hadoop-patch/share/hadoop/yarn/hadoop-yarn-server-resourcemanager-2.2.0.jar:/home/ubuntu/PatchedDistro/hadoop-patch/share/hadoop/yarn/hadoop-yarn-common-2.2.0.jar:/home/ubuntu/PatchedDistro/hadoop-patch/share/hadoop/yarn/hadoop-yarn-api-2.2.0.jar:/home/ubuntu/PatchedDistro/hadoop-patch/share/hadoop/yarn/hadoop-yarn-server-web-proxy-2.2.0.jar:/home/ubuntu/PatchedDistro/hadoop-patch/share/hadoop/yarn/hadoop-yarn-applications-distributedshell-2.2.0.jar:/home/ubuntu/PatchedDistro/hadoop-patch/share/hadoop/mapreduce/lib/hadoop-annotations-2.2.0.jar:/home/ubuntu/PatchedDistro/hadoop-patch/share/hadoop/mapreduce/lib/jackson-core-asl-1.8.8.jar:/home/ubuntu/PatchedDistro/hadoop-patch/share/hadoop/mapreduce/lib/guice-servlet-3.0.jar:/home/ubuntu/PatchedDistro/hadoop-patch/share/hadoop/mapreduce/lib/jersey-server-1.9.jar:/home/ubuntu/PatchedDistro/hadoop-patch/share/hadoop/mapreduce/lib/jersey-core-1.9.jar:/home/ubuntu/PatchedDistro/hadoop-patch/share/hadoop/mapreduce/lib/asm-3.2.jar:/home/ubuntu/PatchedDistro/hadoop-patch/share/hadoop/mapreduce/lib/snappy-java-1.0.4.1.jar:/home/ubuntu/PatchedDistro/hadoop-patch/share/hadoop/mapreduce/lib/jersey-guice-1.9.jar:/home/ubuntu/PatchedDistro/hadoop-patch/share/hadoop/mapreduce/lib/paranamer-2.3.jar:/home/ubuntu/PatchedDistro/hadoop-patch/share/hadoop/mapreduce/lib/commons-compress-1.4.1.jar:/home/ubuntu/PatchedDistro/hadoop-patch/share/hadoop/mapreduce/lib/protobuf-java-2.5.0.jar:/home/ubuntu/PatchedDistro/hadoop-patch/share/hadoop/mapreduce/lib/guice-3.0.jar:/home/ubuntu/PatchedDistro/hadoop-patch/share/hadoop/mapreduce/lib/hamcrest-core-1.1.jar:/home/ubuntu/PatchedDistro/hadoop-patch/share/hadoop/mapreduce/lib/xz-1.0.jar:/home/ubuntu/PatchedDistro/hadoop-patch/share/hadoop/mapreduce/lib/jackson-mapper-asl-1.8.8.jar:/home/ubuntu/PatchedDistro/hadoop-patch/share/hadoop/mapreduce/lib/aopalliance-1.0.jar:/home/ubuntu/PatchedDistro/hadoop-patch/share/hadoop/mapreduce/lib/junit-4.10.jar:/home/ubuntu/PatchedDistro/hadoop-patch/share/hadoop/mapreduce/lib/avro-1.7.4.jar:/home/ubuntu/PatchedDistro/hadoop-patch/share/hadoop/mapreduce/lib/javax.inject-1.jar:/home/ubuntu/PatchedDistro/hadoop-patch/share/hadoop/mapreduce/lib/commons-io-2.1.jar:/home/ubuntu/PatchedDistro/hadoop-patch/share/hadoop/mapreduce/lib/netty-3.6.2.Final.jar:/home/ubuntu/PatchedDistro/hadoop-patch/share/hadoop/mapreduce/lib/log4j-1.2.17.jar:/home/ubuntu/PatchedDistro/hadoop-patch/share/hadoop/mapreduce/hadoop-mapreduce-client-app-2.2.0.jar:/home/ubuntu/PatchedDistro/hadoop-patch/share/hadoop/mapreduce/hadoop-mapreduce-examples-2.2.0.jar:/home/ubuntu/PatchedDistro/hadoop-patch/share/hadoop/mapreduce/hadoop-mapreduce-client-core-2.2.0.jar:/home/ubuntu/PatchedDistro/hadoop-patch/share/hadoop/mapreduce/hadoop-mapreduce-client-shuffle-2.2.0.jar:/home/ubuntu/PatchedDistro/hadoop-patch/share/hadoop/mapreduce/hadoop-mapreduce-client-jobclient-2.2.0.jar:/home/ubuntu/PatchedDistro/hadoop-patch/share/hadoop/mapreduce/hadoop-mapreduce-client-jobclient-2.2.0-tests.jar:/home/ubuntu/PatchedDistro/hadoop-patch/share/hadoop/mapreduce/hadoop-mapreduce-client-hs-2.2.0.jar:/home/ubuntu/PatchedDistro/hadoop-patch/share/hadoop/mapreduce/hadoop-mapreduce-client-common-2.2.0.jar:/home/ubuntu/PatchedDistro/hadoop-patch/share/hadoop/mapreduce/hadoop-mapreduce-client-hs-plugins-2.2.0.jar:/contrib/capacity-scheduler/*.jar:/contrib/capacity-scheduler/*.jar:/contrib/capacity-scheduler/*.jar:/contrib/capacity-scheduler/*.jar:/home/ubuntu/PatchedDistro/hadoop-patch/share/hadoop/yarn/hadoop-yarn-site-2.2.0.jar:/home/ubuntu/PatchedDistro/hadoop-patch/share/hadoop/yarn/hadoop-yarn-server-common-2.2.0.jar:/home/ubuntu/PatchedDistro/hadoop-patch/share/hadoop/yarn/hadoop-yarn-client-2.2.0.jar:/home/ubuntu/PatchedDistro/hadoop-patch/share/hadoop/yarn/hadoop-yarn-server-tests-2.2.0.jar:/home/ubuntu/PatchedDistro/hadoop-patch/share/hadoop/yarn/hadoop-yarn-applications-unmanaged-am-launcher-2.2.0.jar:/home/ubuntu/PatchedDistro/hadoop-patch/share/hadoop/yarn/hadoop-yarn-server-nodemanager-2.2.0.jar:/home/ubuntu/PatchedDistro/hadoop-patch/share/hadoop/yarn/hadoop-yarn-server-resourcemanager-2.2.0.jar:/home/ubuntu/PatchedDistro/hadoop-patch/share/hadoop/yarn/hadoop-yarn-common-2.2.0.jar:/home/ubuntu/PatchedDistro/hadoop-patch/share/hadoop/yarn/hadoop-yarn-api-2.2.0.jar:/home/ubuntu/PatchedDistro/hadoop-patch/share/hadoop/yarn/hadoop-yarn-server-web-proxy-2.2.0.jar:/home/ubuntu/PatchedDistro/hadoop-patch/share/hadoop/yarn/hadoop-yarn-applications-distributedshell-2.2.0.jar:/home/ubuntu/PatchedDistro/hadoop-patch/share/hadoop/yarn/lib/hadoop-annotations-2.2.0.jar:/home/ubuntu/PatchedDistro/hadoop-patch/share/hadoop/yarn/lib/jackson-core-asl-1.8.8.jar:/home/ubuntu/PatchedDistro/hadoop-patch/share/hadoop/yarn/lib/guice-servlet-3.0.jar:/home/ubuntu/PatchedDistro/hadoop-patch/share/hadoop/yarn/lib/jersey-server-1.9.jar:/home/ubuntu/PatchedDistro/hadoop-patch/share/hadoop/yarn/lib/jersey-core-1.9.jar:/home/ubuntu/PatchedDistro/hadoop-patch/share/hadoop/yarn/lib/asm-3.2.jar:/home/ubuntu/PatchedDistro/hadoop-patch/share/hadoop/yarn/lib/snappy-java-1.0.4.1.jar:/home/ubuntu/PatchedDistro/hadoop-patch/share/hadoop/yarn/lib/jersey-guice-1.9.jar:/home/ubuntu/PatchedDistro/hadoop-patch/share/hadoop/yarn/lib/paranamer-2.3.jar:/home/ubuntu/PatchedDistro/hadoop-patch/share/hadoop/yarn/lib/commons-compress-1.4.1.jar:/home/ubuntu/PatchedDistro/hadoop-patch/share/hadoop/yarn/lib/protobuf-java-2.5.0.jar:/home/ubuntu/PatchedDistro/hadoop-patch/share/hadoop/yarn/lib/guice-3.0.jar:/home/ubuntu/PatchedDistro/hadoop-patch/share/hadoop/yarn/lib/hamcrest-core-1.1.jar:/home/ubuntu/PatchedDistro/hadoop-patch/share/hadoop/yarn/lib/xz-1.0.jar:/home/ubuntu/PatchedDistro/hadoop-patch/share/hadoop/yarn/lib/jackson-mapper-asl-1.8.8.jar:/home/ubuntu/PatchedDistro/hadoop-patch/share/hadoop/yarn/lib/aopalliance-1.0.jar:/home/ubuntu/PatchedDistro/hadoop-patch/share/hadoop/yarn/lib/junit-4.10.jar:/home/ubuntu/PatchedDistro/hadoop-patch/share/hadoop/yarn/lib/avro-1.7.4.jar:/home/ubuntu/PatchedDistro/hadoop-patch/share/hadoop/yarn/lib/javax.inject-1.jar:/home/ubuntu/PatchedDistro/hadoop-patch/share/hadoop/yarn/lib/commons-io-2.1.jar:/home/ubuntu/PatchedDistro/hadoop-patch/share/hadoop/yarn/lib/netty-3.6.2.Final.jar:/home/ubuntu/PatchedDistro/hadoop-patch/share/hadoop/yarn/lib/log4j-1.2.17.jar:/home/ubuntu/PatchedDistro/hadoop-patch/etc/hadoop/rm-config/log4j.properties
STARTUP_MSG:   build = Unknown -r Unknown; compiled by 'root' on 2014-05-04T05:58Z
STARTUP_MSG:   java = 1.7.0_51
************************************************************/
2014-05-05 00:05:14,762 INFO org.apache.hadoop.yarn.server.resourcemanager.ResourceManager: registered UNIX signal handlers for [TERM, HUP, INT]
2014-05-05 00:05:15,091 INFO org.apache.hadoop.yarn.server.resourcemanager.security.AMRMTokenSecretManager: Rolling master-key for amrm-tokens
2014-05-05 00:05:15,106 INFO org.apache.hadoop.yarn.server.resourcemanager.security.RMContainerTokenSecretManager: ContainerTokenKeyRollingInterval: 86400000ms and ContainerTokenKeyActivationDelay: 900000ms
2014-05-05 00:05:15,109 INFO org.apache.hadoop.yarn.server.resourcemanager.security.NMTokenSecretManagerInRM: NMTokenKeyRollingInterval: 86400000ms and NMTokenKeyActivationDelay: 900000ms
2014-05-05 00:05:15,117 INFO org.apache.hadoop.yarn.event.AsyncDispatcher: Registering class org.apache.hadoop.yarn.server.resourcemanager.recovery.RMStateStoreEventType for class org.apache.hadoop.yarn.server.resourcemanager.recovery.RMStateStore$ForwardingEventHandler
2014-05-05 00:05:15,470 WARN org.apache.hadoop.util.NativeCodeLoader: Unable to load native-hadoop library for your platform... using builtin-java classes where applicable
2014-05-05 00:05:15,765 INFO org.apache.hadoop.yarn.event.AsyncDispatcher: Registering class org.apache.hadoop.yarn.server.resourcemanager.NodesListManagerEventType for class org.apache.hadoop.yarn.server.resourcemanager.NodesListManager
2014-05-05 00:05:15,975 INFO org.apache.hadoop.yarn.server.resourcemanager.ResourceManager: Using Scheduler: org.apache.hadoop.yarn.server.resourcemanager.scheduler.capacity.CapacityScheduler
2014-05-05 00:05:16,276 INFO org.apache.hadoop.yarn.event.AsyncDispatcher: Registering class org.apache.hadoop.yarn.server.resourcemanager.scheduler.event.SchedulerEventType for class org.apache.hadoop.yarn.server.resourcemanager.ResourceManager$SchedulerEventDispatcher
2014-05-05 00:05:16,282 INFO org.apache.hadoop.yarn.event.AsyncDispatcher: Registering class org.apache.hadoop.yarn.server.resourcemanager.rmapp.RMAppEventType for class org.apache.hadoop.yarn.server.resourcemanager.ResourceManager$ApplicationEventDispatcher
2014-05-05 00:05:16,284 INFO org.apache.hadoop.yarn.event.AsyncDispatcher: Registering class org.apache.hadoop.yarn.server.resourcemanager.rmapp.attempt.RMAppAttemptEventType for class org.apache.hadoop.yarn.server.resourcemanager.ResourceManager$ApplicationAttemptEventDispatcher
2014-05-05 00:05:16,285 INFO org.apache.hadoop.yarn.event.AsyncDispatcher: Registering class org.apache.hadoop.yarn.server.resourcemanager.rmnode.RMNodeEventType for class org.apache.hadoop.yarn.server.resourcemanager.ResourceManager$NodeEventDispatcher
2014-05-05 00:05:16,523 INFO org.apache.hadoop.metrics2.impl.MetricsConfig: loaded properties from hadoop-metrics2.properties
2014-05-05 00:05:16,653 INFO org.apache.hadoop.metrics2.impl.MetricsSystemImpl: Scheduled snapshot period at 10 second(s).
2014-05-05 00:05:16,653 INFO org.apache.hadoop.metrics2.impl.MetricsSystemImpl: ResourceManager metrics system started
2014-05-05 00:05:16,887 INFO org.apache.hadoop.yarn.server.resourcemanager.scheduler.capacity.ParentQueue: root, capacity=1.0, asboluteCapacity=1.0, maxCapacity=1.0, asboluteMaxCapacity=1.0, state=RUNNING, acls=SUBMIT_APPLICATIONS:*ADMINISTER_QUEUE:*
2014-05-05 00:05:16,887 INFO org.apache.hadoop.yarn.server.resourcemanager.scheduler.capacity.ParentQueue: Initialized parent-queue root name=root, fullname=root
2014-05-05 00:05:16,947 INFO org.apache.hadoop.yarn.server.resourcemanager.scheduler.capacity.LeafQueue: Initializing default
capacity = 1.0 [= (float) configuredCapacity / 100 ]
asboluteCapacity = 1.0 [= parentAbsoluteCapacity * capacity ]
maxCapacity = 1.0 [= configuredMaxCapacity ]
absoluteMaxCapacity = 1.0 [= 1.0 maximumCapacity undefined, (parentAbsoluteMaxCapacity * maximumCapacity) / 100 otherwise ]
userLimit = 100 [= configuredUserLimit ]
userLimitFactor = 1.0 [= configuredUserLimitFactor ]
maxApplications = 10000 [= configuredMaximumSystemApplicationsPerQueue or (int)(configuredMaximumSystemApplications * absoluteCapacity)]
maxApplicationsPerUser = 10000 [= (int)(maxApplications * (userLimit / 100.0f) * userLimitFactor) ]
maxActiveApplications = 1 [= max((int)ceil((clusterResourceMemory / minimumAllocation) * maxAMResourcePerQueuePercent * absoluteMaxCapacity),1) ]
maxActiveAppsUsingAbsCap = 1 [= max((int)ceil((clusterResourceMemory / minimumAllocation) *maxAMResourcePercent * absoluteCapacity),1) ]
maxActiveApplicationsPerUser = 1 [= max((int)(maxActiveApplications * (userLimit / 100.0f) * userLimitFactor),1) ]
usedCapacity = 0.0 [= usedResourcesMemory / (clusterResourceMemory * absoluteCapacity)]
absoluteUsedCapacity = 0.0 [= usedResourcesMemory / clusterResourceMemory]
maxAMResourcePerQueuePercent = 0.1 [= configuredMaximumAMResourcePercent ]
minimumAllocationFactor = 0.875 [= (float)(maximumAllocationMemory - minimumAllocationMemory) / maximumAllocationMemory ]
numContainers = 0 [= currentNumContainers ]
state = RUNNING [= configuredState ]
acls = SUBMIT_APPLICATIONS:*ADMINISTER_QUEUE:* [= configuredAcls ]
nodeLocalityDelay = 0

2014-05-05 00:05:16,947 INFO org.apache.hadoop.yarn.server.resourcemanager.scheduler.capacity.CapacityScheduler: Initialized queue: default: capacity=1.0, absoluteCapacity=1.0, usedResources=<memory:0, vCores:0>usedCapacity=0.0, absoluteUsedCapacity=0.0, numApps=0, numContainers=0
2014-05-05 00:05:16,947 INFO org.apache.hadoop.yarn.server.resourcemanager.scheduler.capacity.CapacityScheduler: Initialized queue: root: numChildQueue= 1, capacity=1.0, absoluteCapacity=1.0, usedResources=<memory:0, vCores:0>usedCapacity=0.0, numApps=0, numContainers=0
2014-05-05 00:05:16,947 INFO org.apache.hadoop.yarn.server.resourcemanager.scheduler.capacity.CapacityScheduler: Initialized root queue root: numChildQueue= 1, capacity=1.0, absoluteCapacity=1.0, usedResources=<memory:0, vCores:0>usedCapacity=0.0, numApps=0, numContainers=0
2014-05-05 00:05:16,947 INFO org.apache.hadoop.yarn.server.resourcemanager.scheduler.capacity.CapacityScheduler: Initialized CapacityScheduler with calculator=class org.apache.hadoop.yarn.util.resource.DefaultResourceCalculator, minimumAllocation=<<memory:1024, vCores:1>>, maximumAllocation=<<memory:8192, vCores:32>>
2014-05-05 00:05:17,124 INFO org.apache.hadoop.yarn.event.AsyncDispatcher: Registering class org.apache.hadoop.yarn.server.resourcemanager.RMAppManagerEventType for class org.apache.hadoop.yarn.server.resourcemanager.RMAppManager
2014-05-05 00:05:17,156 INFO org.apache.hadoop.yarn.event.AsyncDispatcher: Registering class org.apache.hadoop.yarn.server.resourcemanager.amlauncher.AMLauncherEventType for class org.apache.hadoop.yarn.server.resourcemanager.amlauncher.ApplicationMasterLauncher
2014-05-05 00:05:17,159 INFO org.apache.hadoop.yarn.server.resourcemanager.RMNMInfo: Registered RMNMInfo MBean
2014-05-05 00:05:17,160 INFO org.apache.hadoop.util.HostsFileReader: Refreshing hosts (include/exclude) list
2014-05-05 00:05:17,172 INFO org.apache.hadoop.yarn.server.resourcemanager.security.AMRMTokenSecretManager: Rolling master-key for amrm-tokens
2014-05-05 00:05:17,172 INFO org.apache.hadoop.yarn.server.resourcemanager.security.RMContainerTokenSecretManager: Rolling master-key for container-tokens
2014-05-05 00:05:17,177 INFO org.apache.hadoop.yarn.server.resourcemanager.security.NMTokenSecretManagerInRM: Rolling master-key for nm-tokens
2014-05-05 00:05:17,272 INFO org.mortbay.log: Logging to org.slf4j.impl.Log4jLoggerAdapter(org.mortbay.log) via org.mortbay.log.Slf4jLog
2014-05-05 00:05:17,343 INFO org.apache.hadoop.http.HttpServer: Added global filter 'safety' (class=org.apache.hadoop.http.HttpServer$QuotingInputFilter)
2014-05-05 00:05:17,345 INFO org.apache.hadoop.http.HttpServer: Added filter static_user_filter (class=org.apache.hadoop.http.lib.StaticUserWebFilter$StaticUserFilter) to context cluster
2014-05-05 00:05:17,346 INFO org.apache.hadoop.http.HttpServer: Added filter static_user_filter (class=org.apache.hadoop.http.lib.StaticUserWebFilter$StaticUserFilter) to context static
2014-05-05 00:05:17,346 INFO org.apache.hadoop.http.HttpServer: Added filter static_user_filter (class=org.apache.hadoop.http.lib.StaticUserWebFilter$StaticUserFilter) to context logs
2014-05-05 00:05:17,353 INFO org.apache.hadoop.http.HttpServer: adding path spec: /cluster/*
2014-05-05 00:05:17,353 INFO org.apache.hadoop.http.HttpServer: adding path spec: /ws/*
2014-05-05 00:05:17,363 INFO org.apache.hadoop.http.HttpServer: Jetty bound to port 8088
2014-05-05 00:05:17,363 INFO org.mortbay.log: jetty-6.1.26
2014-05-05 00:05:17,424 INFO org.mortbay.log: Extract jar:file:/home/ubuntu/PatchedDistro/hadoop-patch/share/hadoop/yarn/hadoop-yarn-common-2.2.0.jar!/webapps/cluster to /tmp/Jetty_ec2.54.186.230.200_us.west.2_compute_amazonaws_com_8088_cluster____.lsgqu1/webapp
2014-05-05 00:05:18,049 INFO org.mortbay.log: Started SelectChannelConnector@ec2-54-186-230-200.us-west-2.compute.amazonaws.com:8088
2014-05-05 00:05:18,049 INFO org.apache.hadoop.yarn.webapp.WebApps: Web app /cluster started at 8088
2014-05-05 00:05:19,048 INFO org.apache.hadoop.yarn.webapp.WebApps: Registered webapp guice modules
2014-05-05 00:05:19,049 INFO org.apache.hadoop.security.token.delegation.AbstractDelegationTokenSecretManager: Updating the current master key for generating delegation tokens
2014-05-05 00:05:19,050 INFO org.apache.hadoop.yarn.server.resourcemanager.security.RMDelegationTokenSecretManager: storing master key with keyID 1
2014-05-05 00:05:19,052 INFO org.apache.hadoop.security.token.delegation.AbstractDelegationTokenSecretManager: Starting expired delegation token remover thread, tokenRemoverScanInterval=60 min(s)
2014-05-05 00:05:19,052 INFO org.apache.hadoop.security.token.delegation.AbstractDelegationTokenSecretManager: Updating the current master key for generating delegation tokens
2014-05-05 00:05:19,052 INFO org.apache.hadoop.yarn.server.resourcemanager.security.RMDelegationTokenSecretManager: storing master key with keyID 2
2014-05-05 00:05:19,105 INFO org.apache.hadoop.ipc.Server: Starting Socket Reader #1 for port 8031
2014-05-05 00:05:19,126 INFO org.apache.hadoop.yarn.factories.impl.pb.RpcServerFactoryPBImpl: Adding protocol org.apache.hadoop.yarn.server.api.ResourceTrackerPB to the server
2014-05-05 00:05:19,126 INFO org.apache.hadoop.ipc.Server: IPC Server Responder: starting
2014-05-05 00:05:19,128 INFO org.apache.hadoop.ipc.Server: IPC Server listener on 8031: starting
2014-05-05 00:05:19,194 INFO org.apache.hadoop.ipc.Server: Starting Socket Reader #1 for port 8030
2014-05-05 00:05:19,242 INFO org.apache.hadoop.yarn.factories.impl.pb.RpcServerFactoryPBImpl: Adding protocol org.apache.hadoop.yarn.api.ApplicationMasterProtocolPB to the server
2014-05-05 00:05:19,242 INFO org.apache.hadoop.ipc.Server: IPC Server Responder: starting
2014-05-05 00:05:19,243 INFO org.apache.hadoop.ipc.Server: IPC Server listener on 8030: starting
2014-05-05 00:05:19,347 INFO org.apache.hadoop.yarn.factories.impl.pb.RpcServerFactoryPBImpl: Adding protocol org.apache.hadoop.yarn.api.ApplicationClientProtocolPB to the server
2014-05-05 00:05:19,347 INFO org.apache.hadoop.ipc.Server: Starting Socket Reader #1 for port 8032
2014-05-05 00:05:19,348 INFO org.apache.hadoop.ipc.Server: IPC Server Responder: starting
2014-05-05 00:05:19,348 INFO org.apache.hadoop.ipc.Server: IPC Server listener on 8032: starting
2014-05-05 00:05:19,397 INFO org.apache.hadoop.yarn.factories.impl.pb.RpcServerFactoryPBImpl: Adding protocol org.apache.hadoop.yarn.server.api.ResourceManagerAdministrationProtocolPB to the server
2014-05-05 00:05:19,398 INFO org.apache.hadoop.ipc.Server: Starting Socket Reader #1 for port 8033
2014-05-05 00:05:19,398 INFO org.apache.hadoop.ipc.Server: IPC Server Responder: starting
2014-05-05 00:05:19,398 INFO org.apache.hadoop.ipc.Server: IPC Server listener on 8033: starting
2014-05-05 00:05:19,596 INFO org.apache.hadoop.yarn.util.RackResolver: Resolved nodeb to /default-rack
2014-05-05 00:05:19,604 INFO org.apache.hadoop.yarn.server.resourcemanager.rmnode.RMNodeImpl: nodeb:36299 Node Transitioned from NEW to RUNNING
2014-05-05 00:05:19,607 INFO org.apache.hadoop.yarn.server.resourcemanager.scheduler.capacity.CapacityScheduler: Added node nodeb:36299 clusterResource: <memory:8192, vCores:8>
2014-05-05 00:05:19,609 INFO org.apache.hadoop.yarn.server.resourcemanager.ResourceTrackerService: NodeManager from node nodeb(cmPort: 36299 httpPort: 8042) registered with capability: <memory:8192, vCores:8>, assigned nodeId nodeb:36299
2014-05-05 00:05:19,621 INFO org.apache.hadoop.yarn.util.RackResolver: Resolved nodec to /default-rack
2014-05-05 00:05:19,622 INFO org.apache.hadoop.yarn.server.resourcemanager.ResourceTrackerService: NodeManager from node nodec(cmPort: 48278 httpPort: 8042) registered with capability: <memory:8192, vCores:8>, assigned nodeId nodec:48278
2014-05-05 00:05:19,622 INFO org.apache.hadoop.yarn.server.resourcemanager.rmnode.RMNodeImpl: nodec:48278 Node Transitioned from NEW to RUNNING
2014-05-05 00:05:19,629 INFO org.apache.hadoop.yarn.server.resourcemanager.scheduler.capacity.CapacityScheduler: Added node nodec:48278 clusterResource: <memory:16384, vCores:16>
2014-05-05 00:05:19,649 INFO org.apache.hadoop.yarn.util.RackResolver: Resolved noded to /default-rack
2014-05-05 00:05:19,650 INFO org.apache.hadoop.yarn.server.resourcemanager.ResourceTrackerService: NodeManager from node noded(cmPort: 45854 httpPort: 8042) registered with capability: <memory:8192, vCores:8>, assigned nodeId noded:45854
2014-05-05 00:05:19,650 INFO org.apache.hadoop.yarn.server.resourcemanager.rmnode.RMNodeImpl: noded:45854 Node Transitioned from NEW to RUNNING
2014-05-05 00:05:19,650 INFO org.apache.hadoop.yarn.server.resourcemanager.scheduler.capacity.CapacityScheduler: Added node noded:45854 clusterResource: <memory:24576, vCores:24>
2014-05-05 00:05:21,473 INFO org.apache.hadoop.yarn.util.RackResolver: Resolved nodea to /default-rack
2014-05-05 00:05:21,473 INFO org.apache.hadoop.yarn.server.resourcemanager.ResourceTrackerService: NodeManager from node nodea(cmPort: 40724 httpPort: 8042) registered with capability: <memory:8192, vCores:8>, assigned nodeId nodea:40724
2014-05-05 00:05:21,473 INFO org.apache.hadoop.yarn.server.resourcemanager.rmnode.RMNodeImpl: nodea:40724 Node Transitioned from NEW to RUNNING
2014-05-05 00:05:21,473 INFO org.apache.hadoop.yarn.server.resourcemanager.scheduler.capacity.CapacityScheduler: Added node nodea:40724 clusterResource: <memory:32768, vCores:32>
