2014-03-31 17:27:00,669 INFO org.apache.hadoop.hdfs.server.namenode.SecondaryNameNode: STARTUP_MSG: 
/************************************************************
STARTUP_MSG: Starting SecondaryNameNode
STARTUP_MSG:   host = ubuntu/127.0.1.1
STARTUP_MSG:   args = []
STARTUP_MSG:   version = 2.2.0
STARTUP_MSG:   classpath = /home/hduser/PatchedDistro/patched_hadoop/etc/hadoop:/home/hduser/PatchedDistro/patched_hadoop/share/hadoop/common/lib/avro-1.7.4.jar:/home/hduser/PatchedDistro/patched_hadoop/share/hadoop/common/lib/jsp-api-2.1.jar:/home/hduser/PatchedDistro/patched_hadoop/share/hadoop/common/lib/jersey-json-1.9.jar:/home/hduser/PatchedDistro/patched_hadoop/share/hadoop/common/lib/commons-beanutils-core-1.8.0.jar:/home/hduser/PatchedDistro/patched_hadoop/share/hadoop/common/lib/jsch-0.1.42.jar:/home/hduser/PatchedDistro/patched_hadoop/share/hadoop/common/lib/stax-api-1.0.1.jar:/home/hduser/PatchedDistro/patched_hadoop/share/hadoop/common/lib/jackson-mapper-asl-1.8.8.jar:/home/hduser/PatchedDistro/patched_hadoop/share/hadoop/common/lib/jsr305-1.3.9.jar:/home/hduser/PatchedDistro/patched_hadoop/share/hadoop/common/lib/slf4j-api-1.7.5.jar:/home/hduser/PatchedDistro/patched_hadoop/share/hadoop/common/lib/jackson-jaxrs-1.8.8.jar:/home/hduser/PatchedDistro/patched_hadoop/share/hadoop/common/lib/guava-11.0.2.jar:/home/hduser/PatchedDistro/patched_hadoop/share/hadoop/common/lib/activation-1.1.jar:/home/hduser/PatchedDistro/patched_hadoop/share/hadoop/common/lib/jetty-6.1.26.jar:/home/hduser/PatchedDistro/patched_hadoop/share/hadoop/common/lib/jackson-xc-1.8.8.jar:/home/hduser/PatchedDistro/patched_hadoop/share/hadoop/common/lib/commons-collections-3.2.1.jar:/home/hduser/PatchedDistro/patched_hadoop/share/hadoop/common/lib/log4j-1.2.17.jar:/home/hduser/PatchedDistro/patched_hadoop/share/hadoop/common/lib/protobuf-java-2.5.0.jar:/home/hduser/PatchedDistro/patched_hadoop/share/hadoop/common/lib/slf4j-log4j12-1.7.5.jar:/home/hduser/PatchedDistro/patched_hadoop/share/hadoop/common/lib/jettison-1.1.jar:/home/hduser/PatchedDistro/patched_hadoop/share/hadoop/common/lib/commons-compress-1.4.1.jar:/home/hduser/PatchedDistro/patched_hadoop/share/hadoop/common/lib/hadoop-auth-2.2.0.jar:/home/hduser/PatchedDistro/patched_hadoop/share/hadoop/common/lib/jasper-runtime-5.5.23.jar:/home/hduser/PatchedDistro/patched_hadoop/share/hadoop/common/lib/paranamer-2.3.jar:/home/hduser/PatchedDistro/patched_hadoop/share/hadoop/common/lib/jersey-server-1.9.jar:/home/hduser/PatchedDistro/patched_hadoop/share/hadoop/common/lib/commons-codec-1.4.jar:/home/hduser/PatchedDistro/patched_hadoop/share/hadoop/common/lib/jets3t-0.6.1.jar:/home/hduser/PatchedDistro/patched_hadoop/share/hadoop/common/lib/commons-digester-1.8.jar:/home/hduser/PatchedDistro/patched_hadoop/share/hadoop/common/lib/jersey-core-1.9.jar:/home/hduser/PatchedDistro/patched_hadoop/share/hadoop/common/lib/xz-1.0.jar:/home/hduser/PatchedDistro/patched_hadoop/share/hadoop/common/lib/servlet-api-2.5.jar:/home/hduser/PatchedDistro/patched_hadoop/share/hadoop/common/lib/netty-3.6.2.Final.jar:/home/hduser/PatchedDistro/patched_hadoop/share/hadoop/common/lib/commons-logging-1.1.1.jar:/home/hduser/PatchedDistro/patched_hadoop/share/hadoop/common/lib/commons-net-3.1.jar:/home/hduser/PatchedDistro/patched_hadoop/share/hadoop/common/lib/xmlenc-0.52.jar:/home/hduser/PatchedDistro/patched_hadoop/share/hadoop/common/lib/jackson-core-asl-1.8.8.jar:/home/hduser/PatchedDistro/patched_hadoop/share/hadoop/common/lib/hadoop-annotations-2.2.0.jar:/home/hduser/PatchedDistro/patched_hadoop/share/hadoop/common/lib/commons-math-2.1.jar:/home/hduser/PatchedDistro/patched_hadoop/share/hadoop/common/lib/junit-4.8.2.jar:/home/hduser/PatchedDistro/patched_hadoop/share/hadoop/common/lib/commons-httpclient-3.1.jar:/home/hduser/PatchedDistro/patched_hadoop/share/hadoop/common/lib/jetty-util-6.1.26.jar:/home/hduser/PatchedDistro/patched_hadoop/share/hadoop/common/lib/jasper-compiler-5.5.23.jar:/home/hduser/PatchedDistro/patched_hadoop/share/hadoop/common/lib/snappy-java-1.0.4.1.jar:/home/hduser/PatchedDistro/patched_hadoop/share/hadoop/common/lib/zookeeper-3.4.5.jar:/home/hduser/PatchedDistro/patched_hadoop/share/hadoop/common/lib/commons-io-2.1.jar:/home/hduser/PatchedDistro/patched_hadoop/share/hadoop/common/lib/asm-3.2.jar:/home/hduser/PatchedDistro/patched_hadoop/share/hadoop/common/lib/jaxb-impl-2.2.3-1.jar:/home/hduser/PatchedDistro/patched_hadoop/share/hadoop/common/lib/mockito-all-1.8.5.jar:/home/hduser/PatchedDistro/patched_hadoop/share/hadoop/common/lib/commons-configuration-1.6.jar:/home/hduser/PatchedDistro/patched_hadoop/share/hadoop/common/lib/jaxb-api-2.2.2.jar:/home/hduser/PatchedDistro/patched_hadoop/share/hadoop/common/lib/commons-lang-2.5.jar:/home/hduser/PatchedDistro/patched_hadoop/share/hadoop/common/lib/commons-el-1.0.jar:/home/hduser/PatchedDistro/patched_hadoop/share/hadoop/common/lib/commons-beanutils-1.7.0.jar:/home/hduser/PatchedDistro/patched_hadoop/share/hadoop/common/lib/commons-cli-1.2.jar:/home/hduser/PatchedDistro/patched_hadoop/share/hadoop/common/hadoop-common-2.2.0-tests.jar:/home/hduser/PatchedDistro/patched_hadoop/share/hadoop/common/hadoop-common-2.2.0.jar:/home/hduser/PatchedDistro/patched_hadoop/share/hadoop/common/hadoop-nfs-2.2.0.jar:/home/hduser/PatchedDistro/patched_hadoop/share/hadoop/hdfs:/home/hduser/PatchedDistro/patched_hadoop/share/hadoop/hdfs/lib/jsp-api-2.1.jar:/home/hduser/PatchedDistro/patched_hadoop/share/hadoop/hdfs/lib/jackson-mapper-asl-1.8.8.jar:/home/hduser/PatchedDistro/patched_hadoop/share/hadoop/hdfs/lib/jsr305-1.3.9.jar:/home/hduser/PatchedDistro/patched_hadoop/share/hadoop/hdfs/lib/guava-11.0.2.jar:/home/hduser/PatchedDistro/patched_hadoop/share/hadoop/hdfs/lib/jetty-6.1.26.jar:/home/hduser/PatchedDistro/patched_hadoop/share/hadoop/hdfs/lib/log4j-1.2.17.jar:/home/hduser/PatchedDistro/patched_hadoop/share/hadoop/hdfs/lib/protobuf-java-2.5.0.jar:/home/hduser/PatchedDistro/patched_hadoop/share/hadoop/hdfs/lib/jasper-runtime-5.5.23.jar:/home/hduser/PatchedDistro/patched_hadoop/share/hadoop/hdfs/lib/commons-daemon-1.0.13.jar:/home/hduser/PatchedDistro/patched_hadoop/share/hadoop/hdfs/lib/jersey-server-1.9.jar:/home/hduser/PatchedDistro/patched_hadoop/share/hadoop/hdfs/lib/commons-codec-1.4.jar:/home/hduser/PatchedDistro/patched_hadoop/share/hadoop/hdfs/lib/jersey-core-1.9.jar:/home/hduser/PatchedDistro/patched_hadoop/share/hadoop/hdfs/lib/servlet-api-2.5.jar:/home/hduser/PatchedDistro/patched_hadoop/share/hadoop/hdfs/lib/netty-3.6.2.Final.jar:/home/hduser/PatchedDistro/patched_hadoop/share/hadoop/hdfs/lib/commons-logging-1.1.1.jar:/home/hduser/PatchedDistro/patched_hadoop/share/hadoop/hdfs/lib/xmlenc-0.52.jar:/home/hduser/PatchedDistro/patched_hadoop/share/hadoop/hdfs/lib/jackson-core-asl-1.8.8.jar:/home/hduser/PatchedDistro/patched_hadoop/share/hadoop/hdfs/lib/jetty-util-6.1.26.jar:/home/hduser/PatchedDistro/patched_hadoop/share/hadoop/hdfs/lib/commons-io-2.1.jar:/home/hduser/PatchedDistro/patched_hadoop/share/hadoop/hdfs/lib/asm-3.2.jar:/home/hduser/PatchedDistro/patched_hadoop/share/hadoop/hdfs/lib/commons-lang-2.5.jar:/home/hduser/PatchedDistro/patched_hadoop/share/hadoop/hdfs/lib/commons-el-1.0.jar:/home/hduser/PatchedDistro/patched_hadoop/share/hadoop/hdfs/lib/commons-cli-1.2.jar:/home/hduser/PatchedDistro/patched_hadoop/share/hadoop/hdfs/hadoop-hdfs-nfs-2.2.0.jar:/home/hduser/PatchedDistro/patched_hadoop/share/hadoop/hdfs/hadoop-hdfs-2.2.0-tests.jar:/home/hduser/PatchedDistro/patched_hadoop/share/hadoop/hdfs/hadoop-hdfs-2.2.0.jar:/home/hduser/PatchedDistro/patched_hadoop/share/hadoop/yarn/lib/javax.inject-1.jar:/home/hduser/PatchedDistro/patched_hadoop/share/hadoop/yarn/lib/avro-1.7.4.jar:/home/hduser/PatchedDistro/patched_hadoop/share/hadoop/yarn/lib/jackson-mapper-asl-1.8.8.jar:/home/hduser/PatchedDistro/patched_hadoop/share/hadoop/yarn/lib/guice-servlet-3.0.jar:/home/hduser/PatchedDistro/patched_hadoop/share/hadoop/yarn/lib/log4j-1.2.17.jar:/home/hduser/PatchedDistro/patched_hadoop/share/hadoop/yarn/lib/protobuf-java-2.5.0.jar:/home/hduser/PatchedDistro/patched_hadoop/share/hadoop/yarn/lib/commons-compress-1.4.1.jar:/home/hduser/PatchedDistro/patched_hadoop/share/hadoop/yarn/lib/hamcrest-core-1.1.jar:/home/hduser/PatchedDistro/patched_hadoop/share/hadoop/yarn/lib/paranamer-2.3.jar:/home/hduser/PatchedDistro/patched_hadoop/share/hadoop/yarn/lib/jersey-server-1.9.jar:/home/hduser/PatchedDistro/patched_hadoop/share/hadoop/yarn/lib/jersey-core-1.9.jar:/home/hduser/PatchedDistro/patched_hadoop/share/hadoop/yarn/lib/xz-1.0.jar:/home/hduser/PatchedDistro/patched_hadoop/share/hadoop/yarn/lib/junit-4.10.jar:/home/hduser/PatchedDistro/patched_hadoop/share/hadoop/yarn/lib/guice-3.0.jar:/home/hduser/PatchedDistro/patched_hadoop/share/hadoop/yarn/lib/netty-3.6.2.Final.jar:/home/hduser/PatchedDistro/patched_hadoop/share/hadoop/yarn/lib/jackson-core-asl-1.8.8.jar:/home/hduser/PatchedDistro/patched_hadoop/share/hadoop/yarn/lib/hadoop-annotations-2.2.0.jar:/home/hduser/PatchedDistro/patched_hadoop/share/hadoop/yarn/lib/jersey-guice-1.9.jar:/home/hduser/PatchedDistro/patched_hadoop/share/hadoop/yarn/lib/snappy-java-1.0.4.1.jar:/home/hduser/PatchedDistro/patched_hadoop/share/hadoop/yarn/lib/commons-io-2.1.jar:/home/hduser/PatchedDistro/patched_hadoop/share/hadoop/yarn/lib/asm-3.2.jar:/home/hduser/PatchedDistro/patched_hadoop/share/hadoop/yarn/lib/aopalliance-1.0.jar:/home/hduser/PatchedDistro/patched_hadoop/share/hadoop/yarn/hadoop-yarn-server-resourcemanager-2.2.0.jar:/home/hduser/PatchedDistro/patched_hadoop/share/hadoop/yarn/hadoop-yarn-applications-unmanaged-am-launcher-2.2.0.jar:/home/hduser/PatchedDistro/patched_hadoop/share/hadoop/yarn/hadoop-yarn-server-common-2.2.0.jar:/home/hduser/PatchedDistro/patched_hadoop/share/hadoop/yarn/hadoop-yarn-applications-distributedshell-2.2.0.jar:/home/hduser/PatchedDistro/patched_hadoop/share/hadoop/yarn/hadoop-yarn-server-web-proxy-2.2.0.jar:/home/hduser/PatchedDistro/patched_hadoop/share/hadoop/yarn/hadoop-yarn-common-2.2.0.jar:/home/hduser/PatchedDistro/patched_hadoop/share/hadoop/yarn/hadoop-yarn-client-2.2.0.jar:/home/hduser/PatchedDistro/patched_hadoop/share/hadoop/yarn/hadoop-yarn-server-nodemanager-2.2.0.jar:/home/hduser/PatchedDistro/patched_hadoop/share/hadoop/yarn/hadoop-yarn-server-tests-2.2.0.jar:/home/hduser/PatchedDistro/patched_hadoop/share/hadoop/yarn/hadoop-yarn-api-2.2.0.jar:/home/hduser/PatchedDistro/patched_hadoop/share/hadoop/yarn/hadoop-yarn-site-2.2.0.jar:/home/hduser/PatchedDistro/patched_hadoop/share/hadoop/mapreduce/lib/javax.inject-1.jar:/home/hduser/PatchedDistro/patched_hadoop/share/hadoop/mapreduce/lib/avro-1.7.4.jar:/home/hduser/PatchedDistro/patched_hadoop/share/hadoop/mapreduce/lib/jackson-mapper-asl-1.8.8.jar:/home/hduser/PatchedDistro/patched_hadoop/share/hadoop/mapreduce/lib/guice-servlet-3.0.jar:/home/hduser/PatchedDistro/patched_hadoop/share/hadoop/mapreduce/lib/log4j-1.2.17.jar:/home/hduser/PatchedDistro/patched_hadoop/share/hadoop/mapreduce/lib/protobuf-java-2.5.0.jar:/home/hduser/PatchedDistro/patched_hadoop/share/hadoop/mapreduce/lib/commons-compress-1.4.1.jar:/home/hduser/PatchedDistro/patched_hadoop/share/hadoop/mapreduce/lib/hamcrest-core-1.1.jar:/home/hduser/PatchedDistro/patched_hadoop/share/hadoop/mapreduce/lib/paranamer-2.3.jar:/home/hduser/PatchedDistro/patched_hadoop/share/hadoop/mapreduce/lib/jersey-server-1.9.jar:/home/hduser/PatchedDistro/patched_hadoop/share/hadoop/mapreduce/lib/jersey-core-1.9.jar:/home/hduser/PatchedDistro/patched_hadoop/share/hadoop/mapreduce/lib/xz-1.0.jar:/home/hduser/PatchedDistro/patched_hadoop/share/hadoop/mapreduce/lib/junit-4.10.jar:/home/hduser/PatchedDistro/patched_hadoop/share/hadoop/mapreduce/lib/guice-3.0.jar:/home/hduser/PatchedDistro/patched_hadoop/share/hadoop/mapreduce/lib/netty-3.6.2.Final.jar:/home/hduser/PatchedDistro/patched_hadoop/share/hadoop/mapreduce/lib/jackson-core-asl-1.8.8.jar:/home/hduser/PatchedDistro/patched_hadoop/share/hadoop/mapreduce/lib/hadoop-annotations-2.2.0.jar:/home/hduser/PatchedDistro/patched_hadoop/share/hadoop/mapreduce/lib/jersey-guice-1.9.jar:/home/hduser/PatchedDistro/patched_hadoop/share/hadoop/mapreduce/lib/snappy-java-1.0.4.1.jar:/home/hduser/PatchedDistro/patched_hadoop/share/hadoop/mapreduce/lib/commons-io-2.1.jar:/home/hduser/PatchedDistro/patched_hadoop/share/hadoop/mapreduce/lib/asm-3.2.jar:/home/hduser/PatchedDistro/patched_hadoop/share/hadoop/mapreduce/lib/aopalliance-1.0.jar:/home/hduser/PatchedDistro/patched_hadoop/share/hadoop/mapreduce/hadoop-mapreduce-client-app-2.2.0.jar:/home/hduser/PatchedDistro/patched_hadoop/share/hadoop/mapreduce/hadoop-mapreduce-examples-2.2.0.jar:/home/hduser/PatchedDistro/patched_hadoop/share/hadoop/mapreduce/hadoop-mapreduce-client-core-2.2.0.jar:/home/hduser/PatchedDistro/patched_hadoop/share/hadoop/mapreduce/hadoop-mapreduce-client-jobclient-2.2.0.jar:/home/hduser/PatchedDistro/patched_hadoop/share/hadoop/mapreduce/hadoop-mapreduce-client-shuffle-2.2.0.jar:/home/hduser/PatchedDistro/patched_hadoop/share/hadoop/mapreduce/hadoop-mapreduce-client-hs-plugins-2.2.0.jar:/home/hduser/PatchedDistro/patched_hadoop/share/hadoop/mapreduce/hadoop-mapreduce-client-common-2.2.0.jar:/home/hduser/PatchedDistro/patched_hadoop/share/hadoop/mapreduce/hadoop-mapreduce-client-jobclient-2.2.0-tests.jar:/home/hduser/PatchedDistro/patched_hadoop/share/hadoop/mapreduce/hadoop-mapreduce-client-hs-2.2.0.jar:/contrib/capacity-scheduler/*.jar:/contrib/capacity-scheduler/*.jar:/contrib/capacity-scheduler/*.jar
STARTUP_MSG:   build = Unknown -r Unknown; compiled by 'root' on 2014-03-31T23:45Z
STARTUP_MSG:   java = 1.7.0_51
************************************************************/
2014-03-31 17:27:00,674 INFO org.apache.hadoop.hdfs.server.namenode.SecondaryNameNode: registered UNIX signal handlers for [TERM, HUP, INT]
2014-03-31 17:27:08,721 WARN org.apache.hadoop.util.NativeCodeLoader: Unable to load native-hadoop library for your platform... using builtin-java classes where applicable
2014-03-31 17:27:08,895 INFO org.apache.hadoop.metrics2.impl.MetricsConfig: loaded properties from hadoop-metrics2.properties
2014-03-31 17:27:08,942 INFO org.apache.hadoop.metrics2.impl.MetricsSystemImpl: Scheduled snapshot period at 10 second(s).
2014-03-31 17:27:08,942 INFO org.apache.hadoop.metrics2.impl.MetricsSystemImpl: SecondaryNameNode metrics system started
2014-03-31 17:27:09,118 INFO org.apache.hadoop.hdfs.server.common.Storage: Lock on /tmp/hadoop-hduser/dfs/namesecondary/in_use.lock acquired by nodename 8317@ubuntu
2014-03-31 17:27:09,162 INFO org.apache.hadoop.hdfs.server.namenode.HostFileManager: read includes:
HostSet(
)
2014-03-31 17:27:09,162 INFO org.apache.hadoop.hdfs.server.namenode.HostFileManager: read excludes:
HostSet(
)
2014-03-31 17:27:09,164 INFO org.apache.hadoop.hdfs.server.blockmanagement.DatanodeManager: dfs.block.invalidate.limit=1000
2014-03-31 17:27:09,166 INFO org.apache.hadoop.util.GSet: Computing capacity for map BlocksMap
2014-03-31 17:27:09,166 INFO org.apache.hadoop.util.GSet: VM type       = 32-bit
2014-03-31 17:27:09,166 INFO org.apache.hadoop.util.GSet: 2.0% max memory = 889 MB
2014-03-31 17:27:09,166 INFO org.apache.hadoop.util.GSet: capacity      = 2^22 = 4194304 entries
2014-03-31 17:27:09,190 INFO org.apache.hadoop.hdfs.server.blockmanagement.BlockManager: dfs.block.access.token.enable=false
2014-03-31 17:27:09,190 INFO org.apache.hadoop.hdfs.server.blockmanagement.BlockManager: defaultReplication         = 1
2014-03-31 17:27:09,190 INFO org.apache.hadoop.hdfs.server.blockmanagement.BlockManager: maxReplication             = 512
2014-03-31 17:27:09,190 INFO org.apache.hadoop.hdfs.server.blockmanagement.BlockManager: minReplication             = 1
2014-03-31 17:27:09,190 INFO org.apache.hadoop.hdfs.server.blockmanagement.BlockManager: maxReplicationStreams      = 2
2014-03-31 17:27:09,190 INFO org.apache.hadoop.hdfs.server.blockmanagement.BlockManager: shouldCheckForEnoughRacks  = false
2014-03-31 17:27:09,190 INFO org.apache.hadoop.hdfs.server.blockmanagement.BlockManager: replicationRecheckInterval = 3000
2014-03-31 17:27:09,190 INFO org.apache.hadoop.hdfs.server.blockmanagement.BlockManager: encryptDataTransfer        = false
2014-03-31 17:27:09,196 INFO org.apache.hadoop.hdfs.server.namenode.FSNamesystem: fsOwner             = hduser (auth:SIMPLE)
2014-03-31 17:27:09,196 INFO org.apache.hadoop.hdfs.server.namenode.FSNamesystem: supergroup          = supergroup
2014-03-31 17:27:09,196 INFO org.apache.hadoop.hdfs.server.namenode.FSNamesystem: isPermissionEnabled = true
2014-03-31 17:27:09,196 INFO org.apache.hadoop.hdfs.server.namenode.FSNamesystem: HA Enabled: false
2014-03-31 17:27:09,198 INFO org.apache.hadoop.hdfs.server.namenode.FSNamesystem: Append Enabled: true
2014-03-31 17:27:09,246 INFO org.apache.hadoop.util.GSet: Computing capacity for map INodeMap
2014-03-31 17:27:09,246 INFO org.apache.hadoop.util.GSet: VM type       = 32-bit
2014-03-31 17:27:09,246 INFO org.apache.hadoop.util.GSet: 1.0% max memory = 889 MB
2014-03-31 17:27:09,246 INFO org.apache.hadoop.util.GSet: capacity      = 2^21 = 2097152 entries
2014-03-31 17:27:09,247 INFO org.apache.hadoop.hdfs.server.namenode.NameNode: Caching file names occuring more than 10 times
2014-03-31 17:27:09,249 INFO org.apache.hadoop.hdfs.server.namenode.FSNamesystem: dfs.namenode.safemode.threshold-pct = 0.9990000128746033
2014-03-31 17:27:09,249 INFO org.apache.hadoop.hdfs.server.namenode.FSNamesystem: dfs.namenode.safemode.min.datanodes = 0
2014-03-31 17:27:09,249 INFO org.apache.hadoop.hdfs.server.namenode.FSNamesystem: dfs.namenode.safemode.extension     = 30000
2014-03-31 17:27:09,281 INFO org.mortbay.log: Logging to org.slf4j.impl.Log4jLoggerAdapter(org.mortbay.log) via org.mortbay.log.Slf4jLog
2014-03-31 17:27:09,326 INFO org.apache.hadoop.http.HttpServer: Added global filter 'safety' (class=org.apache.hadoop.http.HttpServer$QuotingInputFilter)
2014-03-31 17:27:09,328 INFO org.apache.hadoop.http.HttpServer: Added filter static_user_filter (class=org.apache.hadoop.http.lib.StaticUserWebFilter$StaticUserFilter) to context secondary
2014-03-31 17:27:09,328 INFO org.apache.hadoop.http.HttpServer: Added filter static_user_filter (class=org.apache.hadoop.http.lib.StaticUserWebFilter$StaticUserFilter) to context logs
2014-03-31 17:27:09,328 INFO org.apache.hadoop.http.HttpServer: Added filter static_user_filter (class=org.apache.hadoop.http.lib.StaticUserWebFilter$StaticUserFilter) to context static
2014-03-31 17:27:09,339 INFO org.apache.hadoop.http.HttpServer: Jetty bound to port 50090
2014-03-31 17:27:09,339 INFO org.mortbay.log: jetty-6.1.26
2014-03-31 17:27:09,482 INFO org.mortbay.log: Started SelectChannelConnector@0.0.0.0:50090
2014-03-31 17:27:09,483 INFO org.apache.hadoop.hdfs.server.namenode.SecondaryNameNode: Web server init done
2014-03-31 17:27:09,483 INFO org.apache.hadoop.hdfs.server.namenode.SecondaryNameNode: Secondary Web-server up at: 0.0.0.0:50090
2014-03-31 17:27:09,483 INFO org.apache.hadoop.hdfs.server.namenode.SecondaryNameNode: Checkpoint Period   :3600 secs (60 min)
2014-03-31 17:27:09,483 INFO org.apache.hadoop.hdfs.server.namenode.SecondaryNameNode: Log Size Trigger    :1000000 txns
2014-03-31 17:28:09,698 INFO org.apache.hadoop.hdfs.server.namenode.SecondaryNameNode: Image has changed. Downloading updated image from NN.
2014-03-31 17:28:09,700 INFO org.apache.hadoop.hdfs.server.namenode.TransferFsImage: Opening connection to http://localhost:50070/getimage?getimage=1&txid=6240&storageInfo=-47:833617026:0:CID-064fb2ea-3ab7-4dcf-82a2-e166e9cd8855
2014-03-31 17:28:09,807 INFO org.apache.hadoop.hdfs.server.namenode.TransferFsImage: Transfer took 0.11s at 373.83 KB/s
2014-03-31 17:28:09,807 INFO org.apache.hadoop.hdfs.server.namenode.TransferFsImage: Downloaded file fsimage.ckpt_0000000000000006240 size 41808 bytes.
2014-03-31 17:28:09,812 INFO org.apache.hadoop.hdfs.server.namenode.TransferFsImage: Opening connection to http://localhost:50070/getimage?getedit=1&startTxId=6241&endTxId=6367&storageInfo=-47:833617026:0:CID-064fb2ea-3ab7-4dcf-82a2-e166e9cd8855
2014-03-31 17:28:09,824 INFO org.apache.hadoop.hdfs.server.namenode.TransferFsImage: Transfer took 0.01s at 85333.33 KB/s
2014-03-31 17:28:09,824 INFO org.apache.hadoop.hdfs.server.namenode.TransferFsImage: Downloaded file edits_tmp_0000000000000006241-0000000000000006367_0000001396312089812 size 0 bytes.
2014-03-31 17:28:09,824 INFO org.apache.hadoop.hdfs.server.namenode.TransferFsImage: Opening connection to http://localhost:50070/getimage?getedit=1&startTxId=6368&endTxId=6403&storageInfo=-47:833617026:0:CID-064fb2ea-3ab7-4dcf-82a2-e166e9cd8855
2014-03-31 17:28:09,831 INFO org.apache.hadoop.hdfs.server.namenode.TransferFsImage: Transfer took 0.01s at 500.00 KB/s
2014-03-31 17:28:09,831 INFO org.apache.hadoop.hdfs.server.namenode.TransferFsImage: Downloaded file edits_tmp_0000000000000006368-0000000000000006403_0000001396312089824 size 0 bytes.
2014-03-31 17:28:09,912 INFO org.apache.hadoop.hdfs.server.namenode.FSImage: Loading image file /tmp/hadoop-hduser/dfs/namesecondary/current/fsimage_0000000000000006240 using no compression
2014-03-31 17:28:09,912 INFO org.apache.hadoop.hdfs.server.namenode.FSImage: Number of files = 323
2014-03-31 17:28:09,945 INFO org.apache.hadoop.hdfs.server.namenode.FSImage: Number of files under construction = 0
2014-03-31 17:28:09,945 INFO org.apache.hadoop.hdfs.server.namenode.FSImage: Image file /tmp/hadoop-hduser/dfs/namesecondary/current/fsimage_0000000000000006240 of size 41808 bytes loaded in 0 seconds.
2014-03-31 17:28:09,945 INFO org.apache.hadoop.hdfs.server.namenode.FSImage: Loaded image for txid 6240 from /tmp/hadoop-hduser/dfs/namesecondary/current/fsimage_0000000000000006240
2014-03-31 17:28:09,945 INFO org.apache.hadoop.hdfs.server.namenode.NameCache: initialized with 2 entries 35 lookups
2014-03-31 17:28:09,951 INFO org.apache.hadoop.hdfs.server.namenode.Checkpointer: Checkpointer about to load edits from 2 stream(s).
2014-03-31 17:28:09,954 INFO org.apache.hadoop.hdfs.server.namenode.FSImage: Reading /tmp/hadoop-hduser/dfs/namesecondary/current/edits_0000000000000006241-0000000000000006367 expecting start txid #6241
2014-03-31 17:28:09,954 INFO org.apache.hadoop.hdfs.server.namenode.FSImage: Start loading edits file /tmp/hadoop-hduser/dfs/namesecondary/current/edits_0000000000000006241-0000000000000006367
2014-03-31 17:28:10,021 INFO org.apache.hadoop.hdfs.server.namenode.FSImage: Edits file /tmp/hadoop-hduser/dfs/namesecondary/current/edits_0000000000000006241-0000000000000006367 of size 1048576 edits # 127 loaded in 0 seconds
2014-03-31 17:28:10,021 INFO org.apache.hadoop.hdfs.server.namenode.FSImage: Reading /tmp/hadoop-hduser/dfs/namesecondary/current/edits_0000000000000006368-0000000000000006403 expecting start txid #6368
2014-03-31 17:28:10,021 INFO org.apache.hadoop.hdfs.server.namenode.FSImage: Start loading edits file /tmp/hadoop-hduser/dfs/namesecondary/current/edits_0000000000000006368-0000000000000006403
2014-03-31 17:28:10,037 INFO org.apache.hadoop.hdfs.server.namenode.FSImage: Edits file /tmp/hadoop-hduser/dfs/namesecondary/current/edits_0000000000000006368-0000000000000006403 of size 3772 edits # 36 loaded in 0 seconds
2014-03-31 17:28:10,047 INFO org.apache.hadoop.hdfs.server.namenode.FSImage: Saving image file /tmp/hadoop-hduser/dfs/namesecondary/current/fsimage.ckpt_0000000000000006403 using no compression
2014-03-31 17:28:10,062 INFO org.apache.hadoop.hdfs.server.namenode.FSImage: Image file /tmp/hadoop-hduser/dfs/namesecondary/current/fsimage.ckpt_0000000000000006403 of size 43575 bytes saved in 0 seconds.
2014-03-31 17:28:10,066 INFO org.apache.hadoop.hdfs.server.namenode.NNStorageRetentionManager: Going to retain 2 images with txid >= 6240
2014-03-31 17:28:10,066 INFO org.apache.hadoop.hdfs.server.namenode.NNStorageRetentionManager: Purging old image FSImageFile(file=/tmp/hadoop-hduser/dfs/namesecondary/current/fsimage_0000000000000006171, cpktTxId=0000000000000006171)
2014-03-31 17:28:10,080 INFO org.apache.hadoop.hdfs.server.namenode.TransferFsImage: Opening connection to http://localhost:50070/getimage?putimage=1&txid=6403&port=50090&storageInfo=-47:833617026:0:CID-064fb2ea-3ab7-4dcf-82a2-e166e9cd8855
2014-03-31 17:28:10,263 INFO org.apache.hadoop.hdfs.server.namenode.TransferFsImage: Transfer took 0.18s at 0.00 KB/s
2014-03-31 17:28:10,263 INFO org.apache.hadoop.hdfs.server.namenode.TransferFsImage: Uploaded image with txid 6403 to namenode at localhost:50070
2014-03-31 17:28:10,263 WARN org.apache.hadoop.hdfs.server.namenode.SecondaryNameNode: Checkpoint done. New Image Size: 43575
2014-03-31 18:28:10,664 INFO org.apache.hadoop.hdfs.server.namenode.SecondaryNameNode: Image has not changed. Will not download image.
2014-03-31 18:28:10,664 INFO org.apache.hadoop.hdfs.server.namenode.TransferFsImage: Opening connection to http://localhost:50070/getimage?getedit=1&startTxId=6404&endTxId=6438&storageInfo=-47:833617026:0:CID-064fb2ea-3ab7-4dcf-82a2-e166e9cd8855
2014-03-31 18:28:10,669 INFO org.apache.hadoop.hdfs.server.namenode.TransferFsImage: Transfer took 0.00s at 1000.00 KB/s
2014-03-31 18:28:10,669 INFO org.apache.hadoop.hdfs.server.namenode.TransferFsImage: Downloaded file edits_tmp_0000000000000006404-0000000000000006438_0000001396315690664 size 0 bytes.
2014-03-31 18:28:10,669 INFO org.apache.hadoop.hdfs.server.namenode.Checkpointer: Checkpointer about to load edits from 1 stream(s).
2014-03-31 18:28:10,669 INFO org.apache.hadoop.hdfs.server.namenode.FSImage: Reading /tmp/hadoop-hduser/dfs/namesecondary/current/edits_0000000000000006404-0000000000000006438 expecting start txid #6404
2014-03-31 18:28:10,669 INFO org.apache.hadoop.hdfs.server.namenode.FSImage: Start loading edits file /tmp/hadoop-hduser/dfs/namesecondary/current/edits_0000000000000006404-0000000000000006438
2014-03-31 18:28:10,673 INFO org.apache.hadoop.hdfs.server.namenode.FSImage: Edits file /tmp/hadoop-hduser/dfs/namesecondary/current/edits_0000000000000006404-0000000000000006438 of size 4634 edits # 35 loaded in 0 seconds
2014-03-31 18:28:10,674 INFO org.apache.hadoop.hdfs.server.namenode.FSImage: Saving image file /tmp/hadoop-hduser/dfs/namesecondary/current/fsimage.ckpt_0000000000000006438 using no compression
2014-03-31 18:28:10,683 INFO org.apache.hadoop.hdfs.server.namenode.FSImage: Image file /tmp/hadoop-hduser/dfs/namesecondary/current/fsimage.ckpt_0000000000000006438 of size 43065 bytes saved in 0 seconds.
2014-03-31 18:28:10,685 INFO org.apache.hadoop.hdfs.server.namenode.NNStorageRetentionManager: Going to retain 2 images with txid >= 6403
2014-03-31 18:28:10,685 INFO org.apache.hadoop.hdfs.server.namenode.NNStorageRetentionManager: Purging old image FSImageFile(file=/tmp/hadoop-hduser/dfs/namesecondary/current/fsimage_0000000000000006240, cpktTxId=0000000000000006240)
2014-03-31 18:28:10,687 INFO org.apache.hadoop.hdfs.server.namenode.TransferFsImage: Opening connection to http://localhost:50070/getimage?putimage=1&txid=6438&port=50090&storageInfo=-47:833617026:0:CID-064fb2ea-3ab7-4dcf-82a2-e166e9cd8855
2014-03-31 18:28:10,707 INFO org.apache.hadoop.hdfs.server.namenode.TransferFsImage: Transfer took 0.02s at 0.00 KB/s
2014-03-31 18:28:10,707 INFO org.apache.hadoop.hdfs.server.namenode.TransferFsImage: Uploaded image with txid 6438 to namenode at localhost:50070
2014-03-31 18:28:10,707 WARN org.apache.hadoop.hdfs.server.namenode.SecondaryNameNode: Checkpoint done. New Image Size: 43065
2014-03-31 19:28:11,151 INFO org.apache.hadoop.hdfs.server.namenode.SecondaryNameNode: Image has not changed. Will not download image.
2014-03-31 19:28:11,152 INFO org.apache.hadoop.hdfs.server.namenode.TransferFsImage: Opening connection to http://localhost:50070/getimage?getedit=1&startTxId=6439&endTxId=6442&storageInfo=-47:833617026:0:CID-064fb2ea-3ab7-4dcf-82a2-e166e9cd8855
2014-03-31 19:28:11,157 INFO org.apache.hadoop.hdfs.server.namenode.TransferFsImage: Transfer took 0.01s at 0.00 KB/s
2014-03-31 19:28:11,157 INFO org.apache.hadoop.hdfs.server.namenode.TransferFsImage: Downloaded file edits_tmp_0000000000000006439-0000000000000006442_0000001396319291152 size 0 bytes.
2014-03-31 19:28:11,158 INFO org.apache.hadoop.hdfs.server.namenode.Checkpointer: Checkpointer about to load edits from 1 stream(s).
2014-03-31 19:28:11,158 INFO org.apache.hadoop.hdfs.server.namenode.FSImage: Reading /tmp/hadoop-hduser/dfs/namesecondary/current/edits_0000000000000006439-0000000000000006442 expecting start txid #6439
2014-03-31 19:28:11,158 INFO org.apache.hadoop.hdfs.server.namenode.FSImage: Start loading edits file /tmp/hadoop-hduser/dfs/namesecondary/current/edits_0000000000000006439-0000000000000006442
2014-03-31 19:28:11,158 INFO org.apache.hadoop.hdfs.server.namenode.FSImage: Edits file /tmp/hadoop-hduser/dfs/namesecondary/current/edits_0000000000000006439-0000000000000006442 of size 108 edits # 4 loaded in 0 seconds
2014-03-31 19:28:11,160 INFO org.apache.hadoop.hdfs.server.namenode.FSImage: Saving image file /tmp/hadoop-hduser/dfs/namesecondary/current/fsimage.ckpt_0000000000000006442 using no compression
2014-03-31 19:28:11,178 INFO org.apache.hadoop.hdfs.server.namenode.FSImage: Image file /tmp/hadoop-hduser/dfs/namesecondary/current/fsimage.ckpt_0000000000000006442 of size 43065 bytes saved in 0 seconds.
2014-03-31 19:28:11,180 INFO org.apache.hadoop.hdfs.server.namenode.NNStorageRetentionManager: Going to retain 2 images with txid >= 6438
2014-03-31 19:28:11,180 INFO org.apache.hadoop.hdfs.server.namenode.NNStorageRetentionManager: Purging old image FSImageFile(file=/tmp/hadoop-hduser/dfs/namesecondary/current/fsimage_0000000000000006403, cpktTxId=0000000000000006403)
2014-03-31 19:28:11,185 INFO org.apache.hadoop.hdfs.server.namenode.TransferFsImage: Opening connection to http://localhost:50070/getimage?putimage=1&txid=6442&port=50090&storageInfo=-47:833617026:0:CID-064fb2ea-3ab7-4dcf-82a2-e166e9cd8855
2014-03-31 19:28:11,215 INFO org.apache.hadoop.hdfs.server.namenode.TransferFsImage: Transfer took 0.03s at 0.00 KB/s
2014-03-31 19:28:11,215 INFO org.apache.hadoop.hdfs.server.namenode.TransferFsImage: Uploaded image with txid 6442 to namenode at localhost:50070
2014-03-31 19:28:11,215 WARN org.apache.hadoop.hdfs.server.namenode.SecondaryNameNode: Checkpoint done. New Image Size: 43065
2014-03-31 20:02:39,473 ERROR org.apache.hadoop.hdfs.server.namenode.SecondaryNameNode: RECEIVED SIGNAL 15: SIGTERM
2014-03-31 20:02:39,480 INFO org.apache.hadoop.hdfs.server.namenode.SecondaryNameNode: SHUTDOWN_MSG: 
/************************************************************
SHUTDOWN_MSG: Shutting down SecondaryNameNode at ubuntu/127.0.1.1
************************************************************/
2014-03-31 20:04:17,510 INFO org.apache.hadoop.hdfs.server.namenode.SecondaryNameNode: STARTUP_MSG: 
/************************************************************
STARTUP_MSG: Starting SecondaryNameNode
STARTUP_MSG:   host = ubuntu/127.0.1.1
STARTUP_MSG:   args = []
STARTUP_MSG:   version = 2.2.0
STARTUP_MSG:   classpath = /home/hduser/PatchedDistro/patched_hadoop/etc/hadoop:/home/hduser/PatchedDistro/patched_hadoop/share/hadoop/common/lib/avro-1.7.4.jar:/home/hduser/PatchedDistro/patched_hadoop/share/hadoop/common/lib/jsp-api-2.1.jar:/home/hduser/PatchedDistro/patched_hadoop/share/hadoop/common/lib/jersey-json-1.9.jar:/home/hduser/PatchedDistro/patched_hadoop/share/hadoop/common/lib/commons-beanutils-core-1.8.0.jar:/home/hduser/PatchedDistro/patched_hadoop/share/hadoop/common/lib/jsch-0.1.42.jar:/home/hduser/PatchedDistro/patched_hadoop/share/hadoop/common/lib/stax-api-1.0.1.jar:/home/hduser/PatchedDistro/patched_hadoop/share/hadoop/common/lib/jackson-mapper-asl-1.8.8.jar:/home/hduser/PatchedDistro/patched_hadoop/share/hadoop/common/lib/jsr305-1.3.9.jar:/home/hduser/PatchedDistro/patched_hadoop/share/hadoop/common/lib/slf4j-api-1.7.5.jar:/home/hduser/PatchedDistro/patched_hadoop/share/hadoop/common/lib/jackson-jaxrs-1.8.8.jar:/home/hduser/PatchedDistro/patched_hadoop/share/hadoop/common/lib/guava-11.0.2.jar:/home/hduser/PatchedDistro/patched_hadoop/share/hadoop/common/lib/activation-1.1.jar:/home/hduser/PatchedDistro/patched_hadoop/share/hadoop/common/lib/jetty-6.1.26.jar:/home/hduser/PatchedDistro/patched_hadoop/share/hadoop/common/lib/jackson-xc-1.8.8.jar:/home/hduser/PatchedDistro/patched_hadoop/share/hadoop/common/lib/commons-collections-3.2.1.jar:/home/hduser/PatchedDistro/patched_hadoop/share/hadoop/common/lib/log4j-1.2.17.jar:/home/hduser/PatchedDistro/patched_hadoop/share/hadoop/common/lib/protobuf-java-2.5.0.jar:/home/hduser/PatchedDistro/patched_hadoop/share/hadoop/common/lib/slf4j-log4j12-1.7.5.jar:/home/hduser/PatchedDistro/patched_hadoop/share/hadoop/common/lib/jettison-1.1.jar:/home/hduser/PatchedDistro/patched_hadoop/share/hadoop/common/lib/commons-compress-1.4.1.jar:/home/hduser/PatchedDistro/patched_hadoop/share/hadoop/common/lib/hadoop-auth-2.2.0.jar:/home/hduser/PatchedDistro/patched_hadoop/share/hadoop/common/lib/jasper-runtime-5.5.23.jar:/home/hduser/PatchedDistro/patched_hadoop/share/hadoop/common/lib/paranamer-2.3.jar:/home/hduser/PatchedDistro/patched_hadoop/share/hadoop/common/lib/jersey-server-1.9.jar:/home/hduser/PatchedDistro/patched_hadoop/share/hadoop/common/lib/commons-codec-1.4.jar:/home/hduser/PatchedDistro/patched_hadoop/share/hadoop/common/lib/jets3t-0.6.1.jar:/home/hduser/PatchedDistro/patched_hadoop/share/hadoop/common/lib/commons-digester-1.8.jar:/home/hduser/PatchedDistro/patched_hadoop/share/hadoop/common/lib/jersey-core-1.9.jar:/home/hduser/PatchedDistro/patched_hadoop/share/hadoop/common/lib/xz-1.0.jar:/home/hduser/PatchedDistro/patched_hadoop/share/hadoop/common/lib/servlet-api-2.5.jar:/home/hduser/PatchedDistro/patched_hadoop/share/hadoop/common/lib/netty-3.6.2.Final.jar:/home/hduser/PatchedDistro/patched_hadoop/share/hadoop/common/lib/commons-logging-1.1.1.jar:/home/hduser/PatchedDistro/patched_hadoop/share/hadoop/common/lib/commons-net-3.1.jar:/home/hduser/PatchedDistro/patched_hadoop/share/hadoop/common/lib/xmlenc-0.52.jar:/home/hduser/PatchedDistro/patched_hadoop/share/hadoop/common/lib/jackson-core-asl-1.8.8.jar:/home/hduser/PatchedDistro/patched_hadoop/share/hadoop/common/lib/hadoop-annotations-2.2.0.jar:/home/hduser/PatchedDistro/patched_hadoop/share/hadoop/common/lib/commons-math-2.1.jar:/home/hduser/PatchedDistro/patched_hadoop/share/hadoop/common/lib/junit-4.8.2.jar:/home/hduser/PatchedDistro/patched_hadoop/share/hadoop/common/lib/commons-httpclient-3.1.jar:/home/hduser/PatchedDistro/patched_hadoop/share/hadoop/common/lib/jetty-util-6.1.26.jar:/home/hduser/PatchedDistro/patched_hadoop/share/hadoop/common/lib/jasper-compiler-5.5.23.jar:/home/hduser/PatchedDistro/patched_hadoop/share/hadoop/common/lib/snappy-java-1.0.4.1.jar:/home/hduser/PatchedDistro/patched_hadoop/share/hadoop/common/lib/zookeeper-3.4.5.jar:/home/hduser/PatchedDistro/patched_hadoop/share/hadoop/common/lib/commons-io-2.1.jar:/home/hduser/PatchedDistro/patched_hadoop/share/hadoop/common/lib/asm-3.2.jar:/home/hduser/PatchedDistro/patched_hadoop/share/hadoop/common/lib/jaxb-impl-2.2.3-1.jar:/home/hduser/PatchedDistro/patched_hadoop/share/hadoop/common/lib/mockito-all-1.8.5.jar:/home/hduser/PatchedDistro/patched_hadoop/share/hadoop/common/lib/commons-configuration-1.6.jar:/home/hduser/PatchedDistro/patched_hadoop/share/hadoop/common/lib/jaxb-api-2.2.2.jar:/home/hduser/PatchedDistro/patched_hadoop/share/hadoop/common/lib/commons-lang-2.5.jar:/home/hduser/PatchedDistro/patched_hadoop/share/hadoop/common/lib/commons-el-1.0.jar:/home/hduser/PatchedDistro/patched_hadoop/share/hadoop/common/lib/commons-beanutils-1.7.0.jar:/home/hduser/PatchedDistro/patched_hadoop/share/hadoop/common/lib/commons-cli-1.2.jar:/home/hduser/PatchedDistro/patched_hadoop/share/hadoop/common/hadoop-common-2.2.0-tests.jar:/home/hduser/PatchedDistro/patched_hadoop/share/hadoop/common/hadoop-common-2.2.0.jar:/home/hduser/PatchedDistro/patched_hadoop/share/hadoop/common/hadoop-nfs-2.2.0.jar:/home/hduser/PatchedDistro/patched_hadoop/share/hadoop/hdfs:/home/hduser/PatchedDistro/patched_hadoop/share/hadoop/hdfs/lib/jsp-api-2.1.jar:/home/hduser/PatchedDistro/patched_hadoop/share/hadoop/hdfs/lib/jackson-mapper-asl-1.8.8.jar:/home/hduser/PatchedDistro/patched_hadoop/share/hadoop/hdfs/lib/jsr305-1.3.9.jar:/home/hduser/PatchedDistro/patched_hadoop/share/hadoop/hdfs/lib/guava-11.0.2.jar:/home/hduser/PatchedDistro/patched_hadoop/share/hadoop/hdfs/lib/jetty-6.1.26.jar:/home/hduser/PatchedDistro/patched_hadoop/share/hadoop/hdfs/lib/log4j-1.2.17.jar:/home/hduser/PatchedDistro/patched_hadoop/share/hadoop/hdfs/lib/protobuf-java-2.5.0.jar:/home/hduser/PatchedDistro/patched_hadoop/share/hadoop/hdfs/lib/jasper-runtime-5.5.23.jar:/home/hduser/PatchedDistro/patched_hadoop/share/hadoop/hdfs/lib/commons-daemon-1.0.13.jar:/home/hduser/PatchedDistro/patched_hadoop/share/hadoop/hdfs/lib/jersey-server-1.9.jar:/home/hduser/PatchedDistro/patched_hadoop/share/hadoop/hdfs/lib/commons-codec-1.4.jar:/home/hduser/PatchedDistro/patched_hadoop/share/hadoop/hdfs/lib/jersey-core-1.9.jar:/home/hduser/PatchedDistro/patched_hadoop/share/hadoop/hdfs/lib/servlet-api-2.5.jar:/home/hduser/PatchedDistro/patched_hadoop/share/hadoop/hdfs/lib/netty-3.6.2.Final.jar:/home/hduser/PatchedDistro/patched_hadoop/share/hadoop/hdfs/lib/commons-logging-1.1.1.jar:/home/hduser/PatchedDistro/patched_hadoop/share/hadoop/hdfs/lib/xmlenc-0.52.jar:/home/hduser/PatchedDistro/patched_hadoop/share/hadoop/hdfs/lib/jackson-core-asl-1.8.8.jar:/home/hduser/PatchedDistro/patched_hadoop/share/hadoop/hdfs/lib/jetty-util-6.1.26.jar:/home/hduser/PatchedDistro/patched_hadoop/share/hadoop/hdfs/lib/commons-io-2.1.jar:/home/hduser/PatchedDistro/patched_hadoop/share/hadoop/hdfs/lib/asm-3.2.jar:/home/hduser/PatchedDistro/patched_hadoop/share/hadoop/hdfs/lib/commons-lang-2.5.jar:/home/hduser/PatchedDistro/patched_hadoop/share/hadoop/hdfs/lib/commons-el-1.0.jar:/home/hduser/PatchedDistro/patched_hadoop/share/hadoop/hdfs/lib/commons-cli-1.2.jar:/home/hduser/PatchedDistro/patched_hadoop/share/hadoop/hdfs/hadoop-hdfs-nfs-2.2.0.jar:/home/hduser/PatchedDistro/patched_hadoop/share/hadoop/hdfs/hadoop-hdfs-2.2.0-tests.jar:/home/hduser/PatchedDistro/patched_hadoop/share/hadoop/hdfs/hadoop-hdfs-2.2.0.jar:/home/hduser/PatchedDistro/patched_hadoop/share/hadoop/yarn/lib/javax.inject-1.jar:/home/hduser/PatchedDistro/patched_hadoop/share/hadoop/yarn/lib/avro-1.7.4.jar:/home/hduser/PatchedDistro/patched_hadoop/share/hadoop/yarn/lib/jackson-mapper-asl-1.8.8.jar:/home/hduser/PatchedDistro/patched_hadoop/share/hadoop/yarn/lib/guice-servlet-3.0.jar:/home/hduser/PatchedDistro/patched_hadoop/share/hadoop/yarn/lib/log4j-1.2.17.jar:/home/hduser/PatchedDistro/patched_hadoop/share/hadoop/yarn/lib/protobuf-java-2.5.0.jar:/home/hduser/PatchedDistro/patched_hadoop/share/hadoop/yarn/lib/commons-compress-1.4.1.jar:/home/hduser/PatchedDistro/patched_hadoop/share/hadoop/yarn/lib/hamcrest-core-1.1.jar:/home/hduser/PatchedDistro/patched_hadoop/share/hadoop/yarn/lib/paranamer-2.3.jar:/home/hduser/PatchedDistro/patched_hadoop/share/hadoop/yarn/lib/jersey-server-1.9.jar:/home/hduser/PatchedDistro/patched_hadoop/share/hadoop/yarn/lib/jersey-core-1.9.jar:/home/hduser/PatchedDistro/patched_hadoop/share/hadoop/yarn/lib/xz-1.0.jar:/home/hduser/PatchedDistro/patched_hadoop/share/hadoop/yarn/lib/junit-4.10.jar:/home/hduser/PatchedDistro/patched_hadoop/share/hadoop/yarn/lib/guice-3.0.jar:/home/hduser/PatchedDistro/patched_hadoop/share/hadoop/yarn/lib/netty-3.6.2.Final.jar:/home/hduser/PatchedDistro/patched_hadoop/share/hadoop/yarn/lib/jackson-core-asl-1.8.8.jar:/home/hduser/PatchedDistro/patched_hadoop/share/hadoop/yarn/lib/hadoop-annotations-2.2.0.jar:/home/hduser/PatchedDistro/patched_hadoop/share/hadoop/yarn/lib/jersey-guice-1.9.jar:/home/hduser/PatchedDistro/patched_hadoop/share/hadoop/yarn/lib/snappy-java-1.0.4.1.jar:/home/hduser/PatchedDistro/patched_hadoop/share/hadoop/yarn/lib/commons-io-2.1.jar:/home/hduser/PatchedDistro/patched_hadoop/share/hadoop/yarn/lib/asm-3.2.jar:/home/hduser/PatchedDistro/patched_hadoop/share/hadoop/yarn/lib/aopalliance-1.0.jar:/home/hduser/PatchedDistro/patched_hadoop/share/hadoop/yarn/hadoop-yarn-server-resourcemanager-2.2.0.jar:/home/hduser/PatchedDistro/patched_hadoop/share/hadoop/yarn/hadoop-yarn-applications-unmanaged-am-launcher-2.2.0.jar:/home/hduser/PatchedDistro/patched_hadoop/share/hadoop/yarn/hadoop-yarn-server-common-2.2.0.jar:/home/hduser/PatchedDistro/patched_hadoop/share/hadoop/yarn/hadoop-yarn-applications-distributedshell-2.2.0.jar:/home/hduser/PatchedDistro/patched_hadoop/share/hadoop/yarn/hadoop-yarn-server-web-proxy-2.2.0.jar:/home/hduser/PatchedDistro/patched_hadoop/share/hadoop/yarn/hadoop-yarn-common-2.2.0.jar:/home/hduser/PatchedDistro/patched_hadoop/share/hadoop/yarn/hadoop-yarn-client-2.2.0.jar:/home/hduser/PatchedDistro/patched_hadoop/share/hadoop/yarn/hadoop-yarn-server-nodemanager-2.2.0.jar:/home/hduser/PatchedDistro/patched_hadoop/share/hadoop/yarn/hadoop-yarn-server-tests-2.2.0.jar:/home/hduser/PatchedDistro/patched_hadoop/share/hadoop/yarn/hadoop-yarn-api-2.2.0.jar:/home/hduser/PatchedDistro/patched_hadoop/share/hadoop/yarn/hadoop-yarn-site-2.2.0.jar:/home/hduser/PatchedDistro/patched_hadoop/share/hadoop/mapreduce/lib/javax.inject-1.jar:/home/hduser/PatchedDistro/patched_hadoop/share/hadoop/mapreduce/lib/avro-1.7.4.jar:/home/hduser/PatchedDistro/patched_hadoop/share/hadoop/mapreduce/lib/jackson-mapper-asl-1.8.8.jar:/home/hduser/PatchedDistro/patched_hadoop/share/hadoop/mapreduce/lib/guice-servlet-3.0.jar:/home/hduser/PatchedDistro/patched_hadoop/share/hadoop/mapreduce/lib/log4j-1.2.17.jar:/home/hduser/PatchedDistro/patched_hadoop/share/hadoop/mapreduce/lib/protobuf-java-2.5.0.jar:/home/hduser/PatchedDistro/patched_hadoop/share/hadoop/mapreduce/lib/commons-compress-1.4.1.jar:/home/hduser/PatchedDistro/patched_hadoop/share/hadoop/mapreduce/lib/hamcrest-core-1.1.jar:/home/hduser/PatchedDistro/patched_hadoop/share/hadoop/mapreduce/lib/paranamer-2.3.jar:/home/hduser/PatchedDistro/patched_hadoop/share/hadoop/mapreduce/lib/jersey-server-1.9.jar:/home/hduser/PatchedDistro/patched_hadoop/share/hadoop/mapreduce/lib/jersey-core-1.9.jar:/home/hduser/PatchedDistro/patched_hadoop/share/hadoop/mapreduce/lib/xz-1.0.jar:/home/hduser/PatchedDistro/patched_hadoop/share/hadoop/mapreduce/lib/junit-4.10.jar:/home/hduser/PatchedDistro/patched_hadoop/share/hadoop/mapreduce/lib/guice-3.0.jar:/home/hduser/PatchedDistro/patched_hadoop/share/hadoop/mapreduce/lib/netty-3.6.2.Final.jar:/home/hduser/PatchedDistro/patched_hadoop/share/hadoop/mapreduce/lib/jackson-core-asl-1.8.8.jar:/home/hduser/PatchedDistro/patched_hadoop/share/hadoop/mapreduce/lib/hadoop-annotations-2.2.0.jar:/home/hduser/PatchedDistro/patched_hadoop/share/hadoop/mapreduce/lib/jersey-guice-1.9.jar:/home/hduser/PatchedDistro/patched_hadoop/share/hadoop/mapreduce/lib/snappy-java-1.0.4.1.jar:/home/hduser/PatchedDistro/patched_hadoop/share/hadoop/mapreduce/lib/commons-io-2.1.jar:/home/hduser/PatchedDistro/patched_hadoop/share/hadoop/mapreduce/lib/asm-3.2.jar:/home/hduser/PatchedDistro/patched_hadoop/share/hadoop/mapreduce/lib/aopalliance-1.0.jar:/home/hduser/PatchedDistro/patched_hadoop/share/hadoop/mapreduce/hadoop-mapreduce-client-app-2.2.0.jar:/home/hduser/PatchedDistro/patched_hadoop/share/hadoop/mapreduce/hadoop-mapreduce-examples-2.2.0.jar:/home/hduser/PatchedDistro/patched_hadoop/share/hadoop/mapreduce/hadoop-mapreduce-client-core-2.2.0.jar:/home/hduser/PatchedDistro/patched_hadoop/share/hadoop/mapreduce/hadoop-mapreduce-client-jobclient-2.2.0.jar:/home/hduser/PatchedDistro/patched_hadoop/share/hadoop/mapreduce/hadoop-mapreduce-client-shuffle-2.2.0.jar:/home/hduser/PatchedDistro/patched_hadoop/share/hadoop/mapreduce/hadoop-mapreduce-client-hs-plugins-2.2.0.jar:/home/hduser/PatchedDistro/patched_hadoop/share/hadoop/mapreduce/hadoop-mapreduce-client-common-2.2.0.jar:/home/hduser/PatchedDistro/patched_hadoop/share/hadoop/mapreduce/hadoop-mapreduce-client-jobclient-2.2.0-tests.jar:/home/hduser/PatchedDistro/patched_hadoop/share/hadoop/mapreduce/hadoop-mapreduce-client-hs-2.2.0.jar:/contrib/capacity-scheduler/*.jar:/contrib/capacity-scheduler/*.jar:/contrib/capacity-scheduler/*.jar
STARTUP_MSG:   build = Unknown -r Unknown; compiled by 'root' on 2014-03-31T23:45Z
STARTUP_MSG:   java = 1.7.0_51
************************************************************/
2014-03-31 20:04:17,518 INFO org.apache.hadoop.hdfs.server.namenode.SecondaryNameNode: registered UNIX signal handlers for [TERM, HUP, INT]
2014-03-31 20:04:25,363 WARN org.apache.hadoop.util.NativeCodeLoader: Unable to load native-hadoop library for your platform... using builtin-java classes where applicable
2014-03-31 20:04:25,513 INFO org.apache.hadoop.metrics2.impl.MetricsConfig: loaded properties from hadoop-metrics2.properties
2014-03-31 20:04:25,581 INFO org.apache.hadoop.metrics2.impl.MetricsSystemImpl: Scheduled snapshot period at 10 second(s).
2014-03-31 20:04:25,582 INFO org.apache.hadoop.metrics2.impl.MetricsSystemImpl: SecondaryNameNode metrics system started
2014-03-31 20:04:25,818 INFO org.apache.hadoop.hdfs.server.common.Storage: Lock on /tmp/hadoop-hduser/dfs/namesecondary/in_use.lock acquired by nodename 22680@ubuntu
2014-03-31 20:04:25,865 INFO org.apache.hadoop.hdfs.server.namenode.HostFileManager: read includes:
HostSet(
)
2014-03-31 20:04:25,865 INFO org.apache.hadoop.hdfs.server.namenode.HostFileManager: read excludes:
HostSet(
)
2014-03-31 20:04:25,867 INFO org.apache.hadoop.hdfs.server.blockmanagement.DatanodeManager: dfs.block.invalidate.limit=1000
2014-03-31 20:04:25,869 INFO org.apache.hadoop.util.GSet: Computing capacity for map BlocksMap
2014-03-31 20:04:25,869 INFO org.apache.hadoop.util.GSet: VM type       = 32-bit
2014-03-31 20:04:25,869 INFO org.apache.hadoop.util.GSet: 2.0% max memory = 889 MB
2014-03-31 20:04:25,869 INFO org.apache.hadoop.util.GSet: capacity      = 2^22 = 4194304 entries
2014-03-31 20:04:25,934 INFO org.apache.hadoop.hdfs.server.blockmanagement.BlockManager: dfs.block.access.token.enable=false
2014-03-31 20:04:25,935 INFO org.apache.hadoop.hdfs.server.blockmanagement.BlockManager: defaultReplication         = 1
2014-03-31 20:04:25,935 INFO org.apache.hadoop.hdfs.server.blockmanagement.BlockManager: maxReplication             = 512
2014-03-31 20:04:25,935 INFO org.apache.hadoop.hdfs.server.blockmanagement.BlockManager: minReplication             = 1
2014-03-31 20:04:25,935 INFO org.apache.hadoop.hdfs.server.blockmanagement.BlockManager: maxReplicationStreams      = 2
2014-03-31 20:04:25,935 INFO org.apache.hadoop.hdfs.server.blockmanagement.BlockManager: shouldCheckForEnoughRacks  = false
2014-03-31 20:04:25,935 INFO org.apache.hadoop.hdfs.server.blockmanagement.BlockManager: replicationRecheckInterval = 3000
2014-03-31 20:04:25,935 INFO org.apache.hadoop.hdfs.server.blockmanagement.BlockManager: encryptDataTransfer        = false
2014-03-31 20:04:25,935 INFO org.apache.hadoop.hdfs.server.namenode.FSNamesystem: fsOwner             = hduser (auth:SIMPLE)
2014-03-31 20:04:25,935 INFO org.apache.hadoop.hdfs.server.namenode.FSNamesystem: supergroup          = supergroup
2014-03-31 20:04:25,935 INFO org.apache.hadoop.hdfs.server.namenode.FSNamesystem: isPermissionEnabled = true
2014-03-31 20:04:25,935 INFO org.apache.hadoop.hdfs.server.namenode.FSNamesystem: HA Enabled: false
2014-03-31 20:04:25,937 INFO org.apache.hadoop.hdfs.server.namenode.FSNamesystem: Append Enabled: true
2014-03-31 20:04:25,984 INFO org.apache.hadoop.util.GSet: Computing capacity for map INodeMap
2014-03-31 20:04:25,984 INFO org.apache.hadoop.util.GSet: VM type       = 32-bit
2014-03-31 20:04:25,984 INFO org.apache.hadoop.util.GSet: 1.0% max memory = 889 MB
2014-03-31 20:04:25,984 INFO org.apache.hadoop.util.GSet: capacity      = 2^21 = 2097152 entries
2014-03-31 20:04:25,985 INFO org.apache.hadoop.hdfs.server.namenode.NameNode: Caching file names occuring more than 10 times
2014-03-31 20:04:25,988 INFO org.apache.hadoop.hdfs.server.namenode.FSNamesystem: dfs.namenode.safemode.threshold-pct = 0.9990000128746033
2014-03-31 20:04:25,988 INFO org.apache.hadoop.hdfs.server.namenode.FSNamesystem: dfs.namenode.safemode.min.datanodes = 0
2014-03-31 20:04:25,988 INFO org.apache.hadoop.hdfs.server.namenode.FSNamesystem: dfs.namenode.safemode.extension     = 30000
2014-03-31 20:04:26,017 INFO org.mortbay.log: Logging to org.slf4j.impl.Log4jLoggerAdapter(org.mortbay.log) via org.mortbay.log.Slf4jLog
2014-03-31 20:04:26,057 INFO org.apache.hadoop.http.HttpServer: Added global filter 'safety' (class=org.apache.hadoop.http.HttpServer$QuotingInputFilter)
2014-03-31 20:04:26,059 INFO org.apache.hadoop.http.HttpServer: Added filter static_user_filter (class=org.apache.hadoop.http.lib.StaticUserWebFilter$StaticUserFilter) to context secondary
2014-03-31 20:04:26,059 INFO org.apache.hadoop.http.HttpServer: Added filter static_user_filter (class=org.apache.hadoop.http.lib.StaticUserWebFilter$StaticUserFilter) to context static
2014-03-31 20:04:26,059 INFO org.apache.hadoop.http.HttpServer: Added filter static_user_filter (class=org.apache.hadoop.http.lib.StaticUserWebFilter$StaticUserFilter) to context logs
2014-03-31 20:04:26,067 INFO org.apache.hadoop.http.HttpServer: Jetty bound to port 50090
2014-03-31 20:04:26,067 INFO org.mortbay.log: jetty-6.1.26
2014-03-31 20:04:26,263 INFO org.mortbay.log: Started SelectChannelConnector@0.0.0.0:50090
2014-03-31 20:04:26,263 INFO org.apache.hadoop.hdfs.server.namenode.SecondaryNameNode: Web server init done
2014-03-31 20:04:26,264 INFO org.apache.hadoop.hdfs.server.namenode.SecondaryNameNode: Secondary Web-server up at: 0.0.0.0:50090
2014-03-31 20:04:26,265 INFO org.apache.hadoop.hdfs.server.namenode.SecondaryNameNode: Checkpoint Period   :3600 secs (60 min)
2014-03-31 20:04:26,265 INFO org.apache.hadoop.hdfs.server.namenode.SecondaryNameNode: Log Size Trigger    :1000000 txns
2014-03-31 20:05:26,418 INFO org.apache.hadoop.hdfs.server.namenode.SecondaryNameNode: Image has changed. Downloading updated image from NN.
2014-03-31 20:05:26,420 INFO org.apache.hadoop.hdfs.server.namenode.TransferFsImage: Opening connection to http://localhost:50070/getimage?getimage=1&txid=6442&storageInfo=-47:833617026:0:CID-064fb2ea-3ab7-4dcf-82a2-e166e9cd8855
2014-03-31 20:05:26,523 INFO org.apache.hadoop.hdfs.server.namenode.TransferFsImage: Transfer took 0.10s at 407.77 KB/s
2014-03-31 20:05:26,523 INFO org.apache.hadoop.hdfs.server.namenode.TransferFsImage: Downloaded file fsimage.ckpt_0000000000000006442 size 43065 bytes.
2014-03-31 20:05:26,528 INFO org.apache.hadoop.hdfs.server.namenode.TransferFsImage: Opening connection to http://localhost:50070/getimage?getedit=1&startTxId=6443&endTxId=6443&storageInfo=-47:833617026:0:CID-064fb2ea-3ab7-4dcf-82a2-e166e9cd8855
2014-03-31 20:05:26,538 INFO org.apache.hadoop.hdfs.server.namenode.TransferFsImage: Transfer took 0.01s at 102400.00 KB/s
2014-03-31 20:05:26,538 INFO org.apache.hadoop.hdfs.server.namenode.TransferFsImage: Downloaded file edits_tmp_0000000000000006443-0000000000000006443_0000001396321526528 size 0 bytes.
2014-03-31 20:05:26,538 INFO org.apache.hadoop.hdfs.server.namenode.TransferFsImage: Opening connection to http://localhost:50070/getimage?getedit=1&startTxId=6444&endTxId=6512&storageInfo=-47:833617026:0:CID-064fb2ea-3ab7-4dcf-82a2-e166e9cd8855
2014-03-31 20:05:26,541 INFO org.apache.hadoop.hdfs.server.namenode.TransferFsImage: Transfer took 0.00s at 4000.00 KB/s
2014-03-31 20:05:26,541 INFO org.apache.hadoop.hdfs.server.namenode.TransferFsImage: Downloaded file edits_tmp_0000000000000006444-0000000000000006512_0000001396321526538 size 0 bytes.
2014-03-31 20:05:26,571 INFO org.apache.hadoop.hdfs.server.namenode.FSImage: Loading image file /tmp/hadoop-hduser/dfs/namesecondary/current/fsimage_0000000000000006442 using no compression
2014-03-31 20:05:26,571 INFO org.apache.hadoop.hdfs.server.namenode.FSImage: Number of files = 332
2014-03-31 20:05:26,593 INFO org.apache.hadoop.hdfs.server.namenode.FSImage: Number of files under construction = 0
2014-03-31 20:05:26,593 INFO org.apache.hadoop.hdfs.server.namenode.FSImage: Image file /tmp/hadoop-hduser/dfs/namesecondary/current/fsimage_0000000000000006442 of size 43065 bytes loaded in 0 seconds.
2014-03-31 20:05:26,593 INFO org.apache.hadoop.hdfs.server.namenode.FSImage: Loaded image for txid 6442 from /tmp/hadoop-hduser/dfs/namesecondary/current/fsimage_0000000000000006442
2014-03-31 20:05:26,594 INFO org.apache.hadoop.hdfs.server.namenode.NameCache: initialized with 2 entries 35 lookups
2014-03-31 20:05:26,599 INFO org.apache.hadoop.hdfs.server.namenode.Checkpointer: Checkpointer about to load edits from 2 stream(s).
2014-03-31 20:05:26,601 INFO org.apache.hadoop.hdfs.server.namenode.FSImage: Reading /tmp/hadoop-hduser/dfs/namesecondary/current/edits_0000000000000006443-0000000000000006443 expecting start txid #6443
2014-03-31 20:05:26,601 INFO org.apache.hadoop.hdfs.server.namenode.FSImage: Start loading edits file /tmp/hadoop-hduser/dfs/namesecondary/current/edits_0000000000000006443-0000000000000006443
2014-03-31 20:05:26,611 INFO org.apache.hadoop.hdfs.server.namenode.FSImage: Edits file /tmp/hadoop-hduser/dfs/namesecondary/current/edits_0000000000000006443-0000000000000006443 of size 1048576 edits # 1 loaded in 0 seconds
2014-03-31 20:05:26,611 INFO org.apache.hadoop.hdfs.server.namenode.FSImage: Reading /tmp/hadoop-hduser/dfs/namesecondary/current/edits_0000000000000006444-0000000000000006512 expecting start txid #6444
2014-03-31 20:05:26,611 INFO org.apache.hadoop.hdfs.server.namenode.FSImage: Start loading edits file /tmp/hadoop-hduser/dfs/namesecondary/current/edits_0000000000000006444-0000000000000006512
2014-03-31 20:05:26,628 INFO org.apache.hadoop.hdfs.server.namenode.FSImage: Edits file /tmp/hadoop-hduser/dfs/namesecondary/current/edits_0000000000000006444-0000000000000006512 of size 8373 edits # 69 loaded in 0 seconds
2014-03-31 20:05:26,632 INFO org.apache.hadoop.hdfs.server.namenode.FSImage: Saving image file /tmp/hadoop-hduser/dfs/namesecondary/current/fsimage.ckpt_0000000000000006512 using no compression
2014-03-31 20:05:26,643 INFO org.apache.hadoop.hdfs.server.namenode.FSImage: Image file /tmp/hadoop-hduser/dfs/namesecondary/current/fsimage.ckpt_0000000000000006512 of size 43485 bytes saved in 0 seconds.
2014-03-31 20:05:26,646 INFO org.apache.hadoop.hdfs.server.namenode.NNStorageRetentionManager: Going to retain 2 images with txid >= 6442
2014-03-31 20:05:26,646 INFO org.apache.hadoop.hdfs.server.namenode.NNStorageRetentionManager: Purging old image FSImageFile(file=/tmp/hadoop-hduser/dfs/namesecondary/current/fsimage_0000000000000006438, cpktTxId=0000000000000006438)
2014-03-31 20:05:26,654 INFO org.apache.hadoop.hdfs.server.namenode.TransferFsImage: Opening connection to http://localhost:50070/getimage?putimage=1&txid=6512&port=50090&storageInfo=-47:833617026:0:CID-064fb2ea-3ab7-4dcf-82a2-e166e9cd8855
2014-03-31 20:05:26,787 INFO org.apache.hadoop.hdfs.server.namenode.TransferFsImage: Transfer took 0.13s at 0.00 KB/s
2014-03-31 20:05:26,787 INFO org.apache.hadoop.hdfs.server.namenode.TransferFsImage: Uploaded image with txid 6512 to namenode at localhost:50070
2014-03-31 20:05:26,787 WARN org.apache.hadoop.hdfs.server.namenode.SecondaryNameNode: Checkpoint done. New Image Size: 43485
