2014-05-04 23:23:26,571 INFO org.apache.hadoop.hdfs.server.namenode.NameNode: STARTUP_MSG: 
/************************************************************
STARTUP_MSG: Starting NameNode
STARTUP_MSG:   host = ip-10-0-0-158/10.0.0.158
STARTUP_MSG:   args = []
STARTUP_MSG:   version = 2.2.0
STARTUP_MSG:   classpath = /home/ubuntu/PatchedDistro/patched_hadoop/etc/hadoop:/home/ubuntu/PatchedDistro/patched_hadoop/share/hadoop/common/lib/commons-net-3.1.jar:/home/ubuntu/PatchedDistro/patched_hadoop/share/hadoop/common/lib/commons-httpclient-3.1.jar:/home/ubuntu/PatchedDistro/patched_hadoop/share/hadoop/common/lib/jersey-json-1.9.jar:/home/ubuntu/PatchedDistro/patched_hadoop/share/hadoop/common/lib/jaxb-impl-2.2.3-1.jar:/home/ubuntu/PatchedDistro/patched_hadoop/share/hadoop/common/lib/commons-digester-1.8.jar:/home/ubuntu/PatchedDistro/patched_hadoop/share/hadoop/common/lib/hadoop-annotations-2.2.0.jar:/home/ubuntu/PatchedDistro/patched_hadoop/share/hadoop/common/lib/guava-11.0.2.jar:/home/ubuntu/PatchedDistro/patched_hadoop/share/hadoop/common/lib/jettison-1.1.jar:/home/ubuntu/PatchedDistro/patched_hadoop/share/hadoop/common/lib/commons-math-2.1.jar:/home/ubuntu/PatchedDistro/patched_hadoop/share/hadoop/common/lib/commons-configuration-1.6.jar:/home/ubuntu/PatchedDistro/patched_hadoop/share/hadoop/common/lib/jsr305-1.3.9.jar:/home/ubuntu/PatchedDistro/patched_hadoop/share/hadoop/common/lib/activation-1.1.jar:/home/ubuntu/PatchedDistro/patched_hadoop/share/hadoop/common/lib/jackson-core-asl-1.8.8.jar:/home/ubuntu/PatchedDistro/patched_hadoop/share/hadoop/common/lib/jackson-xc-1.8.8.jar:/home/ubuntu/PatchedDistro/patched_hadoop/share/hadoop/common/lib/jersey-server-1.9.jar:/home/ubuntu/PatchedDistro/patched_hadoop/share/hadoop/common/lib/slf4j-log4j12-1.7.5.jar:/home/ubuntu/PatchedDistro/patched_hadoop/share/hadoop/common/lib/jersey-core-1.9.jar:/home/ubuntu/PatchedDistro/patched_hadoop/share/hadoop/common/lib/commons-cli-1.2.jar:/home/ubuntu/PatchedDistro/patched_hadoop/share/hadoop/common/lib/commons-lang-2.5.jar:/home/ubuntu/PatchedDistro/patched_hadoop/share/hadoop/common/lib/jsp-api-2.1.jar:/home/ubuntu/PatchedDistro/patched_hadoop/share/hadoop/common/lib/asm-3.2.jar:/home/ubuntu/PatchedDistro/patched_hadoop/share/hadoop/common/lib/snappy-java-1.0.4.1.jar:/home/ubuntu/PatchedDistro/patched_hadoop/share/hadoop/common/lib/zookeeper-3.4.5.jar:/home/ubuntu/PatchedDistro/patched_hadoop/share/hadoop/common/lib/jaxb-api-2.2.2.jar:/home/ubuntu/PatchedDistro/patched_hadoop/share/hadoop/common/lib/slf4j-api-1.7.5.jar:/home/ubuntu/PatchedDistro/patched_hadoop/share/hadoop/common/lib/commons-collections-3.2.1.jar:/home/ubuntu/PatchedDistro/patched_hadoop/share/hadoop/common/lib/jasper-runtime-5.5.23.jar:/home/ubuntu/PatchedDistro/patched_hadoop/share/hadoop/common/lib/jackson-jaxrs-1.8.8.jar:/home/ubuntu/PatchedDistro/patched_hadoop/share/hadoop/common/lib/commons-beanutils-1.7.0.jar:/home/ubuntu/PatchedDistro/patched_hadoop/share/hadoop/common/lib/paranamer-2.3.jar:/home/ubuntu/PatchedDistro/patched_hadoop/share/hadoop/common/lib/junit-4.8.2.jar:/home/ubuntu/PatchedDistro/patched_hadoop/share/hadoop/common/lib/commons-codec-1.4.jar:/home/ubuntu/PatchedDistro/patched_hadoop/share/hadoop/common/lib/commons-el-1.0.jar:/home/ubuntu/PatchedDistro/patched_hadoop/share/hadoop/common/lib/mockito-all-1.8.5.jar:/home/ubuntu/PatchedDistro/patched_hadoop/share/hadoop/common/lib/jetty-util-6.1.26.jar:/home/ubuntu/PatchedDistro/patched_hadoop/share/hadoop/common/lib/commons-beanutils-core-1.8.0.jar:/home/ubuntu/PatchedDistro/patched_hadoop/share/hadoop/common/lib/commons-compress-1.4.1.jar:/home/ubuntu/PatchedDistro/patched_hadoop/share/hadoop/common/lib/jsch-0.1.42.jar:/home/ubuntu/PatchedDistro/patched_hadoop/share/hadoop/common/lib/protobuf-java-2.5.0.jar:/home/ubuntu/PatchedDistro/patched_hadoop/share/hadoop/common/lib/stax-api-1.0.1.jar:/home/ubuntu/PatchedDistro/patched_hadoop/share/hadoop/common/lib/xz-1.0.jar:/home/ubuntu/PatchedDistro/patched_hadoop/share/hadoop/common/lib/jackson-mapper-asl-1.8.8.jar:/home/ubuntu/PatchedDistro/patched_hadoop/share/hadoop/common/lib/jasper-compiler-5.5.23.jar:/home/ubuntu/PatchedDistro/patched_hadoop/share/hadoop/common/lib/servlet-api-2.5.jar:/home/ubuntu/PatchedDistro/patched_hadoop/share/hadoop/common/lib/avro-1.7.4.jar:/home/ubuntu/PatchedDistro/patched_hadoop/share/hadoop/common/lib/xmlenc-0.52.jar:/home/ubuntu/PatchedDistro/patched_hadoop/share/hadoop/common/lib/commons-logging-1.1.1.jar:/home/ubuntu/PatchedDistro/patched_hadoop/share/hadoop/common/lib/jetty-6.1.26.jar:/home/ubuntu/PatchedDistro/patched_hadoop/share/hadoop/common/lib/hadoop-auth-2.2.0.jar:/home/ubuntu/PatchedDistro/patched_hadoop/share/hadoop/common/lib/commons-io-2.1.jar:/home/ubuntu/PatchedDistro/patched_hadoop/share/hadoop/common/lib/netty-3.6.2.Final.jar:/home/ubuntu/PatchedDistro/patched_hadoop/share/hadoop/common/lib/log4j-1.2.17.jar:/home/ubuntu/PatchedDistro/patched_hadoop/share/hadoop/common/lib/jets3t-0.6.1.jar:/home/ubuntu/PatchedDistro/patched_hadoop/share/hadoop/common/hadoop-common-2.2.0.jar:/home/ubuntu/PatchedDistro/patched_hadoop/share/hadoop/common/hadoop-common-2.2.0-tests.jar:/home/ubuntu/PatchedDistro/patched_hadoop/share/hadoop/common/hadoop-nfs-2.2.0.jar:/home/ubuntu/PatchedDistro/patched_hadoop/share/hadoop/hdfs:/home/ubuntu/PatchedDistro/patched_hadoop/share/hadoop/hdfs/lib/commons-daemon-1.0.13.jar:/home/ubuntu/PatchedDistro/patched_hadoop/share/hadoop/hdfs/lib/guava-11.0.2.jar:/home/ubuntu/PatchedDistro/patched_hadoop/share/hadoop/hdfs/lib/jsr305-1.3.9.jar:/home/ubuntu/PatchedDistro/patched_hadoop/share/hadoop/hdfs/lib/jackson-core-asl-1.8.8.jar:/home/ubuntu/PatchedDistro/patched_hadoop/share/hadoop/hdfs/lib/jersey-server-1.9.jar:/home/ubuntu/PatchedDistro/patched_hadoop/share/hadoop/hdfs/lib/jersey-core-1.9.jar:/home/ubuntu/PatchedDistro/patched_hadoop/share/hadoop/hdfs/lib/commons-cli-1.2.jar:/home/ubuntu/PatchedDistro/patched_hadoop/share/hadoop/hdfs/lib/commons-lang-2.5.jar:/home/ubuntu/PatchedDistro/patched_hadoop/share/hadoop/hdfs/lib/jsp-api-2.1.jar:/home/ubuntu/PatchedDistro/patched_hadoop/share/hadoop/hdfs/lib/asm-3.2.jar:/home/ubuntu/PatchedDistro/patched_hadoop/share/hadoop/hdfs/lib/jasper-runtime-5.5.23.jar:/home/ubuntu/PatchedDistro/patched_hadoop/share/hadoop/hdfs/lib/commons-codec-1.4.jar:/home/ubuntu/PatchedDistro/patched_hadoop/share/hadoop/hdfs/lib/commons-el-1.0.jar:/home/ubuntu/PatchedDistro/patched_hadoop/share/hadoop/hdfs/lib/jetty-util-6.1.26.jar:/home/ubuntu/PatchedDistro/patched_hadoop/share/hadoop/hdfs/lib/protobuf-java-2.5.0.jar:/home/ubuntu/PatchedDistro/patched_hadoop/share/hadoop/hdfs/lib/jackson-mapper-asl-1.8.8.jar:/home/ubuntu/PatchedDistro/patched_hadoop/share/hadoop/hdfs/lib/servlet-api-2.5.jar:/home/ubuntu/PatchedDistro/patched_hadoop/share/hadoop/hdfs/lib/xmlenc-0.52.jar:/home/ubuntu/PatchedDistro/patched_hadoop/share/hadoop/hdfs/lib/commons-logging-1.1.1.jar:/home/ubuntu/PatchedDistro/patched_hadoop/share/hadoop/hdfs/lib/jetty-6.1.26.jar:/home/ubuntu/PatchedDistro/patched_hadoop/share/hadoop/hdfs/lib/commons-io-2.1.jar:/home/ubuntu/PatchedDistro/patched_hadoop/share/hadoop/hdfs/lib/netty-3.6.2.Final.jar:/home/ubuntu/PatchedDistro/patched_hadoop/share/hadoop/hdfs/lib/log4j-1.2.17.jar:/home/ubuntu/PatchedDistro/patched_hadoop/share/hadoop/hdfs/hadoop-hdfs-2.2.0-tests.jar:/home/ubuntu/PatchedDistro/patched_hadoop/share/hadoop/hdfs/hadoop-hdfs-2.2.0.jar:/home/ubuntu/PatchedDistro/patched_hadoop/share/hadoop/hdfs/hadoop-hdfs-nfs-2.2.0.jar:/home/ubuntu/PatchedDistro/patched_hadoop/share/hadoop/yarn/lib/hadoop-annotations-2.2.0.jar:/home/ubuntu/PatchedDistro/patched_hadoop/share/hadoop/yarn/lib/jackson-core-asl-1.8.8.jar:/home/ubuntu/PatchedDistro/patched_hadoop/share/hadoop/yarn/lib/guice-servlet-3.0.jar:/home/ubuntu/PatchedDistro/patched_hadoop/share/hadoop/yarn/lib/jersey-server-1.9.jar:/home/ubuntu/PatchedDistro/patched_hadoop/share/hadoop/yarn/lib/jersey-core-1.9.jar:/home/ubuntu/PatchedDistro/patched_hadoop/share/hadoop/yarn/lib/asm-3.2.jar:/home/ubuntu/PatchedDistro/patched_hadoop/share/hadoop/yarn/lib/snappy-java-1.0.4.1.jar:/home/ubuntu/PatchedDistro/patched_hadoop/share/hadoop/yarn/lib/jersey-guice-1.9.jar:/home/ubuntu/PatchedDistro/patched_hadoop/share/hadoop/yarn/lib/paranamer-2.3.jar:/home/ubuntu/PatchedDistro/patched_hadoop/share/hadoop/yarn/lib/commons-compress-1.4.1.jar:/home/ubuntu/PatchedDistro/patched_hadoop/share/hadoop/yarn/lib/protobuf-java-2.5.0.jar:/home/ubuntu/PatchedDistro/patched_hadoop/share/hadoop/yarn/lib/guice-3.0.jar:/home/ubuntu/PatchedDistro/patched_hadoop/share/hadoop/yarn/lib/hamcrest-core-1.1.jar:/home/ubuntu/PatchedDistro/patched_hadoop/share/hadoop/yarn/lib/xz-1.0.jar:/home/ubuntu/PatchedDistro/patched_hadoop/share/hadoop/yarn/lib/jackson-mapper-asl-1.8.8.jar:/home/ubuntu/PatchedDistro/patched_hadoop/share/hadoop/yarn/lib/aopalliance-1.0.jar:/home/ubuntu/PatchedDistro/patched_hadoop/share/hadoop/yarn/lib/junit-4.10.jar:/home/ubuntu/PatchedDistro/patched_hadoop/share/hadoop/yarn/lib/avro-1.7.4.jar:/home/ubuntu/PatchedDistro/patched_hadoop/share/hadoop/yarn/lib/javax.inject-1.jar:/home/ubuntu/PatchedDistro/patched_hadoop/share/hadoop/yarn/lib/commons-io-2.1.jar:/home/ubuntu/PatchedDistro/patched_hadoop/share/hadoop/yarn/lib/netty-3.6.2.Final.jar:/home/ubuntu/PatchedDistro/patched_hadoop/share/hadoop/yarn/lib/log4j-1.2.17.jar:/home/ubuntu/PatchedDistro/patched_hadoop/share/hadoop/yarn/hadoop-yarn-site-2.2.0.jar:/home/ubuntu/PatchedDistro/patched_hadoop/share/hadoop/yarn/hadoop-yarn-server-common-2.2.0.jar:/home/ubuntu/PatchedDistro/patched_hadoop/share/hadoop/yarn/hadoop-yarn-client-2.2.0.jar:/home/ubuntu/PatchedDistro/patched_hadoop/share/hadoop/yarn/hadoop-yarn-server-tests-2.2.0.jar:/home/ubuntu/PatchedDistro/patched_hadoop/share/hadoop/yarn/hadoop-yarn-applications-unmanaged-am-launcher-2.2.0.jar:/home/ubuntu/PatchedDistro/patched_hadoop/share/hadoop/yarn/hadoop-yarn-server-nodemanager-2.2.0.jar:/home/ubuntu/PatchedDistro/patched_hadoop/share/hadoop/yarn/hadoop-yarn-server-resourcemanager-2.2.0.jar:/home/ubuntu/PatchedDistro/patched_hadoop/share/hadoop/yarn/hadoop-yarn-common-2.2.0.jar:/home/ubuntu/PatchedDistro/patched_hadoop/share/hadoop/yarn/hadoop-yarn-api-2.2.0.jar:/home/ubuntu/PatchedDistro/patched_hadoop/share/hadoop/yarn/hadoop-yarn-server-web-proxy-2.2.0.jar:/home/ubuntu/PatchedDistro/patched_hadoop/share/hadoop/yarn/hadoop-yarn-applications-distributedshell-2.2.0.jar:/home/ubuntu/PatchedDistro/patched_hadoop/share/hadoop/mapreduce/lib/hadoop-annotations-2.2.0.jar:/home/ubuntu/PatchedDistro/patched_hadoop/share/hadoop/mapreduce/lib/jackson-core-asl-1.8.8.jar:/home/ubuntu/PatchedDistro/patched_hadoop/share/hadoop/mapreduce/lib/guice-servlet-3.0.jar:/home/ubuntu/PatchedDistro/patched_hadoop/share/hadoop/mapreduce/lib/jersey-server-1.9.jar:/home/ubuntu/PatchedDistro/patched_hadoop/share/hadoop/mapreduce/lib/jersey-core-1.9.jar:/home/ubuntu/PatchedDistro/patched_hadoop/share/hadoop/mapreduce/lib/asm-3.2.jar:/home/ubuntu/PatchedDistro/patched_hadoop/share/hadoop/mapreduce/lib/snappy-java-1.0.4.1.jar:/home/ubuntu/PatchedDistro/patched_hadoop/share/hadoop/mapreduce/lib/jersey-guice-1.9.jar:/home/ubuntu/PatchedDistro/patched_hadoop/share/hadoop/mapreduce/lib/paranamer-2.3.jar:/home/ubuntu/PatchedDistro/patched_hadoop/share/hadoop/mapreduce/lib/commons-compress-1.4.1.jar:/home/ubuntu/PatchedDistro/patched_hadoop/share/hadoop/mapreduce/lib/protobuf-java-2.5.0.jar:/home/ubuntu/PatchedDistro/patched_hadoop/share/hadoop/mapreduce/lib/guice-3.0.jar:/home/ubuntu/PatchedDistro/patched_hadoop/share/hadoop/mapreduce/lib/hamcrest-core-1.1.jar:/home/ubuntu/PatchedDistro/patched_hadoop/share/hadoop/mapreduce/lib/xz-1.0.jar:/home/ubuntu/PatchedDistro/patched_hadoop/share/hadoop/mapreduce/lib/jackson-mapper-asl-1.8.8.jar:/home/ubuntu/PatchedDistro/patched_hadoop/share/hadoop/mapreduce/lib/aopalliance-1.0.jar:/home/ubuntu/PatchedDistro/patched_hadoop/share/hadoop/mapreduce/lib/junit-4.10.jar:/home/ubuntu/PatchedDistro/patched_hadoop/share/hadoop/mapreduce/lib/avro-1.7.4.jar:/home/ubuntu/PatchedDistro/patched_hadoop/share/hadoop/mapreduce/lib/javax.inject-1.jar:/home/ubuntu/PatchedDistro/patched_hadoop/share/hadoop/mapreduce/lib/commons-io-2.1.jar:/home/ubuntu/PatchedDistro/patched_hadoop/share/hadoop/mapreduce/lib/netty-3.6.2.Final.jar:/home/ubuntu/PatchedDistro/patched_hadoop/share/hadoop/mapreduce/lib/log4j-1.2.17.jar:/home/ubuntu/PatchedDistro/patched_hadoop/share/hadoop/mapreduce/hadoop-mapreduce-client-app-2.2.0.jar:/home/ubuntu/PatchedDistro/patched_hadoop/share/hadoop/mapreduce/hadoop-mapreduce-examples-2.2.0.jar:/home/ubuntu/PatchedDistro/patched_hadoop/share/hadoop/mapreduce/hadoop-mapreduce-client-core-2.2.0.jar:/home/ubuntu/PatchedDistro/patched_hadoop/share/hadoop/mapreduce/hadoop-mapreduce-client-shuffle-2.2.0.jar:/home/ubuntu/PatchedDistro/patched_hadoop/share/hadoop/mapreduce/hadoop-mapreduce-client-jobclient-2.2.0.jar:/home/ubuntu/PatchedDistro/patched_hadoop/share/hadoop/mapreduce/hadoop-mapreduce-client-jobclient-2.2.0-tests.jar:/home/ubuntu/PatchedDistro/patched_hadoop/share/hadoop/mapreduce/hadoop-mapreduce-client-hs-2.2.0.jar:/home/ubuntu/PatchedDistro/patched_hadoop/share/hadoop/mapreduce/hadoop-mapreduce-client-common-2.2.0.jar:/home/ubuntu/PatchedDistro/patched_hadoop/share/hadoop/mapreduce/hadoop-mapreduce-client-hs-plugins-2.2.0.jar:/contrib/capacity-scheduler/*.jar:/contrib/capacity-scheduler/*.jar:/contrib/capacity-scheduler/*.jar
STARTUP_MSG:   build = Unknown -r Unknown; compiled by 'root' on 2014-04-01T21:08Z
STARTUP_MSG:   java = 1.7.0_51
************************************************************/
2014-05-04 23:23:26,579 INFO org.apache.hadoop.hdfs.server.namenode.NameNode: registered UNIX signal handlers for [TERM, HUP, INT]
2014-05-04 23:23:26,876 INFO org.apache.hadoop.metrics2.impl.MetricsConfig: loaded properties from hadoop-metrics2.properties
2014-05-04 23:23:26,985 INFO org.apache.hadoop.metrics2.impl.MetricsSystemImpl: Scheduled snapshot period at 10 second(s).
2014-05-04 23:23:26,985 INFO org.apache.hadoop.metrics2.impl.MetricsSystemImpl: NameNode metrics system started
2014-05-04 23:23:27,294 WARN org.apache.hadoop.util.NativeCodeLoader: Unable to load native-hadoop library for your platform... using builtin-java classes where applicable
2014-05-04 23:23:27,559 INFO org.mortbay.log: Logging to org.slf4j.impl.Log4jLoggerAdapter(org.mortbay.log) via org.mortbay.log.Slf4jLog
2014-05-04 23:23:27,640 INFO org.apache.hadoop.http.HttpServer: Added global filter 'safety' (class=org.apache.hadoop.http.HttpServer$QuotingInputFilter)
2014-05-04 23:23:27,644 INFO org.apache.hadoop.http.HttpServer: Added filter static_user_filter (class=org.apache.hadoop.http.lib.StaticUserWebFilter$StaticUserFilter) to context hdfs
2014-05-04 23:23:27,644 INFO org.apache.hadoop.http.HttpServer: Added filter static_user_filter (class=org.apache.hadoop.http.lib.StaticUserWebFilter$StaticUserFilter) to context logs
2014-05-04 23:23:27,644 INFO org.apache.hadoop.http.HttpServer: Added filter static_user_filter (class=org.apache.hadoop.http.lib.StaticUserWebFilter$StaticUserFilter) to context static
2014-05-04 23:23:27,679 INFO org.apache.hadoop.http.HttpServer: dfs.webhdfs.enabled = false
2014-05-04 23:23:27,729 INFO org.apache.hadoop.http.HttpServer: Jetty bound to port 50070
2014-05-04 23:23:27,729 INFO org.mortbay.log: jetty-6.1.26
2014-05-04 23:23:28,162 INFO org.mortbay.log: Started SelectChannelConnector@0.0.0.0:50070
2014-05-04 23:23:28,163 INFO org.apache.hadoop.hdfs.server.namenode.NameNode: Web-server up at: 0.0.0.0:50070
2014-05-04 23:23:28,206 WARN org.apache.hadoop.hdfs.server.namenode.FSNamesystem: Only one image storage directory (dfs.namenode.name.dir) configured. Beware of dataloss due to lack of redundant storage directories!
2014-05-04 23:23:28,206 WARN org.apache.hadoop.hdfs.server.namenode.FSNamesystem: Only one namespace edits storage directory (dfs.namenode.edits.dir) configured. Beware of dataloss due to lack of redundant storage directories!
2014-05-04 23:23:28,275 INFO org.apache.hadoop.hdfs.server.namenode.HostFileManager: read includes:
HostSet(
)
2014-05-04 23:23:28,275 INFO org.apache.hadoop.hdfs.server.namenode.HostFileManager: read excludes:
HostSet(
)
2014-05-04 23:23:28,278 INFO org.apache.hadoop.hdfs.server.blockmanagement.DatanodeManager: dfs.block.invalidate.limit=1000
2014-05-04 23:23:28,280 INFO org.apache.hadoop.util.GSet: Computing capacity for map BlocksMap
2014-05-04 23:23:28,280 INFO org.apache.hadoop.util.GSet: VM type       = 64-bit
2014-05-04 23:23:28,281 INFO org.apache.hadoop.util.GSet: 2.0% max memory = 889 MB
2014-05-04 23:23:28,281 INFO org.apache.hadoop.util.GSet: capacity      = 2^21 = 2097152 entries
2014-05-04 23:23:28,286 INFO org.apache.hadoop.hdfs.server.blockmanagement.BlockManager: dfs.block.access.token.enable=false
2014-05-04 23:23:28,286 INFO org.apache.hadoop.hdfs.server.blockmanagement.BlockManager: defaultReplication         = 1
2014-05-04 23:23:28,286 INFO org.apache.hadoop.hdfs.server.blockmanagement.BlockManager: maxReplication             = 512
2014-05-04 23:23:28,286 INFO org.apache.hadoop.hdfs.server.blockmanagement.BlockManager: minReplication             = 1
2014-05-04 23:23:28,286 INFO org.apache.hadoop.hdfs.server.blockmanagement.BlockManager: maxReplicationStreams      = 2
2014-05-04 23:23:28,286 INFO org.apache.hadoop.hdfs.server.blockmanagement.BlockManager: shouldCheckForEnoughRacks  = false
2014-05-04 23:23:28,286 INFO org.apache.hadoop.hdfs.server.blockmanagement.BlockManager: replicationRecheckInterval = 3000
2014-05-04 23:23:28,286 INFO org.apache.hadoop.hdfs.server.blockmanagement.BlockManager: encryptDataTransfer        = false
2014-05-04 23:23:28,293 INFO org.apache.hadoop.hdfs.server.namenode.FSNamesystem: fsOwner             = ubuntu (auth:SIMPLE)
2014-05-04 23:23:28,293 INFO org.apache.hadoop.hdfs.server.namenode.FSNamesystem: supergroup          = supergroup
2014-05-04 23:23:28,293 INFO org.apache.hadoop.hdfs.server.namenode.FSNamesystem: isPermissionEnabled = true
2014-05-04 23:23:28,293 INFO org.apache.hadoop.hdfs.server.namenode.FSNamesystem: HA Enabled: false
2014-05-04 23:23:28,295 INFO org.apache.hadoop.hdfs.server.namenode.FSNamesystem: Append Enabled: true
2014-05-04 23:23:28,350 INFO org.apache.hadoop.util.GSet: Computing capacity for map INodeMap
2014-05-04 23:23:28,351 INFO org.apache.hadoop.util.GSet: VM type       = 64-bit
2014-05-04 23:23:28,351 INFO org.apache.hadoop.util.GSet: 1.0% max memory = 889 MB
2014-05-04 23:23:28,351 INFO org.apache.hadoop.util.GSet: capacity      = 2^20 = 1048576 entries
2014-05-04 23:23:28,351 INFO org.apache.hadoop.hdfs.server.namenode.NameNode: Caching file names occuring more than 10 times
2014-05-04 23:23:28,354 INFO org.apache.hadoop.hdfs.server.namenode.FSNamesystem: dfs.namenode.safemode.threshold-pct = 0.9990000128746033
2014-05-04 23:23:28,354 INFO org.apache.hadoop.hdfs.server.namenode.FSNamesystem: dfs.namenode.safemode.min.datanodes = 0
2014-05-04 23:23:28,354 INFO org.apache.hadoop.hdfs.server.namenode.FSNamesystem: dfs.namenode.safemode.extension     = 30000
2014-05-04 23:23:28,355 INFO org.apache.hadoop.hdfs.server.namenode.FSNamesystem: Retry cache on namenode is enabled
2014-05-04 23:23:28,356 INFO org.apache.hadoop.hdfs.server.namenode.FSNamesystem: Retry cache will use 0.03 of total heap and retry cache entry expiry time is 600000 millis
2014-05-04 23:23:28,358 INFO org.apache.hadoop.util.GSet: Computing capacity for map Namenode Retry Cache
2014-05-04 23:23:28,358 INFO org.apache.hadoop.util.GSet: VM type       = 64-bit
2014-05-04 23:23:28,358 INFO org.apache.hadoop.util.GSet: 0.029999999329447746% max memory = 889 MB
2014-05-04 23:23:28,358 INFO org.apache.hadoop.util.GSet: capacity      = 2^15 = 32768 entries
2014-05-04 23:23:28,360 WARN org.apache.hadoop.hdfs.server.common.Storage: Storage directory /home/hduser/mydata/hdfs/namenode does not exist
2014-05-04 23:23:28,364 INFO org.mortbay.log: Stopped SelectChannelConnector@0.0.0.0:50070
2014-05-04 23:23:28,465 INFO org.apache.hadoop.metrics2.impl.MetricsSystemImpl: Stopping NameNode metrics system...
2014-05-04 23:23:28,465 INFO org.apache.hadoop.metrics2.impl.MetricsSystemImpl: NameNode metrics system stopped.
2014-05-04 23:23:28,465 INFO org.apache.hadoop.metrics2.impl.MetricsSystemImpl: NameNode metrics system shutdown complete.
2014-05-04 23:23:28,466 FATAL org.apache.hadoop.hdfs.server.namenode.NameNode: Exception in namenode join
org.apache.hadoop.hdfs.server.common.InconsistentFSStateException: Directory /home/hduser/mydata/hdfs/namenode is in an inconsistent state: storage directory does not exist or is not accessible.
	at org.apache.hadoop.hdfs.server.namenode.FSImage.recoverStorageDirs(FSImage.java:292)
	at org.apache.hadoop.hdfs.server.namenode.FSImage.recoverTransitionRead(FSImage.java:200)
	at org.apache.hadoop.hdfs.server.namenode.FSNamesystem.loadFSImage(FSNamesystem.java:787)
	at org.apache.hadoop.hdfs.server.namenode.FSNamesystem.loadFromDisk(FSNamesystem.java:568)
	at org.apache.hadoop.hdfs.server.namenode.NameNode.loadNamesystem(NameNode.java:443)
	at org.apache.hadoop.hdfs.server.namenode.NameNode.initialize(NameNode.java:491)
	at org.apache.hadoop.hdfs.server.namenode.NameNode.<init>(NameNode.java:684)
	at org.apache.hadoop.hdfs.server.namenode.NameNode.<init>(NameNode.java:669)
	at org.apache.hadoop.hdfs.server.namenode.NameNode.createNameNode(NameNode.java:1254)
	at org.apache.hadoop.hdfs.server.namenode.NameNode.main(NameNode.java:1320)
2014-05-04 23:23:28,469 INFO org.apache.hadoop.util.ExitUtil: Exiting with status 1
2014-05-04 23:23:28,471 INFO org.apache.hadoop.hdfs.server.namenode.NameNode: SHUTDOWN_MSG: 
/************************************************************
SHUTDOWN_MSG: Shutting down NameNode at ip-10-0-0-158/10.0.0.158
************************************************************/
2014-05-04 23:26:36,656 INFO org.apache.hadoop.hdfs.server.namenode.NameNode: STARTUP_MSG: 
/************************************************************
STARTUP_MSG: Starting NameNode
STARTUP_MSG:   host = ip-10-0-0-158/10.0.0.158
STARTUP_MSG:   args = []
STARTUP_MSG:   version = 2.2.0
STARTUP_MSG:   classpath = /home/ubuntu/PatchedDistro/patched_hadoop/etc/hadoop:/home/ubuntu/PatchedDistro/patched_hadoop/share/hadoop/common/lib/commons-net-3.1.jar:/home/ubuntu/PatchedDistro/patched_hadoop/share/hadoop/common/lib/commons-httpclient-3.1.jar:/home/ubuntu/PatchedDistro/patched_hadoop/share/hadoop/common/lib/jersey-json-1.9.jar:/home/ubuntu/PatchedDistro/patched_hadoop/share/hadoop/common/lib/jaxb-impl-2.2.3-1.jar:/home/ubuntu/PatchedDistro/patched_hadoop/share/hadoop/common/lib/commons-digester-1.8.jar:/home/ubuntu/PatchedDistro/patched_hadoop/share/hadoop/common/lib/hadoop-annotations-2.2.0.jar:/home/ubuntu/PatchedDistro/patched_hadoop/share/hadoop/common/lib/guava-11.0.2.jar:/home/ubuntu/PatchedDistro/patched_hadoop/share/hadoop/common/lib/jettison-1.1.jar:/home/ubuntu/PatchedDistro/patched_hadoop/share/hadoop/common/lib/commons-math-2.1.jar:/home/ubuntu/PatchedDistro/patched_hadoop/share/hadoop/common/lib/commons-configuration-1.6.jar:/home/ubuntu/PatchedDistro/patched_hadoop/share/hadoop/common/lib/jsr305-1.3.9.jar:/home/ubuntu/PatchedDistro/patched_hadoop/share/hadoop/common/lib/activation-1.1.jar:/home/ubuntu/PatchedDistro/patched_hadoop/share/hadoop/common/lib/jackson-core-asl-1.8.8.jar:/home/ubuntu/PatchedDistro/patched_hadoop/share/hadoop/common/lib/jackson-xc-1.8.8.jar:/home/ubuntu/PatchedDistro/patched_hadoop/share/hadoop/common/lib/jersey-server-1.9.jar:/home/ubuntu/PatchedDistro/patched_hadoop/share/hadoop/common/lib/slf4j-log4j12-1.7.5.jar:/home/ubuntu/PatchedDistro/patched_hadoop/share/hadoop/common/lib/jersey-core-1.9.jar:/home/ubuntu/PatchedDistro/patched_hadoop/share/hadoop/common/lib/commons-cli-1.2.jar:/home/ubuntu/PatchedDistro/patched_hadoop/share/hadoop/common/lib/commons-lang-2.5.jar:/home/ubuntu/PatchedDistro/patched_hadoop/share/hadoop/common/lib/jsp-api-2.1.jar:/home/ubuntu/PatchedDistro/patched_hadoop/share/hadoop/common/lib/asm-3.2.jar:/home/ubuntu/PatchedDistro/patched_hadoop/share/hadoop/common/lib/snappy-java-1.0.4.1.jar:/home/ubuntu/PatchedDistro/patched_hadoop/share/hadoop/common/lib/zookeeper-3.4.5.jar:/home/ubuntu/PatchedDistro/patched_hadoop/share/hadoop/common/lib/jaxb-api-2.2.2.jar:/home/ubuntu/PatchedDistro/patched_hadoop/share/hadoop/common/lib/slf4j-api-1.7.5.jar:/home/ubuntu/PatchedDistro/patched_hadoop/share/hadoop/common/lib/commons-collections-3.2.1.jar:/home/ubuntu/PatchedDistro/patched_hadoop/share/hadoop/common/lib/jasper-runtime-5.5.23.jar:/home/ubuntu/PatchedDistro/patched_hadoop/share/hadoop/common/lib/jackson-jaxrs-1.8.8.jar:/home/ubuntu/PatchedDistro/patched_hadoop/share/hadoop/common/lib/commons-beanutils-1.7.0.jar:/home/ubuntu/PatchedDistro/patched_hadoop/share/hadoop/common/lib/paranamer-2.3.jar:/home/ubuntu/PatchedDistro/patched_hadoop/share/hadoop/common/lib/junit-4.8.2.jar:/home/ubuntu/PatchedDistro/patched_hadoop/share/hadoop/common/lib/commons-codec-1.4.jar:/home/ubuntu/PatchedDistro/patched_hadoop/share/hadoop/common/lib/commons-el-1.0.jar:/home/ubuntu/PatchedDistro/patched_hadoop/share/hadoop/common/lib/mockito-all-1.8.5.jar:/home/ubuntu/PatchedDistro/patched_hadoop/share/hadoop/common/lib/jetty-util-6.1.26.jar:/home/ubuntu/PatchedDistro/patched_hadoop/share/hadoop/common/lib/commons-beanutils-core-1.8.0.jar:/home/ubuntu/PatchedDistro/patched_hadoop/share/hadoop/common/lib/commons-compress-1.4.1.jar:/home/ubuntu/PatchedDistro/patched_hadoop/share/hadoop/common/lib/jsch-0.1.42.jar:/home/ubuntu/PatchedDistro/patched_hadoop/share/hadoop/common/lib/protobuf-java-2.5.0.jar:/home/ubuntu/PatchedDistro/patched_hadoop/share/hadoop/common/lib/stax-api-1.0.1.jar:/home/ubuntu/PatchedDistro/patched_hadoop/share/hadoop/common/lib/xz-1.0.jar:/home/ubuntu/PatchedDistro/patched_hadoop/share/hadoop/common/lib/jackson-mapper-asl-1.8.8.jar:/home/ubuntu/PatchedDistro/patched_hadoop/share/hadoop/common/lib/jasper-compiler-5.5.23.jar:/home/ubuntu/PatchedDistro/patched_hadoop/share/hadoop/common/lib/servlet-api-2.5.jar:/home/ubuntu/PatchedDistro/patched_hadoop/share/hadoop/common/lib/avro-1.7.4.jar:/home/ubuntu/PatchedDistro/patched_hadoop/share/hadoop/common/lib/xmlenc-0.52.jar:/home/ubuntu/PatchedDistro/patched_hadoop/share/hadoop/common/lib/commons-logging-1.1.1.jar:/home/ubuntu/PatchedDistro/patched_hadoop/share/hadoop/common/lib/jetty-6.1.26.jar:/home/ubuntu/PatchedDistro/patched_hadoop/share/hadoop/common/lib/hadoop-auth-2.2.0.jar:/home/ubuntu/PatchedDistro/patched_hadoop/share/hadoop/common/lib/commons-io-2.1.jar:/home/ubuntu/PatchedDistro/patched_hadoop/share/hadoop/common/lib/netty-3.6.2.Final.jar:/home/ubuntu/PatchedDistro/patched_hadoop/share/hadoop/common/lib/log4j-1.2.17.jar:/home/ubuntu/PatchedDistro/patched_hadoop/share/hadoop/common/lib/jets3t-0.6.1.jar:/home/ubuntu/PatchedDistro/patched_hadoop/share/hadoop/common/hadoop-common-2.2.0.jar:/home/ubuntu/PatchedDistro/patched_hadoop/share/hadoop/common/hadoop-common-2.2.0-tests.jar:/home/ubuntu/PatchedDistro/patched_hadoop/share/hadoop/common/hadoop-nfs-2.2.0.jar:/home/ubuntu/PatchedDistro/patched_hadoop/share/hadoop/hdfs:/home/ubuntu/PatchedDistro/patched_hadoop/share/hadoop/hdfs/lib/commons-daemon-1.0.13.jar:/home/ubuntu/PatchedDistro/patched_hadoop/share/hadoop/hdfs/lib/guava-11.0.2.jar:/home/ubuntu/PatchedDistro/patched_hadoop/share/hadoop/hdfs/lib/jsr305-1.3.9.jar:/home/ubuntu/PatchedDistro/patched_hadoop/share/hadoop/hdfs/lib/jackson-core-asl-1.8.8.jar:/home/ubuntu/PatchedDistro/patched_hadoop/share/hadoop/hdfs/lib/jersey-server-1.9.jar:/home/ubuntu/PatchedDistro/patched_hadoop/share/hadoop/hdfs/lib/jersey-core-1.9.jar:/home/ubuntu/PatchedDistro/patched_hadoop/share/hadoop/hdfs/lib/commons-cli-1.2.jar:/home/ubuntu/PatchedDistro/patched_hadoop/share/hadoop/hdfs/lib/commons-lang-2.5.jar:/home/ubuntu/PatchedDistro/patched_hadoop/share/hadoop/hdfs/lib/jsp-api-2.1.jar:/home/ubuntu/PatchedDistro/patched_hadoop/share/hadoop/hdfs/lib/asm-3.2.jar:/home/ubuntu/PatchedDistro/patched_hadoop/share/hadoop/hdfs/lib/jasper-runtime-5.5.23.jar:/home/ubuntu/PatchedDistro/patched_hadoop/share/hadoop/hdfs/lib/commons-codec-1.4.jar:/home/ubuntu/PatchedDistro/patched_hadoop/share/hadoop/hdfs/lib/commons-el-1.0.jar:/home/ubuntu/PatchedDistro/patched_hadoop/share/hadoop/hdfs/lib/jetty-util-6.1.26.jar:/home/ubuntu/PatchedDistro/patched_hadoop/share/hadoop/hdfs/lib/protobuf-java-2.5.0.jar:/home/ubuntu/PatchedDistro/patched_hadoop/share/hadoop/hdfs/lib/jackson-mapper-asl-1.8.8.jar:/home/ubuntu/PatchedDistro/patched_hadoop/share/hadoop/hdfs/lib/servlet-api-2.5.jar:/home/ubuntu/PatchedDistro/patched_hadoop/share/hadoop/hdfs/lib/xmlenc-0.52.jar:/home/ubuntu/PatchedDistro/patched_hadoop/share/hadoop/hdfs/lib/commons-logging-1.1.1.jar:/home/ubuntu/PatchedDistro/patched_hadoop/share/hadoop/hdfs/lib/jetty-6.1.26.jar:/home/ubuntu/PatchedDistro/patched_hadoop/share/hadoop/hdfs/lib/commons-io-2.1.jar:/home/ubuntu/PatchedDistro/patched_hadoop/share/hadoop/hdfs/lib/netty-3.6.2.Final.jar:/home/ubuntu/PatchedDistro/patched_hadoop/share/hadoop/hdfs/lib/log4j-1.2.17.jar:/home/ubuntu/PatchedDistro/patched_hadoop/share/hadoop/hdfs/hadoop-hdfs-2.2.0-tests.jar:/home/ubuntu/PatchedDistro/patched_hadoop/share/hadoop/hdfs/hadoop-hdfs-2.2.0.jar:/home/ubuntu/PatchedDistro/patched_hadoop/share/hadoop/hdfs/hadoop-hdfs-nfs-2.2.0.jar:/home/ubuntu/PatchedDistro/patched_hadoop/share/hadoop/yarn/lib/hadoop-annotations-2.2.0.jar:/home/ubuntu/PatchedDistro/patched_hadoop/share/hadoop/yarn/lib/jackson-core-asl-1.8.8.jar:/home/ubuntu/PatchedDistro/patched_hadoop/share/hadoop/yarn/lib/guice-servlet-3.0.jar:/home/ubuntu/PatchedDistro/patched_hadoop/share/hadoop/yarn/lib/jersey-server-1.9.jar:/home/ubuntu/PatchedDistro/patched_hadoop/share/hadoop/yarn/lib/jersey-core-1.9.jar:/home/ubuntu/PatchedDistro/patched_hadoop/share/hadoop/yarn/lib/asm-3.2.jar:/home/ubuntu/PatchedDistro/patched_hadoop/share/hadoop/yarn/lib/snappy-java-1.0.4.1.jar:/home/ubuntu/PatchedDistro/patched_hadoop/share/hadoop/yarn/lib/jersey-guice-1.9.jar:/home/ubuntu/PatchedDistro/patched_hadoop/share/hadoop/yarn/lib/paranamer-2.3.jar:/home/ubuntu/PatchedDistro/patched_hadoop/share/hadoop/yarn/lib/commons-compress-1.4.1.jar:/home/ubuntu/PatchedDistro/patched_hadoop/share/hadoop/yarn/lib/protobuf-java-2.5.0.jar:/home/ubuntu/PatchedDistro/patched_hadoop/share/hadoop/yarn/lib/guice-3.0.jar:/home/ubuntu/PatchedDistro/patched_hadoop/share/hadoop/yarn/lib/hamcrest-core-1.1.jar:/home/ubuntu/PatchedDistro/patched_hadoop/share/hadoop/yarn/lib/xz-1.0.jar:/home/ubuntu/PatchedDistro/patched_hadoop/share/hadoop/yarn/lib/jackson-mapper-asl-1.8.8.jar:/home/ubuntu/PatchedDistro/patched_hadoop/share/hadoop/yarn/lib/aopalliance-1.0.jar:/home/ubuntu/PatchedDistro/patched_hadoop/share/hadoop/yarn/lib/junit-4.10.jar:/home/ubuntu/PatchedDistro/patched_hadoop/share/hadoop/yarn/lib/avro-1.7.4.jar:/home/ubuntu/PatchedDistro/patched_hadoop/share/hadoop/yarn/lib/javax.inject-1.jar:/home/ubuntu/PatchedDistro/patched_hadoop/share/hadoop/yarn/lib/commons-io-2.1.jar:/home/ubuntu/PatchedDistro/patched_hadoop/share/hadoop/yarn/lib/netty-3.6.2.Final.jar:/home/ubuntu/PatchedDistro/patched_hadoop/share/hadoop/yarn/lib/log4j-1.2.17.jar:/home/ubuntu/PatchedDistro/patched_hadoop/share/hadoop/yarn/hadoop-yarn-site-2.2.0.jar:/home/ubuntu/PatchedDistro/patched_hadoop/share/hadoop/yarn/hadoop-yarn-server-common-2.2.0.jar:/home/ubuntu/PatchedDistro/patched_hadoop/share/hadoop/yarn/hadoop-yarn-client-2.2.0.jar:/home/ubuntu/PatchedDistro/patched_hadoop/share/hadoop/yarn/hadoop-yarn-server-tests-2.2.0.jar:/home/ubuntu/PatchedDistro/patched_hadoop/share/hadoop/yarn/hadoop-yarn-applications-unmanaged-am-launcher-2.2.0.jar:/home/ubuntu/PatchedDistro/patched_hadoop/share/hadoop/yarn/hadoop-yarn-server-nodemanager-2.2.0.jar:/home/ubuntu/PatchedDistro/patched_hadoop/share/hadoop/yarn/hadoop-yarn-server-resourcemanager-2.2.0.jar:/home/ubuntu/PatchedDistro/patched_hadoop/share/hadoop/yarn/hadoop-yarn-common-2.2.0.jar:/home/ubuntu/PatchedDistro/patched_hadoop/share/hadoop/yarn/hadoop-yarn-api-2.2.0.jar:/home/ubuntu/PatchedDistro/patched_hadoop/share/hadoop/yarn/hadoop-yarn-server-web-proxy-2.2.0.jar:/home/ubuntu/PatchedDistro/patched_hadoop/share/hadoop/yarn/hadoop-yarn-applications-distributedshell-2.2.0.jar:/home/ubuntu/PatchedDistro/patched_hadoop/share/hadoop/mapreduce/lib/hadoop-annotations-2.2.0.jar:/home/ubuntu/PatchedDistro/patched_hadoop/share/hadoop/mapreduce/lib/jackson-core-asl-1.8.8.jar:/home/ubuntu/PatchedDistro/patched_hadoop/share/hadoop/mapreduce/lib/guice-servlet-3.0.jar:/home/ubuntu/PatchedDistro/patched_hadoop/share/hadoop/mapreduce/lib/jersey-server-1.9.jar:/home/ubuntu/PatchedDistro/patched_hadoop/share/hadoop/mapreduce/lib/jersey-core-1.9.jar:/home/ubuntu/PatchedDistro/patched_hadoop/share/hadoop/mapreduce/lib/asm-3.2.jar:/home/ubuntu/PatchedDistro/patched_hadoop/share/hadoop/mapreduce/lib/snappy-java-1.0.4.1.jar:/home/ubuntu/PatchedDistro/patched_hadoop/share/hadoop/mapreduce/lib/jersey-guice-1.9.jar:/home/ubuntu/PatchedDistro/patched_hadoop/share/hadoop/mapreduce/lib/paranamer-2.3.jar:/home/ubuntu/PatchedDistro/patched_hadoop/share/hadoop/mapreduce/lib/commons-compress-1.4.1.jar:/home/ubuntu/PatchedDistro/patched_hadoop/share/hadoop/mapreduce/lib/protobuf-java-2.5.0.jar:/home/ubuntu/PatchedDistro/patched_hadoop/share/hadoop/mapreduce/lib/guice-3.0.jar:/home/ubuntu/PatchedDistro/patched_hadoop/share/hadoop/mapreduce/lib/hamcrest-core-1.1.jar:/home/ubuntu/PatchedDistro/patched_hadoop/share/hadoop/mapreduce/lib/xz-1.0.jar:/home/ubuntu/PatchedDistro/patched_hadoop/share/hadoop/mapreduce/lib/jackson-mapper-asl-1.8.8.jar:/home/ubuntu/PatchedDistro/patched_hadoop/share/hadoop/mapreduce/lib/aopalliance-1.0.jar:/home/ubuntu/PatchedDistro/patched_hadoop/share/hadoop/mapreduce/lib/junit-4.10.jar:/home/ubuntu/PatchedDistro/patched_hadoop/share/hadoop/mapreduce/lib/avro-1.7.4.jar:/home/ubuntu/PatchedDistro/patched_hadoop/share/hadoop/mapreduce/lib/javax.inject-1.jar:/home/ubuntu/PatchedDistro/patched_hadoop/share/hadoop/mapreduce/lib/commons-io-2.1.jar:/home/ubuntu/PatchedDistro/patched_hadoop/share/hadoop/mapreduce/lib/netty-3.6.2.Final.jar:/home/ubuntu/PatchedDistro/patched_hadoop/share/hadoop/mapreduce/lib/log4j-1.2.17.jar:/home/ubuntu/PatchedDistro/patched_hadoop/share/hadoop/mapreduce/hadoop-mapreduce-client-app-2.2.0.jar:/home/ubuntu/PatchedDistro/patched_hadoop/share/hadoop/mapreduce/hadoop-mapreduce-examples-2.2.0.jar:/home/ubuntu/PatchedDistro/patched_hadoop/share/hadoop/mapreduce/hadoop-mapreduce-client-core-2.2.0.jar:/home/ubuntu/PatchedDistro/patched_hadoop/share/hadoop/mapreduce/hadoop-mapreduce-client-shuffle-2.2.0.jar:/home/ubuntu/PatchedDistro/patched_hadoop/share/hadoop/mapreduce/hadoop-mapreduce-client-jobclient-2.2.0.jar:/home/ubuntu/PatchedDistro/patched_hadoop/share/hadoop/mapreduce/hadoop-mapreduce-client-jobclient-2.2.0-tests.jar:/home/ubuntu/PatchedDistro/patched_hadoop/share/hadoop/mapreduce/hadoop-mapreduce-client-hs-2.2.0.jar:/home/ubuntu/PatchedDistro/patched_hadoop/share/hadoop/mapreduce/hadoop-mapreduce-client-common-2.2.0.jar:/home/ubuntu/PatchedDistro/patched_hadoop/share/hadoop/mapreduce/hadoop-mapreduce-client-hs-plugins-2.2.0.jar:/contrib/capacity-scheduler/*.jar:/contrib/capacity-scheduler/*.jar:/contrib/capacity-scheduler/*.jar
STARTUP_MSG:   build = Unknown -r Unknown; compiled by 'root' on 2014-04-01T21:08Z
STARTUP_MSG:   java = 1.7.0_51
************************************************************/
2014-05-04 23:26:36,664 INFO org.apache.hadoop.hdfs.server.namenode.NameNode: registered UNIX signal handlers for [TERM, HUP, INT]
2014-05-04 23:26:36,956 INFO org.apache.hadoop.metrics2.impl.MetricsConfig: loaded properties from hadoop-metrics2.properties
2014-05-04 23:26:37,064 INFO org.apache.hadoop.metrics2.impl.MetricsSystemImpl: Scheduled snapshot period at 10 second(s).
2014-05-04 23:26:37,064 INFO org.apache.hadoop.metrics2.impl.MetricsSystemImpl: NameNode metrics system started
2014-05-04 23:26:37,362 WARN org.apache.hadoop.util.NativeCodeLoader: Unable to load native-hadoop library for your platform... using builtin-java classes where applicable
2014-05-04 23:26:37,683 INFO org.mortbay.log: Logging to org.slf4j.impl.Log4jLoggerAdapter(org.mortbay.log) via org.mortbay.log.Slf4jLog
2014-05-04 23:26:37,763 INFO org.apache.hadoop.http.HttpServer: Added global filter 'safety' (class=org.apache.hadoop.http.HttpServer$QuotingInputFilter)
2014-05-04 23:26:37,774 INFO org.apache.hadoop.http.HttpServer: Added filter static_user_filter (class=org.apache.hadoop.http.lib.StaticUserWebFilter$StaticUserFilter) to context hdfs
2014-05-04 23:26:37,774 INFO org.apache.hadoop.http.HttpServer: Added filter static_user_filter (class=org.apache.hadoop.http.lib.StaticUserWebFilter$StaticUserFilter) to context logs
2014-05-04 23:26:37,774 INFO org.apache.hadoop.http.HttpServer: Added filter static_user_filter (class=org.apache.hadoop.http.lib.StaticUserWebFilter$StaticUserFilter) to context static
2014-05-04 23:26:37,808 INFO org.apache.hadoop.http.HttpServer: dfs.webhdfs.enabled = false
2014-05-04 23:26:37,859 INFO org.apache.hadoop.http.HttpServer: Jetty bound to port 50070
2014-05-04 23:26:37,859 INFO org.mortbay.log: jetty-6.1.26
2014-05-04 23:26:38,261 INFO org.mortbay.log: Started SelectChannelConnector@0.0.0.0:50070
2014-05-04 23:26:38,261 INFO org.apache.hadoop.hdfs.server.namenode.NameNode: Web-server up at: 0.0.0.0:50070
2014-05-04 23:26:38,306 WARN org.apache.hadoop.hdfs.server.namenode.FSNamesystem: Only one image storage directory (dfs.namenode.name.dir) configured. Beware of dataloss due to lack of redundant storage directories!
2014-05-04 23:26:38,306 WARN org.apache.hadoop.hdfs.server.namenode.FSNamesystem: Only one namespace edits storage directory (dfs.namenode.edits.dir) configured. Beware of dataloss due to lack of redundant storage directories!
2014-05-04 23:26:38,375 INFO org.apache.hadoop.hdfs.server.namenode.HostFileManager: read includes:
HostSet(
)
2014-05-04 23:26:38,375 INFO org.apache.hadoop.hdfs.server.namenode.HostFileManager: read excludes:
HostSet(
)
2014-05-04 23:26:38,378 INFO org.apache.hadoop.hdfs.server.blockmanagement.DatanodeManager: dfs.block.invalidate.limit=1000
2014-05-04 23:26:38,380 INFO org.apache.hadoop.util.GSet: Computing capacity for map BlocksMap
2014-05-04 23:26:38,380 INFO org.apache.hadoop.util.GSet: VM type       = 64-bit
2014-05-04 23:26:38,381 INFO org.apache.hadoop.util.GSet: 2.0% max memory = 889 MB
2014-05-04 23:26:38,381 INFO org.apache.hadoop.util.GSet: capacity      = 2^21 = 2097152 entries
2014-05-04 23:26:38,385 INFO org.apache.hadoop.hdfs.server.blockmanagement.BlockManager: dfs.block.access.token.enable=false
2014-05-04 23:26:38,386 INFO org.apache.hadoop.hdfs.server.blockmanagement.BlockManager: defaultReplication         = 1
2014-05-04 23:26:38,386 INFO org.apache.hadoop.hdfs.server.blockmanagement.BlockManager: maxReplication             = 512
2014-05-04 23:26:38,386 INFO org.apache.hadoop.hdfs.server.blockmanagement.BlockManager: minReplication             = 1
2014-05-04 23:26:38,386 INFO org.apache.hadoop.hdfs.server.blockmanagement.BlockManager: maxReplicationStreams      = 2
2014-05-04 23:26:38,386 INFO org.apache.hadoop.hdfs.server.blockmanagement.BlockManager: shouldCheckForEnoughRacks  = false
2014-05-04 23:26:38,386 INFO org.apache.hadoop.hdfs.server.blockmanagement.BlockManager: replicationRecheckInterval = 3000
2014-05-04 23:26:38,386 INFO org.apache.hadoop.hdfs.server.blockmanagement.BlockManager: encryptDataTransfer        = false
2014-05-04 23:26:38,393 INFO org.apache.hadoop.hdfs.server.namenode.FSNamesystem: fsOwner             = ubuntu (auth:SIMPLE)
2014-05-04 23:26:38,393 INFO org.apache.hadoop.hdfs.server.namenode.FSNamesystem: supergroup          = supergroup
2014-05-04 23:26:38,393 INFO org.apache.hadoop.hdfs.server.namenode.FSNamesystem: isPermissionEnabled = true
2014-05-04 23:26:38,393 INFO org.apache.hadoop.hdfs.server.namenode.FSNamesystem: HA Enabled: false
2014-05-04 23:26:38,395 INFO org.apache.hadoop.hdfs.server.namenode.FSNamesystem: Append Enabled: true
2014-05-04 23:26:38,449 INFO org.apache.hadoop.util.GSet: Computing capacity for map INodeMap
2014-05-04 23:26:38,449 INFO org.apache.hadoop.util.GSet: VM type       = 64-bit
2014-05-04 23:26:38,449 INFO org.apache.hadoop.util.GSet: 1.0% max memory = 889 MB
2014-05-04 23:26:38,449 INFO org.apache.hadoop.util.GSet: capacity      = 2^20 = 1048576 entries
2014-05-04 23:26:38,451 INFO org.apache.hadoop.hdfs.server.namenode.NameNode: Caching file names occuring more than 10 times
2014-05-04 23:26:38,453 INFO org.apache.hadoop.hdfs.server.namenode.FSNamesystem: dfs.namenode.safemode.threshold-pct = 0.9990000128746033
2014-05-04 23:26:38,454 INFO org.apache.hadoop.hdfs.server.namenode.FSNamesystem: dfs.namenode.safemode.min.datanodes = 0
2014-05-04 23:26:38,454 INFO org.apache.hadoop.hdfs.server.namenode.FSNamesystem: dfs.namenode.safemode.extension     = 30000
2014-05-04 23:26:38,455 INFO org.apache.hadoop.hdfs.server.namenode.FSNamesystem: Retry cache on namenode is enabled
2014-05-04 23:26:38,455 INFO org.apache.hadoop.hdfs.server.namenode.FSNamesystem: Retry cache will use 0.03 of total heap and retry cache entry expiry time is 600000 millis
2014-05-04 23:26:38,457 INFO org.apache.hadoop.util.GSet: Computing capacity for map Namenode Retry Cache
2014-05-04 23:26:38,457 INFO org.apache.hadoop.util.GSet: VM type       = 64-bit
2014-05-04 23:26:38,457 INFO org.apache.hadoop.util.GSet: 0.029999999329447746% max memory = 889 MB
2014-05-04 23:26:38,457 INFO org.apache.hadoop.util.GSet: capacity      = 2^15 = 32768 entries
2014-05-04 23:26:38,459 WARN org.apache.hadoop.hdfs.server.common.Storage: Storage directory /home/hduser/mydata/hdfs/namenode does not exist
2014-05-04 23:26:38,463 INFO org.mortbay.log: Stopped SelectChannelConnector@0.0.0.0:50070
2014-05-04 23:26:38,563 INFO org.apache.hadoop.metrics2.impl.MetricsSystemImpl: Stopping NameNode metrics system...
2014-05-04 23:26:38,564 INFO org.apache.hadoop.metrics2.impl.MetricsSystemImpl: NameNode metrics system stopped.
2014-05-04 23:26:38,564 INFO org.apache.hadoop.metrics2.impl.MetricsSystemImpl: NameNode metrics system shutdown complete.
2014-05-04 23:26:38,564 FATAL org.apache.hadoop.hdfs.server.namenode.NameNode: Exception in namenode join
org.apache.hadoop.hdfs.server.common.InconsistentFSStateException: Directory /home/hduser/mydata/hdfs/namenode is in an inconsistent state: storage directory does not exist or is not accessible.
	at org.apache.hadoop.hdfs.server.namenode.FSImage.recoverStorageDirs(FSImage.java:292)
	at org.apache.hadoop.hdfs.server.namenode.FSImage.recoverTransitionRead(FSImage.java:200)
	at org.apache.hadoop.hdfs.server.namenode.FSNamesystem.loadFSImage(FSNamesystem.java:787)
	at org.apache.hadoop.hdfs.server.namenode.FSNamesystem.loadFromDisk(FSNamesystem.java:568)
	at org.apache.hadoop.hdfs.server.namenode.NameNode.loadNamesystem(NameNode.java:443)
	at org.apache.hadoop.hdfs.server.namenode.NameNode.initialize(NameNode.java:491)
	at org.apache.hadoop.hdfs.server.namenode.NameNode.<init>(NameNode.java:684)
	at org.apache.hadoop.hdfs.server.namenode.NameNode.<init>(NameNode.java:669)
	at org.apache.hadoop.hdfs.server.namenode.NameNode.createNameNode(NameNode.java:1254)
	at org.apache.hadoop.hdfs.server.namenode.NameNode.main(NameNode.java:1320)
2014-05-04 23:26:38,568 INFO org.apache.hadoop.util.ExitUtil: Exiting with status 1
2014-05-04 23:26:38,569 INFO org.apache.hadoop.hdfs.server.namenode.NameNode: SHUTDOWN_MSG: 
/************************************************************
SHUTDOWN_MSG: Shutting down NameNode at ip-10-0-0-158/10.0.0.158
************************************************************/
2014-05-04 23:32:55,115 INFO org.apache.hadoop.hdfs.server.namenode.NameNode: STARTUP_MSG: 
/************************************************************
STARTUP_MSG: Starting NameNode
STARTUP_MSG:   host = ip-10-0-0-158/10.0.0.158
STARTUP_MSG:   args = []
STARTUP_MSG:   version = 2.2.0
STARTUP_MSG:   classpath = /home/ubuntu/PatchedDistro/patched_hadoop/etc/hadoop:/home/ubuntu/PatchedDistro/patched_hadoop/share/hadoop/common/lib/commons-net-3.1.jar:/home/ubuntu/PatchedDistro/patched_hadoop/share/hadoop/common/lib/commons-httpclient-3.1.jar:/home/ubuntu/PatchedDistro/patched_hadoop/share/hadoop/common/lib/jersey-json-1.9.jar:/home/ubuntu/PatchedDistro/patched_hadoop/share/hadoop/common/lib/jaxb-impl-2.2.3-1.jar:/home/ubuntu/PatchedDistro/patched_hadoop/share/hadoop/common/lib/commons-digester-1.8.jar:/home/ubuntu/PatchedDistro/patched_hadoop/share/hadoop/common/lib/hadoop-annotations-2.2.0.jar:/home/ubuntu/PatchedDistro/patched_hadoop/share/hadoop/common/lib/guava-11.0.2.jar:/home/ubuntu/PatchedDistro/patched_hadoop/share/hadoop/common/lib/jettison-1.1.jar:/home/ubuntu/PatchedDistro/patched_hadoop/share/hadoop/common/lib/commons-math-2.1.jar:/home/ubuntu/PatchedDistro/patched_hadoop/share/hadoop/common/lib/commons-configuration-1.6.jar:/home/ubuntu/PatchedDistro/patched_hadoop/share/hadoop/common/lib/jsr305-1.3.9.jar:/home/ubuntu/PatchedDistro/patched_hadoop/share/hadoop/common/lib/activation-1.1.jar:/home/ubuntu/PatchedDistro/patched_hadoop/share/hadoop/common/lib/jackson-core-asl-1.8.8.jar:/home/ubuntu/PatchedDistro/patched_hadoop/share/hadoop/common/lib/jackson-xc-1.8.8.jar:/home/ubuntu/PatchedDistro/patched_hadoop/share/hadoop/common/lib/jersey-server-1.9.jar:/home/ubuntu/PatchedDistro/patched_hadoop/share/hadoop/common/lib/slf4j-log4j12-1.7.5.jar:/home/ubuntu/PatchedDistro/patched_hadoop/share/hadoop/common/lib/jersey-core-1.9.jar:/home/ubuntu/PatchedDistro/patched_hadoop/share/hadoop/common/lib/commons-cli-1.2.jar:/home/ubuntu/PatchedDistro/patched_hadoop/share/hadoop/common/lib/commons-lang-2.5.jar:/home/ubuntu/PatchedDistro/patched_hadoop/share/hadoop/common/lib/jsp-api-2.1.jar:/home/ubuntu/PatchedDistro/patched_hadoop/share/hadoop/common/lib/asm-3.2.jar:/home/ubuntu/PatchedDistro/patched_hadoop/share/hadoop/common/lib/snappy-java-1.0.4.1.jar:/home/ubuntu/PatchedDistro/patched_hadoop/share/hadoop/common/lib/zookeeper-3.4.5.jar:/home/ubuntu/PatchedDistro/patched_hadoop/share/hadoop/common/lib/jaxb-api-2.2.2.jar:/home/ubuntu/PatchedDistro/patched_hadoop/share/hadoop/common/lib/slf4j-api-1.7.5.jar:/home/ubuntu/PatchedDistro/patched_hadoop/share/hadoop/common/lib/commons-collections-3.2.1.jar:/home/ubuntu/PatchedDistro/patched_hadoop/share/hadoop/common/lib/jasper-runtime-5.5.23.jar:/home/ubuntu/PatchedDistro/patched_hadoop/share/hadoop/common/lib/jackson-jaxrs-1.8.8.jar:/home/ubuntu/PatchedDistro/patched_hadoop/share/hadoop/common/lib/commons-beanutils-1.7.0.jar:/home/ubuntu/PatchedDistro/patched_hadoop/share/hadoop/common/lib/paranamer-2.3.jar:/home/ubuntu/PatchedDistro/patched_hadoop/share/hadoop/common/lib/junit-4.8.2.jar:/home/ubuntu/PatchedDistro/patched_hadoop/share/hadoop/common/lib/commons-codec-1.4.jar:/home/ubuntu/PatchedDistro/patched_hadoop/share/hadoop/common/lib/commons-el-1.0.jar:/home/ubuntu/PatchedDistro/patched_hadoop/share/hadoop/common/lib/mockito-all-1.8.5.jar:/home/ubuntu/PatchedDistro/patched_hadoop/share/hadoop/common/lib/jetty-util-6.1.26.jar:/home/ubuntu/PatchedDistro/patched_hadoop/share/hadoop/common/lib/commons-beanutils-core-1.8.0.jar:/home/ubuntu/PatchedDistro/patched_hadoop/share/hadoop/common/lib/commons-compress-1.4.1.jar:/home/ubuntu/PatchedDistro/patched_hadoop/share/hadoop/common/lib/jsch-0.1.42.jar:/home/ubuntu/PatchedDistro/patched_hadoop/share/hadoop/common/lib/protobuf-java-2.5.0.jar:/home/ubuntu/PatchedDistro/patched_hadoop/share/hadoop/common/lib/stax-api-1.0.1.jar:/home/ubuntu/PatchedDistro/patched_hadoop/share/hadoop/common/lib/xz-1.0.jar:/home/ubuntu/PatchedDistro/patched_hadoop/share/hadoop/common/lib/jackson-mapper-asl-1.8.8.jar:/home/ubuntu/PatchedDistro/patched_hadoop/share/hadoop/common/lib/jasper-compiler-5.5.23.jar:/home/ubuntu/PatchedDistro/patched_hadoop/share/hadoop/common/lib/servlet-api-2.5.jar:/home/ubuntu/PatchedDistro/patched_hadoop/share/hadoop/common/lib/avro-1.7.4.jar:/home/ubuntu/PatchedDistro/patched_hadoop/share/hadoop/common/lib/xmlenc-0.52.jar:/home/ubuntu/PatchedDistro/patched_hadoop/share/hadoop/common/lib/commons-logging-1.1.1.jar:/home/ubuntu/PatchedDistro/patched_hadoop/share/hadoop/common/lib/jetty-6.1.26.jar:/home/ubuntu/PatchedDistro/patched_hadoop/share/hadoop/common/lib/hadoop-auth-2.2.0.jar:/home/ubuntu/PatchedDistro/patched_hadoop/share/hadoop/common/lib/commons-io-2.1.jar:/home/ubuntu/PatchedDistro/patched_hadoop/share/hadoop/common/lib/netty-3.6.2.Final.jar:/home/ubuntu/PatchedDistro/patched_hadoop/share/hadoop/common/lib/log4j-1.2.17.jar:/home/ubuntu/PatchedDistro/patched_hadoop/share/hadoop/common/lib/jets3t-0.6.1.jar:/home/ubuntu/PatchedDistro/patched_hadoop/share/hadoop/common/hadoop-common-2.2.0.jar:/home/ubuntu/PatchedDistro/patched_hadoop/share/hadoop/common/hadoop-common-2.2.0-tests.jar:/home/ubuntu/PatchedDistro/patched_hadoop/share/hadoop/common/hadoop-nfs-2.2.0.jar:/home/ubuntu/PatchedDistro/patched_hadoop/share/hadoop/hdfs:/home/ubuntu/PatchedDistro/patched_hadoop/share/hadoop/hdfs/lib/commons-daemon-1.0.13.jar:/home/ubuntu/PatchedDistro/patched_hadoop/share/hadoop/hdfs/lib/guava-11.0.2.jar:/home/ubuntu/PatchedDistro/patched_hadoop/share/hadoop/hdfs/lib/jsr305-1.3.9.jar:/home/ubuntu/PatchedDistro/patched_hadoop/share/hadoop/hdfs/lib/jackson-core-asl-1.8.8.jar:/home/ubuntu/PatchedDistro/patched_hadoop/share/hadoop/hdfs/lib/jersey-server-1.9.jar:/home/ubuntu/PatchedDistro/patched_hadoop/share/hadoop/hdfs/lib/jersey-core-1.9.jar:/home/ubuntu/PatchedDistro/patched_hadoop/share/hadoop/hdfs/lib/commons-cli-1.2.jar:/home/ubuntu/PatchedDistro/patched_hadoop/share/hadoop/hdfs/lib/commons-lang-2.5.jar:/home/ubuntu/PatchedDistro/patched_hadoop/share/hadoop/hdfs/lib/jsp-api-2.1.jar:/home/ubuntu/PatchedDistro/patched_hadoop/share/hadoop/hdfs/lib/asm-3.2.jar:/home/ubuntu/PatchedDistro/patched_hadoop/share/hadoop/hdfs/lib/jasper-runtime-5.5.23.jar:/home/ubuntu/PatchedDistro/patched_hadoop/share/hadoop/hdfs/lib/commons-codec-1.4.jar:/home/ubuntu/PatchedDistro/patched_hadoop/share/hadoop/hdfs/lib/commons-el-1.0.jar:/home/ubuntu/PatchedDistro/patched_hadoop/share/hadoop/hdfs/lib/jetty-util-6.1.26.jar:/home/ubuntu/PatchedDistro/patched_hadoop/share/hadoop/hdfs/lib/protobuf-java-2.5.0.jar:/home/ubuntu/PatchedDistro/patched_hadoop/share/hadoop/hdfs/lib/jackson-mapper-asl-1.8.8.jar:/home/ubuntu/PatchedDistro/patched_hadoop/share/hadoop/hdfs/lib/servlet-api-2.5.jar:/home/ubuntu/PatchedDistro/patched_hadoop/share/hadoop/hdfs/lib/xmlenc-0.52.jar:/home/ubuntu/PatchedDistro/patched_hadoop/share/hadoop/hdfs/lib/commons-logging-1.1.1.jar:/home/ubuntu/PatchedDistro/patched_hadoop/share/hadoop/hdfs/lib/jetty-6.1.26.jar:/home/ubuntu/PatchedDistro/patched_hadoop/share/hadoop/hdfs/lib/commons-io-2.1.jar:/home/ubuntu/PatchedDistro/patched_hadoop/share/hadoop/hdfs/lib/netty-3.6.2.Final.jar:/home/ubuntu/PatchedDistro/patched_hadoop/share/hadoop/hdfs/lib/log4j-1.2.17.jar:/home/ubuntu/PatchedDistro/patched_hadoop/share/hadoop/hdfs/hadoop-hdfs-2.2.0-tests.jar:/home/ubuntu/PatchedDistro/patched_hadoop/share/hadoop/hdfs/hadoop-hdfs-2.2.0.jar:/home/ubuntu/PatchedDistro/patched_hadoop/share/hadoop/hdfs/hadoop-hdfs-nfs-2.2.0.jar:/home/ubuntu/PatchedDistro/patched_hadoop/share/hadoop/yarn/lib/hadoop-annotations-2.2.0.jar:/home/ubuntu/PatchedDistro/patched_hadoop/share/hadoop/yarn/lib/jackson-core-asl-1.8.8.jar:/home/ubuntu/PatchedDistro/patched_hadoop/share/hadoop/yarn/lib/guice-servlet-3.0.jar:/home/ubuntu/PatchedDistro/patched_hadoop/share/hadoop/yarn/lib/jersey-server-1.9.jar:/home/ubuntu/PatchedDistro/patched_hadoop/share/hadoop/yarn/lib/jersey-core-1.9.jar:/home/ubuntu/PatchedDistro/patched_hadoop/share/hadoop/yarn/lib/asm-3.2.jar:/home/ubuntu/PatchedDistro/patched_hadoop/share/hadoop/yarn/lib/snappy-java-1.0.4.1.jar:/home/ubuntu/PatchedDistro/patched_hadoop/share/hadoop/yarn/lib/jersey-guice-1.9.jar:/home/ubuntu/PatchedDistro/patched_hadoop/share/hadoop/yarn/lib/paranamer-2.3.jar:/home/ubuntu/PatchedDistro/patched_hadoop/share/hadoop/yarn/lib/commons-compress-1.4.1.jar:/home/ubuntu/PatchedDistro/patched_hadoop/share/hadoop/yarn/lib/protobuf-java-2.5.0.jar:/home/ubuntu/PatchedDistro/patched_hadoop/share/hadoop/yarn/lib/guice-3.0.jar:/home/ubuntu/PatchedDistro/patched_hadoop/share/hadoop/yarn/lib/hamcrest-core-1.1.jar:/home/ubuntu/PatchedDistro/patched_hadoop/share/hadoop/yarn/lib/xz-1.0.jar:/home/ubuntu/PatchedDistro/patched_hadoop/share/hadoop/yarn/lib/jackson-mapper-asl-1.8.8.jar:/home/ubuntu/PatchedDistro/patched_hadoop/share/hadoop/yarn/lib/aopalliance-1.0.jar:/home/ubuntu/PatchedDistro/patched_hadoop/share/hadoop/yarn/lib/junit-4.10.jar:/home/ubuntu/PatchedDistro/patched_hadoop/share/hadoop/yarn/lib/avro-1.7.4.jar:/home/ubuntu/PatchedDistro/patched_hadoop/share/hadoop/yarn/lib/javax.inject-1.jar:/home/ubuntu/PatchedDistro/patched_hadoop/share/hadoop/yarn/lib/commons-io-2.1.jar:/home/ubuntu/PatchedDistro/patched_hadoop/share/hadoop/yarn/lib/netty-3.6.2.Final.jar:/home/ubuntu/PatchedDistro/patched_hadoop/share/hadoop/yarn/lib/log4j-1.2.17.jar:/home/ubuntu/PatchedDistro/patched_hadoop/share/hadoop/yarn/hadoop-yarn-site-2.2.0.jar:/home/ubuntu/PatchedDistro/patched_hadoop/share/hadoop/yarn/hadoop-yarn-server-common-2.2.0.jar:/home/ubuntu/PatchedDistro/patched_hadoop/share/hadoop/yarn/hadoop-yarn-client-2.2.0.jar:/home/ubuntu/PatchedDistro/patched_hadoop/share/hadoop/yarn/hadoop-yarn-server-tests-2.2.0.jar:/home/ubuntu/PatchedDistro/patched_hadoop/share/hadoop/yarn/hadoop-yarn-applications-unmanaged-am-launcher-2.2.0.jar:/home/ubuntu/PatchedDistro/patched_hadoop/share/hadoop/yarn/hadoop-yarn-server-nodemanager-2.2.0.jar:/home/ubuntu/PatchedDistro/patched_hadoop/share/hadoop/yarn/hadoop-yarn-server-resourcemanager-2.2.0.jar:/home/ubuntu/PatchedDistro/patched_hadoop/share/hadoop/yarn/hadoop-yarn-common-2.2.0.jar:/home/ubuntu/PatchedDistro/patched_hadoop/share/hadoop/yarn/hadoop-yarn-api-2.2.0.jar:/home/ubuntu/PatchedDistro/patched_hadoop/share/hadoop/yarn/hadoop-yarn-server-web-proxy-2.2.0.jar:/home/ubuntu/PatchedDistro/patched_hadoop/share/hadoop/yarn/hadoop-yarn-applications-distributedshell-2.2.0.jar:/home/ubuntu/PatchedDistro/patched_hadoop/share/hadoop/mapreduce/lib/hadoop-annotations-2.2.0.jar:/home/ubuntu/PatchedDistro/patched_hadoop/share/hadoop/mapreduce/lib/jackson-core-asl-1.8.8.jar:/home/ubuntu/PatchedDistro/patched_hadoop/share/hadoop/mapreduce/lib/guice-servlet-3.0.jar:/home/ubuntu/PatchedDistro/patched_hadoop/share/hadoop/mapreduce/lib/jersey-server-1.9.jar:/home/ubuntu/PatchedDistro/patched_hadoop/share/hadoop/mapreduce/lib/jersey-core-1.9.jar:/home/ubuntu/PatchedDistro/patched_hadoop/share/hadoop/mapreduce/lib/asm-3.2.jar:/home/ubuntu/PatchedDistro/patched_hadoop/share/hadoop/mapreduce/lib/snappy-java-1.0.4.1.jar:/home/ubuntu/PatchedDistro/patched_hadoop/share/hadoop/mapreduce/lib/jersey-guice-1.9.jar:/home/ubuntu/PatchedDistro/patched_hadoop/share/hadoop/mapreduce/lib/paranamer-2.3.jar:/home/ubuntu/PatchedDistro/patched_hadoop/share/hadoop/mapreduce/lib/commons-compress-1.4.1.jar:/home/ubuntu/PatchedDistro/patched_hadoop/share/hadoop/mapreduce/lib/protobuf-java-2.5.0.jar:/home/ubuntu/PatchedDistro/patched_hadoop/share/hadoop/mapreduce/lib/guice-3.0.jar:/home/ubuntu/PatchedDistro/patched_hadoop/share/hadoop/mapreduce/lib/hamcrest-core-1.1.jar:/home/ubuntu/PatchedDistro/patched_hadoop/share/hadoop/mapreduce/lib/xz-1.0.jar:/home/ubuntu/PatchedDistro/patched_hadoop/share/hadoop/mapreduce/lib/jackson-mapper-asl-1.8.8.jar:/home/ubuntu/PatchedDistro/patched_hadoop/share/hadoop/mapreduce/lib/aopalliance-1.0.jar:/home/ubuntu/PatchedDistro/patched_hadoop/share/hadoop/mapreduce/lib/junit-4.10.jar:/home/ubuntu/PatchedDistro/patched_hadoop/share/hadoop/mapreduce/lib/avro-1.7.4.jar:/home/ubuntu/PatchedDistro/patched_hadoop/share/hadoop/mapreduce/lib/javax.inject-1.jar:/home/ubuntu/PatchedDistro/patched_hadoop/share/hadoop/mapreduce/lib/commons-io-2.1.jar:/home/ubuntu/PatchedDistro/patched_hadoop/share/hadoop/mapreduce/lib/netty-3.6.2.Final.jar:/home/ubuntu/PatchedDistro/patched_hadoop/share/hadoop/mapreduce/lib/log4j-1.2.17.jar:/home/ubuntu/PatchedDistro/patched_hadoop/share/hadoop/mapreduce/hadoop-mapreduce-client-app-2.2.0.jar:/home/ubuntu/PatchedDistro/patched_hadoop/share/hadoop/mapreduce/hadoop-mapreduce-examples-2.2.0.jar:/home/ubuntu/PatchedDistro/patched_hadoop/share/hadoop/mapreduce/hadoop-mapreduce-client-core-2.2.0.jar:/home/ubuntu/PatchedDistro/patched_hadoop/share/hadoop/mapreduce/hadoop-mapreduce-client-shuffle-2.2.0.jar:/home/ubuntu/PatchedDistro/patched_hadoop/share/hadoop/mapreduce/hadoop-mapreduce-client-jobclient-2.2.0.jar:/home/ubuntu/PatchedDistro/patched_hadoop/share/hadoop/mapreduce/hadoop-mapreduce-client-jobclient-2.2.0-tests.jar:/home/ubuntu/PatchedDistro/patched_hadoop/share/hadoop/mapreduce/hadoop-mapreduce-client-hs-2.2.0.jar:/home/ubuntu/PatchedDistro/patched_hadoop/share/hadoop/mapreduce/hadoop-mapreduce-client-common-2.2.0.jar:/home/ubuntu/PatchedDistro/patched_hadoop/share/hadoop/mapreduce/hadoop-mapreduce-client-hs-plugins-2.2.0.jar:/contrib/capacity-scheduler/*.jar:/contrib/capacity-scheduler/*.jar:/contrib/capacity-scheduler/*.jar
STARTUP_MSG:   build = Unknown -r Unknown; compiled by 'root' on 2014-04-01T21:08Z
STARTUP_MSG:   java = 1.7.0_51
************************************************************/
2014-05-04 23:32:55,123 INFO org.apache.hadoop.hdfs.server.namenode.NameNode: registered UNIX signal handlers for [TERM, HUP, INT]
2014-05-04 23:32:55,417 INFO org.apache.hadoop.metrics2.impl.MetricsConfig: loaded properties from hadoop-metrics2.properties
2014-05-04 23:32:55,526 INFO org.apache.hadoop.metrics2.impl.MetricsSystemImpl: Scheduled snapshot period at 10 second(s).
2014-05-04 23:32:55,526 INFO org.apache.hadoop.metrics2.impl.MetricsSystemImpl: NameNode metrics system started
2014-05-04 23:32:55,834 WARN org.apache.hadoop.util.NativeCodeLoader: Unable to load native-hadoop library for your platform... using builtin-java classes where applicable
2014-05-04 23:32:56,129 INFO org.mortbay.log: Logging to org.slf4j.impl.Log4jLoggerAdapter(org.mortbay.log) via org.mortbay.log.Slf4jLog
2014-05-04 23:32:56,226 INFO org.apache.hadoop.http.HttpServer: Added global filter 'safety' (class=org.apache.hadoop.http.HttpServer$QuotingInputFilter)
2014-05-04 23:32:56,230 INFO org.apache.hadoop.http.HttpServer: Added filter static_user_filter (class=org.apache.hadoop.http.lib.StaticUserWebFilter$StaticUserFilter) to context hdfs
2014-05-04 23:32:56,230 INFO org.apache.hadoop.http.HttpServer: Added filter static_user_filter (class=org.apache.hadoop.http.lib.StaticUserWebFilter$StaticUserFilter) to context logs
2014-05-04 23:32:56,230 INFO org.apache.hadoop.http.HttpServer: Added filter static_user_filter (class=org.apache.hadoop.http.lib.StaticUserWebFilter$StaticUserFilter) to context static
2014-05-04 23:32:56,249 INFO org.apache.hadoop.http.HttpServer: dfs.webhdfs.enabled = false
2014-05-04 23:32:56,271 INFO org.apache.hadoop.http.HttpServer: Jetty bound to port 50070
2014-05-04 23:32:56,271 INFO org.mortbay.log: jetty-6.1.26
2014-05-04 23:32:56,699 INFO org.mortbay.log: Started SelectChannelConnector@0.0.0.0:50070
2014-05-04 23:32:56,699 INFO org.apache.hadoop.hdfs.server.namenode.NameNode: Web-server up at: 0.0.0.0:50070
2014-05-04 23:32:56,734 WARN org.apache.hadoop.hdfs.server.namenode.FSNamesystem: Only one image storage directory (dfs.namenode.name.dir) configured. Beware of dataloss due to lack of redundant storage directories!
2014-05-04 23:32:56,734 WARN org.apache.hadoop.hdfs.server.namenode.FSNamesystem: Only one namespace edits storage directory (dfs.namenode.edits.dir) configured. Beware of dataloss due to lack of redundant storage directories!
2014-05-04 23:32:56,814 INFO org.apache.hadoop.hdfs.server.namenode.HostFileManager: read includes:
HostSet(
)
2014-05-04 23:32:56,814 INFO org.apache.hadoop.hdfs.server.namenode.HostFileManager: read excludes:
HostSet(
)
2014-05-04 23:32:56,818 INFO org.apache.hadoop.hdfs.server.blockmanagement.DatanodeManager: dfs.block.invalidate.limit=1000
2014-05-04 23:32:56,822 INFO org.apache.hadoop.util.GSet: Computing capacity for map BlocksMap
2014-05-04 23:32:56,822 INFO org.apache.hadoop.util.GSet: VM type       = 64-bit
2014-05-04 23:32:56,823 INFO org.apache.hadoop.util.GSet: 2.0% max memory = 889 MB
2014-05-04 23:32:56,823 INFO org.apache.hadoop.util.GSet: capacity      = 2^21 = 2097152 entries
2014-05-04 23:32:56,829 INFO org.apache.hadoop.hdfs.server.blockmanagement.BlockManager: dfs.block.access.token.enable=false
2014-05-04 23:32:56,829 INFO org.apache.hadoop.hdfs.server.blockmanagement.BlockManager: defaultReplication         = 1
2014-05-04 23:32:56,829 INFO org.apache.hadoop.hdfs.server.blockmanagement.BlockManager: maxReplication             = 512
2014-05-04 23:32:56,829 INFO org.apache.hadoop.hdfs.server.blockmanagement.BlockManager: minReplication             = 1
2014-05-04 23:32:56,829 INFO org.apache.hadoop.hdfs.server.blockmanagement.BlockManager: maxReplicationStreams      = 2
2014-05-04 23:32:56,830 INFO org.apache.hadoop.hdfs.server.blockmanagement.BlockManager: shouldCheckForEnoughRacks  = false
2014-05-04 23:32:56,830 INFO org.apache.hadoop.hdfs.server.blockmanagement.BlockManager: replicationRecheckInterval = 3000
2014-05-04 23:32:56,830 INFO org.apache.hadoop.hdfs.server.blockmanagement.BlockManager: encryptDataTransfer        = false
2014-05-04 23:32:56,840 INFO org.apache.hadoop.hdfs.server.namenode.FSNamesystem: fsOwner             = ubuntu (auth:SIMPLE)
2014-05-04 23:32:56,840 INFO org.apache.hadoop.hdfs.server.namenode.FSNamesystem: supergroup          = supergroup
2014-05-04 23:32:56,840 INFO org.apache.hadoop.hdfs.server.namenode.FSNamesystem: isPermissionEnabled = true
2014-05-04 23:32:56,840 INFO org.apache.hadoop.hdfs.server.namenode.FSNamesystem: HA Enabled: false
2014-05-04 23:32:56,842 INFO org.apache.hadoop.hdfs.server.namenode.FSNamesystem: Append Enabled: true
2014-05-04 23:32:56,904 INFO org.apache.hadoop.util.GSet: Computing capacity for map INodeMap
2014-05-04 23:32:56,904 INFO org.apache.hadoop.util.GSet: VM type       = 64-bit
2014-05-04 23:32:56,904 INFO org.apache.hadoop.util.GSet: 1.0% max memory = 889 MB
2014-05-04 23:32:56,904 INFO org.apache.hadoop.util.GSet: capacity      = 2^20 = 1048576 entries
2014-05-04 23:32:56,906 INFO org.apache.hadoop.hdfs.server.namenode.NameNode: Caching file names occuring more than 10 times
2014-05-04 23:32:56,910 INFO org.apache.hadoop.hdfs.server.namenode.FSNamesystem: dfs.namenode.safemode.threshold-pct = 0.9990000128746033
2014-05-04 23:32:56,910 INFO org.apache.hadoop.hdfs.server.namenode.FSNamesystem: dfs.namenode.safemode.min.datanodes = 0
2014-05-04 23:32:56,910 INFO org.apache.hadoop.hdfs.server.namenode.FSNamesystem: dfs.namenode.safemode.extension     = 30000
2014-05-04 23:32:56,912 INFO org.apache.hadoop.hdfs.server.namenode.FSNamesystem: Retry cache on namenode is enabled
2014-05-04 23:32:56,912 INFO org.apache.hadoop.hdfs.server.namenode.FSNamesystem: Retry cache will use 0.03 of total heap and retry cache entry expiry time is 600000 millis
2014-05-04 23:32:56,915 INFO org.apache.hadoop.util.GSet: Computing capacity for map Namenode Retry Cache
2014-05-04 23:32:56,915 INFO org.apache.hadoop.util.GSet: VM type       = 64-bit
2014-05-04 23:32:56,916 INFO org.apache.hadoop.util.GSet: 0.029999999329447746% max memory = 889 MB
2014-05-04 23:32:56,916 INFO org.apache.hadoop.util.GSet: capacity      = 2^15 = 32768 entries
2014-05-04 23:32:56,919 WARN org.apache.hadoop.hdfs.server.common.Storage: Storage directory /home/hduser/mydata/hdfs/namenode does not exist
2014-05-04 23:32:56,932 INFO org.mortbay.log: Stopped SelectChannelConnector@0.0.0.0:50070
2014-05-04 23:32:56,933 INFO org.apache.hadoop.metrics2.impl.MetricsSystemImpl: Stopping NameNode metrics system...
2014-05-04 23:32:56,934 INFO org.apache.hadoop.metrics2.impl.MetricsSystemImpl: NameNode metrics system stopped.
2014-05-04 23:32:56,934 INFO org.apache.hadoop.metrics2.impl.MetricsSystemImpl: NameNode metrics system shutdown complete.
2014-05-04 23:32:56,935 FATAL org.apache.hadoop.hdfs.server.namenode.NameNode: Exception in namenode join
org.apache.hadoop.hdfs.server.common.InconsistentFSStateException: Directory /home/hduser/mydata/hdfs/namenode is in an inconsistent state: storage directory does not exist or is not accessible.
	at org.apache.hadoop.hdfs.server.namenode.FSImage.recoverStorageDirs(FSImage.java:292)
	at org.apache.hadoop.hdfs.server.namenode.FSImage.recoverTransitionRead(FSImage.java:200)
	at org.apache.hadoop.hdfs.server.namenode.FSNamesystem.loadFSImage(FSNamesystem.java:787)
	at org.apache.hadoop.hdfs.server.namenode.FSNamesystem.loadFromDisk(FSNamesystem.java:568)
	at org.apache.hadoop.hdfs.server.namenode.NameNode.loadNamesystem(NameNode.java:443)
	at org.apache.hadoop.hdfs.server.namenode.NameNode.initialize(NameNode.java:491)
	at org.apache.hadoop.hdfs.server.namenode.NameNode.<init>(NameNode.java:684)
	at org.apache.hadoop.hdfs.server.namenode.NameNode.<init>(NameNode.java:669)
	at org.apache.hadoop.hdfs.server.namenode.NameNode.createNameNode(NameNode.java:1254)
	at org.apache.hadoop.hdfs.server.namenode.NameNode.main(NameNode.java:1320)
2014-05-04 23:32:56,940 INFO org.apache.hadoop.util.ExitUtil: Exiting with status 1
2014-05-04 23:32:56,942 INFO org.apache.hadoop.hdfs.server.namenode.NameNode: SHUTDOWN_MSG: 
/************************************************************
SHUTDOWN_MSG: Shutting down NameNode at ip-10-0-0-158/10.0.0.158
************************************************************/
2014-05-04 23:35:17,861 INFO org.apache.hadoop.hdfs.server.namenode.NameNode: STARTUP_MSG: 
/************************************************************
STARTUP_MSG: Starting NameNode
STARTUP_MSG:   host = ip-10-0-0-158/10.0.0.158
STARTUP_MSG:   args = []
STARTUP_MSG:   version = 2.2.0
STARTUP_MSG:   classpath = /home/ubuntu/PatchedDistro/patched_hadoop/etc/hadoop:/home/ubuntu/PatchedDistro/patched_hadoop/share/hadoop/common/lib/commons-net-3.1.jar:/home/ubuntu/PatchedDistro/patched_hadoop/share/hadoop/common/lib/commons-httpclient-3.1.jar:/home/ubuntu/PatchedDistro/patched_hadoop/share/hadoop/common/lib/jersey-json-1.9.jar:/home/ubuntu/PatchedDistro/patched_hadoop/share/hadoop/common/lib/jaxb-impl-2.2.3-1.jar:/home/ubuntu/PatchedDistro/patched_hadoop/share/hadoop/common/lib/commons-digester-1.8.jar:/home/ubuntu/PatchedDistro/patched_hadoop/share/hadoop/common/lib/hadoop-annotations-2.2.0.jar:/home/ubuntu/PatchedDistro/patched_hadoop/share/hadoop/common/lib/guava-11.0.2.jar:/home/ubuntu/PatchedDistro/patched_hadoop/share/hadoop/common/lib/jettison-1.1.jar:/home/ubuntu/PatchedDistro/patched_hadoop/share/hadoop/common/lib/commons-math-2.1.jar:/home/ubuntu/PatchedDistro/patched_hadoop/share/hadoop/common/lib/commons-configuration-1.6.jar:/home/ubuntu/PatchedDistro/patched_hadoop/share/hadoop/common/lib/jsr305-1.3.9.jar:/home/ubuntu/PatchedDistro/patched_hadoop/share/hadoop/common/lib/activation-1.1.jar:/home/ubuntu/PatchedDistro/patched_hadoop/share/hadoop/common/lib/jackson-core-asl-1.8.8.jar:/home/ubuntu/PatchedDistro/patched_hadoop/share/hadoop/common/lib/jackson-xc-1.8.8.jar:/home/ubuntu/PatchedDistro/patched_hadoop/share/hadoop/common/lib/jersey-server-1.9.jar:/home/ubuntu/PatchedDistro/patched_hadoop/share/hadoop/common/lib/slf4j-log4j12-1.7.5.jar:/home/ubuntu/PatchedDistro/patched_hadoop/share/hadoop/common/lib/jersey-core-1.9.jar:/home/ubuntu/PatchedDistro/patched_hadoop/share/hadoop/common/lib/commons-cli-1.2.jar:/home/ubuntu/PatchedDistro/patched_hadoop/share/hadoop/common/lib/commons-lang-2.5.jar:/home/ubuntu/PatchedDistro/patched_hadoop/share/hadoop/common/lib/jsp-api-2.1.jar:/home/ubuntu/PatchedDistro/patched_hadoop/share/hadoop/common/lib/asm-3.2.jar:/home/ubuntu/PatchedDistro/patched_hadoop/share/hadoop/common/lib/snappy-java-1.0.4.1.jar:/home/ubuntu/PatchedDistro/patched_hadoop/share/hadoop/common/lib/zookeeper-3.4.5.jar:/home/ubuntu/PatchedDistro/patched_hadoop/share/hadoop/common/lib/jaxb-api-2.2.2.jar:/home/ubuntu/PatchedDistro/patched_hadoop/share/hadoop/common/lib/slf4j-api-1.7.5.jar:/home/ubuntu/PatchedDistro/patched_hadoop/share/hadoop/common/lib/commons-collections-3.2.1.jar:/home/ubuntu/PatchedDistro/patched_hadoop/share/hadoop/common/lib/jasper-runtime-5.5.23.jar:/home/ubuntu/PatchedDistro/patched_hadoop/share/hadoop/common/lib/jackson-jaxrs-1.8.8.jar:/home/ubuntu/PatchedDistro/patched_hadoop/share/hadoop/common/lib/commons-beanutils-1.7.0.jar:/home/ubuntu/PatchedDistro/patched_hadoop/share/hadoop/common/lib/paranamer-2.3.jar:/home/ubuntu/PatchedDistro/patched_hadoop/share/hadoop/common/lib/junit-4.8.2.jar:/home/ubuntu/PatchedDistro/patched_hadoop/share/hadoop/common/lib/commons-codec-1.4.jar:/home/ubuntu/PatchedDistro/patched_hadoop/share/hadoop/common/lib/commons-el-1.0.jar:/home/ubuntu/PatchedDistro/patched_hadoop/share/hadoop/common/lib/mockito-all-1.8.5.jar:/home/ubuntu/PatchedDistro/patched_hadoop/share/hadoop/common/lib/jetty-util-6.1.26.jar:/home/ubuntu/PatchedDistro/patched_hadoop/share/hadoop/common/lib/commons-beanutils-core-1.8.0.jar:/home/ubuntu/PatchedDistro/patched_hadoop/share/hadoop/common/lib/commons-compress-1.4.1.jar:/home/ubuntu/PatchedDistro/patched_hadoop/share/hadoop/common/lib/jsch-0.1.42.jar:/home/ubuntu/PatchedDistro/patched_hadoop/share/hadoop/common/lib/protobuf-java-2.5.0.jar:/home/ubuntu/PatchedDistro/patched_hadoop/share/hadoop/common/lib/stax-api-1.0.1.jar:/home/ubuntu/PatchedDistro/patched_hadoop/share/hadoop/common/lib/xz-1.0.jar:/home/ubuntu/PatchedDistro/patched_hadoop/share/hadoop/common/lib/jackson-mapper-asl-1.8.8.jar:/home/ubuntu/PatchedDistro/patched_hadoop/share/hadoop/common/lib/jasper-compiler-5.5.23.jar:/home/ubuntu/PatchedDistro/patched_hadoop/share/hadoop/common/lib/servlet-api-2.5.jar:/home/ubuntu/PatchedDistro/patched_hadoop/share/hadoop/common/lib/avro-1.7.4.jar:/home/ubuntu/PatchedDistro/patched_hadoop/share/hadoop/common/lib/xmlenc-0.52.jar:/home/ubuntu/PatchedDistro/patched_hadoop/share/hadoop/common/lib/commons-logging-1.1.1.jar:/home/ubuntu/PatchedDistro/patched_hadoop/share/hadoop/common/lib/jetty-6.1.26.jar:/home/ubuntu/PatchedDistro/patched_hadoop/share/hadoop/common/lib/hadoop-auth-2.2.0.jar:/home/ubuntu/PatchedDistro/patched_hadoop/share/hadoop/common/lib/commons-io-2.1.jar:/home/ubuntu/PatchedDistro/patched_hadoop/share/hadoop/common/lib/netty-3.6.2.Final.jar:/home/ubuntu/PatchedDistro/patched_hadoop/share/hadoop/common/lib/log4j-1.2.17.jar:/home/ubuntu/PatchedDistro/patched_hadoop/share/hadoop/common/lib/jets3t-0.6.1.jar:/home/ubuntu/PatchedDistro/patched_hadoop/share/hadoop/common/hadoop-common-2.2.0.jar:/home/ubuntu/PatchedDistro/patched_hadoop/share/hadoop/common/hadoop-common-2.2.0-tests.jar:/home/ubuntu/PatchedDistro/patched_hadoop/share/hadoop/common/hadoop-nfs-2.2.0.jar:/home/ubuntu/PatchedDistro/patched_hadoop/share/hadoop/hdfs:/home/ubuntu/PatchedDistro/patched_hadoop/share/hadoop/hdfs/lib/commons-daemon-1.0.13.jar:/home/ubuntu/PatchedDistro/patched_hadoop/share/hadoop/hdfs/lib/guava-11.0.2.jar:/home/ubuntu/PatchedDistro/patched_hadoop/share/hadoop/hdfs/lib/jsr305-1.3.9.jar:/home/ubuntu/PatchedDistro/patched_hadoop/share/hadoop/hdfs/lib/jackson-core-asl-1.8.8.jar:/home/ubuntu/PatchedDistro/patched_hadoop/share/hadoop/hdfs/lib/jersey-server-1.9.jar:/home/ubuntu/PatchedDistro/patched_hadoop/share/hadoop/hdfs/lib/jersey-core-1.9.jar:/home/ubuntu/PatchedDistro/patched_hadoop/share/hadoop/hdfs/lib/commons-cli-1.2.jar:/home/ubuntu/PatchedDistro/patched_hadoop/share/hadoop/hdfs/lib/commons-lang-2.5.jar:/home/ubuntu/PatchedDistro/patched_hadoop/share/hadoop/hdfs/lib/jsp-api-2.1.jar:/home/ubuntu/PatchedDistro/patched_hadoop/share/hadoop/hdfs/lib/asm-3.2.jar:/home/ubuntu/PatchedDistro/patched_hadoop/share/hadoop/hdfs/lib/jasper-runtime-5.5.23.jar:/home/ubuntu/PatchedDistro/patched_hadoop/share/hadoop/hdfs/lib/commons-codec-1.4.jar:/home/ubuntu/PatchedDistro/patched_hadoop/share/hadoop/hdfs/lib/commons-el-1.0.jar:/home/ubuntu/PatchedDistro/patched_hadoop/share/hadoop/hdfs/lib/jetty-util-6.1.26.jar:/home/ubuntu/PatchedDistro/patched_hadoop/share/hadoop/hdfs/lib/protobuf-java-2.5.0.jar:/home/ubuntu/PatchedDistro/patched_hadoop/share/hadoop/hdfs/lib/jackson-mapper-asl-1.8.8.jar:/home/ubuntu/PatchedDistro/patched_hadoop/share/hadoop/hdfs/lib/servlet-api-2.5.jar:/home/ubuntu/PatchedDistro/patched_hadoop/share/hadoop/hdfs/lib/xmlenc-0.52.jar:/home/ubuntu/PatchedDistro/patched_hadoop/share/hadoop/hdfs/lib/commons-logging-1.1.1.jar:/home/ubuntu/PatchedDistro/patched_hadoop/share/hadoop/hdfs/lib/jetty-6.1.26.jar:/home/ubuntu/PatchedDistro/patched_hadoop/share/hadoop/hdfs/lib/commons-io-2.1.jar:/home/ubuntu/PatchedDistro/patched_hadoop/share/hadoop/hdfs/lib/netty-3.6.2.Final.jar:/home/ubuntu/PatchedDistro/patched_hadoop/share/hadoop/hdfs/lib/log4j-1.2.17.jar:/home/ubuntu/PatchedDistro/patched_hadoop/share/hadoop/hdfs/hadoop-hdfs-2.2.0-tests.jar:/home/ubuntu/PatchedDistro/patched_hadoop/share/hadoop/hdfs/hadoop-hdfs-2.2.0.jar:/home/ubuntu/PatchedDistro/patched_hadoop/share/hadoop/hdfs/hadoop-hdfs-nfs-2.2.0.jar:/home/ubuntu/PatchedDistro/patched_hadoop/share/hadoop/yarn/lib/hadoop-annotations-2.2.0.jar:/home/ubuntu/PatchedDistro/patched_hadoop/share/hadoop/yarn/lib/jackson-core-asl-1.8.8.jar:/home/ubuntu/PatchedDistro/patched_hadoop/share/hadoop/yarn/lib/guice-servlet-3.0.jar:/home/ubuntu/PatchedDistro/patched_hadoop/share/hadoop/yarn/lib/jersey-server-1.9.jar:/home/ubuntu/PatchedDistro/patched_hadoop/share/hadoop/yarn/lib/jersey-core-1.9.jar:/home/ubuntu/PatchedDistro/patched_hadoop/share/hadoop/yarn/lib/asm-3.2.jar:/home/ubuntu/PatchedDistro/patched_hadoop/share/hadoop/yarn/lib/snappy-java-1.0.4.1.jar:/home/ubuntu/PatchedDistro/patched_hadoop/share/hadoop/yarn/lib/jersey-guice-1.9.jar:/home/ubuntu/PatchedDistro/patched_hadoop/share/hadoop/yarn/lib/paranamer-2.3.jar:/home/ubuntu/PatchedDistro/patched_hadoop/share/hadoop/yarn/lib/commons-compress-1.4.1.jar:/home/ubuntu/PatchedDistro/patched_hadoop/share/hadoop/yarn/lib/protobuf-java-2.5.0.jar:/home/ubuntu/PatchedDistro/patched_hadoop/share/hadoop/yarn/lib/guice-3.0.jar:/home/ubuntu/PatchedDistro/patched_hadoop/share/hadoop/yarn/lib/hamcrest-core-1.1.jar:/home/ubuntu/PatchedDistro/patched_hadoop/share/hadoop/yarn/lib/xz-1.0.jar:/home/ubuntu/PatchedDistro/patched_hadoop/share/hadoop/yarn/lib/jackson-mapper-asl-1.8.8.jar:/home/ubuntu/PatchedDistro/patched_hadoop/share/hadoop/yarn/lib/aopalliance-1.0.jar:/home/ubuntu/PatchedDistro/patched_hadoop/share/hadoop/yarn/lib/junit-4.10.jar:/home/ubuntu/PatchedDistro/patched_hadoop/share/hadoop/yarn/lib/avro-1.7.4.jar:/home/ubuntu/PatchedDistro/patched_hadoop/share/hadoop/yarn/lib/javax.inject-1.jar:/home/ubuntu/PatchedDistro/patched_hadoop/share/hadoop/yarn/lib/commons-io-2.1.jar:/home/ubuntu/PatchedDistro/patched_hadoop/share/hadoop/yarn/lib/netty-3.6.2.Final.jar:/home/ubuntu/PatchedDistro/patched_hadoop/share/hadoop/yarn/lib/log4j-1.2.17.jar:/home/ubuntu/PatchedDistro/patched_hadoop/share/hadoop/yarn/hadoop-yarn-site-2.2.0.jar:/home/ubuntu/PatchedDistro/patched_hadoop/share/hadoop/yarn/hadoop-yarn-server-common-2.2.0.jar:/home/ubuntu/PatchedDistro/patched_hadoop/share/hadoop/yarn/hadoop-yarn-client-2.2.0.jar:/home/ubuntu/PatchedDistro/patched_hadoop/share/hadoop/yarn/hadoop-yarn-server-tests-2.2.0.jar:/home/ubuntu/PatchedDistro/patched_hadoop/share/hadoop/yarn/hadoop-yarn-applications-unmanaged-am-launcher-2.2.0.jar:/home/ubuntu/PatchedDistro/patched_hadoop/share/hadoop/yarn/hadoop-yarn-server-nodemanager-2.2.0.jar:/home/ubuntu/PatchedDistro/patched_hadoop/share/hadoop/yarn/hadoop-yarn-server-resourcemanager-2.2.0.jar:/home/ubuntu/PatchedDistro/patched_hadoop/share/hadoop/yarn/hadoop-yarn-common-2.2.0.jar:/home/ubuntu/PatchedDistro/patched_hadoop/share/hadoop/yarn/hadoop-yarn-api-2.2.0.jar:/home/ubuntu/PatchedDistro/patched_hadoop/share/hadoop/yarn/hadoop-yarn-server-web-proxy-2.2.0.jar:/home/ubuntu/PatchedDistro/patched_hadoop/share/hadoop/yarn/hadoop-yarn-applications-distributedshell-2.2.0.jar:/home/ubuntu/PatchedDistro/patched_hadoop/share/hadoop/mapreduce/lib/hadoop-annotations-2.2.0.jar:/home/ubuntu/PatchedDistro/patched_hadoop/share/hadoop/mapreduce/lib/jackson-core-asl-1.8.8.jar:/home/ubuntu/PatchedDistro/patched_hadoop/share/hadoop/mapreduce/lib/guice-servlet-3.0.jar:/home/ubuntu/PatchedDistro/patched_hadoop/share/hadoop/mapreduce/lib/jersey-server-1.9.jar:/home/ubuntu/PatchedDistro/patched_hadoop/share/hadoop/mapreduce/lib/jersey-core-1.9.jar:/home/ubuntu/PatchedDistro/patched_hadoop/share/hadoop/mapreduce/lib/asm-3.2.jar:/home/ubuntu/PatchedDistro/patched_hadoop/share/hadoop/mapreduce/lib/snappy-java-1.0.4.1.jar:/home/ubuntu/PatchedDistro/patched_hadoop/share/hadoop/mapreduce/lib/jersey-guice-1.9.jar:/home/ubuntu/PatchedDistro/patched_hadoop/share/hadoop/mapreduce/lib/paranamer-2.3.jar:/home/ubuntu/PatchedDistro/patched_hadoop/share/hadoop/mapreduce/lib/commons-compress-1.4.1.jar:/home/ubuntu/PatchedDistro/patched_hadoop/share/hadoop/mapreduce/lib/protobuf-java-2.5.0.jar:/home/ubuntu/PatchedDistro/patched_hadoop/share/hadoop/mapreduce/lib/guice-3.0.jar:/home/ubuntu/PatchedDistro/patched_hadoop/share/hadoop/mapreduce/lib/hamcrest-core-1.1.jar:/home/ubuntu/PatchedDistro/patched_hadoop/share/hadoop/mapreduce/lib/xz-1.0.jar:/home/ubuntu/PatchedDistro/patched_hadoop/share/hadoop/mapreduce/lib/jackson-mapper-asl-1.8.8.jar:/home/ubuntu/PatchedDistro/patched_hadoop/share/hadoop/mapreduce/lib/aopalliance-1.0.jar:/home/ubuntu/PatchedDistro/patched_hadoop/share/hadoop/mapreduce/lib/junit-4.10.jar:/home/ubuntu/PatchedDistro/patched_hadoop/share/hadoop/mapreduce/lib/avro-1.7.4.jar:/home/ubuntu/PatchedDistro/patched_hadoop/share/hadoop/mapreduce/lib/javax.inject-1.jar:/home/ubuntu/PatchedDistro/patched_hadoop/share/hadoop/mapreduce/lib/commons-io-2.1.jar:/home/ubuntu/PatchedDistro/patched_hadoop/share/hadoop/mapreduce/lib/netty-3.6.2.Final.jar:/home/ubuntu/PatchedDistro/patched_hadoop/share/hadoop/mapreduce/lib/log4j-1.2.17.jar:/home/ubuntu/PatchedDistro/patched_hadoop/share/hadoop/mapreduce/hadoop-mapreduce-client-app-2.2.0.jar:/home/ubuntu/PatchedDistro/patched_hadoop/share/hadoop/mapreduce/hadoop-mapreduce-examples-2.2.0.jar:/home/ubuntu/PatchedDistro/patched_hadoop/share/hadoop/mapreduce/hadoop-mapreduce-client-core-2.2.0.jar:/home/ubuntu/PatchedDistro/patched_hadoop/share/hadoop/mapreduce/hadoop-mapreduce-client-shuffle-2.2.0.jar:/home/ubuntu/PatchedDistro/patched_hadoop/share/hadoop/mapreduce/hadoop-mapreduce-client-jobclient-2.2.0.jar:/home/ubuntu/PatchedDistro/patched_hadoop/share/hadoop/mapreduce/hadoop-mapreduce-client-jobclient-2.2.0-tests.jar:/home/ubuntu/PatchedDistro/patched_hadoop/share/hadoop/mapreduce/hadoop-mapreduce-client-hs-2.2.0.jar:/home/ubuntu/PatchedDistro/patched_hadoop/share/hadoop/mapreduce/hadoop-mapreduce-client-common-2.2.0.jar:/home/ubuntu/PatchedDistro/patched_hadoop/share/hadoop/mapreduce/hadoop-mapreduce-client-hs-plugins-2.2.0.jar:/contrib/capacity-scheduler/*.jar:/contrib/capacity-scheduler/*.jar:/contrib/capacity-scheduler/*.jar
STARTUP_MSG:   build = Unknown -r Unknown; compiled by 'root' on 2014-04-01T21:08Z
STARTUP_MSG:   java = 1.7.0_51
************************************************************/
2014-05-04 23:35:17,872 INFO org.apache.hadoop.hdfs.server.namenode.NameNode: registered UNIX signal handlers for [TERM, HUP, INT]
2014-05-04 23:35:18,168 INFO org.apache.hadoop.metrics2.impl.MetricsConfig: loaded properties from hadoop-metrics2.properties
2014-05-04 23:35:18,279 INFO org.apache.hadoop.metrics2.impl.MetricsSystemImpl: Scheduled snapshot period at 10 second(s).
2014-05-04 23:35:18,279 INFO org.apache.hadoop.metrics2.impl.MetricsSystemImpl: NameNode metrics system started
2014-05-04 23:35:18,572 WARN org.apache.hadoop.util.NativeCodeLoader: Unable to load native-hadoop library for your platform... using builtin-java classes where applicable
2014-05-04 23:35:18,839 INFO org.mortbay.log: Logging to org.slf4j.impl.Log4jLoggerAdapter(org.mortbay.log) via org.mortbay.log.Slf4jLog
2014-05-04 23:35:18,978 INFO org.apache.hadoop.http.HttpServer: Added global filter 'safety' (class=org.apache.hadoop.http.HttpServer$QuotingInputFilter)
2014-05-04 23:35:18,982 INFO org.apache.hadoop.http.HttpServer: Added filter static_user_filter (class=org.apache.hadoop.http.lib.StaticUserWebFilter$StaticUserFilter) to context hdfs
2014-05-04 23:35:18,982 INFO org.apache.hadoop.http.HttpServer: Added filter static_user_filter (class=org.apache.hadoop.http.lib.StaticUserWebFilter$StaticUserFilter) to context logs
2014-05-04 23:35:18,982 INFO org.apache.hadoop.http.HttpServer: Added filter static_user_filter (class=org.apache.hadoop.http.lib.StaticUserWebFilter$StaticUserFilter) to context static
2014-05-04 23:35:19,011 INFO org.apache.hadoop.http.HttpServer: dfs.webhdfs.enabled = false
2014-05-04 23:35:19,056 INFO org.apache.hadoop.http.HttpServer: Jetty bound to port 50070
2014-05-04 23:35:19,056 INFO org.mortbay.log: jetty-6.1.26
2014-05-04 23:35:19,459 INFO org.mortbay.log: Started SelectChannelConnector@0.0.0.0:50070
2014-05-04 23:35:19,459 INFO org.apache.hadoop.hdfs.server.namenode.NameNode: Web-server up at: 0.0.0.0:50070
2014-05-04 23:35:19,493 WARN org.apache.hadoop.hdfs.server.namenode.FSNamesystem: Only one image storage directory (dfs.namenode.name.dir) configured. Beware of dataloss due to lack of redundant storage directories!
2014-05-04 23:35:19,494 WARN org.apache.hadoop.hdfs.server.namenode.FSNamesystem: Only one namespace edits storage directory (dfs.namenode.edits.dir) configured. Beware of dataloss due to lack of redundant storage directories!
2014-05-04 23:35:19,573 INFO org.apache.hadoop.hdfs.server.namenode.HostFileManager: read includes:
HostSet(
)
2014-05-04 23:35:19,573 INFO org.apache.hadoop.hdfs.server.namenode.HostFileManager: read excludes:
HostSet(
)
2014-05-04 23:35:19,577 INFO org.apache.hadoop.hdfs.server.blockmanagement.DatanodeManager: dfs.block.invalidate.limit=1000
2014-05-04 23:35:19,580 INFO org.apache.hadoop.util.GSet: Computing capacity for map BlocksMap
2014-05-04 23:35:19,580 INFO org.apache.hadoop.util.GSet: VM type       = 64-bit
2014-05-04 23:35:19,581 INFO org.apache.hadoop.util.GSet: 2.0% max memory = 889 MB
2014-05-04 23:35:19,581 INFO org.apache.hadoop.util.GSet: capacity      = 2^21 = 2097152 entries
2014-05-04 23:35:19,588 INFO org.apache.hadoop.hdfs.server.blockmanagement.BlockManager: dfs.block.access.token.enable=false
2014-05-04 23:35:19,588 INFO org.apache.hadoop.hdfs.server.blockmanagement.BlockManager: defaultReplication         = 1
2014-05-04 23:35:19,588 INFO org.apache.hadoop.hdfs.server.blockmanagement.BlockManager: maxReplication             = 512
2014-05-04 23:35:19,588 INFO org.apache.hadoop.hdfs.server.blockmanagement.BlockManager: minReplication             = 1
2014-05-04 23:35:19,588 INFO org.apache.hadoop.hdfs.server.blockmanagement.BlockManager: maxReplicationStreams      = 2
2014-05-04 23:35:19,588 INFO org.apache.hadoop.hdfs.server.blockmanagement.BlockManager: shouldCheckForEnoughRacks  = false
2014-05-04 23:35:19,588 INFO org.apache.hadoop.hdfs.server.blockmanagement.BlockManager: replicationRecheckInterval = 3000
2014-05-04 23:35:19,588 INFO org.apache.hadoop.hdfs.server.blockmanagement.BlockManager: encryptDataTransfer        = false
2014-05-04 23:35:19,598 INFO org.apache.hadoop.hdfs.server.namenode.FSNamesystem: fsOwner             = ubuntu (auth:SIMPLE)
2014-05-04 23:35:19,598 INFO org.apache.hadoop.hdfs.server.namenode.FSNamesystem: supergroup          = supergroup
2014-05-04 23:35:19,598 INFO org.apache.hadoop.hdfs.server.namenode.FSNamesystem: isPermissionEnabled = true
2014-05-04 23:35:19,598 INFO org.apache.hadoop.hdfs.server.namenode.FSNamesystem: HA Enabled: false
2014-05-04 23:35:19,601 INFO org.apache.hadoop.hdfs.server.namenode.FSNamesystem: Append Enabled: true
2014-05-04 23:35:19,663 INFO org.apache.hadoop.util.GSet: Computing capacity for map INodeMap
2014-05-04 23:35:19,663 INFO org.apache.hadoop.util.GSet: VM type       = 64-bit
2014-05-04 23:35:19,663 INFO org.apache.hadoop.util.GSet: 1.0% max memory = 889 MB
2014-05-04 23:35:19,663 INFO org.apache.hadoop.util.GSet: capacity      = 2^20 = 1048576 entries
2014-05-04 23:35:19,665 INFO org.apache.hadoop.hdfs.server.namenode.NameNode: Caching file names occuring more than 10 times
2014-05-04 23:35:19,669 INFO org.apache.hadoop.hdfs.server.namenode.FSNamesystem: dfs.namenode.safemode.threshold-pct = 0.9990000128746033
2014-05-04 23:35:19,670 INFO org.apache.hadoop.hdfs.server.namenode.FSNamesystem: dfs.namenode.safemode.min.datanodes = 0
2014-05-04 23:35:19,670 INFO org.apache.hadoop.hdfs.server.namenode.FSNamesystem: dfs.namenode.safemode.extension     = 30000
2014-05-04 23:35:19,671 INFO org.apache.hadoop.hdfs.server.namenode.FSNamesystem: Retry cache on namenode is enabled
2014-05-04 23:35:19,671 INFO org.apache.hadoop.hdfs.server.namenode.FSNamesystem: Retry cache will use 0.03 of total heap and retry cache entry expiry time is 600000 millis
2014-05-04 23:35:19,674 INFO org.apache.hadoop.util.GSet: Computing capacity for map Namenode Retry Cache
2014-05-04 23:35:19,674 INFO org.apache.hadoop.util.GSet: VM type       = 64-bit
2014-05-04 23:35:19,675 INFO org.apache.hadoop.util.GSet: 0.029999999329447746% max memory = 889 MB
2014-05-04 23:35:19,675 INFO org.apache.hadoop.util.GSet: capacity      = 2^15 = 32768 entries
2014-05-04 23:35:19,678 WARN org.apache.hadoop.hdfs.server.common.Storage: Storage directory /home/hduser/mydata/hdfs/namenode does not exist
2014-05-04 23:35:19,692 INFO org.mortbay.log: Stopped SelectChannelConnector@0.0.0.0:50070
2014-05-04 23:35:19,693 INFO org.apache.hadoop.metrics2.impl.MetricsSystemImpl: Stopping NameNode metrics system...
2014-05-04 23:35:19,694 INFO org.apache.hadoop.metrics2.impl.MetricsSystemImpl: NameNode metrics system stopped.
2014-05-04 23:35:19,694 INFO org.apache.hadoop.metrics2.impl.MetricsSystemImpl: NameNode metrics system shutdown complete.
2014-05-04 23:35:19,695 FATAL org.apache.hadoop.hdfs.server.namenode.NameNode: Exception in namenode join
org.apache.hadoop.hdfs.server.common.InconsistentFSStateException: Directory /home/hduser/mydata/hdfs/namenode is in an inconsistent state: storage directory does not exist or is not accessible.
	at org.apache.hadoop.hdfs.server.namenode.FSImage.recoverStorageDirs(FSImage.java:292)
	at org.apache.hadoop.hdfs.server.namenode.FSImage.recoverTransitionRead(FSImage.java:200)
	at org.apache.hadoop.hdfs.server.namenode.FSNamesystem.loadFSImage(FSNamesystem.java:787)
	at org.apache.hadoop.hdfs.server.namenode.FSNamesystem.loadFromDisk(FSNamesystem.java:568)
	at org.apache.hadoop.hdfs.server.namenode.NameNode.loadNamesystem(NameNode.java:443)
	at org.apache.hadoop.hdfs.server.namenode.NameNode.initialize(NameNode.java:491)
	at org.apache.hadoop.hdfs.server.namenode.NameNode.<init>(NameNode.java:684)
	at org.apache.hadoop.hdfs.server.namenode.NameNode.<init>(NameNode.java:669)
	at org.apache.hadoop.hdfs.server.namenode.NameNode.createNameNode(NameNode.java:1254)
	at org.apache.hadoop.hdfs.server.namenode.NameNode.main(NameNode.java:1320)
2014-05-04 23:35:19,700 INFO org.apache.hadoop.util.ExitUtil: Exiting with status 1
2014-05-04 23:35:19,702 INFO org.apache.hadoop.hdfs.server.namenode.NameNode: SHUTDOWN_MSG: 
/************************************************************
SHUTDOWN_MSG: Shutting down NameNode at ip-10-0-0-158/10.0.0.158
************************************************************/
