2014-05-03 22:29:18,915 INFO org.apache.hadoop.hdfs.server.namenode.NameNode: STARTUP_MSG: 
/************************************************************
STARTUP_MSG: Starting NameNode
STARTUP_MSG:   host = ip-10-0-0-182/10.0.0.182
STARTUP_MSG:   args = []
STARTUP_MSG:   version = 2.2.0
STARTUP_MSG:   classpath = /home/ubuntu/PatchedDistro/hadoop-2.2.0/etc/hadoop:/home/ubuntu/PatchedDistro/hadoop-2.2.0/share/hadoop/common/lib/commons-net-3.1.jar:/home/ubuntu/PatchedDistro/hadoop-2.2.0/share/hadoop/common/lib/commons-httpclient-3.1.jar:/home/ubuntu/PatchedDistro/hadoop-2.2.0/share/hadoop/common/lib/jersey-json-1.9.jar:/home/ubuntu/PatchedDistro/hadoop-2.2.0/share/hadoop/common/lib/jaxb-impl-2.2.3-1.jar:/home/ubuntu/PatchedDistro/hadoop-2.2.0/share/hadoop/common/lib/commons-digester-1.8.jar:/home/ubuntu/PatchedDistro/hadoop-2.2.0/share/hadoop/common/lib/hadoop-annotations-2.2.0.jar:/home/ubuntu/PatchedDistro/hadoop-2.2.0/share/hadoop/common/lib/guava-11.0.2.jar:/home/ubuntu/PatchedDistro/hadoop-2.2.0/share/hadoop/common/lib/jettison-1.1.jar:/home/ubuntu/PatchedDistro/hadoop-2.2.0/share/hadoop/common/lib/commons-math-2.1.jar:/home/ubuntu/PatchedDistro/hadoop-2.2.0/share/hadoop/common/lib/commons-configuration-1.6.jar:/home/ubuntu/PatchedDistro/hadoop-2.2.0/share/hadoop/common/lib/jsr305-1.3.9.jar:/home/ubuntu/PatchedDistro/hadoop-2.2.0/share/hadoop/common/lib/activation-1.1.jar:/home/ubuntu/PatchedDistro/hadoop-2.2.0/share/hadoop/common/lib/jackson-core-asl-1.8.8.jar:/home/ubuntu/PatchedDistro/hadoop-2.2.0/share/hadoop/common/lib/jackson-xc-1.8.8.jar:/home/ubuntu/PatchedDistro/hadoop-2.2.0/share/hadoop/common/lib/jersey-server-1.9.jar:/home/ubuntu/PatchedDistro/hadoop-2.2.0/share/hadoop/common/lib/slf4j-log4j12-1.7.5.jar:/home/ubuntu/PatchedDistro/hadoop-2.2.0/share/hadoop/common/lib/jersey-core-1.9.jar:/home/ubuntu/PatchedDistro/hadoop-2.2.0/share/hadoop/common/lib/commons-cli-1.2.jar:/home/ubuntu/PatchedDistro/hadoop-2.2.0/share/hadoop/common/lib/commons-lang-2.5.jar:/home/ubuntu/PatchedDistro/hadoop-2.2.0/share/hadoop/common/lib/jsp-api-2.1.jar:/home/ubuntu/PatchedDistro/hadoop-2.2.0/share/hadoop/common/lib/asm-3.2.jar:/home/ubuntu/PatchedDistro/hadoop-2.2.0/share/hadoop/common/lib/snappy-java-1.0.4.1.jar:/home/ubuntu/PatchedDistro/hadoop-2.2.0/share/hadoop/common/lib/zookeeper-3.4.5.jar:/home/ubuntu/PatchedDistro/hadoop-2.2.0/share/hadoop/common/lib/jaxb-api-2.2.2.jar:/home/ubuntu/PatchedDistro/hadoop-2.2.0/share/hadoop/common/lib/slf4j-api-1.7.5.jar:/home/ubuntu/PatchedDistro/hadoop-2.2.0/share/hadoop/common/lib/commons-collections-3.2.1.jar:/home/ubuntu/PatchedDistro/hadoop-2.2.0/share/hadoop/common/lib/jasper-runtime-5.5.23.jar:/home/ubuntu/PatchedDistro/hadoop-2.2.0/share/hadoop/common/lib/jackson-jaxrs-1.8.8.jar:/home/ubuntu/PatchedDistro/hadoop-2.2.0/share/hadoop/common/lib/commons-beanutils-1.7.0.jar:/home/ubuntu/PatchedDistro/hadoop-2.2.0/share/hadoop/common/lib/paranamer-2.3.jar:/home/ubuntu/PatchedDistro/hadoop-2.2.0/share/hadoop/common/lib/junit-4.8.2.jar:/home/ubuntu/PatchedDistro/hadoop-2.2.0/share/hadoop/common/lib/commons-codec-1.4.jar:/home/ubuntu/PatchedDistro/hadoop-2.2.0/share/hadoop/common/lib/commons-el-1.0.jar:/home/ubuntu/PatchedDistro/hadoop-2.2.0/share/hadoop/common/lib/mockito-all-1.8.5.jar:/home/ubuntu/PatchedDistro/hadoop-2.2.0/share/hadoop/common/lib/jetty-util-6.1.26.jar:/home/ubuntu/PatchedDistro/hadoop-2.2.0/share/hadoop/common/lib/commons-beanutils-core-1.8.0.jar:/home/ubuntu/PatchedDistro/hadoop-2.2.0/share/hadoop/common/lib/commons-compress-1.4.1.jar:/home/ubuntu/PatchedDistro/hadoop-2.2.0/share/hadoop/common/lib/jsch-0.1.42.jar:/home/ubuntu/PatchedDistro/hadoop-2.2.0/share/hadoop/common/lib/protobuf-java-2.5.0.jar:/home/ubuntu/PatchedDistro/hadoop-2.2.0/share/hadoop/common/lib/stax-api-1.0.1.jar:/home/ubuntu/PatchedDistro/hadoop-2.2.0/share/hadoop/common/lib/xz-1.0.jar:/home/ubuntu/PatchedDistro/hadoop-2.2.0/share/hadoop/common/lib/jackson-mapper-asl-1.8.8.jar:/home/ubuntu/PatchedDistro/hadoop-2.2.0/share/hadoop/common/lib/jasper-compiler-5.5.23.jar:/home/ubuntu/PatchedDistro/hadoop-2.2.0/share/hadoop/common/lib/servlet-api-2.5.jar:/home/ubuntu/PatchedDistro/hadoop-2.2.0/share/hadoop/common/lib/avro-1.7.4.jar:/home/ubuntu/PatchedDistro/hadoop-2.2.0/share/hadoop/common/lib/xmlenc-0.52.jar:/home/ubuntu/PatchedDistro/hadoop-2.2.0/share/hadoop/common/lib/commons-logging-1.1.1.jar:/home/ubuntu/PatchedDistro/hadoop-2.2.0/share/hadoop/common/lib/jetty-6.1.26.jar:/home/ubuntu/PatchedDistro/hadoop-2.2.0/share/hadoop/common/lib/hadoop-auth-2.2.0.jar:/home/ubuntu/PatchedDistro/hadoop-2.2.0/share/hadoop/common/lib/commons-io-2.1.jar:/home/ubuntu/PatchedDistro/hadoop-2.2.0/share/hadoop/common/lib/netty-3.6.2.Final.jar:/home/ubuntu/PatchedDistro/hadoop-2.2.0/share/hadoop/common/lib/log4j-1.2.17.jar:/home/ubuntu/PatchedDistro/hadoop-2.2.0/share/hadoop/common/lib/jets3t-0.6.1.jar:/home/ubuntu/PatchedDistro/hadoop-2.2.0/share/hadoop/common/hadoop-common-2.2.0.jar:/home/ubuntu/PatchedDistro/hadoop-2.2.0/share/hadoop/common/hadoop-common-2.2.0-tests.jar:/home/ubuntu/PatchedDistro/hadoop-2.2.0/share/hadoop/common/hadoop-nfs-2.2.0.jar:/home/ubuntu/PatchedDistro/hadoop-2.2.0/share/hadoop/hdfs:/home/ubuntu/PatchedDistro/hadoop-2.2.0/share/hadoop/hdfs/lib/commons-daemon-1.0.13.jar:/home/ubuntu/PatchedDistro/hadoop-2.2.0/share/hadoop/hdfs/lib/guava-11.0.2.jar:/home/ubuntu/PatchedDistro/hadoop-2.2.0/share/hadoop/hdfs/lib/jsr305-1.3.9.jar:/home/ubuntu/PatchedDistro/hadoop-2.2.0/share/hadoop/hdfs/lib/jackson-core-asl-1.8.8.jar:/home/ubuntu/PatchedDistro/hadoop-2.2.0/share/hadoop/hdfs/lib/jersey-server-1.9.jar:/home/ubuntu/PatchedDistro/hadoop-2.2.0/share/hadoop/hdfs/lib/jersey-core-1.9.jar:/home/ubuntu/PatchedDistro/hadoop-2.2.0/share/hadoop/hdfs/lib/commons-cli-1.2.jar:/home/ubuntu/PatchedDistro/hadoop-2.2.0/share/hadoop/hdfs/lib/commons-lang-2.5.jar:/home/ubuntu/PatchedDistro/hadoop-2.2.0/share/hadoop/hdfs/lib/jsp-api-2.1.jar:/home/ubuntu/PatchedDistro/hadoop-2.2.0/share/hadoop/hdfs/lib/asm-3.2.jar:/home/ubuntu/PatchedDistro/hadoop-2.2.0/share/hadoop/hdfs/lib/jasper-runtime-5.5.23.jar:/home/ubuntu/PatchedDistro/hadoop-2.2.0/share/hadoop/hdfs/lib/commons-codec-1.4.jar:/home/ubuntu/PatchedDistro/hadoop-2.2.0/share/hadoop/hdfs/lib/commons-el-1.0.jar:/home/ubuntu/PatchedDistro/hadoop-2.2.0/share/hadoop/hdfs/lib/jetty-util-6.1.26.jar:/home/ubuntu/PatchedDistro/hadoop-2.2.0/share/hadoop/hdfs/lib/protobuf-java-2.5.0.jar:/home/ubuntu/PatchedDistro/hadoop-2.2.0/share/hadoop/hdfs/lib/jackson-mapper-asl-1.8.8.jar:/home/ubuntu/PatchedDistro/hadoop-2.2.0/share/hadoop/hdfs/lib/servlet-api-2.5.jar:/home/ubuntu/PatchedDistro/hadoop-2.2.0/share/hadoop/hdfs/lib/xmlenc-0.52.jar:/home/ubuntu/PatchedDistro/hadoop-2.2.0/share/hadoop/hdfs/lib/commons-logging-1.1.1.jar:/home/ubuntu/PatchedDistro/hadoop-2.2.0/share/hadoop/hdfs/lib/jetty-6.1.26.jar:/home/ubuntu/PatchedDistro/hadoop-2.2.0/share/hadoop/hdfs/lib/commons-io-2.1.jar:/home/ubuntu/PatchedDistro/hadoop-2.2.0/share/hadoop/hdfs/lib/netty-3.6.2.Final.jar:/home/ubuntu/PatchedDistro/hadoop-2.2.0/share/hadoop/hdfs/lib/log4j-1.2.17.jar:/home/ubuntu/PatchedDistro/hadoop-2.2.0/share/hadoop/hdfs/hadoop-hdfs-2.2.0-tests.jar:/home/ubuntu/PatchedDistro/hadoop-2.2.0/share/hadoop/hdfs/hadoop-hdfs-2.2.0.jar:/home/ubuntu/PatchedDistro/hadoop-2.2.0/share/hadoop/hdfs/hadoop-hdfs-nfs-2.2.0.jar:/home/ubuntu/PatchedDistro/hadoop-2.2.0/share/hadoop/yarn/lib/hadoop-annotations-2.2.0.jar:/home/ubuntu/PatchedDistro/hadoop-2.2.0/share/hadoop/yarn/lib/jackson-core-asl-1.8.8.jar:/home/ubuntu/PatchedDistro/hadoop-2.2.0/share/hadoop/yarn/lib/guice-servlet-3.0.jar:/home/ubuntu/PatchedDistro/hadoop-2.2.0/share/hadoop/yarn/lib/jersey-server-1.9.jar:/home/ubuntu/PatchedDistro/hadoop-2.2.0/share/hadoop/yarn/lib/jersey-core-1.9.jar:/home/ubuntu/PatchedDistro/hadoop-2.2.0/share/hadoop/yarn/lib/asm-3.2.jar:/home/ubuntu/PatchedDistro/hadoop-2.2.0/share/hadoop/yarn/lib/snappy-java-1.0.4.1.jar:/home/ubuntu/PatchedDistro/hadoop-2.2.0/share/hadoop/yarn/lib/jersey-guice-1.9.jar:/home/ubuntu/PatchedDistro/hadoop-2.2.0/share/hadoop/yarn/lib/paranamer-2.3.jar:/home/ubuntu/PatchedDistro/hadoop-2.2.0/share/hadoop/yarn/lib/commons-compress-1.4.1.jar:/home/ubuntu/PatchedDistro/hadoop-2.2.0/share/hadoop/yarn/lib/protobuf-java-2.5.0.jar:/home/ubuntu/PatchedDistro/hadoop-2.2.0/share/hadoop/yarn/lib/guice-3.0.jar:/home/ubuntu/PatchedDistro/hadoop-2.2.0/share/hadoop/yarn/lib/hamcrest-core-1.1.jar:/home/ubuntu/PatchedDistro/hadoop-2.2.0/share/hadoop/yarn/lib/xz-1.0.jar:/home/ubuntu/PatchedDistro/hadoop-2.2.0/share/hadoop/yarn/lib/jackson-mapper-asl-1.8.8.jar:/home/ubuntu/PatchedDistro/hadoop-2.2.0/share/hadoop/yarn/lib/aopalliance-1.0.jar:/home/ubuntu/PatchedDistro/hadoop-2.2.0/share/hadoop/yarn/lib/junit-4.10.jar:/home/ubuntu/PatchedDistro/hadoop-2.2.0/share/hadoop/yarn/lib/avro-1.7.4.jar:/home/ubuntu/PatchedDistro/hadoop-2.2.0/share/hadoop/yarn/lib/javax.inject-1.jar:/home/ubuntu/PatchedDistro/hadoop-2.2.0/share/hadoop/yarn/lib/commons-io-2.1.jar:/home/ubuntu/PatchedDistro/hadoop-2.2.0/share/hadoop/yarn/lib/netty-3.6.2.Final.jar:/home/ubuntu/PatchedDistro/hadoop-2.2.0/share/hadoop/yarn/lib/log4j-1.2.17.jar:/home/ubuntu/PatchedDistro/hadoop-2.2.0/share/hadoop/yarn/hadoop-yarn-site-2.2.0.jar:/home/ubuntu/PatchedDistro/hadoop-2.2.0/share/hadoop/yarn/hadoop-yarn-server-common-2.2.0.jar:/home/ubuntu/PatchedDistro/hadoop-2.2.0/share/hadoop/yarn/hadoop-yarn-client-2.2.0.jar:/home/ubuntu/PatchedDistro/hadoop-2.2.0/share/hadoop/yarn/hadoop-yarn-server-tests-2.2.0.jar:/home/ubuntu/PatchedDistro/hadoop-2.2.0/share/hadoop/yarn/hadoop-yarn-applications-unmanaged-am-launcher-2.2.0.jar:/home/ubuntu/PatchedDistro/hadoop-2.2.0/share/hadoop/yarn/hadoop-yarn-server-nodemanager-2.2.0.jar:/home/ubuntu/PatchedDistro/hadoop-2.2.0/share/hadoop/yarn/hadoop-yarn-server-resourcemanager-2.2.0.jar:/home/ubuntu/PatchedDistro/hadoop-2.2.0/share/hadoop/yarn/hadoop-yarn-common-2.2.0.jar:/home/ubuntu/PatchedDistro/hadoop-2.2.0/share/hadoop/yarn/hadoop-yarn-api-2.2.0.jar:/home/ubuntu/PatchedDistro/hadoop-2.2.0/share/hadoop/yarn/hadoop-yarn-server-web-proxy-2.2.0.jar:/home/ubuntu/PatchedDistro/hadoop-2.2.0/share/hadoop/yarn/hadoop-yarn-applications-distributedshell-2.2.0.jar:/home/ubuntu/PatchedDistro/hadoop-2.2.0/share/hadoop/mapreduce/lib/hadoop-annotations-2.2.0.jar:/home/ubuntu/PatchedDistro/hadoop-2.2.0/share/hadoop/mapreduce/lib/jackson-core-asl-1.8.8.jar:/home/ubuntu/PatchedDistro/hadoop-2.2.0/share/hadoop/mapreduce/lib/guice-servlet-3.0.jar:/home/ubuntu/PatchedDistro/hadoop-2.2.0/share/hadoop/mapreduce/lib/jersey-server-1.9.jar:/home/ubuntu/PatchedDistro/hadoop-2.2.0/share/hadoop/mapreduce/lib/jersey-core-1.9.jar:/home/ubuntu/PatchedDistro/hadoop-2.2.0/share/hadoop/mapreduce/lib/asm-3.2.jar:/home/ubuntu/PatchedDistro/hadoop-2.2.0/share/hadoop/mapreduce/lib/snappy-java-1.0.4.1.jar:/home/ubuntu/PatchedDistro/hadoop-2.2.0/share/hadoop/mapreduce/lib/jersey-guice-1.9.jar:/home/ubuntu/PatchedDistro/hadoop-2.2.0/share/hadoop/mapreduce/lib/paranamer-2.3.jar:/home/ubuntu/PatchedDistro/hadoop-2.2.0/share/hadoop/mapreduce/lib/commons-compress-1.4.1.jar:/home/ubuntu/PatchedDistro/hadoop-2.2.0/share/hadoop/mapreduce/lib/protobuf-java-2.5.0.jar:/home/ubuntu/PatchedDistro/hadoop-2.2.0/share/hadoop/mapreduce/lib/guice-3.0.jar:/home/ubuntu/PatchedDistro/hadoop-2.2.0/share/hadoop/mapreduce/lib/hamcrest-core-1.1.jar:/home/ubuntu/PatchedDistro/hadoop-2.2.0/share/hadoop/mapreduce/lib/xz-1.0.jar:/home/ubuntu/PatchedDistro/hadoop-2.2.0/share/hadoop/mapreduce/lib/jackson-mapper-asl-1.8.8.jar:/home/ubuntu/PatchedDistro/hadoop-2.2.0/share/hadoop/mapreduce/lib/aopalliance-1.0.jar:/home/ubuntu/PatchedDistro/hadoop-2.2.0/share/hadoop/mapreduce/lib/junit-4.10.jar:/home/ubuntu/PatchedDistro/hadoop-2.2.0/share/hadoop/mapreduce/lib/avro-1.7.4.jar:/home/ubuntu/PatchedDistro/hadoop-2.2.0/share/hadoop/mapreduce/lib/javax.inject-1.jar:/home/ubuntu/PatchedDistro/hadoop-2.2.0/share/hadoop/mapreduce/lib/commons-io-2.1.jar:/home/ubuntu/PatchedDistro/hadoop-2.2.0/share/hadoop/mapreduce/lib/netty-3.6.2.Final.jar:/home/ubuntu/PatchedDistro/hadoop-2.2.0/share/hadoop/mapreduce/lib/log4j-1.2.17.jar:/home/ubuntu/PatchedDistro/hadoop-2.2.0/share/hadoop/mapreduce/hadoop-mapreduce-client-app-2.2.0.jar:/home/ubuntu/PatchedDistro/hadoop-2.2.0/share/hadoop/mapreduce/hadoop-mapreduce-examples-2.2.0.jar:/home/ubuntu/PatchedDistro/hadoop-2.2.0/share/hadoop/mapreduce/hadoop-mapreduce-client-core-2.2.0.jar:/home/ubuntu/PatchedDistro/hadoop-2.2.0/share/hadoop/mapreduce/hadoop-mapreduce-client-shuffle-2.2.0.jar:/home/ubuntu/PatchedDistro/hadoop-2.2.0/share/hadoop/mapreduce/hadoop-mapreduce-client-jobclient-2.2.0.jar:/home/ubuntu/PatchedDistro/hadoop-2.2.0/share/hadoop/mapreduce/hadoop-mapreduce-client-jobclient-2.2.0-tests.jar:/home/ubuntu/PatchedDistro/hadoop-2.2.0/share/hadoop/mapreduce/hadoop-mapreduce-client-hs-2.2.0.jar:/home/ubuntu/PatchedDistro/hadoop-2.2.0/share/hadoop/mapreduce/hadoop-mapreduce-client-common-2.2.0.jar:/home/ubuntu/PatchedDistro/hadoop-2.2.0/share/hadoop/mapreduce/hadoop-mapreduce-client-hs-plugins-2.2.0.jar:/contrib/capacity-scheduler/*.jar:/contrib/capacity-scheduler/*.jar:/contrib/capacity-scheduler/*.jar
STARTUP_MSG:   build = Unknown -r Unknown; compiled by 'Joey' on 2014-03-24T00:00Z
STARTUP_MSG:   java = 1.7.0_51
************************************************************/
2014-05-03 22:29:18,926 INFO org.apache.hadoop.hdfs.server.namenode.NameNode: registered UNIX signal handlers for [TERM, HUP, INT]
2014-05-03 22:29:19,229 INFO org.apache.hadoop.metrics2.impl.MetricsConfig: loaded properties from hadoop-metrics2.properties
2014-05-03 22:29:19,343 INFO org.apache.hadoop.metrics2.impl.MetricsSystemImpl: Scheduled snapshot period at 10 second(s).
2014-05-03 22:29:19,343 INFO org.apache.hadoop.metrics2.impl.MetricsSystemImpl: NameNode metrics system started
2014-05-03 22:29:19,951 INFO org.mortbay.log: Logging to org.slf4j.impl.Log4jLoggerAdapter(org.mortbay.log) via org.mortbay.log.Slf4jLog
2014-05-03 22:29:20,080 INFO org.apache.hadoop.http.HttpServer: Added global filter 'safety' (class=org.apache.hadoop.http.HttpServer$QuotingInputFilter)
2014-05-03 22:29:20,083 INFO org.apache.hadoop.http.HttpServer: Added filter static_user_filter (class=org.apache.hadoop.http.lib.StaticUserWebFilter$StaticUserFilter) to context hdfs
2014-05-03 22:29:20,084 INFO org.apache.hadoop.http.HttpServer: Added filter static_user_filter (class=org.apache.hadoop.http.lib.StaticUserWebFilter$StaticUserFilter) to context static
2014-05-03 22:29:20,084 INFO org.apache.hadoop.http.HttpServer: Added filter static_user_filter (class=org.apache.hadoop.http.lib.StaticUserWebFilter$StaticUserFilter) to context logs
2014-05-03 22:29:20,125 INFO org.apache.hadoop.http.HttpServer: dfs.webhdfs.enabled = false
2014-05-03 22:29:20,172 INFO org.apache.hadoop.http.HttpServer: Jetty bound to port 50070
2014-05-03 22:29:20,172 INFO org.mortbay.log: jetty-6.1.26
2014-05-03 22:29:20,567 INFO org.mortbay.log: Started SelectChannelConnector@ec2-54-186-230-200.us-west-2.compute.amazonaws.com:50070
2014-05-03 22:29:20,567 INFO org.apache.hadoop.hdfs.server.namenode.NameNode: Web-server up at: ec2-54-186-230-200.us-west-2.compute.amazonaws.com:50070
2014-05-03 22:29:20,602 WARN org.apache.hadoop.hdfs.server.namenode.FSNamesystem: Only one image storage directory (dfs.namenode.name.dir) configured. Beware of dataloss due to lack of redundant storage directories!
2014-05-03 22:29:20,602 WARN org.apache.hadoop.hdfs.server.namenode.FSNamesystem: Only one namespace edits storage directory (dfs.namenode.edits.dir) configured. Beware of dataloss due to lack of redundant storage directories!
2014-05-03 22:29:20,679 INFO org.apache.hadoop.hdfs.server.namenode.HostFileManager: read includes:
HostSet(
)
2014-05-03 22:29:20,680 INFO org.apache.hadoop.hdfs.server.namenode.HostFileManager: read excludes:
HostSet(
)
2014-05-03 22:29:20,682 INFO org.apache.hadoop.hdfs.server.blockmanagement.DatanodeManager: dfs.block.invalidate.limit=1000
2014-05-03 22:29:20,685 INFO org.apache.hadoop.util.GSet: Computing capacity for map BlocksMap
2014-05-03 22:29:20,685 INFO org.apache.hadoop.util.GSet: VM type       = 64-bit
2014-05-03 22:29:20,685 INFO org.apache.hadoop.util.GSet: 2.0% max memory = 889 MB
2014-05-03 22:29:20,685 INFO org.apache.hadoop.util.GSet: capacity      = 2^21 = 2097152 entries
2014-05-03 22:29:20,690 INFO org.apache.hadoop.hdfs.server.blockmanagement.BlockManager: dfs.block.access.token.enable=false
2014-05-03 22:29:20,691 INFO org.apache.hadoop.hdfs.server.blockmanagement.BlockManager: defaultReplication         = 2
2014-05-03 22:29:20,691 INFO org.apache.hadoop.hdfs.server.blockmanagement.BlockManager: maxReplication             = 512
2014-05-03 22:29:20,691 INFO org.apache.hadoop.hdfs.server.blockmanagement.BlockManager: minReplication             = 1
2014-05-03 22:29:20,691 INFO org.apache.hadoop.hdfs.server.blockmanagement.BlockManager: maxReplicationStreams      = 2
2014-05-03 22:29:20,691 INFO org.apache.hadoop.hdfs.server.blockmanagement.BlockManager: shouldCheckForEnoughRacks  = false
2014-05-03 22:29:20,691 INFO org.apache.hadoop.hdfs.server.blockmanagement.BlockManager: replicationRecheckInterval = 3000
2014-05-03 22:29:20,691 INFO org.apache.hadoop.hdfs.server.blockmanagement.BlockManager: encryptDataTransfer        = false
2014-05-03 22:29:20,698 INFO org.apache.hadoop.hdfs.server.namenode.FSNamesystem: fsOwner             = ubuntu (auth:SIMPLE)
2014-05-03 22:29:20,698 INFO org.apache.hadoop.hdfs.server.namenode.FSNamesystem: supergroup          = supergroup
2014-05-03 22:29:20,698 INFO org.apache.hadoop.hdfs.server.namenode.FSNamesystem: isPermissionEnabled = true
2014-05-03 22:29:20,698 INFO org.apache.hadoop.hdfs.server.namenode.FSNamesystem: HA Enabled: false
2014-05-03 22:29:20,700 INFO org.apache.hadoop.hdfs.server.namenode.FSNamesystem: Append Enabled: true
2014-05-03 22:29:20,792 INFO org.apache.hadoop.util.GSet: Computing capacity for map INodeMap
2014-05-03 22:29:20,792 INFO org.apache.hadoop.util.GSet: VM type       = 64-bit
2014-05-03 22:29:20,792 INFO org.apache.hadoop.util.GSet: 1.0% max memory = 889 MB
2014-05-03 22:29:20,792 INFO org.apache.hadoop.util.GSet: capacity      = 2^20 = 1048576 entries
2014-05-03 22:29:20,793 INFO org.apache.hadoop.hdfs.server.namenode.NameNode: Caching file names occuring more than 10 times
2014-05-03 22:29:20,796 INFO org.apache.hadoop.hdfs.server.namenode.FSNamesystem: dfs.namenode.safemode.threshold-pct = 0.9990000128746033
2014-05-03 22:29:20,796 INFO org.apache.hadoop.hdfs.server.namenode.FSNamesystem: dfs.namenode.safemode.min.datanodes = 0
2014-05-03 22:29:20,796 INFO org.apache.hadoop.hdfs.server.namenode.FSNamesystem: dfs.namenode.safemode.extension     = 30000
2014-05-03 22:29:20,797 INFO org.apache.hadoop.hdfs.server.namenode.FSNamesystem: Retry cache on namenode is enabled
2014-05-03 22:29:20,798 INFO org.apache.hadoop.hdfs.server.namenode.FSNamesystem: Retry cache will use 0.03 of total heap and retry cache entry expiry time is 600000 millis
2014-05-03 22:29:20,800 INFO org.apache.hadoop.util.GSet: Computing capacity for map Namenode Retry Cache
2014-05-03 22:29:20,800 INFO org.apache.hadoop.util.GSet: VM type       = 64-bit
2014-05-03 22:29:20,800 INFO org.apache.hadoop.util.GSet: 0.029999999329447746% max memory = 889 MB
2014-05-03 22:29:20,800 INFO org.apache.hadoop.util.GSet: capacity      = 2^15 = 32768 entries
2014-05-03 22:29:20,850 INFO org.apache.hadoop.hdfs.server.common.Storage: Lock on /var/hadoop/tmp/dfs/name/in_use.lock acquired by nodename 3928@ip-10-0-0-182
2014-05-03 22:29:21,043 INFO org.apache.hadoop.hdfs.server.namenode.FileJournalManager: Recovering unfinalized segments in /var/hadoop/tmp/dfs/name/current
2014-05-03 22:29:21,148 INFO org.apache.hadoop.hdfs.server.namenode.FileJournalManager: Finalizing edits file /var/hadoop/tmp/dfs/name/current/edits_inprogress_0000000000000026510 -> /var/hadoop/tmp/dfs/name/current/edits_0000000000000026510-0000000000000026510
2014-05-03 22:29:21,203 INFO org.apache.hadoop.hdfs.server.namenode.FSImage: Loading image file /var/hadoop/tmp/dfs/name/current/fsimage_0000000000000026509 using no compression
2014-05-03 22:29:21,203 INFO org.apache.hadoop.hdfs.server.namenode.FSImage: Number of files = 808
2014-05-03 22:29:21,350 INFO org.apache.hadoop.hdfs.server.namenode.FSImage: Number of files under construction = 0
2014-05-03 22:29:21,350 INFO org.apache.hadoop.hdfs.server.namenode.FSImage: Image file /var/hadoop/tmp/dfs/name/current/fsimage_0000000000000026509 of size 119715 bytes loaded in 0 seconds.
2014-05-03 22:29:21,350 INFO org.apache.hadoop.hdfs.server.namenode.FSImage: Loaded image for txid 26509 from /var/hadoop/tmp/dfs/name/current/fsimage_0000000000000026509
2014-05-03 22:29:21,350 INFO org.apache.hadoop.hdfs.server.namenode.FSImage: Reading org.apache.hadoop.hdfs.server.namenode.RedundantEditLogInputStream@1d0027f5 expecting start txid #26510
2014-05-03 22:29:21,350 INFO org.apache.hadoop.hdfs.server.namenode.FSImage: Start loading edits file /var/hadoop/tmp/dfs/name/current/edits_0000000000000026510-0000000000000026510
2014-05-03 22:29:21,353 INFO org.apache.hadoop.hdfs.server.namenode.EditLogInputStream: Fast-forwarding stream '/var/hadoop/tmp/dfs/name/current/edits_0000000000000026510-0000000000000026510' to transaction ID 26510
2014-05-03 22:29:21,357 INFO org.apache.hadoop.hdfs.server.namenode.FSImage: Edits file /var/hadoop/tmp/dfs/name/current/edits_0000000000000026510-0000000000000026510 of size 1048576 edits # 1 loaded in 0 seconds
2014-05-03 22:29:21,366 INFO org.apache.hadoop.hdfs.server.namenode.FSImage: Saving image file /var/hadoop/tmp/dfs/name/current/fsimage.ckpt_0000000000000026510 using no compression
2014-05-03 22:29:21,426 INFO org.apache.hadoop.hdfs.server.namenode.FSImage: Image file /var/hadoop/tmp/dfs/name/current/fsimage.ckpt_0000000000000026510 of size 119715 bytes saved in 0 seconds.
2014-05-03 22:29:21,438 INFO org.apache.hadoop.hdfs.server.namenode.NNStorageRetentionManager: Going to retain 2 images with txid >= 26509
2014-05-03 22:29:21,438 INFO org.apache.hadoop.hdfs.server.namenode.NNStorageRetentionManager: Purging old image FSImageFile(file=/var/hadoop/tmp/dfs/name/current/fsimage_0000000000000026507, cpktTxId=0000000000000026507)
2014-05-03 22:29:21,486 INFO org.apache.hadoop.hdfs.server.namenode.FSEditLog: Starting log segment at 26511
2014-05-03 22:29:21,568 INFO org.apache.hadoop.hdfs.server.namenode.NameCache: initialized with 4 entries 52 lookups
2014-05-03 22:29:21,569 INFO org.apache.hadoop.hdfs.server.namenode.FSNamesystem: Finished loading FSImage in 768 msecs
2014-05-03 22:29:21,793 INFO org.apache.hadoop.hdfs.server.namenode.NameNode: RPC server is binding to ec2-54-186-230-200.us-west-2.compute.amazonaws.com:54310
2014-05-03 22:29:21,810 INFO org.apache.hadoop.ipc.Server: Starting Socket Reader #1 for port 54310
2014-05-03 22:29:22,055 INFO org.apache.hadoop.hdfs.server.namenode.FSNamesystem: Registered FSNamesystemState MBean
2014-05-03 22:29:22,066 INFO org.apache.hadoop.hdfs.server.namenode.FSNamesystem: Number of blocks under construction: 0
2014-05-03 22:29:22,066 INFO org.apache.hadoop.hdfs.server.namenode.FSNamesystem: Number of blocks under construction: 0
2014-05-03 22:29:22,067 INFO org.apache.hadoop.hdfs.StateChange: STATE* Safe mode ON. 
The reported blocks 0 needs additional 774 blocks to reach the threshold 0.9990 of total blocks 774.
Safe mode will be turned off automatically
2014-05-03 22:29:22,100 INFO org.apache.hadoop.ipc.Server: IPC Server Responder: starting
2014-05-03 22:29:22,101 INFO org.apache.hadoop.ipc.Server: IPC Server listener on 54310: starting
2014-05-03 22:29:22,103 INFO org.apache.hadoop.hdfs.server.namenode.NameNode: NameNode RPC up at: ec2-54-186-230-200.us-west-2.compute.amazonaws.com/10.0.0.182:54310
2014-05-03 22:29:22,103 INFO org.apache.hadoop.hdfs.server.namenode.FSNamesystem: Starting services required for active state
2014-05-03 22:29:28,179 INFO org.apache.hadoop.hdfs.StateChange: BLOCK* registerDatanode: from DatanodeRegistration(10.0.0.182, storageID=DS-196801259-10.0.0.122-50010-1396331931373, infoPort=50075, ipcPort=50020, storageInfo=lv=-47;cid=CID-7fd1d5f4-582d-4ef9-a2d6-2f5489c20e4f;nsid=262466603;c=0) storage DS-196801259-10.0.0.122-50010-1396331931373
2014-05-03 22:29:28,181 INFO org.apache.hadoop.net.NetworkTopology: Adding a new node: /default-rack/10.0.0.182:50010
2014-05-03 22:29:28,297 INFO org.apache.hadoop.hdfs.server.blockmanagement.BlockManager: BLOCK* processReport: Received first block report from 10.0.0.182:50010 after starting up or becoming active. Its block contents are no longer considered stale
2014-05-03 22:29:28,297 INFO BlockStateChange: BLOCK* processReport: from DatanodeRegistration(10.0.0.182, storageID=DS-196801259-10.0.0.122-50010-1396331931373, infoPort=50075, ipcPort=50020, storageInfo=lv=-47;cid=CID-7fd1d5f4-582d-4ef9-a2d6-2f5489c20e4f;nsid=262466603;c=0), blocks: 454, processing time: 11 msecs
2014-05-03 22:30:09,977 ERROR org.apache.hadoop.hdfs.server.namenode.NameNode: RECEIVED SIGNAL 15: SIGTERM
2014-05-03 22:30:09,980 INFO org.apache.hadoop.hdfs.server.namenode.NameNode: SHUTDOWN_MSG: 
/************************************************************
SHUTDOWN_MSG: Shutting down NameNode at ip-10-0-0-182/10.0.0.182
************************************************************/
