2014-03-24 08:09:38,218 INFO org.apache.hadoop.hdfs.server.namenode.SecondaryNameNode: STARTUP_MSG: 
/************************************************************
STARTUP_MSG: Starting SecondaryNameNode
STARTUP_MSG:   host = ip-10-234-70-108/10.234.70.108
STARTUP_MSG:   args = []
STARTUP_MSG:   version = 2.2.0
STARTUP_MSG:   classpath = /home/ubuntu/PatchedDistro/hadoop-2.2.0/etc/hadoop:/home/ubuntu/PatchedDistro/hadoop-2.2.0/share/hadoop/common/lib/commons-net-3.1.jar:/home/ubuntu/PatchedDistro/hadoop-2.2.0/share/hadoop/common/lib/commons-httpclient-3.1.jar:/home/ubuntu/PatchedDistro/hadoop-2.2.0/share/hadoop/common/lib/jersey-json-1.9.jar:/home/ubuntu/PatchedDistro/hadoop-2.2.0/share/hadoop/common/lib/jaxb-impl-2.2.3-1.jar:/home/ubuntu/PatchedDistro/hadoop-2.2.0/share/hadoop/common/lib/commons-digester-1.8.jar:/home/ubuntu/PatchedDistro/hadoop-2.2.0/share/hadoop/common/lib/hadoop-annotations-2.2.0.jar:/home/ubuntu/PatchedDistro/hadoop-2.2.0/share/hadoop/common/lib/guava-11.0.2.jar:/home/ubuntu/PatchedDistro/hadoop-2.2.0/share/hadoop/common/lib/jettison-1.1.jar:/home/ubuntu/PatchedDistro/hadoop-2.2.0/share/hadoop/common/lib/commons-math-2.1.jar:/home/ubuntu/PatchedDistro/hadoop-2.2.0/share/hadoop/common/lib/commons-configuration-1.6.jar:/home/ubuntu/PatchedDistro/hadoop-2.2.0/share/hadoop/common/lib/jsr305-1.3.9.jar:/home/ubuntu/PatchedDistro/hadoop-2.2.0/share/hadoop/common/lib/activation-1.1.jar:/home/ubuntu/PatchedDistro/hadoop-2.2.0/share/hadoop/common/lib/jackson-core-asl-1.8.8.jar:/home/ubuntu/PatchedDistro/hadoop-2.2.0/share/hadoop/common/lib/jackson-xc-1.8.8.jar:/home/ubuntu/PatchedDistro/hadoop-2.2.0/share/hadoop/common/lib/jersey-server-1.9.jar:/home/ubuntu/PatchedDistro/hadoop-2.2.0/share/hadoop/common/lib/slf4j-log4j12-1.7.5.jar:/home/ubuntu/PatchedDistro/hadoop-2.2.0/share/hadoop/common/lib/jersey-core-1.9.jar:/home/ubuntu/PatchedDistro/hadoop-2.2.0/share/hadoop/common/lib/commons-cli-1.2.jar:/home/ubuntu/PatchedDistro/hadoop-2.2.0/share/hadoop/common/lib/commons-lang-2.5.jar:/home/ubuntu/PatchedDistro/hadoop-2.2.0/share/hadoop/common/lib/jsp-api-2.1.jar:/home/ubuntu/PatchedDistro/hadoop-2.2.0/share/hadoop/common/lib/asm-3.2.jar:/home/ubuntu/PatchedDistro/hadoop-2.2.0/share/hadoop/common/lib/snappy-java-1.0.4.1.jar:/home/ubuntu/PatchedDistro/hadoop-2.2.0/share/hadoop/common/lib/zookeeper-3.4.5.jar:/home/ubuntu/PatchedDistro/hadoop-2.2.0/share/hadoop/common/lib/jaxb-api-2.2.2.jar:/home/ubuntu/PatchedDistro/hadoop-2.2.0/share/hadoop/common/lib/slf4j-api-1.7.5.jar:/home/ubuntu/PatchedDistro/hadoop-2.2.0/share/hadoop/common/lib/commons-collections-3.2.1.jar:/home/ubuntu/PatchedDistro/hadoop-2.2.0/share/hadoop/common/lib/jasper-runtime-5.5.23.jar:/home/ubuntu/PatchedDistro/hadoop-2.2.0/share/hadoop/common/lib/jackson-jaxrs-1.8.8.jar:/home/ubuntu/PatchedDistro/hadoop-2.2.0/share/hadoop/common/lib/commons-beanutils-1.7.0.jar:/home/ubuntu/PatchedDistro/hadoop-2.2.0/share/hadoop/common/lib/paranamer-2.3.jar:/home/ubuntu/PatchedDistro/hadoop-2.2.0/share/hadoop/common/lib/junit-4.8.2.jar:/home/ubuntu/PatchedDistro/hadoop-2.2.0/share/hadoop/common/lib/commons-codec-1.4.jar:/home/ubuntu/PatchedDistro/hadoop-2.2.0/share/hadoop/common/lib/commons-el-1.0.jar:/home/ubuntu/PatchedDistro/hadoop-2.2.0/share/hadoop/common/lib/mockito-all-1.8.5.jar:/home/ubuntu/PatchedDistro/hadoop-2.2.0/share/hadoop/common/lib/jetty-util-6.1.26.jar:/home/ubuntu/PatchedDistro/hadoop-2.2.0/share/hadoop/common/lib/commons-beanutils-core-1.8.0.jar:/home/ubuntu/PatchedDistro/hadoop-2.2.0/share/hadoop/common/lib/commons-compress-1.4.1.jar:/home/ubuntu/PatchedDistro/hadoop-2.2.0/share/hadoop/common/lib/jsch-0.1.42.jar:/home/ubuntu/PatchedDistro/hadoop-2.2.0/share/hadoop/common/lib/protobuf-java-2.5.0.jar:/home/ubuntu/PatchedDistro/hadoop-2.2.0/share/hadoop/common/lib/stax-api-1.0.1.jar:/home/ubuntu/PatchedDistro/hadoop-2.2.0/share/hadoop/common/lib/xz-1.0.jar:/home/ubuntu/PatchedDistro/hadoop-2.2.0/share/hadoop/common/lib/jackson-mapper-asl-1.8.8.jar:/home/ubuntu/PatchedDistro/hadoop-2.2.0/share/hadoop/common/lib/jasper-compiler-5.5.23.jar:/home/ubuntu/PatchedDistro/hadoop-2.2.0/share/hadoop/common/lib/servlet-api-2.5.jar:/home/ubuntu/PatchedDistro/hadoop-2.2.0/share/hadoop/common/lib/avro-1.7.4.jar:/home/ubuntu/PatchedDistro/hadoop-2.2.0/share/hadoop/common/lib/xmlenc-0.52.jar:/home/ubuntu/PatchedDistro/hadoop-2.2.0/share/hadoop/common/lib/commons-logging-1.1.1.jar:/home/ubuntu/PatchedDistro/hadoop-2.2.0/share/hadoop/common/lib/jetty-6.1.26.jar:/home/ubuntu/PatchedDistro/hadoop-2.2.0/share/hadoop/common/lib/hadoop-auth-2.2.0.jar:/home/ubuntu/PatchedDistro/hadoop-2.2.0/share/hadoop/common/lib/commons-io-2.1.jar:/home/ubuntu/PatchedDistro/hadoop-2.2.0/share/hadoop/common/lib/netty-3.6.2.Final.jar:/home/ubuntu/PatchedDistro/hadoop-2.2.0/share/hadoop/common/lib/log4j-1.2.17.jar:/home/ubuntu/PatchedDistro/hadoop-2.2.0/share/hadoop/common/lib/jets3t-0.6.1.jar:/home/ubuntu/PatchedDistro/hadoop-2.2.0/share/hadoop/common/hadoop-common-2.2.0.jar:/home/ubuntu/PatchedDistro/hadoop-2.2.0/share/hadoop/common/hadoop-common-2.2.0-tests.jar:/home/ubuntu/PatchedDistro/hadoop-2.2.0/share/hadoop/common/hadoop-nfs-2.2.0.jar:/home/ubuntu/PatchedDistro/hadoop-2.2.0/share/hadoop/hdfs:/home/ubuntu/PatchedDistro/hadoop-2.2.0/share/hadoop/hdfs/lib/commons-daemon-1.0.13.jar:/home/ubuntu/PatchedDistro/hadoop-2.2.0/share/hadoop/hdfs/lib/guava-11.0.2.jar:/home/ubuntu/PatchedDistro/hadoop-2.2.0/share/hadoop/hdfs/lib/jsr305-1.3.9.jar:/home/ubuntu/PatchedDistro/hadoop-2.2.0/share/hadoop/hdfs/lib/jackson-core-asl-1.8.8.jar:/home/ubuntu/PatchedDistro/hadoop-2.2.0/share/hadoop/hdfs/lib/jersey-server-1.9.jar:/home/ubuntu/PatchedDistro/hadoop-2.2.0/share/hadoop/hdfs/lib/jersey-core-1.9.jar:/home/ubuntu/PatchedDistro/hadoop-2.2.0/share/hadoop/hdfs/lib/commons-cli-1.2.jar:/home/ubuntu/PatchedDistro/hadoop-2.2.0/share/hadoop/hdfs/lib/commons-lang-2.5.jar:/home/ubuntu/PatchedDistro/hadoop-2.2.0/share/hadoop/hdfs/lib/jsp-api-2.1.jar:/home/ubuntu/PatchedDistro/hadoop-2.2.0/share/hadoop/hdfs/lib/asm-3.2.jar:/home/ubuntu/PatchedDistro/hadoop-2.2.0/share/hadoop/hdfs/lib/jasper-runtime-5.5.23.jar:/home/ubuntu/PatchedDistro/hadoop-2.2.0/share/hadoop/hdfs/lib/commons-codec-1.4.jar:/home/ubuntu/PatchedDistro/hadoop-2.2.0/share/hadoop/hdfs/lib/commons-el-1.0.jar:/home/ubuntu/PatchedDistro/hadoop-2.2.0/share/hadoop/hdfs/lib/jetty-util-6.1.26.jar:/home/ubuntu/PatchedDistro/hadoop-2.2.0/share/hadoop/hdfs/lib/protobuf-java-2.5.0.jar:/home/ubuntu/PatchedDistro/hadoop-2.2.0/share/hadoop/hdfs/lib/jackson-mapper-asl-1.8.8.jar:/home/ubuntu/PatchedDistro/hadoop-2.2.0/share/hadoop/hdfs/lib/servlet-api-2.5.jar:/home/ubuntu/PatchedDistro/hadoop-2.2.0/share/hadoop/hdfs/lib/xmlenc-0.52.jar:/home/ubuntu/PatchedDistro/hadoop-2.2.0/share/hadoop/hdfs/lib/commons-logging-1.1.1.jar:/home/ubuntu/PatchedDistro/hadoop-2.2.0/share/hadoop/hdfs/lib/jetty-6.1.26.jar:/home/ubuntu/PatchedDistro/hadoop-2.2.0/share/hadoop/hdfs/lib/commons-io-2.1.jar:/home/ubuntu/PatchedDistro/hadoop-2.2.0/share/hadoop/hdfs/lib/netty-3.6.2.Final.jar:/home/ubuntu/PatchedDistro/hadoop-2.2.0/share/hadoop/hdfs/lib/log4j-1.2.17.jar:/home/ubuntu/PatchedDistro/hadoop-2.2.0/share/hadoop/hdfs/hadoop-hdfs-2.2.0-tests.jar:/home/ubuntu/PatchedDistro/hadoop-2.2.0/share/hadoop/hdfs/hadoop-hdfs-2.2.0.jar:/home/ubuntu/PatchedDistro/hadoop-2.2.0/share/hadoop/hdfs/hadoop-hdfs-nfs-2.2.0.jar:/home/ubuntu/PatchedDistro/hadoop-2.2.0/share/hadoop/yarn/lib/hadoop-annotations-2.2.0.jar:/home/ubuntu/PatchedDistro/hadoop-2.2.0/share/hadoop/yarn/lib/jackson-core-asl-1.8.8.jar:/home/ubuntu/PatchedDistro/hadoop-2.2.0/share/hadoop/yarn/lib/guice-servlet-3.0.jar:/home/ubuntu/PatchedDistro/hadoop-2.2.0/share/hadoop/yarn/lib/jersey-server-1.9.jar:/home/ubuntu/PatchedDistro/hadoop-2.2.0/share/hadoop/yarn/lib/jersey-core-1.9.jar:/home/ubuntu/PatchedDistro/hadoop-2.2.0/share/hadoop/yarn/lib/asm-3.2.jar:/home/ubuntu/PatchedDistro/hadoop-2.2.0/share/hadoop/yarn/lib/snappy-java-1.0.4.1.jar:/home/ubuntu/PatchedDistro/hadoop-2.2.0/share/hadoop/yarn/lib/jersey-guice-1.9.jar:/home/ubuntu/PatchedDistro/hadoop-2.2.0/share/hadoop/yarn/lib/paranamer-2.3.jar:/home/ubuntu/PatchedDistro/hadoop-2.2.0/share/hadoop/yarn/lib/commons-compress-1.4.1.jar:/home/ubuntu/PatchedDistro/hadoop-2.2.0/share/hadoop/yarn/lib/protobuf-java-2.5.0.jar:/home/ubuntu/PatchedDistro/hadoop-2.2.0/share/hadoop/yarn/lib/guice-3.0.jar:/home/ubuntu/PatchedDistro/hadoop-2.2.0/share/hadoop/yarn/lib/hamcrest-core-1.1.jar:/home/ubuntu/PatchedDistro/hadoop-2.2.0/share/hadoop/yarn/lib/xz-1.0.jar:/home/ubuntu/PatchedDistro/hadoop-2.2.0/share/hadoop/yarn/lib/jackson-mapper-asl-1.8.8.jar:/home/ubuntu/PatchedDistro/hadoop-2.2.0/share/hadoop/yarn/lib/aopalliance-1.0.jar:/home/ubuntu/PatchedDistro/hadoop-2.2.0/share/hadoop/yarn/lib/junit-4.10.jar:/home/ubuntu/PatchedDistro/hadoop-2.2.0/share/hadoop/yarn/lib/avro-1.7.4.jar:/home/ubuntu/PatchedDistro/hadoop-2.2.0/share/hadoop/yarn/lib/javax.inject-1.jar:/home/ubuntu/PatchedDistro/hadoop-2.2.0/share/hadoop/yarn/lib/commons-io-2.1.jar:/home/ubuntu/PatchedDistro/hadoop-2.2.0/share/hadoop/yarn/lib/netty-3.6.2.Final.jar:/home/ubuntu/PatchedDistro/hadoop-2.2.0/share/hadoop/yarn/lib/log4j-1.2.17.jar:/home/ubuntu/PatchedDistro/hadoop-2.2.0/share/hadoop/yarn/hadoop-yarn-site-2.2.0.jar:/home/ubuntu/PatchedDistro/hadoop-2.2.0/share/hadoop/yarn/hadoop-yarn-server-common-2.2.0.jar:/home/ubuntu/PatchedDistro/hadoop-2.2.0/share/hadoop/yarn/hadoop-yarn-client-2.2.0.jar:/home/ubuntu/PatchedDistro/hadoop-2.2.0/share/hadoop/yarn/hadoop-yarn-server-tests-2.2.0.jar:/home/ubuntu/PatchedDistro/hadoop-2.2.0/share/hadoop/yarn/hadoop-yarn-applications-unmanaged-am-launcher-2.2.0.jar:/home/ubuntu/PatchedDistro/hadoop-2.2.0/share/hadoop/yarn/hadoop-yarn-server-nodemanager-2.2.0.jar:/home/ubuntu/PatchedDistro/hadoop-2.2.0/share/hadoop/yarn/hadoop-yarn-server-resourcemanager-2.2.0.jar:/home/ubuntu/PatchedDistro/hadoop-2.2.0/share/hadoop/yarn/hadoop-yarn-common-2.2.0.jar:/home/ubuntu/PatchedDistro/hadoop-2.2.0/share/hadoop/yarn/hadoop-yarn-api-2.2.0.jar:/home/ubuntu/PatchedDistro/hadoop-2.2.0/share/hadoop/yarn/hadoop-yarn-server-web-proxy-2.2.0.jar:/home/ubuntu/PatchedDistro/hadoop-2.2.0/share/hadoop/yarn/hadoop-yarn-applications-distributedshell-2.2.0.jar:/home/ubuntu/PatchedDistro/hadoop-2.2.0/share/hadoop/mapreduce/lib/hadoop-annotations-2.2.0.jar:/home/ubuntu/PatchedDistro/hadoop-2.2.0/share/hadoop/mapreduce/lib/jackson-core-asl-1.8.8.jar:/home/ubuntu/PatchedDistro/hadoop-2.2.0/share/hadoop/mapreduce/lib/guice-servlet-3.0.jar:/home/ubuntu/PatchedDistro/hadoop-2.2.0/share/hadoop/mapreduce/lib/jersey-server-1.9.jar:/home/ubuntu/PatchedDistro/hadoop-2.2.0/share/hadoop/mapreduce/lib/jersey-core-1.9.jar:/home/ubuntu/PatchedDistro/hadoop-2.2.0/share/hadoop/mapreduce/lib/asm-3.2.jar:/home/ubuntu/PatchedDistro/hadoop-2.2.0/share/hadoop/mapreduce/lib/snappy-java-1.0.4.1.jar:/home/ubuntu/PatchedDistro/hadoop-2.2.0/share/hadoop/mapreduce/lib/jersey-guice-1.9.jar:/home/ubuntu/PatchedDistro/hadoop-2.2.0/share/hadoop/mapreduce/lib/paranamer-2.3.jar:/home/ubuntu/PatchedDistro/hadoop-2.2.0/share/hadoop/mapreduce/lib/commons-compress-1.4.1.jar:/home/ubuntu/PatchedDistro/hadoop-2.2.0/share/hadoop/mapreduce/lib/protobuf-java-2.5.0.jar:/home/ubuntu/PatchedDistro/hadoop-2.2.0/share/hadoop/mapreduce/lib/guice-3.0.jar:/home/ubuntu/PatchedDistro/hadoop-2.2.0/share/hadoop/mapreduce/lib/hamcrest-core-1.1.jar:/home/ubuntu/PatchedDistro/hadoop-2.2.0/share/hadoop/mapreduce/lib/xz-1.0.jar:/home/ubuntu/PatchedDistro/hadoop-2.2.0/share/hadoop/mapreduce/lib/jackson-mapper-asl-1.8.8.jar:/home/ubuntu/PatchedDistro/hadoop-2.2.0/share/hadoop/mapreduce/lib/aopalliance-1.0.jar:/home/ubuntu/PatchedDistro/hadoop-2.2.0/share/hadoop/mapreduce/lib/junit-4.10.jar:/home/ubuntu/PatchedDistro/hadoop-2.2.0/share/hadoop/mapreduce/lib/avro-1.7.4.jar:/home/ubuntu/PatchedDistro/hadoop-2.2.0/share/hadoop/mapreduce/lib/javax.inject-1.jar:/home/ubuntu/PatchedDistro/hadoop-2.2.0/share/hadoop/mapreduce/lib/commons-io-2.1.jar:/home/ubuntu/PatchedDistro/hadoop-2.2.0/share/hadoop/mapreduce/lib/netty-3.6.2.Final.jar:/home/ubuntu/PatchedDistro/hadoop-2.2.0/share/hadoop/mapreduce/lib/log4j-1.2.17.jar:/home/ubuntu/PatchedDistro/hadoop-2.2.0/share/hadoop/mapreduce/hadoop-mapreduce-client-app-2.2.0.jar:/home/ubuntu/PatchedDistro/hadoop-2.2.0/share/hadoop/mapreduce/hadoop-mapreduce-examples-2.2.0.jar:/home/ubuntu/PatchedDistro/hadoop-2.2.0/share/hadoop/mapreduce/hadoop-mapreduce-client-core-2.2.0.jar:/home/ubuntu/PatchedDistro/hadoop-2.2.0/share/hadoop/mapreduce/hadoop-mapreduce-client-shuffle-2.2.0.jar:/home/ubuntu/PatchedDistro/hadoop-2.2.0/share/hadoop/mapreduce/hadoop-mapreduce-client-jobclient-2.2.0.jar:/home/ubuntu/PatchedDistro/hadoop-2.2.0/share/hadoop/mapreduce/hadoop-mapreduce-client-jobclient-2.2.0-tests.jar:/home/ubuntu/PatchedDistro/hadoop-2.2.0/share/hadoop/mapreduce/hadoop-mapreduce-client-hs-2.2.0.jar:/home/ubuntu/PatchedDistro/hadoop-2.2.0/share/hadoop/mapreduce/hadoop-mapreduce-client-common-2.2.0.jar:/home/ubuntu/PatchedDistro/hadoop-2.2.0/share/hadoop/mapreduce/hadoop-mapreduce-client-hs-plugins-2.2.0.jar:/contrib/capacity-scheduler/*.jar:/contrib/capacity-scheduler/*.jar:/contrib/capacity-scheduler/*.jar
STARTUP_MSG:   build = Unknown -r Unknown; compiled by 'Joey' on 2014-03-24T00:00Z
STARTUP_MSG:   java = 1.7.0_51
************************************************************/
2014-03-24 08:09:38,235 INFO org.apache.hadoop.hdfs.server.namenode.SecondaryNameNode: registered UNIX signal handlers for [TERM, HUP, INT]
2014-03-24 08:09:39,700 WARN org.apache.hadoop.util.NativeCodeLoader: Unable to load native-hadoop library for your platform... using builtin-java classes where applicable
2014-03-24 08:09:40,353 INFO org.apache.hadoop.metrics2.impl.MetricsConfig: loaded properties from hadoop-metrics2.properties
2014-03-24 08:09:40,649 INFO org.apache.hadoop.metrics2.impl.MetricsSystemImpl: Scheduled snapshot period at 10 second(s).
2014-03-24 08:09:40,649 INFO org.apache.hadoop.metrics2.impl.MetricsSystemImpl: SecondaryNameNode metrics system started
2014-03-24 08:09:41,261 INFO org.apache.hadoop.hdfs.server.common.Storage: Lock on /var/hadoop/tmp/dfs/namesecondary/in_use.lock acquired by nodename 25473@ip-10-234-70-108
2014-03-24 08:09:41,309 INFO org.apache.hadoop.hdfs.server.namenode.HostFileManager: read includes:
HostSet(
)
2014-03-24 08:09:41,309 INFO org.apache.hadoop.hdfs.server.namenode.HostFileManager: read excludes:
HostSet(
)
2014-03-24 08:09:41,313 INFO org.apache.hadoop.hdfs.server.blockmanagement.DatanodeManager: dfs.block.invalidate.limit=1000
2014-03-24 08:09:41,317 INFO org.apache.hadoop.util.GSet: Computing capacity for map BlocksMap
2014-03-24 08:09:41,318 INFO org.apache.hadoop.util.GSet: VM type       = 64-bit
2014-03-24 08:09:41,321 INFO org.apache.hadoop.util.GSet: 2.0% max memory = 966.7 MB
2014-03-24 08:09:41,321 INFO org.apache.hadoop.util.GSet: capacity      = 2^21 = 2097152 entries
2014-03-24 08:09:41,380 INFO org.apache.hadoop.hdfs.server.blockmanagement.BlockManager: dfs.block.access.token.enable=false
2014-03-24 08:09:41,381 INFO org.apache.hadoop.hdfs.server.blockmanagement.BlockManager: defaultReplication         = 2
2014-03-24 08:09:41,381 INFO org.apache.hadoop.hdfs.server.blockmanagement.BlockManager: maxReplication             = 512
2014-03-24 08:09:41,381 INFO org.apache.hadoop.hdfs.server.blockmanagement.BlockManager: minReplication             = 1
2014-03-24 08:09:41,381 INFO org.apache.hadoop.hdfs.server.blockmanagement.BlockManager: maxReplicationStreams      = 2
2014-03-24 08:09:41,381 INFO org.apache.hadoop.hdfs.server.blockmanagement.BlockManager: shouldCheckForEnoughRacks  = false
2014-03-24 08:09:41,381 INFO org.apache.hadoop.hdfs.server.blockmanagement.BlockManager: replicationRecheckInterval = 3000
2014-03-24 08:09:41,385 INFO org.apache.hadoop.hdfs.server.blockmanagement.BlockManager: encryptDataTransfer        = false
2014-03-24 08:09:41,386 INFO org.apache.hadoop.hdfs.server.namenode.FSNamesystem: fsOwner             = ubuntu (auth:SIMPLE)
2014-03-24 08:09:41,386 INFO org.apache.hadoop.hdfs.server.namenode.FSNamesystem: supergroup          = supergroup
2014-03-24 08:09:41,386 INFO org.apache.hadoop.hdfs.server.namenode.FSNamesystem: isPermissionEnabled = true
2014-03-24 08:09:41,386 INFO org.apache.hadoop.hdfs.server.namenode.FSNamesystem: HA Enabled: false
2014-03-24 08:09:41,394 INFO org.apache.hadoop.hdfs.server.namenode.FSNamesystem: Append Enabled: true
2014-03-24 08:09:41,646 INFO org.apache.hadoop.util.GSet: Computing capacity for map INodeMap
2014-03-24 08:09:41,647 INFO org.apache.hadoop.util.GSet: VM type       = 64-bit
2014-03-24 08:09:41,647 INFO org.apache.hadoop.util.GSet: 1.0% max memory = 966.7 MB
2014-03-24 08:09:41,647 INFO org.apache.hadoop.util.GSet: capacity      = 2^20 = 1048576 entries
2014-03-24 08:09:41,749 INFO org.apache.hadoop.hdfs.server.namenode.NameNode: Caching file names occuring more than 10 times
2014-03-24 08:09:41,761 INFO org.apache.hadoop.hdfs.server.namenode.FSNamesystem: dfs.namenode.safemode.threshold-pct = 0.9990000128746033
2014-03-24 08:09:41,761 INFO org.apache.hadoop.hdfs.server.namenode.FSNamesystem: dfs.namenode.safemode.min.datanodes = 0
2014-03-24 08:09:41,761 INFO org.apache.hadoop.hdfs.server.namenode.FSNamesystem: dfs.namenode.safemode.extension     = 30000
2014-03-24 08:09:41,896 INFO org.mortbay.log: Logging to org.slf4j.impl.Log4jLoggerAdapter(org.mortbay.log) via org.mortbay.log.Slf4jLog
2014-03-24 08:09:42,088 INFO org.apache.hadoop.http.HttpServer: Added global filter 'safety' (class=org.apache.hadoop.http.HttpServer$QuotingInputFilter)
2014-03-24 08:09:42,106 INFO org.apache.hadoop.http.HttpServer: Added filter static_user_filter (class=org.apache.hadoop.http.lib.StaticUserWebFilter$StaticUserFilter) to context secondary
2014-03-24 08:09:42,106 INFO org.apache.hadoop.http.HttpServer: Added filter static_user_filter (class=org.apache.hadoop.http.lib.StaticUserWebFilter$StaticUserFilter) to context static
2014-03-24 08:09:42,106 INFO org.apache.hadoop.http.HttpServer: Added filter static_user_filter (class=org.apache.hadoop.http.lib.StaticUserWebFilter$StaticUserFilter) to context logs
2014-03-24 08:09:42,139 INFO org.apache.hadoop.http.HttpServer: Jetty bound to port 50090
2014-03-24 08:09:42,139 INFO org.mortbay.log: jetty-6.1.26
2014-03-24 08:09:43,432 INFO org.mortbay.log: Started SelectChannelConnector@0.0.0.0:50090
2014-03-24 08:09:43,432 INFO org.apache.hadoop.hdfs.server.namenode.SecondaryNameNode: Web server init done
2014-03-24 08:09:43,432 INFO org.apache.hadoop.hdfs.server.namenode.SecondaryNameNode: Secondary Web-server up at: 0.0.0.0:50090
2014-03-24 08:09:43,432 INFO org.apache.hadoop.hdfs.server.namenode.SecondaryNameNode: Checkpoint Period   :3600 secs (60 min)
2014-03-24 08:09:43,432 INFO org.apache.hadoop.hdfs.server.namenode.SecondaryNameNode: Log Size Trigger    :1000000 txns
2014-03-24 08:10:43,816 INFO org.apache.hadoop.hdfs.server.namenode.SecondaryNameNode: Image has changed. Downloading updated image from NN.
2014-03-24 08:10:43,821 INFO org.apache.hadoop.hdfs.server.namenode.TransferFsImage: Opening connection to http://ec2-54-185-107-145.us-west-2.compute.amazonaws.com:50070/getimage?getimage=1&txid=0&storageInfo=-47:905711525:0:CID-ace841bf-b1ca-4f8e-bc7d-7c0119f74554
2014-03-24 08:10:44,601 INFO org.apache.hadoop.hdfs.server.namenode.TransferFsImage: Transfer took 0.78s at 0.00 KB/s
2014-03-24 08:10:44,602 INFO org.apache.hadoop.hdfs.server.namenode.TransferFsImage: Downloaded file fsimage.ckpt_0000000000000000000 size 198 bytes.
2014-03-24 08:10:44,633 INFO org.apache.hadoop.hdfs.server.namenode.TransferFsImage: Opening connection to http://ec2-54-185-107-145.us-west-2.compute.amazonaws.com:50070/getimage?getedit=1&startTxId=1&endTxId=2&storageInfo=-47:905711525:0:CID-ace841bf-b1ca-4f8e-bc7d-7c0119f74554
2014-03-24 08:10:44,645 INFO org.apache.hadoop.hdfs.server.namenode.TransferFsImage: Transfer took 0.01s at 0.00 KB/s
2014-03-24 08:10:44,645 INFO org.apache.hadoop.hdfs.server.namenode.TransferFsImage: Downloaded file edits_tmp_0000000000000000001-0000000000000000002_0000001395648644633 size 0 bytes.
2014-03-24 08:10:44,773 INFO org.apache.hadoop.hdfs.server.namenode.FSImage: Loading image file /var/hadoop/tmp/dfs/namesecondary/current/fsimage_0000000000000000000 using no compression
2014-03-24 08:10:44,777 INFO org.apache.hadoop.hdfs.server.namenode.FSImage: Number of files = 1
2014-03-24 08:10:44,796 INFO org.apache.hadoop.hdfs.server.namenode.FSImage: Number of files under construction = 0
2014-03-24 08:10:44,805 INFO org.apache.hadoop.hdfs.server.namenode.FSImage: Image file /var/hadoop/tmp/dfs/namesecondary/current/fsimage_0000000000000000000 of size 198 bytes loaded in 0 seconds.
2014-03-24 08:10:44,805 INFO org.apache.hadoop.hdfs.server.namenode.FSImage: Loaded image for txid 0 from /var/hadoop/tmp/dfs/namesecondary/current/fsimage_0000000000000000000
2014-03-24 08:10:44,806 INFO org.apache.hadoop.hdfs.server.namenode.NameCache: initialized with 0 entries 0 lookups
2014-03-24 08:10:44,827 INFO org.apache.hadoop.hdfs.server.namenode.Checkpointer: Checkpointer about to load edits from 1 stream(s).
2014-03-24 08:10:44,840 INFO org.apache.hadoop.hdfs.server.namenode.FSImage: Reading /var/hadoop/tmp/dfs/namesecondary/current/edits_0000000000000000001-0000000000000000002 expecting start txid #1
2014-03-24 08:10:44,841 INFO org.apache.hadoop.hdfs.server.namenode.FSImage: Start loading edits file /var/hadoop/tmp/dfs/namesecondary/current/edits_0000000000000000001-0000000000000000002
2014-03-24 08:10:44,920 INFO org.apache.hadoop.hdfs.server.namenode.FSImage: Edits file /var/hadoop/tmp/dfs/namesecondary/current/edits_0000000000000000001-0000000000000000002 of size 30 edits # 2 loaded in 0 seconds
2014-03-24 08:10:44,957 INFO org.apache.hadoop.hdfs.server.namenode.FSImage: Saving image file /var/hadoop/tmp/dfs/namesecondary/current/fsimage.ckpt_0000000000000000002 using no compression
2014-03-24 08:10:45,004 INFO org.apache.hadoop.hdfs.server.namenode.FSImage: Image file /var/hadoop/tmp/dfs/namesecondary/current/fsimage.ckpt_0000000000000000002 of size 198 bytes saved in 0 seconds.
2014-03-24 08:10:45,017 INFO org.apache.hadoop.hdfs.server.namenode.FSImageTransactionalStorageInspector: No version file in /var/hadoop/tmp/dfs/namesecondary
2014-03-24 08:10:45,064 INFO org.apache.hadoop.hdfs.server.namenode.TransferFsImage: Opening connection to http://ec2-54-185-107-145.us-west-2.compute.amazonaws.com:50070/getimage?putimage=1&txid=2&port=50090&storageInfo=-47:905711525:0:CID-ace841bf-b1ca-4f8e-bc7d-7c0119f74554
2014-03-24 08:10:45,528 INFO org.apache.hadoop.hdfs.server.namenode.TransferFsImage: Transfer took 0.46s at 0.00 KB/s
2014-03-24 08:10:45,529 INFO org.apache.hadoop.hdfs.server.namenode.TransferFsImage: Uploaded image with txid 2 to namenode at ec2-54-185-107-145.us-west-2.compute.amazonaws.com:50070
2014-03-24 08:10:45,529 WARN org.apache.hadoop.hdfs.server.namenode.SecondaryNameNode: Checkpoint done. New Image Size: 198
2014-03-24 08:11:50,228 ERROR org.apache.hadoop.hdfs.server.namenode.SecondaryNameNode: Exception in doCheckpoint
java.io.IOException: Failed on local exception: java.io.EOFException; Host Details : local host is: "ip-10-234-70-108/10.234.70.108"; destination host is: "ec2-54-185-107-145.us-west-2.compute.amazonaws.com":54310; 
	at org.apache.hadoop.net.NetUtils.wrapException(NetUtils.java:764)
	at org.apache.hadoop.ipc.Client.call(Client.java:1351)
	at org.apache.hadoop.ipc.Client.call(Client.java:1300)
	at org.apache.hadoop.ipc.ProtobufRpcEngine$Invoker.invoke(ProtobufRpcEngine.java:206)
	at com.sun.proxy.$Proxy8.getTransactionId(Unknown Source)
	at sun.reflect.NativeMethodAccessorImpl.invoke0(Native Method)
	at sun.reflect.NativeMethodAccessorImpl.invoke(NativeMethodAccessorImpl.java:57)
	at sun.reflect.DelegatingMethodAccessorImpl.invoke(DelegatingMethodAccessorImpl.java:43)
	at java.lang.reflect.Method.invoke(Method.java:606)
	at org.apache.hadoop.io.retry.RetryInvocationHandler.invokeMethod(RetryInvocationHandler.java:186)
	at org.apache.hadoop.io.retry.RetryInvocationHandler.invoke(RetryInvocationHandler.java:102)
	at com.sun.proxy.$Proxy8.getTransactionId(Unknown Source)
	at org.apache.hadoop.hdfs.protocolPB.NamenodeProtocolTranslatorPB.getTransactionID(NamenodeProtocolTranslatorPB.java:119)
	at org.apache.hadoop.hdfs.server.namenode.SecondaryNameNode.countUncheckpointedTxns(SecondaryNameNode.java:622)
	at org.apache.hadoop.hdfs.server.namenode.SecondaryNameNode.shouldCheckpointBasedOnCount(SecondaryNameNode.java:630)
	at org.apache.hadoop.hdfs.server.namenode.SecondaryNameNode.doWork(SecondaryNameNode.java:378)
	at org.apache.hadoop.hdfs.server.namenode.SecondaryNameNode$2.run(SecondaryNameNode.java:346)
	at org.apache.hadoop.security.SecurityUtil.doAsLoginUserOrFatal(SecurityUtil.java:456)
	at org.apache.hadoop.hdfs.server.namenode.SecondaryNameNode.run(SecondaryNameNode.java:342)
	at java.lang.Thread.run(Thread.java:744)
Caused by: java.io.EOFException
	at java.io.DataInputStream.readInt(DataInputStream.java:392)
	at org.apache.hadoop.ipc.Client$Connection.receiveRpcResponse(Client.java:995)
	at org.apache.hadoop.ipc.Client$Connection.run(Client.java:891)
2014-03-24 08:12:51,297 INFO org.apache.hadoop.ipc.Client: Retrying connect to server: ec2-54-185-107-145.us-west-2.compute.amazonaws.com/10.234.70.108:54310. Already tried 0 time(s); retry policy is RetryUpToMaximumCountWithFixedSleep(maxRetries=10, sleepTime=1 SECONDS)
2014-03-24 08:12:52,298 INFO org.apache.hadoop.ipc.Client: Retrying connect to server: ec2-54-185-107-145.us-west-2.compute.amazonaws.com/10.234.70.108:54310. Already tried 1 time(s); retry policy is RetryUpToMaximumCountWithFixedSleep(maxRetries=10, sleepTime=1 SECONDS)
2014-03-24 08:12:53,299 INFO org.apache.hadoop.ipc.Client: Retrying connect to server: ec2-54-185-107-145.us-west-2.compute.amazonaws.com/10.234.70.108:54310. Already tried 2 time(s); retry policy is RetryUpToMaximumCountWithFixedSleep(maxRetries=10, sleepTime=1 SECONDS)
2014-03-24 08:12:54,300 INFO org.apache.hadoop.ipc.Client: Retrying connect to server: ec2-54-185-107-145.us-west-2.compute.amazonaws.com/10.234.70.108:54310. Already tried 3 time(s); retry policy is RetryUpToMaximumCountWithFixedSleep(maxRetries=10, sleepTime=1 SECONDS)
2014-03-24 08:12:55,301 INFO org.apache.hadoop.ipc.Client: Retrying connect to server: ec2-54-185-107-145.us-west-2.compute.amazonaws.com/10.234.70.108:54310. Already tried 4 time(s); retry policy is RetryUpToMaximumCountWithFixedSleep(maxRetries=10, sleepTime=1 SECONDS)
2014-03-24 08:12:56,302 INFO org.apache.hadoop.ipc.Client: Retrying connect to server: ec2-54-185-107-145.us-west-2.compute.amazonaws.com/10.234.70.108:54310. Already tried 5 time(s); retry policy is RetryUpToMaximumCountWithFixedSleep(maxRetries=10, sleepTime=1 SECONDS)
2014-03-24 08:12:57,302 INFO org.apache.hadoop.ipc.Client: Retrying connect to server: ec2-54-185-107-145.us-west-2.compute.amazonaws.com/10.234.70.108:54310. Already tried 6 time(s); retry policy is RetryUpToMaximumCountWithFixedSleep(maxRetries=10, sleepTime=1 SECONDS)
2014-03-24 08:12:58,303 INFO org.apache.hadoop.ipc.Client: Retrying connect to server: ec2-54-185-107-145.us-west-2.compute.amazonaws.com/10.234.70.108:54310. Already tried 7 time(s); retry policy is RetryUpToMaximumCountWithFixedSleep(maxRetries=10, sleepTime=1 SECONDS)
2014-03-24 08:12:59,304 INFO org.apache.hadoop.ipc.Client: Retrying connect to server: ec2-54-185-107-145.us-west-2.compute.amazonaws.com/10.234.70.108:54310. Already tried 8 time(s); retry policy is RetryUpToMaximumCountWithFixedSleep(maxRetries=10, sleepTime=1 SECONDS)
2014-03-24 08:13:00,305 INFO org.apache.hadoop.ipc.Client: Retrying connect to server: ec2-54-185-107-145.us-west-2.compute.amazonaws.com/10.234.70.108:54310. Already tried 9 time(s); retry policy is RetryUpToMaximumCountWithFixedSleep(maxRetries=10, sleepTime=1 SECONDS)
2014-03-24 08:13:00,307 ERROR org.apache.hadoop.hdfs.server.namenode.SecondaryNameNode: Exception in doCheckpoint
java.net.ConnectException: Call From ip-10-234-70-108/10.234.70.108 to ec2-54-185-107-145.us-west-2.compute.amazonaws.com:54310 failed on connection exception: java.net.ConnectException: Connection refused; For more details see:  http://wiki.apache.org/hadoop/ConnectionRefused
	at sun.reflect.NativeConstructorAccessorImpl.newInstance0(Native Method)
	at sun.reflect.NativeConstructorAccessorImpl.newInstance(NativeConstructorAccessorImpl.java:57)
	at sun.reflect.DelegatingConstructorAccessorImpl.newInstance(DelegatingConstructorAccessorImpl.java:45)
	at java.lang.reflect.Constructor.newInstance(Constructor.java:526)
	at org.apache.hadoop.net.NetUtils.wrapWithMessage(NetUtils.java:783)
	at org.apache.hadoop.net.NetUtils.wrapException(NetUtils.java:730)
	at org.apache.hadoop.ipc.Client.call(Client.java:1351)
	at org.apache.hadoop.ipc.Client.call(Client.java:1300)
	at org.apache.hadoop.ipc.ProtobufRpcEngine$Invoker.invoke(ProtobufRpcEngine.java:206)
	at com.sun.proxy.$Proxy8.getTransactionId(Unknown Source)
	at sun.reflect.NativeMethodAccessorImpl.invoke0(Native Method)
	at sun.reflect.NativeMethodAccessorImpl.invoke(NativeMethodAccessorImpl.java:57)
	at sun.reflect.DelegatingMethodAccessorImpl.invoke(DelegatingMethodAccessorImpl.java:43)
	at java.lang.reflect.Method.invoke(Method.java:606)
	at org.apache.hadoop.io.retry.RetryInvocationHandler.invokeMethod(RetryInvocationHandler.java:186)
	at org.apache.hadoop.io.retry.RetryInvocationHandler.invoke(RetryInvocationHandler.java:102)
	at com.sun.proxy.$Proxy8.getTransactionId(Unknown Source)
	at org.apache.hadoop.hdfs.protocolPB.NamenodeProtocolTranslatorPB.getTransactionID(NamenodeProtocolTranslatorPB.java:119)
	at org.apache.hadoop.hdfs.server.namenode.SecondaryNameNode.countUncheckpointedTxns(SecondaryNameNode.java:622)
	at org.apache.hadoop.hdfs.server.namenode.SecondaryNameNode.shouldCheckpointBasedOnCount(SecondaryNameNode.java:630)
	at org.apache.hadoop.hdfs.server.namenode.SecondaryNameNode.doWork(SecondaryNameNode.java:378)
	at org.apache.hadoop.hdfs.server.namenode.SecondaryNameNode$2.run(SecondaryNameNode.java:346)
	at org.apache.hadoop.security.SecurityUtil.doAsLoginUserOrFatal(SecurityUtil.java:456)
	at org.apache.hadoop.hdfs.server.namenode.SecondaryNameNode.run(SecondaryNameNode.java:342)
	at java.lang.Thread.run(Thread.java:744)
Caused by: java.net.ConnectException: Connection refused
	at sun.nio.ch.SocketChannelImpl.checkConnect(Native Method)
	at sun.nio.ch.SocketChannelImpl.finishConnect(SocketChannelImpl.java:739)
	at org.apache.hadoop.net.SocketIOWithTimeout.connect(SocketIOWithTimeout.java:206)
	at org.apache.hadoop.net.NetUtils.connect(NetUtils.java:529)
	at org.apache.hadoop.net.NetUtils.connect(NetUtils.java:493)
	at org.apache.hadoop.ipc.Client$Connection.setupConnection(Client.java:547)
	at org.apache.hadoop.ipc.Client$Connection.setupIOstreams(Client.java:642)
	at org.apache.hadoop.ipc.Client$Connection.access$2600(Client.java:314)
	at org.apache.hadoop.ipc.Client.getConnection(Client.java:1399)
	at org.apache.hadoop.ipc.Client.call(Client.java:1318)
	... 18 more
2014-03-24 08:13:59,732 ERROR org.apache.hadoop.hdfs.server.namenode.SecondaryNameNode: RECEIVED SIGNAL 15: SIGTERM
2014-03-24 08:13:59,735 INFO org.apache.hadoop.hdfs.server.namenode.SecondaryNameNode: SHUTDOWN_MSG: 
/************************************************************
SHUTDOWN_MSG: Shutting down SecondaryNameNode at ip-10-234-70-108/10.234.70.108
************************************************************/
2014-03-24 08:17:35,016 INFO org.apache.hadoop.hdfs.server.namenode.SecondaryNameNode: STARTUP_MSG: 
/************************************************************
STARTUP_MSG: Starting SecondaryNameNode
STARTUP_MSG:   host = ip-10-234-70-108/10.234.70.108
STARTUP_MSG:   args = []
STARTUP_MSG:   version = 2.2.0
STARTUP_MSG:   classpath = /home/ubuntu/PatchedDistro/hadoop-2.2.0/etc/hadoop:/home/ubuntu/PatchedDistro/hadoop-2.2.0/share/hadoop/common/lib/commons-net-3.1.jar:/home/ubuntu/PatchedDistro/hadoop-2.2.0/share/hadoop/common/lib/commons-httpclient-3.1.jar:/home/ubuntu/PatchedDistro/hadoop-2.2.0/share/hadoop/common/lib/jersey-json-1.9.jar:/home/ubuntu/PatchedDistro/hadoop-2.2.0/share/hadoop/common/lib/jaxb-impl-2.2.3-1.jar:/home/ubuntu/PatchedDistro/hadoop-2.2.0/share/hadoop/common/lib/commons-digester-1.8.jar:/home/ubuntu/PatchedDistro/hadoop-2.2.0/share/hadoop/common/lib/hadoop-annotations-2.2.0.jar:/home/ubuntu/PatchedDistro/hadoop-2.2.0/share/hadoop/common/lib/guava-11.0.2.jar:/home/ubuntu/PatchedDistro/hadoop-2.2.0/share/hadoop/common/lib/jettison-1.1.jar:/home/ubuntu/PatchedDistro/hadoop-2.2.0/share/hadoop/common/lib/commons-math-2.1.jar:/home/ubuntu/PatchedDistro/hadoop-2.2.0/share/hadoop/common/lib/commons-configuration-1.6.jar:/home/ubuntu/PatchedDistro/hadoop-2.2.0/share/hadoop/common/lib/jsr305-1.3.9.jar:/home/ubuntu/PatchedDistro/hadoop-2.2.0/share/hadoop/common/lib/activation-1.1.jar:/home/ubuntu/PatchedDistro/hadoop-2.2.0/share/hadoop/common/lib/jackson-core-asl-1.8.8.jar:/home/ubuntu/PatchedDistro/hadoop-2.2.0/share/hadoop/common/lib/jackson-xc-1.8.8.jar:/home/ubuntu/PatchedDistro/hadoop-2.2.0/share/hadoop/common/lib/jersey-server-1.9.jar:/home/ubuntu/PatchedDistro/hadoop-2.2.0/share/hadoop/common/lib/slf4j-log4j12-1.7.5.jar:/home/ubuntu/PatchedDistro/hadoop-2.2.0/share/hadoop/common/lib/jersey-core-1.9.jar:/home/ubuntu/PatchedDistro/hadoop-2.2.0/share/hadoop/common/lib/commons-cli-1.2.jar:/home/ubuntu/PatchedDistro/hadoop-2.2.0/share/hadoop/common/lib/commons-lang-2.5.jar:/home/ubuntu/PatchedDistro/hadoop-2.2.0/share/hadoop/common/lib/jsp-api-2.1.jar:/home/ubuntu/PatchedDistro/hadoop-2.2.0/share/hadoop/common/lib/asm-3.2.jar:/home/ubuntu/PatchedDistro/hadoop-2.2.0/share/hadoop/common/lib/snappy-java-1.0.4.1.jar:/home/ubuntu/PatchedDistro/hadoop-2.2.0/share/hadoop/common/lib/zookeeper-3.4.5.jar:/home/ubuntu/PatchedDistro/hadoop-2.2.0/share/hadoop/common/lib/jaxb-api-2.2.2.jar:/home/ubuntu/PatchedDistro/hadoop-2.2.0/share/hadoop/common/lib/slf4j-api-1.7.5.jar:/home/ubuntu/PatchedDistro/hadoop-2.2.0/share/hadoop/common/lib/commons-collections-3.2.1.jar:/home/ubuntu/PatchedDistro/hadoop-2.2.0/share/hadoop/common/lib/jasper-runtime-5.5.23.jar:/home/ubuntu/PatchedDistro/hadoop-2.2.0/share/hadoop/common/lib/jackson-jaxrs-1.8.8.jar:/home/ubuntu/PatchedDistro/hadoop-2.2.0/share/hadoop/common/lib/commons-beanutils-1.7.0.jar:/home/ubuntu/PatchedDistro/hadoop-2.2.0/share/hadoop/common/lib/paranamer-2.3.jar:/home/ubuntu/PatchedDistro/hadoop-2.2.0/share/hadoop/common/lib/junit-4.8.2.jar:/home/ubuntu/PatchedDistro/hadoop-2.2.0/share/hadoop/common/lib/commons-codec-1.4.jar:/home/ubuntu/PatchedDistro/hadoop-2.2.0/share/hadoop/common/lib/commons-el-1.0.jar:/home/ubuntu/PatchedDistro/hadoop-2.2.0/share/hadoop/common/lib/mockito-all-1.8.5.jar:/home/ubuntu/PatchedDistro/hadoop-2.2.0/share/hadoop/common/lib/jetty-util-6.1.26.jar:/home/ubuntu/PatchedDistro/hadoop-2.2.0/share/hadoop/common/lib/commons-beanutils-core-1.8.0.jar:/home/ubuntu/PatchedDistro/hadoop-2.2.0/share/hadoop/common/lib/commons-compress-1.4.1.jar:/home/ubuntu/PatchedDistro/hadoop-2.2.0/share/hadoop/common/lib/jsch-0.1.42.jar:/home/ubuntu/PatchedDistro/hadoop-2.2.0/share/hadoop/common/lib/protobuf-java-2.5.0.jar:/home/ubuntu/PatchedDistro/hadoop-2.2.0/share/hadoop/common/lib/stax-api-1.0.1.jar:/home/ubuntu/PatchedDistro/hadoop-2.2.0/share/hadoop/common/lib/xz-1.0.jar:/home/ubuntu/PatchedDistro/hadoop-2.2.0/share/hadoop/common/lib/jackson-mapper-asl-1.8.8.jar:/home/ubuntu/PatchedDistro/hadoop-2.2.0/share/hadoop/common/lib/jasper-compiler-5.5.23.jar:/home/ubuntu/PatchedDistro/hadoop-2.2.0/share/hadoop/common/lib/servlet-api-2.5.jar:/home/ubuntu/PatchedDistro/hadoop-2.2.0/share/hadoop/common/lib/avro-1.7.4.jar:/home/ubuntu/PatchedDistro/hadoop-2.2.0/share/hadoop/common/lib/xmlenc-0.52.jar:/home/ubuntu/PatchedDistro/hadoop-2.2.0/share/hadoop/common/lib/commons-logging-1.1.1.jar:/home/ubuntu/PatchedDistro/hadoop-2.2.0/share/hadoop/common/lib/jetty-6.1.26.jar:/home/ubuntu/PatchedDistro/hadoop-2.2.0/share/hadoop/common/lib/hadoop-auth-2.2.0.jar:/home/ubuntu/PatchedDistro/hadoop-2.2.0/share/hadoop/common/lib/commons-io-2.1.jar:/home/ubuntu/PatchedDistro/hadoop-2.2.0/share/hadoop/common/lib/netty-3.6.2.Final.jar:/home/ubuntu/PatchedDistro/hadoop-2.2.0/share/hadoop/common/lib/log4j-1.2.17.jar:/home/ubuntu/PatchedDistro/hadoop-2.2.0/share/hadoop/common/lib/jets3t-0.6.1.jar:/home/ubuntu/PatchedDistro/hadoop-2.2.0/share/hadoop/common/hadoop-common-2.2.0.jar:/home/ubuntu/PatchedDistro/hadoop-2.2.0/share/hadoop/common/hadoop-common-2.2.0-tests.jar:/home/ubuntu/PatchedDistro/hadoop-2.2.0/share/hadoop/common/hadoop-nfs-2.2.0.jar:/home/ubuntu/PatchedDistro/hadoop-2.2.0/share/hadoop/hdfs:/home/ubuntu/PatchedDistro/hadoop-2.2.0/share/hadoop/hdfs/lib/commons-daemon-1.0.13.jar:/home/ubuntu/PatchedDistro/hadoop-2.2.0/share/hadoop/hdfs/lib/guava-11.0.2.jar:/home/ubuntu/PatchedDistro/hadoop-2.2.0/share/hadoop/hdfs/lib/jsr305-1.3.9.jar:/home/ubuntu/PatchedDistro/hadoop-2.2.0/share/hadoop/hdfs/lib/jackson-core-asl-1.8.8.jar:/home/ubuntu/PatchedDistro/hadoop-2.2.0/share/hadoop/hdfs/lib/jersey-server-1.9.jar:/home/ubuntu/PatchedDistro/hadoop-2.2.0/share/hadoop/hdfs/lib/jersey-core-1.9.jar:/home/ubuntu/PatchedDistro/hadoop-2.2.0/share/hadoop/hdfs/lib/commons-cli-1.2.jar:/home/ubuntu/PatchedDistro/hadoop-2.2.0/share/hadoop/hdfs/lib/commons-lang-2.5.jar:/home/ubuntu/PatchedDistro/hadoop-2.2.0/share/hadoop/hdfs/lib/jsp-api-2.1.jar:/home/ubuntu/PatchedDistro/hadoop-2.2.0/share/hadoop/hdfs/lib/asm-3.2.jar:/home/ubuntu/PatchedDistro/hadoop-2.2.0/share/hadoop/hdfs/lib/jasper-runtime-5.5.23.jar:/home/ubuntu/PatchedDistro/hadoop-2.2.0/share/hadoop/hdfs/lib/commons-codec-1.4.jar:/home/ubuntu/PatchedDistro/hadoop-2.2.0/share/hadoop/hdfs/lib/commons-el-1.0.jar:/home/ubuntu/PatchedDistro/hadoop-2.2.0/share/hadoop/hdfs/lib/jetty-util-6.1.26.jar:/home/ubuntu/PatchedDistro/hadoop-2.2.0/share/hadoop/hdfs/lib/protobuf-java-2.5.0.jar:/home/ubuntu/PatchedDistro/hadoop-2.2.0/share/hadoop/hdfs/lib/jackson-mapper-asl-1.8.8.jar:/home/ubuntu/PatchedDistro/hadoop-2.2.0/share/hadoop/hdfs/lib/servlet-api-2.5.jar:/home/ubuntu/PatchedDistro/hadoop-2.2.0/share/hadoop/hdfs/lib/xmlenc-0.52.jar:/home/ubuntu/PatchedDistro/hadoop-2.2.0/share/hadoop/hdfs/lib/commons-logging-1.1.1.jar:/home/ubuntu/PatchedDistro/hadoop-2.2.0/share/hadoop/hdfs/lib/jetty-6.1.26.jar:/home/ubuntu/PatchedDistro/hadoop-2.2.0/share/hadoop/hdfs/lib/commons-io-2.1.jar:/home/ubuntu/PatchedDistro/hadoop-2.2.0/share/hadoop/hdfs/lib/netty-3.6.2.Final.jar:/home/ubuntu/PatchedDistro/hadoop-2.2.0/share/hadoop/hdfs/lib/log4j-1.2.17.jar:/home/ubuntu/PatchedDistro/hadoop-2.2.0/share/hadoop/hdfs/hadoop-hdfs-2.2.0-tests.jar:/home/ubuntu/PatchedDistro/hadoop-2.2.0/share/hadoop/hdfs/hadoop-hdfs-2.2.0.jar:/home/ubuntu/PatchedDistro/hadoop-2.2.0/share/hadoop/hdfs/hadoop-hdfs-nfs-2.2.0.jar:/home/ubuntu/PatchedDistro/hadoop-2.2.0/share/hadoop/yarn/lib/hadoop-annotations-2.2.0.jar:/home/ubuntu/PatchedDistro/hadoop-2.2.0/share/hadoop/yarn/lib/jackson-core-asl-1.8.8.jar:/home/ubuntu/PatchedDistro/hadoop-2.2.0/share/hadoop/yarn/lib/guice-servlet-3.0.jar:/home/ubuntu/PatchedDistro/hadoop-2.2.0/share/hadoop/yarn/lib/jersey-server-1.9.jar:/home/ubuntu/PatchedDistro/hadoop-2.2.0/share/hadoop/yarn/lib/jersey-core-1.9.jar:/home/ubuntu/PatchedDistro/hadoop-2.2.0/share/hadoop/yarn/lib/asm-3.2.jar:/home/ubuntu/PatchedDistro/hadoop-2.2.0/share/hadoop/yarn/lib/snappy-java-1.0.4.1.jar:/home/ubuntu/PatchedDistro/hadoop-2.2.0/share/hadoop/yarn/lib/jersey-guice-1.9.jar:/home/ubuntu/PatchedDistro/hadoop-2.2.0/share/hadoop/yarn/lib/paranamer-2.3.jar:/home/ubuntu/PatchedDistro/hadoop-2.2.0/share/hadoop/yarn/lib/commons-compress-1.4.1.jar:/home/ubuntu/PatchedDistro/hadoop-2.2.0/share/hadoop/yarn/lib/protobuf-java-2.5.0.jar:/home/ubuntu/PatchedDistro/hadoop-2.2.0/share/hadoop/yarn/lib/guice-3.0.jar:/home/ubuntu/PatchedDistro/hadoop-2.2.0/share/hadoop/yarn/lib/hamcrest-core-1.1.jar:/home/ubuntu/PatchedDistro/hadoop-2.2.0/share/hadoop/yarn/lib/xz-1.0.jar:/home/ubuntu/PatchedDistro/hadoop-2.2.0/share/hadoop/yarn/lib/jackson-mapper-asl-1.8.8.jar:/home/ubuntu/PatchedDistro/hadoop-2.2.0/share/hadoop/yarn/lib/aopalliance-1.0.jar:/home/ubuntu/PatchedDistro/hadoop-2.2.0/share/hadoop/yarn/lib/junit-4.10.jar:/home/ubuntu/PatchedDistro/hadoop-2.2.0/share/hadoop/yarn/lib/avro-1.7.4.jar:/home/ubuntu/PatchedDistro/hadoop-2.2.0/share/hadoop/yarn/lib/javax.inject-1.jar:/home/ubuntu/PatchedDistro/hadoop-2.2.0/share/hadoop/yarn/lib/commons-io-2.1.jar:/home/ubuntu/PatchedDistro/hadoop-2.2.0/share/hadoop/yarn/lib/netty-3.6.2.Final.jar:/home/ubuntu/PatchedDistro/hadoop-2.2.0/share/hadoop/yarn/lib/log4j-1.2.17.jar:/home/ubuntu/PatchedDistro/hadoop-2.2.0/share/hadoop/yarn/hadoop-yarn-site-2.2.0.jar:/home/ubuntu/PatchedDistro/hadoop-2.2.0/share/hadoop/yarn/hadoop-yarn-server-common-2.2.0.jar:/home/ubuntu/PatchedDistro/hadoop-2.2.0/share/hadoop/yarn/hadoop-yarn-client-2.2.0.jar:/home/ubuntu/PatchedDistro/hadoop-2.2.0/share/hadoop/yarn/hadoop-yarn-server-tests-2.2.0.jar:/home/ubuntu/PatchedDistro/hadoop-2.2.0/share/hadoop/yarn/hadoop-yarn-applications-unmanaged-am-launcher-2.2.0.jar:/home/ubuntu/PatchedDistro/hadoop-2.2.0/share/hadoop/yarn/hadoop-yarn-server-nodemanager-2.2.0.jar:/home/ubuntu/PatchedDistro/hadoop-2.2.0/share/hadoop/yarn/hadoop-yarn-server-resourcemanager-2.2.0.jar:/home/ubuntu/PatchedDistro/hadoop-2.2.0/share/hadoop/yarn/hadoop-yarn-common-2.2.0.jar:/home/ubuntu/PatchedDistro/hadoop-2.2.0/share/hadoop/yarn/hadoop-yarn-api-2.2.0.jar:/home/ubuntu/PatchedDistro/hadoop-2.2.0/share/hadoop/yarn/hadoop-yarn-server-web-proxy-2.2.0.jar:/home/ubuntu/PatchedDistro/hadoop-2.2.0/share/hadoop/yarn/hadoop-yarn-applications-distributedshell-2.2.0.jar:/home/ubuntu/PatchedDistro/hadoop-2.2.0/share/hadoop/mapreduce/lib/hadoop-annotations-2.2.0.jar:/home/ubuntu/PatchedDistro/hadoop-2.2.0/share/hadoop/mapreduce/lib/jackson-core-asl-1.8.8.jar:/home/ubuntu/PatchedDistro/hadoop-2.2.0/share/hadoop/mapreduce/lib/guice-servlet-3.0.jar:/home/ubuntu/PatchedDistro/hadoop-2.2.0/share/hadoop/mapreduce/lib/jersey-server-1.9.jar:/home/ubuntu/PatchedDistro/hadoop-2.2.0/share/hadoop/mapreduce/lib/jersey-core-1.9.jar:/home/ubuntu/PatchedDistro/hadoop-2.2.0/share/hadoop/mapreduce/lib/asm-3.2.jar:/home/ubuntu/PatchedDistro/hadoop-2.2.0/share/hadoop/mapreduce/lib/snappy-java-1.0.4.1.jar:/home/ubuntu/PatchedDistro/hadoop-2.2.0/share/hadoop/mapreduce/lib/jersey-guice-1.9.jar:/home/ubuntu/PatchedDistro/hadoop-2.2.0/share/hadoop/mapreduce/lib/paranamer-2.3.jar:/home/ubuntu/PatchedDistro/hadoop-2.2.0/share/hadoop/mapreduce/lib/commons-compress-1.4.1.jar:/home/ubuntu/PatchedDistro/hadoop-2.2.0/share/hadoop/mapreduce/lib/protobuf-java-2.5.0.jar:/home/ubuntu/PatchedDistro/hadoop-2.2.0/share/hadoop/mapreduce/lib/guice-3.0.jar:/home/ubuntu/PatchedDistro/hadoop-2.2.0/share/hadoop/mapreduce/lib/hamcrest-core-1.1.jar:/home/ubuntu/PatchedDistro/hadoop-2.2.0/share/hadoop/mapreduce/lib/xz-1.0.jar:/home/ubuntu/PatchedDistro/hadoop-2.2.0/share/hadoop/mapreduce/lib/jackson-mapper-asl-1.8.8.jar:/home/ubuntu/PatchedDistro/hadoop-2.2.0/share/hadoop/mapreduce/lib/aopalliance-1.0.jar:/home/ubuntu/PatchedDistro/hadoop-2.2.0/share/hadoop/mapreduce/lib/junit-4.10.jar:/home/ubuntu/PatchedDistro/hadoop-2.2.0/share/hadoop/mapreduce/lib/avro-1.7.4.jar:/home/ubuntu/PatchedDistro/hadoop-2.2.0/share/hadoop/mapreduce/lib/javax.inject-1.jar:/home/ubuntu/PatchedDistro/hadoop-2.2.0/share/hadoop/mapreduce/lib/commons-io-2.1.jar:/home/ubuntu/PatchedDistro/hadoop-2.2.0/share/hadoop/mapreduce/lib/netty-3.6.2.Final.jar:/home/ubuntu/PatchedDistro/hadoop-2.2.0/share/hadoop/mapreduce/lib/log4j-1.2.17.jar:/home/ubuntu/PatchedDistro/hadoop-2.2.0/share/hadoop/mapreduce/hadoop-mapreduce-client-app-2.2.0.jar:/home/ubuntu/PatchedDistro/hadoop-2.2.0/share/hadoop/mapreduce/hadoop-mapreduce-examples-2.2.0.jar:/home/ubuntu/PatchedDistro/hadoop-2.2.0/share/hadoop/mapreduce/hadoop-mapreduce-client-core-2.2.0.jar:/home/ubuntu/PatchedDistro/hadoop-2.2.0/share/hadoop/mapreduce/hadoop-mapreduce-client-shuffle-2.2.0.jar:/home/ubuntu/PatchedDistro/hadoop-2.2.0/share/hadoop/mapreduce/hadoop-mapreduce-client-jobclient-2.2.0.jar:/home/ubuntu/PatchedDistro/hadoop-2.2.0/share/hadoop/mapreduce/hadoop-mapreduce-client-jobclient-2.2.0-tests.jar:/home/ubuntu/PatchedDistro/hadoop-2.2.0/share/hadoop/mapreduce/hadoop-mapreduce-client-hs-2.2.0.jar:/home/ubuntu/PatchedDistro/hadoop-2.2.0/share/hadoop/mapreduce/hadoop-mapreduce-client-common-2.2.0.jar:/home/ubuntu/PatchedDistro/hadoop-2.2.0/share/hadoop/mapreduce/hadoop-mapreduce-client-hs-plugins-2.2.0.jar:/contrib/capacity-scheduler/*.jar:/contrib/capacity-scheduler/*.jar:/contrib/capacity-scheduler/*.jar
STARTUP_MSG:   build = Unknown -r Unknown; compiled by 'Joey' on 2014-03-24T00:00Z
STARTUP_MSG:   java = 1.7.0_51
************************************************************/
2014-03-24 08:17:35,030 INFO org.apache.hadoop.hdfs.server.namenode.SecondaryNameNode: registered UNIX signal handlers for [TERM, HUP, INT]
2014-03-24 08:17:36,462 WARN org.apache.hadoop.util.NativeCodeLoader: Unable to load native-hadoop library for your platform... using builtin-java classes where applicable
2014-03-24 08:17:37,123 INFO org.apache.hadoop.metrics2.impl.MetricsConfig: loaded properties from hadoop-metrics2.properties
2014-03-24 08:17:37,409 INFO org.apache.hadoop.metrics2.impl.MetricsSystemImpl: Scheduled snapshot period at 10 second(s).
2014-03-24 08:17:37,409 INFO org.apache.hadoop.metrics2.impl.MetricsSystemImpl: SecondaryNameNode metrics system started
2014-03-24 08:17:38,030 INFO org.apache.hadoop.hdfs.server.common.Storage: Lock on /var/hadoop/tmp/dfs/namesecondary/in_use.lock acquired by nodename 28246@ip-10-234-70-108
2014-03-24 08:17:38,153 INFO org.apache.hadoop.hdfs.server.namenode.HostFileManager: read includes:
HostSet(
)
2014-03-24 08:17:38,153 INFO org.apache.hadoop.hdfs.server.namenode.HostFileManager: read excludes:
HostSet(
)
2014-03-24 08:17:38,160 INFO org.apache.hadoop.hdfs.server.blockmanagement.DatanodeManager: dfs.block.invalidate.limit=1000
2014-03-24 08:17:38,164 INFO org.apache.hadoop.util.GSet: Computing capacity for map BlocksMap
2014-03-24 08:17:38,164 INFO org.apache.hadoop.util.GSet: VM type       = 64-bit
2014-03-24 08:17:38,175 INFO org.apache.hadoop.util.GSet: 2.0% max memory = 966.7 MB
2014-03-24 08:17:38,175 INFO org.apache.hadoop.util.GSet: capacity      = 2^21 = 2097152 entries
2014-03-24 08:17:38,277 INFO org.apache.hadoop.hdfs.server.blockmanagement.BlockManager: dfs.block.access.token.enable=false
2014-03-24 08:17:38,285 INFO org.apache.hadoop.hdfs.server.blockmanagement.BlockManager: defaultReplication         = 2
2014-03-24 08:17:38,285 INFO org.apache.hadoop.hdfs.server.blockmanagement.BlockManager: maxReplication             = 512
2014-03-24 08:17:38,285 INFO org.apache.hadoop.hdfs.server.blockmanagement.BlockManager: minReplication             = 1
2014-03-24 08:17:38,285 INFO org.apache.hadoop.hdfs.server.blockmanagement.BlockManager: maxReplicationStreams      = 2
2014-03-24 08:17:38,285 INFO org.apache.hadoop.hdfs.server.blockmanagement.BlockManager: shouldCheckForEnoughRacks  = false
2014-03-24 08:17:38,285 INFO org.apache.hadoop.hdfs.server.blockmanagement.BlockManager: replicationRecheckInterval = 3000
2014-03-24 08:17:38,286 INFO org.apache.hadoop.hdfs.server.blockmanagement.BlockManager: encryptDataTransfer        = false
2014-03-24 08:17:38,287 INFO org.apache.hadoop.hdfs.server.namenode.FSNamesystem: fsOwner             = ubuntu (auth:SIMPLE)
2014-03-24 08:17:38,287 INFO org.apache.hadoop.hdfs.server.namenode.FSNamesystem: supergroup          = supergroup
2014-03-24 08:17:38,287 INFO org.apache.hadoop.hdfs.server.namenode.FSNamesystem: isPermissionEnabled = true
2014-03-24 08:17:38,287 INFO org.apache.hadoop.hdfs.server.namenode.FSNamesystem: HA Enabled: false
2014-03-24 08:17:38,295 INFO org.apache.hadoop.hdfs.server.namenode.FSNamesystem: Append Enabled: true
2014-03-24 08:17:38,518 INFO org.apache.hadoop.util.GSet: Computing capacity for map INodeMap
2014-03-24 08:17:38,518 INFO org.apache.hadoop.util.GSet: VM type       = 64-bit
2014-03-24 08:17:38,518 INFO org.apache.hadoop.util.GSet: 1.0% max memory = 966.7 MB
2014-03-24 08:17:38,518 INFO org.apache.hadoop.util.GSet: capacity      = 2^20 = 1048576 entries
2014-03-24 08:17:38,618 INFO org.apache.hadoop.hdfs.server.namenode.NameNode: Caching file names occuring more than 10 times
2014-03-24 08:17:38,632 INFO org.apache.hadoop.hdfs.server.namenode.FSNamesystem: dfs.namenode.safemode.threshold-pct = 0.9990000128746033
2014-03-24 08:17:38,632 INFO org.apache.hadoop.hdfs.server.namenode.FSNamesystem: dfs.namenode.safemode.min.datanodes = 0
2014-03-24 08:17:38,632 INFO org.apache.hadoop.hdfs.server.namenode.FSNamesystem: dfs.namenode.safemode.extension     = 30000
2014-03-24 08:17:38,760 INFO org.mortbay.log: Logging to org.slf4j.impl.Log4jLoggerAdapter(org.mortbay.log) via org.mortbay.log.Slf4jLog
2014-03-24 08:17:38,946 INFO org.apache.hadoop.http.HttpServer: Added global filter 'safety' (class=org.apache.hadoop.http.HttpServer$QuotingInputFilter)
2014-03-24 08:17:38,958 INFO org.apache.hadoop.http.HttpServer: Added filter static_user_filter (class=org.apache.hadoop.http.lib.StaticUserWebFilter$StaticUserFilter) to context secondary
2014-03-24 08:17:38,958 INFO org.apache.hadoop.http.HttpServer: Added filter static_user_filter (class=org.apache.hadoop.http.lib.StaticUserWebFilter$StaticUserFilter) to context static
2014-03-24 08:17:38,958 INFO org.apache.hadoop.http.HttpServer: Added filter static_user_filter (class=org.apache.hadoop.http.lib.StaticUserWebFilter$StaticUserFilter) to context logs
2014-03-24 08:17:38,988 INFO org.apache.hadoop.http.HttpServer: Jetty bound to port 50090
2014-03-24 08:17:38,989 INFO org.mortbay.log: jetty-6.1.26
2014-03-24 08:17:40,384 INFO org.mortbay.log: Started SelectChannelConnector@0.0.0.0:50090
2014-03-24 08:17:40,384 INFO org.apache.hadoop.hdfs.server.namenode.SecondaryNameNode: Web server init done
2014-03-24 08:17:40,384 INFO org.apache.hadoop.hdfs.server.namenode.SecondaryNameNode: Secondary Web-server up at: 0.0.0.0:50090
2014-03-24 08:17:40,384 INFO org.apache.hadoop.hdfs.server.namenode.SecondaryNameNode: Checkpoint Period   :3600 secs (60 min)
2014-03-24 08:17:40,384 INFO org.apache.hadoop.hdfs.server.namenode.SecondaryNameNode: Log Size Trigger    :1000000 txns
2014-03-24 08:18:40,868 INFO org.apache.hadoop.hdfs.server.namenode.SecondaryNameNode: Image has changed. Downloading updated image from NN.
2014-03-24 08:18:40,878 INFO org.apache.hadoop.hdfs.server.namenode.TransferFsImage: Opening connection to http://ec2-54-185-107-145.us-west-2.compute.amazonaws.com:50070/getimage?getimage=1&txid=0&storageInfo=-47:296983211:0:CID-4e85e06e-598b-4860-9f4e-d9bce8abf0ff
2014-03-24 08:18:41,789 INFO org.apache.hadoop.hdfs.server.namenode.TransferFsImage: Transfer took 0.91s at 0.00 KB/s
2014-03-24 08:18:41,789 INFO org.apache.hadoop.hdfs.server.namenode.TransferFsImage: Downloaded file fsimage.ckpt_0000000000000000000 size 198 bytes.
2014-03-24 08:18:41,838 INFO org.apache.hadoop.hdfs.server.namenode.TransferFsImage: Opening connection to http://ec2-54-185-107-145.us-west-2.compute.amazonaws.com:50070/getimage?getedit=1&startTxId=1&endTxId=2&storageInfo=-47:296983211:0:CID-4e85e06e-598b-4860-9f4e-d9bce8abf0ff
2014-03-24 08:18:41,851 INFO org.apache.hadoop.hdfs.server.namenode.TransferFsImage: Transfer took 0.01s at 0.00 KB/s
2014-03-24 08:18:41,851 INFO org.apache.hadoop.hdfs.server.namenode.TransferFsImage: Downloaded file edits_tmp_0000000000000000001-0000000000000000002_0000001395649121838 size 0 bytes.
2014-03-24 08:18:41,999 INFO org.apache.hadoop.hdfs.server.namenode.FSImage: Loading image file /var/hadoop/tmp/dfs/namesecondary/current/fsimage_0000000000000000000 using no compression
2014-03-24 08:18:41,999 INFO org.apache.hadoop.hdfs.server.namenode.FSImage: Number of files = 1
2014-03-24 08:18:42,015 INFO org.apache.hadoop.hdfs.server.namenode.FSImage: Number of files under construction = 0
2014-03-24 08:18:42,015 INFO org.apache.hadoop.hdfs.server.namenode.FSImage: Image file /var/hadoop/tmp/dfs/namesecondary/current/fsimage_0000000000000000000 of size 198 bytes loaded in 0 seconds.
2014-03-24 08:18:42,015 INFO org.apache.hadoop.hdfs.server.namenode.FSImage: Loaded image for txid 0 from /var/hadoop/tmp/dfs/namesecondary/current/fsimage_0000000000000000000
2014-03-24 08:18:42,015 INFO org.apache.hadoop.hdfs.server.namenode.NameCache: initialized with 0 entries 0 lookups
2014-03-24 08:18:42,039 INFO org.apache.hadoop.hdfs.server.namenode.Checkpointer: Checkpointer about to load edits from 1 stream(s).
2014-03-24 08:18:42,048 INFO org.apache.hadoop.hdfs.server.namenode.FSImage: Reading /var/hadoop/tmp/dfs/namesecondary/current/edits_0000000000000000001-0000000000000000002 expecting start txid #1
2014-03-24 08:18:42,048 INFO org.apache.hadoop.hdfs.server.namenode.FSImage: Start loading edits file /var/hadoop/tmp/dfs/namesecondary/current/edits_0000000000000000001-0000000000000000002
2014-03-24 08:18:42,116 INFO org.apache.hadoop.hdfs.server.namenode.FSImage: Edits file /var/hadoop/tmp/dfs/namesecondary/current/edits_0000000000000000001-0000000000000000002 of size 30 edits # 2 loaded in 0 seconds
2014-03-24 08:18:42,166 INFO org.apache.hadoop.hdfs.server.namenode.FSImage: Saving image file /var/hadoop/tmp/dfs/namesecondary/current/fsimage.ckpt_0000000000000000002 using no compression
2014-03-24 08:18:42,212 INFO org.apache.hadoop.hdfs.server.namenode.FSImage: Image file /var/hadoop/tmp/dfs/namesecondary/current/fsimage.ckpt_0000000000000000002 of size 198 bytes saved in 0 seconds.
2014-03-24 08:18:42,222 INFO org.apache.hadoop.hdfs.server.namenode.FSImageTransactionalStorageInspector: No version file in /var/hadoop/tmp/dfs/namesecondary
2014-03-24 08:18:42,245 INFO org.apache.hadoop.hdfs.server.namenode.TransferFsImage: Opening connection to http://ec2-54-185-107-145.us-west-2.compute.amazonaws.com:50070/getimage?putimage=1&txid=2&port=50090&storageInfo=-47:296983211:0:CID-4e85e06e-598b-4860-9f4e-d9bce8abf0ff
2014-03-24 08:18:42,792 INFO org.apache.hadoop.hdfs.server.namenode.TransferFsImage: Transfer took 0.55s at 0.00 KB/s
2014-03-24 08:18:42,793 INFO org.apache.hadoop.hdfs.server.namenode.TransferFsImage: Uploaded image with txid 2 to namenode at ec2-54-185-107-145.us-west-2.compute.amazonaws.com:50070
2014-03-24 08:18:42,793 WARN org.apache.hadoop.hdfs.server.namenode.SecondaryNameNode: Checkpoint done. New Image Size: 198
2014-03-24 08:20:02,874 INFO org.apache.hadoop.hdfs.server.namenode.SecondaryNameNode: STARTUP_MSG: 
/************************************************************
STARTUP_MSG: Starting SecondaryNameNode
STARTUP_MSG:   host = ip-10-234-70-108/10.234.70.108
STARTUP_MSG:   args = []
STARTUP_MSG:   version = 2.2.0
STARTUP_MSG:   classpath = /home/ubuntu/PatchedDistro/hadoop-2.2.0/etc/hadoop:/home/ubuntu/PatchedDistro/hadoop-2.2.0/share/hadoop/common/lib/commons-net-3.1.jar:/home/ubuntu/PatchedDistro/hadoop-2.2.0/share/hadoop/common/lib/commons-httpclient-3.1.jar:/home/ubuntu/PatchedDistro/hadoop-2.2.0/share/hadoop/common/lib/jersey-json-1.9.jar:/home/ubuntu/PatchedDistro/hadoop-2.2.0/share/hadoop/common/lib/jaxb-impl-2.2.3-1.jar:/home/ubuntu/PatchedDistro/hadoop-2.2.0/share/hadoop/common/lib/commons-digester-1.8.jar:/home/ubuntu/PatchedDistro/hadoop-2.2.0/share/hadoop/common/lib/hadoop-annotations-2.2.0.jar:/home/ubuntu/PatchedDistro/hadoop-2.2.0/share/hadoop/common/lib/guava-11.0.2.jar:/home/ubuntu/PatchedDistro/hadoop-2.2.0/share/hadoop/common/lib/jettison-1.1.jar:/home/ubuntu/PatchedDistro/hadoop-2.2.0/share/hadoop/common/lib/commons-math-2.1.jar:/home/ubuntu/PatchedDistro/hadoop-2.2.0/share/hadoop/common/lib/commons-configuration-1.6.jar:/home/ubuntu/PatchedDistro/hadoop-2.2.0/share/hadoop/common/lib/jsr305-1.3.9.jar:/home/ubuntu/PatchedDistro/hadoop-2.2.0/share/hadoop/common/lib/activation-1.1.jar:/home/ubuntu/PatchedDistro/hadoop-2.2.0/share/hadoop/common/lib/jackson-core-asl-1.8.8.jar:/home/ubuntu/PatchedDistro/hadoop-2.2.0/share/hadoop/common/lib/jackson-xc-1.8.8.jar:/home/ubuntu/PatchedDistro/hadoop-2.2.0/share/hadoop/common/lib/jersey-server-1.9.jar:/home/ubuntu/PatchedDistro/hadoop-2.2.0/share/hadoop/common/lib/slf4j-log4j12-1.7.5.jar:/home/ubuntu/PatchedDistro/hadoop-2.2.0/share/hadoop/common/lib/jersey-core-1.9.jar:/home/ubuntu/PatchedDistro/hadoop-2.2.0/share/hadoop/common/lib/commons-cli-1.2.jar:/home/ubuntu/PatchedDistro/hadoop-2.2.0/share/hadoop/common/lib/commons-lang-2.5.jar:/home/ubuntu/PatchedDistro/hadoop-2.2.0/share/hadoop/common/lib/jsp-api-2.1.jar:/home/ubuntu/PatchedDistro/hadoop-2.2.0/share/hadoop/common/lib/asm-3.2.jar:/home/ubuntu/PatchedDistro/hadoop-2.2.0/share/hadoop/common/lib/snappy-java-1.0.4.1.jar:/home/ubuntu/PatchedDistro/hadoop-2.2.0/share/hadoop/common/lib/zookeeper-3.4.5.jar:/home/ubuntu/PatchedDistro/hadoop-2.2.0/share/hadoop/common/lib/jaxb-api-2.2.2.jar:/home/ubuntu/PatchedDistro/hadoop-2.2.0/share/hadoop/common/lib/slf4j-api-1.7.5.jar:/home/ubuntu/PatchedDistro/hadoop-2.2.0/share/hadoop/common/lib/commons-collections-3.2.1.jar:/home/ubuntu/PatchedDistro/hadoop-2.2.0/share/hadoop/common/lib/jasper-runtime-5.5.23.jar:/home/ubuntu/PatchedDistro/hadoop-2.2.0/share/hadoop/common/lib/jackson-jaxrs-1.8.8.jar:/home/ubuntu/PatchedDistro/hadoop-2.2.0/share/hadoop/common/lib/commons-beanutils-1.7.0.jar:/home/ubuntu/PatchedDistro/hadoop-2.2.0/share/hadoop/common/lib/paranamer-2.3.jar:/home/ubuntu/PatchedDistro/hadoop-2.2.0/share/hadoop/common/lib/junit-4.8.2.jar:/home/ubuntu/PatchedDistro/hadoop-2.2.0/share/hadoop/common/lib/commons-codec-1.4.jar:/home/ubuntu/PatchedDistro/hadoop-2.2.0/share/hadoop/common/lib/commons-el-1.0.jar:/home/ubuntu/PatchedDistro/hadoop-2.2.0/share/hadoop/common/lib/mockito-all-1.8.5.jar:/home/ubuntu/PatchedDistro/hadoop-2.2.0/share/hadoop/common/lib/jetty-util-6.1.26.jar:/home/ubuntu/PatchedDistro/hadoop-2.2.0/share/hadoop/common/lib/commons-beanutils-core-1.8.0.jar:/home/ubuntu/PatchedDistro/hadoop-2.2.0/share/hadoop/common/lib/commons-compress-1.4.1.jar:/home/ubuntu/PatchedDistro/hadoop-2.2.0/share/hadoop/common/lib/jsch-0.1.42.jar:/home/ubuntu/PatchedDistro/hadoop-2.2.0/share/hadoop/common/lib/protobuf-java-2.5.0.jar:/home/ubuntu/PatchedDistro/hadoop-2.2.0/share/hadoop/common/lib/stax-api-1.0.1.jar:/home/ubuntu/PatchedDistro/hadoop-2.2.0/share/hadoop/common/lib/xz-1.0.jar:/home/ubuntu/PatchedDistro/hadoop-2.2.0/share/hadoop/common/lib/jackson-mapper-asl-1.8.8.jar:/home/ubuntu/PatchedDistro/hadoop-2.2.0/share/hadoop/common/lib/jasper-compiler-5.5.23.jar:/home/ubuntu/PatchedDistro/hadoop-2.2.0/share/hadoop/common/lib/servlet-api-2.5.jar:/home/ubuntu/PatchedDistro/hadoop-2.2.0/share/hadoop/common/lib/avro-1.7.4.jar:/home/ubuntu/PatchedDistro/hadoop-2.2.0/share/hadoop/common/lib/xmlenc-0.52.jar:/home/ubuntu/PatchedDistro/hadoop-2.2.0/share/hadoop/common/lib/commons-logging-1.1.1.jar:/home/ubuntu/PatchedDistro/hadoop-2.2.0/share/hadoop/common/lib/jetty-6.1.26.jar:/home/ubuntu/PatchedDistro/hadoop-2.2.0/share/hadoop/common/lib/hadoop-auth-2.2.0.jar:/home/ubuntu/PatchedDistro/hadoop-2.2.0/share/hadoop/common/lib/commons-io-2.1.jar:/home/ubuntu/PatchedDistro/hadoop-2.2.0/share/hadoop/common/lib/netty-3.6.2.Final.jar:/home/ubuntu/PatchedDistro/hadoop-2.2.0/share/hadoop/common/lib/log4j-1.2.17.jar:/home/ubuntu/PatchedDistro/hadoop-2.2.0/share/hadoop/common/lib/jets3t-0.6.1.jar:/home/ubuntu/PatchedDistro/hadoop-2.2.0/share/hadoop/common/hadoop-common-2.2.0.jar:/home/ubuntu/PatchedDistro/hadoop-2.2.0/share/hadoop/common/hadoop-common-2.2.0-tests.jar:/home/ubuntu/PatchedDistro/hadoop-2.2.0/share/hadoop/common/hadoop-nfs-2.2.0.jar:/home/ubuntu/PatchedDistro/hadoop-2.2.0/share/hadoop/hdfs:/home/ubuntu/PatchedDistro/hadoop-2.2.0/share/hadoop/hdfs/lib/commons-daemon-1.0.13.jar:/home/ubuntu/PatchedDistro/hadoop-2.2.0/share/hadoop/hdfs/lib/guava-11.0.2.jar:/home/ubuntu/PatchedDistro/hadoop-2.2.0/share/hadoop/hdfs/lib/jsr305-1.3.9.jar:/home/ubuntu/PatchedDistro/hadoop-2.2.0/share/hadoop/hdfs/lib/jackson-core-asl-1.8.8.jar:/home/ubuntu/PatchedDistro/hadoop-2.2.0/share/hadoop/hdfs/lib/jersey-server-1.9.jar:/home/ubuntu/PatchedDistro/hadoop-2.2.0/share/hadoop/hdfs/lib/jersey-core-1.9.jar:/home/ubuntu/PatchedDistro/hadoop-2.2.0/share/hadoop/hdfs/lib/commons-cli-1.2.jar:/home/ubuntu/PatchedDistro/hadoop-2.2.0/share/hadoop/hdfs/lib/commons-lang-2.5.jar:/home/ubuntu/PatchedDistro/hadoop-2.2.0/share/hadoop/hdfs/lib/jsp-api-2.1.jar:/home/ubuntu/PatchedDistro/hadoop-2.2.0/share/hadoop/hdfs/lib/asm-3.2.jar:/home/ubuntu/PatchedDistro/hadoop-2.2.0/share/hadoop/hdfs/lib/jasper-runtime-5.5.23.jar:/home/ubuntu/PatchedDistro/hadoop-2.2.0/share/hadoop/hdfs/lib/commons-codec-1.4.jar:/home/ubuntu/PatchedDistro/hadoop-2.2.0/share/hadoop/hdfs/lib/commons-el-1.0.jar:/home/ubuntu/PatchedDistro/hadoop-2.2.0/share/hadoop/hdfs/lib/jetty-util-6.1.26.jar:/home/ubuntu/PatchedDistro/hadoop-2.2.0/share/hadoop/hdfs/lib/protobuf-java-2.5.0.jar:/home/ubuntu/PatchedDistro/hadoop-2.2.0/share/hadoop/hdfs/lib/jackson-mapper-asl-1.8.8.jar:/home/ubuntu/PatchedDistro/hadoop-2.2.0/share/hadoop/hdfs/lib/servlet-api-2.5.jar:/home/ubuntu/PatchedDistro/hadoop-2.2.0/share/hadoop/hdfs/lib/xmlenc-0.52.jar:/home/ubuntu/PatchedDistro/hadoop-2.2.0/share/hadoop/hdfs/lib/commons-logging-1.1.1.jar:/home/ubuntu/PatchedDistro/hadoop-2.2.0/share/hadoop/hdfs/lib/jetty-6.1.26.jar:/home/ubuntu/PatchedDistro/hadoop-2.2.0/share/hadoop/hdfs/lib/commons-io-2.1.jar:/home/ubuntu/PatchedDistro/hadoop-2.2.0/share/hadoop/hdfs/lib/netty-3.6.2.Final.jar:/home/ubuntu/PatchedDistro/hadoop-2.2.0/share/hadoop/hdfs/lib/log4j-1.2.17.jar:/home/ubuntu/PatchedDistro/hadoop-2.2.0/share/hadoop/hdfs/hadoop-hdfs-2.2.0-tests.jar:/home/ubuntu/PatchedDistro/hadoop-2.2.0/share/hadoop/hdfs/hadoop-hdfs-2.2.0.jar:/home/ubuntu/PatchedDistro/hadoop-2.2.0/share/hadoop/hdfs/hadoop-hdfs-nfs-2.2.0.jar:/home/ubuntu/PatchedDistro/hadoop-2.2.0/share/hadoop/yarn/lib/hadoop-annotations-2.2.0.jar:/home/ubuntu/PatchedDistro/hadoop-2.2.0/share/hadoop/yarn/lib/jackson-core-asl-1.8.8.jar:/home/ubuntu/PatchedDistro/hadoop-2.2.0/share/hadoop/yarn/lib/guice-servlet-3.0.jar:/home/ubuntu/PatchedDistro/hadoop-2.2.0/share/hadoop/yarn/lib/jersey-server-1.9.jar:/home/ubuntu/PatchedDistro/hadoop-2.2.0/share/hadoop/yarn/lib/jersey-core-1.9.jar:/home/ubuntu/PatchedDistro/hadoop-2.2.0/share/hadoop/yarn/lib/asm-3.2.jar:/home/ubuntu/PatchedDistro/hadoop-2.2.0/share/hadoop/yarn/lib/snappy-java-1.0.4.1.jar:/home/ubuntu/PatchedDistro/hadoop-2.2.0/share/hadoop/yarn/lib/jersey-guice-1.9.jar:/home/ubuntu/PatchedDistro/hadoop-2.2.0/share/hadoop/yarn/lib/paranamer-2.3.jar:/home/ubuntu/PatchedDistro/hadoop-2.2.0/share/hadoop/yarn/lib/commons-compress-1.4.1.jar:/home/ubuntu/PatchedDistro/hadoop-2.2.0/share/hadoop/yarn/lib/protobuf-java-2.5.0.jar:/home/ubuntu/PatchedDistro/hadoop-2.2.0/share/hadoop/yarn/lib/guice-3.0.jar:/home/ubuntu/PatchedDistro/hadoop-2.2.0/share/hadoop/yarn/lib/hamcrest-core-1.1.jar:/home/ubuntu/PatchedDistro/hadoop-2.2.0/share/hadoop/yarn/lib/xz-1.0.jar:/home/ubuntu/PatchedDistro/hadoop-2.2.0/share/hadoop/yarn/lib/jackson-mapper-asl-1.8.8.jar:/home/ubuntu/PatchedDistro/hadoop-2.2.0/share/hadoop/yarn/lib/aopalliance-1.0.jar:/home/ubuntu/PatchedDistro/hadoop-2.2.0/share/hadoop/yarn/lib/junit-4.10.jar:/home/ubuntu/PatchedDistro/hadoop-2.2.0/share/hadoop/yarn/lib/avro-1.7.4.jar:/home/ubuntu/PatchedDistro/hadoop-2.2.0/share/hadoop/yarn/lib/javax.inject-1.jar:/home/ubuntu/PatchedDistro/hadoop-2.2.0/share/hadoop/yarn/lib/commons-io-2.1.jar:/home/ubuntu/PatchedDistro/hadoop-2.2.0/share/hadoop/yarn/lib/netty-3.6.2.Final.jar:/home/ubuntu/PatchedDistro/hadoop-2.2.0/share/hadoop/yarn/lib/log4j-1.2.17.jar:/home/ubuntu/PatchedDistro/hadoop-2.2.0/share/hadoop/yarn/hadoop-yarn-site-2.2.0.jar:/home/ubuntu/PatchedDistro/hadoop-2.2.0/share/hadoop/yarn/hadoop-yarn-server-common-2.2.0.jar:/home/ubuntu/PatchedDistro/hadoop-2.2.0/share/hadoop/yarn/hadoop-yarn-client-2.2.0.jar:/home/ubuntu/PatchedDistro/hadoop-2.2.0/share/hadoop/yarn/hadoop-yarn-server-tests-2.2.0.jar:/home/ubuntu/PatchedDistro/hadoop-2.2.0/share/hadoop/yarn/hadoop-yarn-applications-unmanaged-am-launcher-2.2.0.jar:/home/ubuntu/PatchedDistro/hadoop-2.2.0/share/hadoop/yarn/hadoop-yarn-server-nodemanager-2.2.0.jar:/home/ubuntu/PatchedDistro/hadoop-2.2.0/share/hadoop/yarn/hadoop-yarn-server-resourcemanager-2.2.0.jar:/home/ubuntu/PatchedDistro/hadoop-2.2.0/share/hadoop/yarn/hadoop-yarn-common-2.2.0.jar:/home/ubuntu/PatchedDistro/hadoop-2.2.0/share/hadoop/yarn/hadoop-yarn-api-2.2.0.jar:/home/ubuntu/PatchedDistro/hadoop-2.2.0/share/hadoop/yarn/hadoop-yarn-server-web-proxy-2.2.0.jar:/home/ubuntu/PatchedDistro/hadoop-2.2.0/share/hadoop/yarn/hadoop-yarn-applications-distributedshell-2.2.0.jar:/home/ubuntu/PatchedDistro/hadoop-2.2.0/share/hadoop/mapreduce/lib/hadoop-annotations-2.2.0.jar:/home/ubuntu/PatchedDistro/hadoop-2.2.0/share/hadoop/mapreduce/lib/jackson-core-asl-1.8.8.jar:/home/ubuntu/PatchedDistro/hadoop-2.2.0/share/hadoop/mapreduce/lib/guice-servlet-3.0.jar:/home/ubuntu/PatchedDistro/hadoop-2.2.0/share/hadoop/mapreduce/lib/jersey-server-1.9.jar:/home/ubuntu/PatchedDistro/hadoop-2.2.0/share/hadoop/mapreduce/lib/jersey-core-1.9.jar:/home/ubuntu/PatchedDistro/hadoop-2.2.0/share/hadoop/mapreduce/lib/asm-3.2.jar:/home/ubuntu/PatchedDistro/hadoop-2.2.0/share/hadoop/mapreduce/lib/snappy-java-1.0.4.1.jar:/home/ubuntu/PatchedDistro/hadoop-2.2.0/share/hadoop/mapreduce/lib/jersey-guice-1.9.jar:/home/ubuntu/PatchedDistro/hadoop-2.2.0/share/hadoop/mapreduce/lib/paranamer-2.3.jar:/home/ubuntu/PatchedDistro/hadoop-2.2.0/share/hadoop/mapreduce/lib/commons-compress-1.4.1.jar:/home/ubuntu/PatchedDistro/hadoop-2.2.0/share/hadoop/mapreduce/lib/protobuf-java-2.5.0.jar:/home/ubuntu/PatchedDistro/hadoop-2.2.0/share/hadoop/mapreduce/lib/guice-3.0.jar:/home/ubuntu/PatchedDistro/hadoop-2.2.0/share/hadoop/mapreduce/lib/hamcrest-core-1.1.jar:/home/ubuntu/PatchedDistro/hadoop-2.2.0/share/hadoop/mapreduce/lib/xz-1.0.jar:/home/ubuntu/PatchedDistro/hadoop-2.2.0/share/hadoop/mapreduce/lib/jackson-mapper-asl-1.8.8.jar:/home/ubuntu/PatchedDistro/hadoop-2.2.0/share/hadoop/mapreduce/lib/aopalliance-1.0.jar:/home/ubuntu/PatchedDistro/hadoop-2.2.0/share/hadoop/mapreduce/lib/junit-4.10.jar:/home/ubuntu/PatchedDistro/hadoop-2.2.0/share/hadoop/mapreduce/lib/avro-1.7.4.jar:/home/ubuntu/PatchedDistro/hadoop-2.2.0/share/hadoop/mapreduce/lib/javax.inject-1.jar:/home/ubuntu/PatchedDistro/hadoop-2.2.0/share/hadoop/mapreduce/lib/commons-io-2.1.jar:/home/ubuntu/PatchedDistro/hadoop-2.2.0/share/hadoop/mapreduce/lib/netty-3.6.2.Final.jar:/home/ubuntu/PatchedDistro/hadoop-2.2.0/share/hadoop/mapreduce/lib/log4j-1.2.17.jar:/home/ubuntu/PatchedDistro/hadoop-2.2.0/share/hadoop/mapreduce/hadoop-mapreduce-client-app-2.2.0.jar:/home/ubuntu/PatchedDistro/hadoop-2.2.0/share/hadoop/mapreduce/hadoop-mapreduce-examples-2.2.0.jar:/home/ubuntu/PatchedDistro/hadoop-2.2.0/share/hadoop/mapreduce/hadoop-mapreduce-client-core-2.2.0.jar:/home/ubuntu/PatchedDistro/hadoop-2.2.0/share/hadoop/mapreduce/hadoop-mapreduce-client-shuffle-2.2.0.jar:/home/ubuntu/PatchedDistro/hadoop-2.2.0/share/hadoop/mapreduce/hadoop-mapreduce-client-jobclient-2.2.0.jar:/home/ubuntu/PatchedDistro/hadoop-2.2.0/share/hadoop/mapreduce/hadoop-mapreduce-client-jobclient-2.2.0-tests.jar:/home/ubuntu/PatchedDistro/hadoop-2.2.0/share/hadoop/mapreduce/hadoop-mapreduce-client-hs-2.2.0.jar:/home/ubuntu/PatchedDistro/hadoop-2.2.0/share/hadoop/mapreduce/hadoop-mapreduce-client-common-2.2.0.jar:/home/ubuntu/PatchedDistro/hadoop-2.2.0/share/hadoop/mapreduce/hadoop-mapreduce-client-hs-plugins-2.2.0.jar:/contrib/capacity-scheduler/*.jar:/contrib/capacity-scheduler/*.jar:/contrib/capacity-scheduler/*.jar
STARTUP_MSG:   build = Unknown -r Unknown; compiled by 'Joey' on 2014-03-24T00:00Z
STARTUP_MSG:   java = 1.7.0_51
************************************************************/
2014-03-24 08:20:02,890 INFO org.apache.hadoop.hdfs.server.namenode.SecondaryNameNode: registered UNIX signal handlers for [TERM, HUP, INT]
2014-03-24 08:20:04,429 WARN org.apache.hadoop.util.NativeCodeLoader: Unable to load native-hadoop library for your platform... using builtin-java classes where applicable
2014-03-24 08:20:05,145 INFO org.apache.hadoop.metrics2.impl.MetricsConfig: loaded properties from hadoop-metrics2.properties
2014-03-24 08:20:05,641 INFO org.apache.hadoop.metrics2.impl.MetricsSystemImpl: Scheduled snapshot period at 10 second(s).
2014-03-24 08:20:05,641 INFO org.apache.hadoop.metrics2.impl.MetricsSystemImpl: SecondaryNameNode metrics system started
2014-03-24 08:20:07,003 INFO org.apache.hadoop.hdfs.server.common.Storage: Lock on /var/hadoop/tmp/dfs/namesecondary/in_use.lock acquired by nodename 29361@ip-10-234-70-108
2014-03-24 08:20:07,509 INFO org.apache.hadoop.hdfs.server.namenode.HostFileManager: read includes:
HostSet(
)
2014-03-24 08:20:07,510 INFO org.apache.hadoop.hdfs.server.namenode.HostFileManager: read excludes:
HostSet(
)
2014-03-24 08:20:07,526 INFO org.apache.hadoop.hdfs.server.blockmanagement.DatanodeManager: dfs.block.invalidate.limit=1000
2014-03-24 08:20:07,543 INFO org.apache.hadoop.util.GSet: Computing capacity for map BlocksMap
2014-03-24 08:20:07,543 INFO org.apache.hadoop.util.GSet: VM type       = 64-bit
2014-03-24 08:20:07,551 INFO org.apache.hadoop.util.GSet: 2.0% max memory = 966.7 MB
2014-03-24 08:20:07,551 INFO org.apache.hadoop.util.GSet: capacity      = 2^21 = 2097152 entries
2014-03-24 08:20:07,705 INFO org.apache.hadoop.hdfs.server.blockmanagement.BlockManager: dfs.block.access.token.enable=false
2014-03-24 08:20:07,717 INFO org.apache.hadoop.hdfs.server.blockmanagement.BlockManager: defaultReplication         = 2
2014-03-24 08:20:07,717 INFO org.apache.hadoop.hdfs.server.blockmanagement.BlockManager: maxReplication             = 512
2014-03-24 08:20:07,717 INFO org.apache.hadoop.hdfs.server.blockmanagement.BlockManager: minReplication             = 1
2014-03-24 08:20:07,717 INFO org.apache.hadoop.hdfs.server.blockmanagement.BlockManager: maxReplicationStreams      = 2
2014-03-24 08:20:07,718 INFO org.apache.hadoop.hdfs.server.blockmanagement.BlockManager: shouldCheckForEnoughRacks  = false
2014-03-24 08:20:07,718 INFO org.apache.hadoop.hdfs.server.blockmanagement.BlockManager: replicationRecheckInterval = 3000
2014-03-24 08:20:07,718 INFO org.apache.hadoop.hdfs.server.blockmanagement.BlockManager: encryptDataTransfer        = false
2014-03-24 08:20:07,719 INFO org.apache.hadoop.hdfs.server.namenode.FSNamesystem: fsOwner             = ubuntu (auth:SIMPLE)
2014-03-24 08:20:07,719 INFO org.apache.hadoop.hdfs.server.namenode.FSNamesystem: supergroup          = supergroup
2014-03-24 08:20:07,719 INFO org.apache.hadoop.hdfs.server.namenode.FSNamesystem: isPermissionEnabled = true
2014-03-24 08:20:07,719 INFO org.apache.hadoop.hdfs.server.namenode.FSNamesystem: HA Enabled: false
2014-03-24 08:20:07,742 INFO org.apache.hadoop.hdfs.server.namenode.FSNamesystem: Append Enabled: true
2014-03-24 08:20:08,128 INFO org.apache.hadoop.util.GSet: Computing capacity for map INodeMap
2014-03-24 08:20:08,128 INFO org.apache.hadoop.util.GSet: VM type       = 64-bit
2014-03-24 08:20:08,128 INFO org.apache.hadoop.util.GSet: 1.0% max memory = 966.7 MB
2014-03-24 08:20:08,129 INFO org.apache.hadoop.util.GSet: capacity      = 2^20 = 1048576 entries
2014-03-24 08:20:08,331 INFO org.apache.hadoop.hdfs.server.namenode.NameNode: Caching file names occuring more than 10 times
2014-03-24 08:20:08,350 INFO org.apache.hadoop.hdfs.server.namenode.FSNamesystem: dfs.namenode.safemode.threshold-pct = 0.9990000128746033
2014-03-24 08:20:08,350 INFO org.apache.hadoop.hdfs.server.namenode.FSNamesystem: dfs.namenode.safemode.min.datanodes = 0
2014-03-24 08:20:08,350 INFO org.apache.hadoop.hdfs.server.namenode.FSNamesystem: dfs.namenode.safemode.extension     = 30000
2014-03-24 08:20:08,682 INFO org.mortbay.log: Logging to org.slf4j.impl.Log4jLoggerAdapter(org.mortbay.log) via org.mortbay.log.Slf4jLog
2014-03-24 08:20:09,099 INFO org.apache.hadoop.http.HttpServer: Added global filter 'safety' (class=org.apache.hadoop.http.HttpServer$QuotingInputFilter)
2014-03-24 08:20:09,116 INFO org.apache.hadoop.http.HttpServer: Added filter static_user_filter (class=org.apache.hadoop.http.lib.StaticUserWebFilter$StaticUserFilter) to context secondary
2014-03-24 08:20:09,116 INFO org.apache.hadoop.http.HttpServer: Added filter static_user_filter (class=org.apache.hadoop.http.lib.StaticUserWebFilter$StaticUserFilter) to context logs
2014-03-24 08:20:09,116 INFO org.apache.hadoop.http.HttpServer: Added filter static_user_filter (class=org.apache.hadoop.http.lib.StaticUserWebFilter$StaticUserFilter) to context static
2014-03-24 08:20:09,249 INFO org.apache.hadoop.http.HttpServer: Jetty bound to port 50090
2014-03-24 08:20:09,249 INFO org.mortbay.log: jetty-6.1.26
2014-03-24 08:20:10,724 INFO org.mortbay.log: Started SelectChannelConnector@0.0.0.0:50090
2014-03-24 08:20:10,724 INFO org.apache.hadoop.hdfs.server.namenode.SecondaryNameNode: Web server init done
2014-03-24 08:20:10,724 INFO org.apache.hadoop.hdfs.server.namenode.SecondaryNameNode: Secondary Web-server up at: 0.0.0.0:50090
2014-03-24 08:20:10,724 INFO org.apache.hadoop.hdfs.server.namenode.SecondaryNameNode: Checkpoint Period   :3600 secs (60 min)
2014-03-24 08:20:10,724 INFO org.apache.hadoop.hdfs.server.namenode.SecondaryNameNode: Log Size Trigger    :1000000 txns
2014-03-24 08:21:11,816 INFO org.apache.hadoop.ipc.Client: Retrying connect to server: ec2-54-185-107-145.us-west-2.compute.amazonaws.com/10.234.70.108:54310. Already tried 0 time(s); retry policy is RetryUpToMaximumCountWithFixedSleep(maxRetries=10, sleepTime=1 SECONDS)
2014-03-24 08:21:12,823 INFO org.apache.hadoop.ipc.Client: Retrying connect to server: ec2-54-185-107-145.us-west-2.compute.amazonaws.com/10.234.70.108:54310. Already tried 1 time(s); retry policy is RetryUpToMaximumCountWithFixedSleep(maxRetries=10, sleepTime=1 SECONDS)
2014-03-24 08:21:13,823 INFO org.apache.hadoop.ipc.Client: Retrying connect to server: ec2-54-185-107-145.us-west-2.compute.amazonaws.com/10.234.70.108:54310. Already tried 2 time(s); retry policy is RetryUpToMaximumCountWithFixedSleep(maxRetries=10, sleepTime=1 SECONDS)
2014-03-24 08:21:14,824 INFO org.apache.hadoop.ipc.Client: Retrying connect to server: ec2-54-185-107-145.us-west-2.compute.amazonaws.com/10.234.70.108:54310. Already tried 3 time(s); retry policy is RetryUpToMaximumCountWithFixedSleep(maxRetries=10, sleepTime=1 SECONDS)
2014-03-24 08:21:15,825 INFO org.apache.hadoop.ipc.Client: Retrying connect to server: ec2-54-185-107-145.us-west-2.compute.amazonaws.com/10.234.70.108:54310. Already tried 4 time(s); retry policy is RetryUpToMaximumCountWithFixedSleep(maxRetries=10, sleepTime=1 SECONDS)
2014-03-24 08:21:16,826 INFO org.apache.hadoop.ipc.Client: Retrying connect to server: ec2-54-185-107-145.us-west-2.compute.amazonaws.com/10.234.70.108:54310. Already tried 5 time(s); retry policy is RetryUpToMaximumCountWithFixedSleep(maxRetries=10, sleepTime=1 SECONDS)
2014-03-24 08:21:17,827 INFO org.apache.hadoop.ipc.Client: Retrying connect to server: ec2-54-185-107-145.us-west-2.compute.amazonaws.com/10.234.70.108:54310. Already tried 6 time(s); retry policy is RetryUpToMaximumCountWithFixedSleep(maxRetries=10, sleepTime=1 SECONDS)
2014-03-24 08:21:18,827 INFO org.apache.hadoop.ipc.Client: Retrying connect to server: ec2-54-185-107-145.us-west-2.compute.amazonaws.com/10.234.70.108:54310. Already tried 7 time(s); retry policy is RetryUpToMaximumCountWithFixedSleep(maxRetries=10, sleepTime=1 SECONDS)
2014-03-24 08:21:19,828 INFO org.apache.hadoop.ipc.Client: Retrying connect to server: ec2-54-185-107-145.us-west-2.compute.amazonaws.com/10.234.70.108:54310. Already tried 8 time(s); retry policy is RetryUpToMaximumCountWithFixedSleep(maxRetries=10, sleepTime=1 SECONDS)
2014-03-24 08:21:20,829 INFO org.apache.hadoop.ipc.Client: Retrying connect to server: ec2-54-185-107-145.us-west-2.compute.amazonaws.com/10.234.70.108:54310. Already tried 9 time(s); retry policy is RetryUpToMaximumCountWithFixedSleep(maxRetries=10, sleepTime=1 SECONDS)
2014-03-24 08:21:20,848 ERROR org.apache.hadoop.hdfs.server.namenode.SecondaryNameNode: Exception in doCheckpoint
java.net.ConnectException: Call From ip-10-234-70-108/10.234.70.108 to ec2-54-185-107-145.us-west-2.compute.amazonaws.com:54310 failed on connection exception: java.net.ConnectException: Connection refused; For more details see:  http://wiki.apache.org/hadoop/ConnectionRefused
	at sun.reflect.NativeConstructorAccessorImpl.newInstance0(Native Method)
	at sun.reflect.NativeConstructorAccessorImpl.newInstance(NativeConstructorAccessorImpl.java:57)
	at sun.reflect.DelegatingConstructorAccessorImpl.newInstance(DelegatingConstructorAccessorImpl.java:45)
	at java.lang.reflect.Constructor.newInstance(Constructor.java:526)
	at org.apache.hadoop.net.NetUtils.wrapWithMessage(NetUtils.java:783)
	at org.apache.hadoop.net.NetUtils.wrapException(NetUtils.java:730)
	at org.apache.hadoop.ipc.Client.call(Client.java:1351)
	at org.apache.hadoop.ipc.Client.call(Client.java:1300)
	at org.apache.hadoop.ipc.ProtobufRpcEngine$Invoker.invoke(ProtobufRpcEngine.java:206)
	at com.sun.proxy.$Proxy8.getTransactionId(Unknown Source)
	at sun.reflect.NativeMethodAccessorImpl.invoke0(Native Method)
	at sun.reflect.NativeMethodAccessorImpl.invoke(NativeMethodAccessorImpl.java:57)
	at sun.reflect.DelegatingMethodAccessorImpl.invoke(DelegatingMethodAccessorImpl.java:43)
	at java.lang.reflect.Method.invoke(Method.java:606)
	at org.apache.hadoop.io.retry.RetryInvocationHandler.invokeMethod(RetryInvocationHandler.java:186)
	at org.apache.hadoop.io.retry.RetryInvocationHandler.invoke(RetryInvocationHandler.java:102)
	at com.sun.proxy.$Proxy8.getTransactionId(Unknown Source)
	at org.apache.hadoop.hdfs.protocolPB.NamenodeProtocolTranslatorPB.getTransactionID(NamenodeProtocolTranslatorPB.java:119)
	at org.apache.hadoop.hdfs.server.namenode.SecondaryNameNode.countUncheckpointedTxns(SecondaryNameNode.java:622)
	at org.apache.hadoop.hdfs.server.namenode.SecondaryNameNode.shouldCheckpointBasedOnCount(SecondaryNameNode.java:630)
	at org.apache.hadoop.hdfs.server.namenode.SecondaryNameNode.doWork(SecondaryNameNode.java:378)
	at org.apache.hadoop.hdfs.server.namenode.SecondaryNameNode$2.run(SecondaryNameNode.java:346)
	at org.apache.hadoop.security.SecurityUtil.doAsLoginUserOrFatal(SecurityUtil.java:456)
	at org.apache.hadoop.hdfs.server.namenode.SecondaryNameNode.run(SecondaryNameNode.java:342)
	at java.lang.Thread.run(Thread.java:744)
Caused by: java.net.ConnectException: Connection refused
	at sun.nio.ch.SocketChannelImpl.checkConnect(Native Method)
	at sun.nio.ch.SocketChannelImpl.finishConnect(SocketChannelImpl.java:739)
	at org.apache.hadoop.net.SocketIOWithTimeout.connect(SocketIOWithTimeout.java:206)
	at org.apache.hadoop.net.NetUtils.connect(NetUtils.java:529)
	at org.apache.hadoop.net.NetUtils.connect(NetUtils.java:493)
	at org.apache.hadoop.ipc.Client$Connection.setupConnection(Client.java:547)
	at org.apache.hadoop.ipc.Client$Connection.setupIOstreams(Client.java:642)
	at org.apache.hadoop.ipc.Client$Connection.access$2600(Client.java:314)
	at org.apache.hadoop.ipc.Client.getConnection(Client.java:1399)
	at org.apache.hadoop.ipc.Client.call(Client.java:1318)
	... 18 more
2014-03-24 08:22:21,905 INFO org.apache.hadoop.ipc.Client: Retrying connect to server: ec2-54-185-107-145.us-west-2.compute.amazonaws.com/10.234.70.108:54310. Already tried 0 time(s); retry policy is RetryUpToMaximumCountWithFixedSleep(maxRetries=10, sleepTime=1 SECONDS)
2014-03-24 08:22:22,905 INFO org.apache.hadoop.ipc.Client: Retrying connect to server: ec2-54-185-107-145.us-west-2.compute.amazonaws.com/10.234.70.108:54310. Already tried 1 time(s); retry policy is RetryUpToMaximumCountWithFixedSleep(maxRetries=10, sleepTime=1 SECONDS)
2014-03-24 08:22:23,906 INFO org.apache.hadoop.ipc.Client: Retrying connect to server: ec2-54-185-107-145.us-west-2.compute.amazonaws.com/10.234.70.108:54310. Already tried 2 time(s); retry policy is RetryUpToMaximumCountWithFixedSleep(maxRetries=10, sleepTime=1 SECONDS)
2014-03-24 08:22:24,907 INFO org.apache.hadoop.ipc.Client: Retrying connect to server: ec2-54-185-107-145.us-west-2.compute.amazonaws.com/10.234.70.108:54310. Already tried 3 time(s); retry policy is RetryUpToMaximumCountWithFixedSleep(maxRetries=10, sleepTime=1 SECONDS)
2014-03-24 08:22:25,908 INFO org.apache.hadoop.ipc.Client: Retrying connect to server: ec2-54-185-107-145.us-west-2.compute.amazonaws.com/10.234.70.108:54310. Already tried 4 time(s); retry policy is RetryUpToMaximumCountWithFixedSleep(maxRetries=10, sleepTime=1 SECONDS)
2014-03-24 08:22:26,909 INFO org.apache.hadoop.ipc.Client: Retrying connect to server: ec2-54-185-107-145.us-west-2.compute.amazonaws.com/10.234.70.108:54310. Already tried 5 time(s); retry policy is RetryUpToMaximumCountWithFixedSleep(maxRetries=10, sleepTime=1 SECONDS)
2014-03-24 08:22:27,910 INFO org.apache.hadoop.ipc.Client: Retrying connect to server: ec2-54-185-107-145.us-west-2.compute.amazonaws.com/10.234.70.108:54310. Already tried 6 time(s); retry policy is RetryUpToMaximumCountWithFixedSleep(maxRetries=10, sleepTime=1 SECONDS)
2014-03-24 08:22:28,916 INFO org.apache.hadoop.ipc.Client: Retrying connect to server: ec2-54-185-107-145.us-west-2.compute.amazonaws.com/10.234.70.108:54310. Already tried 7 time(s); retry policy is RetryUpToMaximumCountWithFixedSleep(maxRetries=10, sleepTime=1 SECONDS)
2014-03-24 08:22:29,917 INFO org.apache.hadoop.ipc.Client: Retrying connect to server: ec2-54-185-107-145.us-west-2.compute.amazonaws.com/10.234.70.108:54310. Already tried 8 time(s); retry policy is RetryUpToMaximumCountWithFixedSleep(maxRetries=10, sleepTime=1 SECONDS)
2014-03-24 08:22:30,917 INFO org.apache.hadoop.ipc.Client: Retrying connect to server: ec2-54-185-107-145.us-west-2.compute.amazonaws.com/10.234.70.108:54310. Already tried 9 time(s); retry policy is RetryUpToMaximumCountWithFixedSleep(maxRetries=10, sleepTime=1 SECONDS)
2014-03-24 08:22:30,919 ERROR org.apache.hadoop.hdfs.server.namenode.SecondaryNameNode: Exception in doCheckpoint
java.net.ConnectException: Call From ip-10-234-70-108/10.234.70.108 to ec2-54-185-107-145.us-west-2.compute.amazonaws.com:54310 failed on connection exception: java.net.ConnectException: Connection refused; For more details see:  http://wiki.apache.org/hadoop/ConnectionRefused
	at sun.reflect.NativeConstructorAccessorImpl.newInstance0(Native Method)
	at sun.reflect.NativeConstructorAccessorImpl.newInstance(NativeConstructorAccessorImpl.java:57)
	at sun.reflect.DelegatingConstructorAccessorImpl.newInstance(DelegatingConstructorAccessorImpl.java:45)
	at java.lang.reflect.Constructor.newInstance(Constructor.java:526)
	at org.apache.hadoop.net.NetUtils.wrapWithMessage(NetUtils.java:783)
	at org.apache.hadoop.net.NetUtils.wrapException(NetUtils.java:730)
	at org.apache.hadoop.ipc.Client.call(Client.java:1351)
	at org.apache.hadoop.ipc.Client.call(Client.java:1300)
	at org.apache.hadoop.ipc.ProtobufRpcEngine$Invoker.invoke(ProtobufRpcEngine.java:206)
	at com.sun.proxy.$Proxy8.getTransactionId(Unknown Source)
	at sun.reflect.NativeMethodAccessorImpl.invoke0(Native Method)
	at sun.reflect.NativeMethodAccessorImpl.invoke(NativeMethodAccessorImpl.java:57)
	at sun.reflect.DelegatingMethodAccessorImpl.invoke(DelegatingMethodAccessorImpl.java:43)
	at java.lang.reflect.Method.invoke(Method.java:606)
	at org.apache.hadoop.io.retry.RetryInvocationHandler.invokeMethod(RetryInvocationHandler.java:186)
	at org.apache.hadoop.io.retry.RetryInvocationHandler.invoke(RetryInvocationHandler.java:102)
	at com.sun.proxy.$Proxy8.getTransactionId(Unknown Source)
	at org.apache.hadoop.hdfs.protocolPB.NamenodeProtocolTranslatorPB.getTransactionID(NamenodeProtocolTranslatorPB.java:119)
	at org.apache.hadoop.hdfs.server.namenode.SecondaryNameNode.countUncheckpointedTxns(SecondaryNameNode.java:622)
	at org.apache.hadoop.hdfs.server.namenode.SecondaryNameNode.shouldCheckpointBasedOnCount(SecondaryNameNode.java:630)
	at org.apache.hadoop.hdfs.server.namenode.SecondaryNameNode.doWork(SecondaryNameNode.java:378)
	at org.apache.hadoop.hdfs.server.namenode.SecondaryNameNode$2.run(SecondaryNameNode.java:346)
	at org.apache.hadoop.security.SecurityUtil.doAsLoginUserOrFatal(SecurityUtil.java:456)
	at org.apache.hadoop.hdfs.server.namenode.SecondaryNameNode.run(SecondaryNameNode.java:342)
	at java.lang.Thread.run(Thread.java:744)
Caused by: java.net.ConnectException: Connection refused
	at sun.nio.ch.SocketChannelImpl.checkConnect(Native Method)
	at sun.nio.ch.SocketChannelImpl.finishConnect(SocketChannelImpl.java:739)
	at org.apache.hadoop.net.SocketIOWithTimeout.connect(SocketIOWithTimeout.java:206)
	at org.apache.hadoop.net.NetUtils.connect(NetUtils.java:529)
	at org.apache.hadoop.net.NetUtils.connect(NetUtils.java:493)
	at org.apache.hadoop.ipc.Client$Connection.setupConnection(Client.java:547)
	at org.apache.hadoop.ipc.Client$Connection.setupIOstreams(Client.java:642)
	at org.apache.hadoop.ipc.Client$Connection.access$2600(Client.java:314)
	at org.apache.hadoop.ipc.Client.getConnection(Client.java:1399)
	at org.apache.hadoop.ipc.Client.call(Client.java:1318)
	... 18 more
