2014-03-24 19:52:35,680 INFO  [main] namenode.NameNode (StringUtils.java:startupShutdownMessage(601)) - STARTUP_MSG: 
/************************************************************
STARTUP_MSG: Starting NameNode
STARTUP_MSG:   host = ip-10-253-25-54/10.253.25.54
STARTUP_MSG:   args = []
STARTUP_MSG:   version = 2.2.0
STARTUP_MSG:   classpath = /home/ubuntu/PatchedDistro/hadoop-2.2.0/etc/hadoop:/home/ubuntu/PatchedDistro/hadoop-2.2.0/share/hadoop/common/lib/commons-net-3.1.jar:/home/ubuntu/PatchedDistro/hadoop-2.2.0/share/hadoop/common/lib/commons-httpclient-3.1.jar:/home/ubuntu/PatchedDistro/hadoop-2.2.0/share/hadoop/common/lib/jersey-json-1.9.jar:/home/ubuntu/PatchedDistro/hadoop-2.2.0/share/hadoop/common/lib/jaxb-impl-2.2.3-1.jar:/home/ubuntu/PatchedDistro/hadoop-2.2.0/share/hadoop/common/lib/commons-digester-1.8.jar:/home/ubuntu/PatchedDistro/hadoop-2.2.0/share/hadoop/common/lib/hadoop-annotations-2.2.0.jar:/home/ubuntu/PatchedDistro/hadoop-2.2.0/share/hadoop/common/lib/guava-11.0.2.jar:/home/ubuntu/PatchedDistro/hadoop-2.2.0/share/hadoop/common/lib/jettison-1.1.jar:/home/ubuntu/PatchedDistro/hadoop-2.2.0/share/hadoop/common/lib/commons-math-2.1.jar:/home/ubuntu/PatchedDistro/hadoop-2.2.0/share/hadoop/common/lib/commons-configuration-1.6.jar:/home/ubuntu/PatchedDistro/hadoop-2.2.0/share/hadoop/common/lib/jsr305-1.3.9.jar:/home/ubuntu/PatchedDistro/hadoop-2.2.0/share/hadoop/common/lib/activation-1.1.jar:/home/ubuntu/PatchedDistro/hadoop-2.2.0/share/hadoop/common/lib/jackson-core-asl-1.8.8.jar:/home/ubuntu/PatchedDistro/hadoop-2.2.0/share/hadoop/common/lib/jackson-xc-1.8.8.jar:/home/ubuntu/PatchedDistro/hadoop-2.2.0/share/hadoop/common/lib/jersey-server-1.9.jar:/home/ubuntu/PatchedDistro/hadoop-2.2.0/share/hadoop/common/lib/slf4j-log4j12-1.7.5.jar:/home/ubuntu/PatchedDistro/hadoop-2.2.0/share/hadoop/common/lib/jersey-core-1.9.jar:/home/ubuntu/PatchedDistro/hadoop-2.2.0/share/hadoop/common/lib/commons-cli-1.2.jar:/home/ubuntu/PatchedDistro/hadoop-2.2.0/share/hadoop/common/lib/commons-lang-2.5.jar:/home/ubuntu/PatchedDistro/hadoop-2.2.0/share/hadoop/common/lib/jsp-api-2.1.jar:/home/ubuntu/PatchedDistro/hadoop-2.2.0/share/hadoop/common/lib/asm-3.2.jar:/home/ubuntu/PatchedDistro/hadoop-2.2.0/share/hadoop/common/lib/snappy-java-1.0.4.1.jar:/home/ubuntu/PatchedDistro/hadoop-2.2.0/share/hadoop/common/lib/zookeeper-3.4.5.jar:/home/ubuntu/PatchedDistro/hadoop-2.2.0/share/hadoop/common/lib/jaxb-api-2.2.2.jar:/home/ubuntu/PatchedDistro/hadoop-2.2.0/share/hadoop/common/lib/slf4j-api-1.7.5.jar:/home/ubuntu/PatchedDistro/hadoop-2.2.0/share/hadoop/common/lib/commons-collections-3.2.1.jar:/home/ubuntu/PatchedDistro/hadoop-2.2.0/share/hadoop/common/lib/jasper-runtime-5.5.23.jar:/home/ubuntu/PatchedDistro/hadoop-2.2.0/share/hadoop/common/lib/jackson-jaxrs-1.8.8.jar:/home/ubuntu/PatchedDistro/hadoop-2.2.0/share/hadoop/common/lib/commons-beanutils-1.7.0.jar:/home/ubuntu/PatchedDistro/hadoop-2.2.0/share/hadoop/common/lib/paranamer-2.3.jar:/home/ubuntu/PatchedDistro/hadoop-2.2.0/share/hadoop/common/lib/junit-4.8.2.jar:/home/ubuntu/PatchedDistro/hadoop-2.2.0/share/hadoop/common/lib/commons-codec-1.4.jar:/home/ubuntu/PatchedDistro/hadoop-2.2.0/share/hadoop/common/lib/commons-el-1.0.jar:/home/ubuntu/PatchedDistro/hadoop-2.2.0/share/hadoop/common/lib/mockito-all-1.8.5.jar:/home/ubuntu/PatchedDistro/hadoop-2.2.0/share/hadoop/common/lib/jetty-util-6.1.26.jar:/home/ubuntu/PatchedDistro/hadoop-2.2.0/share/hadoop/common/lib/commons-beanutils-core-1.8.0.jar:/home/ubuntu/PatchedDistro/hadoop-2.2.0/share/hadoop/common/lib/commons-compress-1.4.1.jar:/home/ubuntu/PatchedDistro/hadoop-2.2.0/share/hadoop/common/lib/jsch-0.1.42.jar:/home/ubuntu/PatchedDistro/hadoop-2.2.0/share/hadoop/common/lib/protobuf-java-2.5.0.jar:/home/ubuntu/PatchedDistro/hadoop-2.2.0/share/hadoop/common/lib/stax-api-1.0.1.jar:/home/ubuntu/PatchedDistro/hadoop-2.2.0/share/hadoop/common/lib/xz-1.0.jar:/home/ubuntu/PatchedDistro/hadoop-2.2.0/share/hadoop/common/lib/jackson-mapper-asl-1.8.8.jar:/home/ubuntu/PatchedDistro/hadoop-2.2.0/share/hadoop/common/lib/jasper-compiler-5.5.23.jar:/home/ubuntu/PatchedDistro/hadoop-2.2.0/share/hadoop/common/lib/servlet-api-2.5.jar:/home/ubuntu/PatchedDistro/hadoop-2.2.0/share/hadoop/common/lib/avro-1.7.4.jar:/home/ubuntu/PatchedDistro/hadoop-2.2.0/share/hadoop/common/lib/xmlenc-0.52.jar:/home/ubuntu/PatchedDistro/hadoop-2.2.0/share/hadoop/common/lib/commons-logging-1.1.1.jar:/home/ubuntu/PatchedDistro/hadoop-2.2.0/share/hadoop/common/lib/jetty-6.1.26.jar:/home/ubuntu/PatchedDistro/hadoop-2.2.0/share/hadoop/common/lib/hadoop-auth-2.2.0.jar:/home/ubuntu/PatchedDistro/hadoop-2.2.0/share/hadoop/common/lib/commons-io-2.1.jar:/home/ubuntu/PatchedDistro/hadoop-2.2.0/share/hadoop/common/lib/netty-3.6.2.Final.jar:/home/ubuntu/PatchedDistro/hadoop-2.2.0/share/hadoop/common/lib/log4j-1.2.17.jar:/home/ubuntu/PatchedDistro/hadoop-2.2.0/share/hadoop/common/lib/jets3t-0.6.1.jar:/home/ubuntu/PatchedDistro/hadoop-2.2.0/share/hadoop/common/hadoop-common-2.2.0.jar:/home/ubuntu/PatchedDistro/hadoop-2.2.0/share/hadoop/common/hadoop-common-2.2.0-tests.jar:/home/ubuntu/PatchedDistro/hadoop-2.2.0/share/hadoop/common/hadoop-nfs-2.2.0.jar:/home/ubuntu/PatchedDistro/hadoop-2.2.0/share/hadoop/hdfs:/home/ubuntu/PatchedDistro/hadoop-2.2.0/share/hadoop/hdfs/lib/commons-daemon-1.0.13.jar:/home/ubuntu/PatchedDistro/hadoop-2.2.0/share/hadoop/hdfs/lib/guava-11.0.2.jar:/home/ubuntu/PatchedDistro/hadoop-2.2.0/share/hadoop/hdfs/lib/jsr305-1.3.9.jar:/home/ubuntu/PatchedDistro/hadoop-2.2.0/share/hadoop/hdfs/lib/jackson-core-asl-1.8.8.jar:/home/ubuntu/PatchedDistro/hadoop-2.2.0/share/hadoop/hdfs/lib/jersey-server-1.9.jar:/home/ubuntu/PatchedDistro/hadoop-2.2.0/share/hadoop/hdfs/lib/jersey-core-1.9.jar:/home/ubuntu/PatchedDistro/hadoop-2.2.0/share/hadoop/hdfs/lib/commons-cli-1.2.jar:/home/ubuntu/PatchedDistro/hadoop-2.2.0/share/hadoop/hdfs/lib/commons-lang-2.5.jar:/home/ubuntu/PatchedDistro/hadoop-2.2.0/share/hadoop/hdfs/lib/jsp-api-2.1.jar:/home/ubuntu/PatchedDistro/hadoop-2.2.0/share/hadoop/hdfs/lib/asm-3.2.jar:/home/ubuntu/PatchedDistro/hadoop-2.2.0/share/hadoop/hdfs/lib/jasper-runtime-5.5.23.jar:/home/ubuntu/PatchedDistro/hadoop-2.2.0/share/hadoop/hdfs/lib/commons-codec-1.4.jar:/home/ubuntu/PatchedDistro/hadoop-2.2.0/share/hadoop/hdfs/lib/commons-el-1.0.jar:/home/ubuntu/PatchedDistro/hadoop-2.2.0/share/hadoop/hdfs/lib/jetty-util-6.1.26.jar:/home/ubuntu/PatchedDistro/hadoop-2.2.0/share/hadoop/hdfs/lib/protobuf-java-2.5.0.jar:/home/ubuntu/PatchedDistro/hadoop-2.2.0/share/hadoop/hdfs/lib/jackson-mapper-asl-1.8.8.jar:/home/ubuntu/PatchedDistro/hadoop-2.2.0/share/hadoop/hdfs/lib/servlet-api-2.5.jar:/home/ubuntu/PatchedDistro/hadoop-2.2.0/share/hadoop/hdfs/lib/xmlenc-0.52.jar:/home/ubuntu/PatchedDistro/hadoop-2.2.0/share/hadoop/hdfs/lib/commons-logging-1.1.1.jar:/home/ubuntu/PatchedDistro/hadoop-2.2.0/share/hadoop/hdfs/lib/jetty-6.1.26.jar:/home/ubuntu/PatchedDistro/hadoop-2.2.0/share/hadoop/hdfs/lib/commons-io-2.1.jar:/home/ubuntu/PatchedDistro/hadoop-2.2.0/share/hadoop/hdfs/lib/netty-3.6.2.Final.jar:/home/ubuntu/PatchedDistro/hadoop-2.2.0/share/hadoop/hdfs/lib/log4j-1.2.17.jar:/home/ubuntu/PatchedDistro/hadoop-2.2.0/share/hadoop/hdfs/hadoop-hdfs-2.2.0-tests.jar:/home/ubuntu/PatchedDistro/hadoop-2.2.0/share/hadoop/hdfs/hadoop-hdfs-2.2.0.jar:/home/ubuntu/PatchedDistro/hadoop-2.2.0/share/hadoop/hdfs/hadoop-hdfs-nfs-2.2.0.jar:/home/ubuntu/PatchedDistro/hadoop-2.2.0/share/hadoop/yarn/lib/hadoop-annotations-2.2.0.jar:/home/ubuntu/PatchedDistro/hadoop-2.2.0/share/hadoop/yarn/lib/jackson-core-asl-1.8.8.jar:/home/ubuntu/PatchedDistro/hadoop-2.2.0/share/hadoop/yarn/lib/guice-servlet-3.0.jar:/home/ubuntu/PatchedDistro/hadoop-2.2.0/share/hadoop/yarn/lib/jersey-server-1.9.jar:/home/ubuntu/PatchedDistro/hadoop-2.2.0/share/hadoop/yarn/lib/jersey-core-1.9.jar:/home/ubuntu/PatchedDistro/hadoop-2.2.0/share/hadoop/yarn/lib/asm-3.2.jar:/home/ubuntu/PatchedDistro/hadoop-2.2.0/share/hadoop/yarn/lib/snappy-java-1.0.4.1.jar:/home/ubuntu/PatchedDistro/hadoop-2.2.0/share/hadoop/yarn/lib/jersey-guice-1.9.jar:/home/ubuntu/PatchedDistro/hadoop-2.2.0/share/hadoop/yarn/lib/paranamer-2.3.jar:/home/ubuntu/PatchedDistro/hadoop-2.2.0/share/hadoop/yarn/lib/commons-compress-1.4.1.jar:/home/ubuntu/PatchedDistro/hadoop-2.2.0/share/hadoop/yarn/lib/protobuf-java-2.5.0.jar:/home/ubuntu/PatchedDistro/hadoop-2.2.0/share/hadoop/yarn/lib/guice-3.0.jar:/home/ubuntu/PatchedDistro/hadoop-2.2.0/share/hadoop/yarn/lib/hamcrest-core-1.1.jar:/home/ubuntu/PatchedDistro/hadoop-2.2.0/share/hadoop/yarn/lib/xz-1.0.jar:/home/ubuntu/PatchedDistro/hadoop-2.2.0/share/hadoop/yarn/lib/jackson-mapper-asl-1.8.8.jar:/home/ubuntu/PatchedDistro/hadoop-2.2.0/share/hadoop/yarn/lib/aopalliance-1.0.jar:/home/ubuntu/PatchedDistro/hadoop-2.2.0/share/hadoop/yarn/lib/junit-4.10.jar:/home/ubuntu/PatchedDistro/hadoop-2.2.0/share/hadoop/yarn/lib/avro-1.7.4.jar:/home/ubuntu/PatchedDistro/hadoop-2.2.0/share/hadoop/yarn/lib/javax.inject-1.jar:/home/ubuntu/PatchedDistro/hadoop-2.2.0/share/hadoop/yarn/lib/commons-io-2.1.jar:/home/ubuntu/PatchedDistro/hadoop-2.2.0/share/hadoop/yarn/lib/netty-3.6.2.Final.jar:/home/ubuntu/PatchedDistro/hadoop-2.2.0/share/hadoop/yarn/lib/log4j-1.2.17.jar:/home/ubuntu/PatchedDistro/hadoop-2.2.0/share/hadoop/yarn/hadoop-yarn-site-2.2.0.jar:/home/ubuntu/PatchedDistro/hadoop-2.2.0/share/hadoop/yarn/hadoop-yarn-server-common-2.2.0.jar:/home/ubuntu/PatchedDistro/hadoop-2.2.0/share/hadoop/yarn/hadoop-yarn-client-2.2.0.jar:/home/ubuntu/PatchedDistro/hadoop-2.2.0/share/hadoop/yarn/hadoop-yarn-server-tests-2.2.0.jar:/home/ubuntu/PatchedDistro/hadoop-2.2.0/share/hadoop/yarn/hadoop-yarn-applications-unmanaged-am-launcher-2.2.0.jar:/home/ubuntu/PatchedDistro/hadoop-2.2.0/share/hadoop/yarn/hadoop-yarn-server-nodemanager-2.2.0.jar:/home/ubuntu/PatchedDistro/hadoop-2.2.0/share/hadoop/yarn/hadoop-yarn-server-resourcemanager-2.2.0.jar:/home/ubuntu/PatchedDistro/hadoop-2.2.0/share/hadoop/yarn/hadoop-yarn-common-2.2.0.jar:/home/ubuntu/PatchedDistro/hadoop-2.2.0/share/hadoop/yarn/hadoop-yarn-api-2.2.0.jar:/home/ubuntu/PatchedDistro/hadoop-2.2.0/share/hadoop/yarn/hadoop-yarn-server-web-proxy-2.2.0.jar:/home/ubuntu/PatchedDistro/hadoop-2.2.0/share/hadoop/yarn/hadoop-yarn-applications-distributedshell-2.2.0.jar:/home/ubuntu/PatchedDistro/hadoop-2.2.0/share/hadoop/mapreduce/lib/hadoop-annotations-2.2.0.jar:/home/ubuntu/PatchedDistro/hadoop-2.2.0/share/hadoop/mapreduce/lib/jackson-core-asl-1.8.8.jar:/home/ubuntu/PatchedDistro/hadoop-2.2.0/share/hadoop/mapreduce/lib/guice-servlet-3.0.jar:/home/ubuntu/PatchedDistro/hadoop-2.2.0/share/hadoop/mapreduce/lib/jersey-server-1.9.jar:/home/ubuntu/PatchedDistro/hadoop-2.2.0/share/hadoop/mapreduce/lib/jersey-core-1.9.jar:/home/ubuntu/PatchedDistro/hadoop-2.2.0/share/hadoop/mapreduce/lib/asm-3.2.jar:/home/ubuntu/PatchedDistro/hadoop-2.2.0/share/hadoop/mapreduce/lib/snappy-java-1.0.4.1.jar:/home/ubuntu/PatchedDistro/hadoop-2.2.0/share/hadoop/mapreduce/lib/jersey-guice-1.9.jar:/home/ubuntu/PatchedDistro/hadoop-2.2.0/share/hadoop/mapreduce/lib/paranamer-2.3.jar:/home/ubuntu/PatchedDistro/hadoop-2.2.0/share/hadoop/mapreduce/lib/commons-compress-1.4.1.jar:/home/ubuntu/PatchedDistro/hadoop-2.2.0/share/hadoop/mapreduce/lib/protobuf-java-2.5.0.jar:/home/ubuntu/PatchedDistro/hadoop-2.2.0/share/hadoop/mapreduce/lib/guice-3.0.jar:/home/ubuntu/PatchedDistro/hadoop-2.2.0/share/hadoop/mapreduce/lib/hamcrest-core-1.1.jar:/home/ubuntu/PatchedDistro/hadoop-2.2.0/share/hadoop/mapreduce/lib/xz-1.0.jar:/home/ubuntu/PatchedDistro/hadoop-2.2.0/share/hadoop/mapreduce/lib/jackson-mapper-asl-1.8.8.jar:/home/ubuntu/PatchedDistro/hadoop-2.2.0/share/hadoop/mapreduce/lib/aopalliance-1.0.jar:/home/ubuntu/PatchedDistro/hadoop-2.2.0/share/hadoop/mapreduce/lib/junit-4.10.jar:/home/ubuntu/PatchedDistro/hadoop-2.2.0/share/hadoop/mapreduce/lib/avro-1.7.4.jar:/home/ubuntu/PatchedDistro/hadoop-2.2.0/share/hadoop/mapreduce/lib/javax.inject-1.jar:/home/ubuntu/PatchedDistro/hadoop-2.2.0/share/hadoop/mapreduce/lib/commons-io-2.1.jar:/home/ubuntu/PatchedDistro/hadoop-2.2.0/share/hadoop/mapreduce/lib/netty-3.6.2.Final.jar:/home/ubuntu/PatchedDistro/hadoop-2.2.0/share/hadoop/mapreduce/lib/log4j-1.2.17.jar:/home/ubuntu/PatchedDistro/hadoop-2.2.0/share/hadoop/mapreduce/hadoop-mapreduce-client-app-2.2.0.jar:/home/ubuntu/PatchedDistro/hadoop-2.2.0/share/hadoop/mapreduce/hadoop-mapreduce-examples-2.2.0.jar:/home/ubuntu/PatchedDistro/hadoop-2.2.0/share/hadoop/mapreduce/hadoop-mapreduce-client-core-2.2.0.jar:/home/ubuntu/PatchedDistro/hadoop-2.2.0/share/hadoop/mapreduce/hadoop-mapreduce-client-shuffle-2.2.0.jar:/home/ubuntu/PatchedDistro/hadoop-2.2.0/share/hadoop/mapreduce/hadoop-mapreduce-client-jobclient-2.2.0.jar:/home/ubuntu/PatchedDistro/hadoop-2.2.0/share/hadoop/mapreduce/hadoop-mapreduce-client-jobclient-2.2.0-tests.jar:/home/ubuntu/PatchedDistro/hadoop-2.2.0/share/hadoop/mapreduce/hadoop-mapreduce-client-hs-2.2.0.jar:/home/ubuntu/PatchedDistro/hadoop-2.2.0/share/hadoop/mapreduce/hadoop-mapreduce-client-common-2.2.0.jar:/home/ubuntu/PatchedDistro/hadoop-2.2.0/share/hadoop/mapreduce/hadoop-mapreduce-client-hs-plugins-2.2.0.jar:/contrib/capacity-scheduler/*.jar:/contrib/capacity-scheduler/*.jar:/contrib/capacity-scheduler/*.jar
STARTUP_MSG:   build = Unknown -r Unknown; compiled by 'Joey' on 2014-03-24T00:00Z
STARTUP_MSG:   java = 1.7.0_51
************************************************************/
2014-03-24 19:52:35,693 INFO  [main] namenode.NameNode (SignalLogger.java:register(91)) - registered UNIX signal handlers for [TERM, HUP, INT]
2014-03-24 19:52:36,064 WARN  [main] impl.MetricsConfig (MetricsConfig.java:loadFirst(124)) - Cannot locate configuration: tried hadoop-metrics2-namenode.properties,hadoop-metrics2.properties
2014-03-24 19:52:36,226 INFO  [main] impl.MetricsSystemImpl (MetricsSystemImpl.java:startTimer(344)) - Scheduled snapshot period at 10 second(s).
2014-03-24 19:52:36,226 INFO  [main] impl.MetricsSystemImpl (MetricsSystemImpl.java:start(183)) - NameNode metrics system started
2014-03-24 19:52:36,631 WARN  [main] util.NativeCodeLoader (NativeCodeLoader.java:<clinit>(62)) - Unable to load native-hadoop library for your platform... using builtin-java classes where applicable
2014-03-24 19:52:36,892 INFO  [main] mortbay.log (Slf4jLog.java:info(67)) - Logging to org.slf4j.impl.Log4jLoggerAdapter(org.mortbay.log) via org.mortbay.log.Slf4jLog
2014-03-24 19:52:36,973 INFO  [main] http.HttpServer (HttpServer.java:addGlobalFilter(525)) - Added global filter 'safety' (class=org.apache.hadoop.http.HttpServer$QuotingInputFilter)
2014-03-24 19:52:36,977 INFO  [main] http.HttpServer (HttpServer.java:addFilter(503)) - Added filter static_user_filter (class=org.apache.hadoop.http.lib.StaticUserWebFilter$StaticUserFilter) to context hdfs
2014-03-24 19:52:36,978 INFO  [main] http.HttpServer (HttpServer.java:addFilter(510)) - Added filter static_user_filter (class=org.apache.hadoop.http.lib.StaticUserWebFilter$StaticUserFilter) to context static
2014-03-24 19:52:36,978 INFO  [main] http.HttpServer (HttpServer.java:addFilter(510)) - Added filter static_user_filter (class=org.apache.hadoop.http.lib.StaticUserWebFilter$StaticUserFilter) to context logs
2014-03-24 19:52:36,999 INFO  [main] http.HttpServer (WebHdfsFileSystem.java:isEnabled(157)) - dfs.webhdfs.enabled = false
2014-03-24 19:52:37,050 INFO  [main] http.HttpServer (HttpServer.java:start(687)) - Jetty bound to port 50070
2014-03-24 19:52:37,051 INFO  [main] mortbay.log (Slf4jLog.java:info(67)) - jetty-6.1.26
2014-03-24 19:52:37,560 INFO  [main] mortbay.log (Slf4jLog.java:info(67)) - Started SelectChannelConnector@ec2-54-214-140-127.us-west-2.compute.amazonaws.com:50070
2014-03-24 19:52:37,560 INFO  [main] namenode.NameNode (NameNode.java:setHttpServerAddress(439)) - Web-server up at: ec2-54-214-140-127.us-west-2.compute.amazonaws.com:50070
2014-03-24 19:52:37,602 WARN  [main] namenode.FSNamesystem (FSNamesystem.java:checkConfiguration(533)) - Only one image storage directory (dfs.namenode.name.dir) configured. Beware of dataloss due to lack of redundant storage directories!
2014-03-24 19:52:37,602 WARN  [main] namenode.FSNamesystem (FSNamesystem.java:checkConfiguration(538)) - Only one namespace edits storage directory (dfs.namenode.edits.dir) configured. Beware of dataloss due to lack of redundant storage directories!
2014-03-24 19:52:37,690 INFO  [main] namenode.HostFileManager (HostFileManager.java:refresh(304)) - read includes:
HostSet(
)
2014-03-24 19:52:37,691 INFO  [main] namenode.HostFileManager (HostFileManager.java:refresh(311)) - read excludes:
HostSet(
)
2014-03-24 19:52:37,695 INFO  [main] blockmanagement.DatanodeManager (DatanodeManager.java:<init>(210)) - dfs.block.invalidate.limit=1000
2014-03-24 19:52:37,699 INFO  [main] util.GSet (LightWeightGSet.java:computeCapacity(328)) - Computing capacity for map BlocksMap
2014-03-24 19:52:37,699 INFO  [main] util.GSet (LightWeightGSet.java:computeCapacity(329)) - VM type       = 64-bit
2014-03-24 19:52:37,700 INFO  [main] util.GSet (LightWeightGSet.java:computeCapacity(330)) - 2.0% max memory = 889 MB
2014-03-24 19:52:37,701 INFO  [main] util.GSet (LightWeightGSet.java:computeCapacity(332)) - capacity      = 2^21 = 2097152 entries
2014-03-24 19:52:37,708 INFO  [main] blockmanagement.BlockManager (BlockManager.java:createBlockTokenSecretManager(314)) - dfs.block.access.token.enable=false
2014-03-24 19:52:37,709 INFO  [main] blockmanagement.BlockManager (BlockManager.java:<init>(300)) - defaultReplication         = 2
2014-03-24 19:52:37,709 INFO  [main] blockmanagement.BlockManager (BlockManager.java:<init>(301)) - maxReplication             = 512
2014-03-24 19:52:37,709 INFO  [main] blockmanagement.BlockManager (BlockManager.java:<init>(302)) - minReplication             = 1
2014-03-24 19:52:37,709 INFO  [main] blockmanagement.BlockManager (BlockManager.java:<init>(303)) - maxReplicationStreams      = 2
2014-03-24 19:52:37,710 INFO  [main] blockmanagement.BlockManager (BlockManager.java:<init>(304)) - shouldCheckForEnoughRacks  = false
2014-03-24 19:52:37,710 INFO  [main] blockmanagement.BlockManager (BlockManager.java:<init>(305)) - replicationRecheckInterval = 3000
2014-03-24 19:52:37,710 INFO  [main] blockmanagement.BlockManager (BlockManager.java:<init>(306)) - encryptDataTransfer        = false
2014-03-24 19:52:37,721 INFO  [main] namenode.FSNamesystem (FSNamesystem.java:<init>(612)) - fsOwner             = ubuntu (auth:SIMPLE)
2014-03-24 19:52:37,721 INFO  [main] namenode.FSNamesystem (FSNamesystem.java:<init>(613)) - supergroup          = supergroup
2014-03-24 19:52:37,721 INFO  [main] namenode.FSNamesystem (FSNamesystem.java:<init>(614)) - isPermissionEnabled = true
2014-03-24 19:52:37,722 INFO  [main] namenode.FSNamesystem (FSNamesystem.java:<init>(628)) - HA Enabled: false
2014-03-24 19:52:37,724 INFO  [main] namenode.FSNamesystem (FSNamesystem.java:<init>(665)) - Append Enabled: true
2014-03-24 19:52:37,792 INFO  [main] util.GSet (LightWeightGSet.java:computeCapacity(328)) - Computing capacity for map INodeMap
2014-03-24 19:52:37,792 INFO  [main] util.GSet (LightWeightGSet.java:computeCapacity(329)) - VM type       = 64-bit
2014-03-24 19:52:37,793 INFO  [main] util.GSet (LightWeightGSet.java:computeCapacity(330)) - 1.0% max memory = 889 MB
2014-03-24 19:52:37,793 INFO  [main] util.GSet (LightWeightGSet.java:computeCapacity(332)) - capacity      = 2^20 = 1048576 entries
2014-03-24 19:52:37,794 INFO  [main] namenode.NameNode (FSDirectory.java:<init>(173)) - Caching file names occuring more than 10 times
2014-03-24 19:52:37,799 INFO  [main] namenode.FSNamesystem (FSNamesystem.java:<init>(4362)) - dfs.namenode.safemode.threshold-pct = 0.9990000128746033
2014-03-24 19:52:37,799 INFO  [main] namenode.FSNamesystem (FSNamesystem.java:<init>(4363)) - dfs.namenode.safemode.min.datanodes = 0
2014-03-24 19:52:37,799 INFO  [main] namenode.FSNamesystem (FSNamesystem.java:<init>(4364)) - dfs.namenode.safemode.extension     = 30000
2014-03-24 19:52:37,801 INFO  [main] namenode.FSNamesystem (FSNamesystem.java:initRetryCache(725)) - Retry cache on namenode is enabled
2014-03-24 19:52:37,801 INFO  [main] namenode.FSNamesystem (FSNamesystem.java:initRetryCache(733)) - Retry cache will use 0.03 of total heap and retry cache entry expiry time is 600000 millis
2014-03-24 19:52:37,805 INFO  [main] util.GSet (LightWeightGSet.java:computeCapacity(328)) - Computing capacity for map Namenode Retry Cache
2014-03-24 19:52:37,805 INFO  [main] util.GSet (LightWeightGSet.java:computeCapacity(329)) - VM type       = 64-bit
2014-03-24 19:52:37,805 INFO  [main] util.GSet (LightWeightGSet.java:computeCapacity(330)) - 0.029999999329447746% max memory = 889 MB
2014-03-24 19:52:37,805 INFO  [main] util.GSet (LightWeightGSet.java:computeCapacity(332)) - capacity      = 2^15 = 32768 entries
2014-03-24 19:52:37,826 INFO  [main] common.Storage (Storage.java:tryLock(665)) - Lock on /var/hadoop/tmp/dfs/name/in_use.lock acquired by nodename 8452@ip-10-253-25-54
2014-03-24 19:52:37,944 INFO  [main] namenode.FileJournalManager (FileJournalManager.java:recoverUnfinalizedSegments(305)) - Recovering unfinalized segments in /var/hadoop/tmp/dfs/name/current
2014-03-24 19:52:37,948 INFO  [main] namenode.FSImage (FSImage.java:loadFSImage(627)) - No edit log streams selected.
2014-03-24 19:52:37,993 INFO  [main] namenode.FSImage (FSImageFormat.java:load(330)) - Loading image file /var/hadoop/tmp/dfs/name/current/fsimage_0000000000000000000 using no compression
2014-03-24 19:52:37,993 INFO  [main] namenode.FSImage (FSImageFormat.java:load(333)) - Number of files = 1
2014-03-24 19:52:38,001 INFO  [main] namenode.FSImage (FSImageFormat.java:loadFilesUnderConstruction(815)) - Number of files under construction = 0
2014-03-24 19:52:38,001 INFO  [main] namenode.FSImage (FSImageFormat.java:load(365)) - Image file /var/hadoop/tmp/dfs/name/current/fsimage_0000000000000000000 of size 198 bytes loaded in 0 seconds.
2014-03-24 19:52:38,002 INFO  [main] namenode.FSImage (FSImage.java:loadFSImage(837)) - Loaded image for txid 0 from /var/hadoop/tmp/dfs/name/current/fsimage_0000000000000000000
2014-03-24 19:52:38,011 INFO  [main] namenode.FSEditLog (FSEditLog.java:startLogSegment(1010)) - Starting log segment at 1
2014-03-24 19:52:38,169 INFO  [main] namenode.NameCache (NameCache.java:initialized(143)) - initialized with 0 entries 0 lookups
2014-03-24 19:52:38,169 INFO  [main] namenode.FSNamesystem (FSNamesystem.java:loadFromDisk(571)) - Finished loading FSImage in 362 msecs
2014-03-24 19:52:38,534 INFO  [main] namenode.NameNode (NameNodeRpcServer.java:<init>(271)) - RPC server is binding to ec2-54-214-140-127.us-west-2.compute.amazonaws.com:54310
2014-03-24 19:52:38,563 INFO  [Socket Reader #1 for port 54310] ipc.Server (Server.java:run(564)) - Starting Socket Reader #1 for port 54310
2014-03-24 19:52:38,645 INFO  [main] namenode.FSNamesystem (FSNamesystem.java:registerMBean(5310)) - Registered FSNamesystemState MBean
2014-03-24 19:52:38,661 INFO  [main] namenode.FSNamesystem (FSNamesystem.java:getCompleteBlocksTotal(4965)) - Number of blocks under construction: 0
2014-03-24 19:52:38,661 INFO  [main] namenode.FSNamesystem (FSNamesystem.java:getCompleteBlocksTotal(4965)) - Number of blocks under construction: 0
2014-03-24 19:52:38,662 INFO  [main] namenode.FSNamesystem (FSNamesystem.java:initializeReplQueues(4475)) - initializing replication queues
2014-03-24 19:52:38,673 INFO  [main] blockmanagement.BlockManager (BlockManager.java:processMisReplicatedBlocks(2316)) - Total number of blocks            = 0
2014-03-24 19:52:38,673 INFO  [main] blockmanagement.BlockManager (BlockManager.java:processMisReplicatedBlocks(2317)) - Number of invalid blocks          = 0
2014-03-24 19:52:38,674 INFO  [main] blockmanagement.BlockManager (BlockManager.java:processMisReplicatedBlocks(2318)) - Number of under-replicated blocks = 0
2014-03-24 19:52:38,674 INFO  [main] blockmanagement.BlockManager (BlockManager.java:processMisReplicatedBlocks(2319)) - Number of  over-replicated blocks = 0
2014-03-24 19:52:38,674 INFO  [main] blockmanagement.BlockManager (BlockManager.java:processMisReplicatedBlocks(2321)) - Number of blocks being written    = 0
2014-03-24 19:52:38,674 INFO  [main] hdfs.StateChange (FSNamesystem.java:initializeReplQueues(4480)) - STATE* Replication Queue initialization scan for invalid, over- and under-replicated blocks completed in 12 msec
2014-03-24 19:52:38,674 INFO  [main] hdfs.StateChange (FSNamesystem.java:leave(4444)) - STATE* Leaving safe mode after 1 secs
2014-03-24 19:52:38,675 INFO  [main] hdfs.StateChange (FSNamesystem.java:leave(4455)) - STATE* Network topology has 0 racks and 0 datanodes
2014-03-24 19:52:38,675 INFO  [main] hdfs.StateChange (FSNamesystem.java:leave(4458)) - STATE* UnderReplicatedBlocks has 0 blocks
2014-03-24 19:52:38,716 INFO  [IPC Server Responder] ipc.Server (Server.java:run(861)) - IPC Server Responder: starting
2014-03-24 19:52:38,717 INFO  [IPC Server listener on 54310] ipc.Server (Server.java:run(688)) - IPC Server listener on 54310: starting
2014-03-24 19:52:38,722 INFO  [main] namenode.NameNode (NameNode.java:startCommonServices(570)) - NameNode RPC up at: ec2-54-214-140-127.us-west-2.compute.amazonaws.com/10.253.25.54:54310
2014-03-24 19:52:38,725 INFO  [main] namenode.FSNamesystem (FSNamesystem.java:startActiveServices(886)) - Starting services required for active state
2014-03-24 19:52:40,170 INFO  [IPC Server handler 1 on 54310] hdfs.StateChange (DatanodeManager.java:registerDatanode(755)) - BLOCK* registerDatanode: from DatanodeRegistration(10.253.25.54, storageID=DS-36584262-10.253.25.54-50010-1395690759534, infoPort=50075, ipcPort=50020, storageInfo=lv=-47;cid=CID-da6532cc-1ff5-4b3e-80f3-61bc8a3c48e9;nsid=509141945;c=0) storage DS-36584262-10.253.25.54-50010-1395690759534
2014-03-24 19:52:40,173 INFO  [IPC Server handler 1 on 54310] net.NetworkTopology (NetworkTopology.java:add(413)) - Adding a new node: /default-rack/10.253.25.54:50010
2014-03-24 19:52:40,347 INFO  [IPC Server handler 3 on 54310] blockmanagement.BlockManager (BlockManager.java:processReport(1631)) - BLOCK* processReport: Received first block report from 10.253.25.54:50010 after starting up or becoming active. Its block contents are no longer considered stale
2014-03-24 19:52:40,347 INFO  [IPC Server handler 3 on 54310] BlockStateChange (BlockManager.java:processReport(1647)) - BLOCK* processReport: from DatanodeRegistration(10.253.25.54, storageID=DS-36584262-10.253.25.54-50010-1395690759534, infoPort=50075, ipcPort=50020, storageInfo=lv=-47;cid=CID-da6532cc-1ff5-4b3e-80f3-61bc8a3c48e9;nsid=509141945;c=0), blocks: 0, processing time: 2 msecs
2014-03-24 19:53:08,132 INFO  [IPC Server handler 4 on 54310] namenode.FSNamesystem (FSNamesystem.java:rollEditLog(5049)) - Roll Edit Log from 10.253.25.54
2014-03-24 19:53:08,133 INFO  [IPC Server handler 4 on 54310] namenode.FSEditLog (FSEditLog.java:rollEditLog(994)) - Rolling edit logs
2014-03-24 19:53:08,133 INFO  [IPC Server handler 4 on 54310] namenode.FSEditLog (FSEditLog.java:endCurrentLogSegment(1050)) - Ending log segment 1
2014-03-24 19:53:08,136 INFO  [IPC Server handler 4 on 54310] namenode.FSEditLog (FSEditLog.java:printStatistics(663)) - Number of transactions: 2 Total time for transactions(ms): 1 Number of transactions batched in Syncs: 0 Number of syncs: 3 SyncTimes(ms): 66 
2014-03-24 19:53:08,137 INFO  [IPC Server handler 4 on 54310] namenode.FileJournalManager (FileJournalManager.java:finalizeLogSegment(128)) - Finalizing edits file /var/hadoop/tmp/dfs/name/current/edits_inprogress_0000000000000000001 -> /var/hadoop/tmp/dfs/name/current/edits_0000000000000000001-0000000000000000002
2014-03-24 19:53:08,138 INFO  [IPC Server handler 4 on 54310] namenode.FSEditLog (FSEditLog.java:startLogSegment(1010)) - Starting log segment at 3
2014-03-24 19:53:09,012 INFO  [845465638@qtp-27609986-0] namenode.TransferFsImage (TransferFsImage.java:getFileClient(242)) - Opening connection to http://nodea:50090/getimage?getimage=1&txid=2&storageInfo=-47:509141945:0:CID-da6532cc-1ff5-4b3e-80f3-61bc8a3c48e9
2014-03-24 19:53:09,228 INFO  [845465638@qtp-27609986-0] namenode.TransferFsImage (TransferFsImage.java:doGetUrl(373)) - Transfer took 0.21s at 0.00 KB/s
2014-03-24 19:53:09,229 INFO  [845465638@qtp-27609986-0] namenode.TransferFsImage (TransferFsImage.java:downloadImageToStorage(89)) - Downloaded file fsimage.ckpt_0000000000000000002 size 198 bytes.
2014-03-24 19:53:09,244 INFO  [845465638@qtp-27609986-0] namenode.NNStorageRetentionManager (NNStorageRetentionManager.java:getImageTxIdToRetain(177)) - Going to retain 2 images with txid >= 0
2014-03-24 19:58:36,141 ERROR [SIGTERM handler] namenode.NameNode (SignalLogger.java:handle(60)) - RECEIVED SIGNAL 15: SIGTERM
2014-03-24 19:58:36,144 INFO  [Thread-1] namenode.NameNode (StringUtils.java:run(627)) - SHUTDOWN_MSG: 
/************************************************************
SHUTDOWN_MSG: Shutting down NameNode at ip-10-253-25-54/10.253.25.54
************************************************************/
